##    0 :lr 0.002000 :tot_ene    46.0571 :dif_ene     0.0000 :dif_cor     0.0000 :  0.          0.60245564  2.49494008  6.96586497 24.78751278 14.90969333  -3.70335666
##    1 :lr 0.001960 :tot_ene    45.3684 :dif_ene     1.5282 :dif_cor     0.1306 :  0.          0.59623134  2.47104476  6.85567967 23.81938757 15.32942203  -3.70335666
##    2 :lr 0.001921 :tot_ene    45.5712 :dif_ene     0.7923 :dif_cor     0.1480 :  0.          0.60059674  2.4998464   6.9496451  24.18979006 15.03469294  -3.70335666
##    3 :lr 0.001882 :tot_ene    45.8156 :dif_ene     0.8480 :dif_cor     0.1551 :  0.          0.60528465  2.53032059  7.04953436 24.60091966 14.73289244  -3.70335666
##    4 :lr 0.001845 :tot_ene    46.0911 :dif_ene     0.8883 :dif_cor     0.1580 :  0.          0.61018163  2.56173064  7.1528075  25.04321661 14.42651187  -3.70335666
##    5 :lr 0.001808 :tot_ene    46.3914 :dif_ene     0.9154 :dif_cor     0.1585 :  0.          0.61520969  2.59359046  7.25786127 25.50910544 14.11894415  -3.70335666
##    6 :lr 0.001772 :tot_ene    46.7116 :dif_ene     0.9336 :dif_cor     0.1575 :  0.          0.62032008  2.62561417  7.3637658  25.99296411 13.81224766  -3.70335666
##    7 :lr 0.001736 :tot_ene    47.0474 :dif_ene     0.9452 :dif_cor     0.1557 :  0.          0.62547925  2.65762     7.46992071 26.49015433 13.5075428  -3.70335666
##    8 :lr 0.001702 :tot_ene    47.3945 :dif_ene     0.9510 :dif_cor     0.1532 :  0.          0.63065972  2.68946849  7.57584669 26.99627859 13.20557532  -3.70335666
##    9 :lr 0.001667 :tot_ene    47.7484 :dif_ene     0.9511 :dif_cor     0.1502 :  0.          0.63583561  2.72103304  7.68108864 27.50680195 12.90701893  -3.70335666
##   10 :lr 0.001634 :tot_ene    48.1045 :dif_ene     0.9449 :dif_cor     0.1469 :  0.          0.64098088  2.7521882   7.7851773  28.01691491 12.61260045  -3.70335666
##   11 :lr 0.001601 :tot_ene    48.4578 :dif_ene     0.9322 :dif_cor     0.1430 :  0.          0.64606888  2.78280608  7.88761869 28.52153963 12.32313846  -3.70335666
##   12 :lr 0.001569 :tot_ene    48.8033 :dif_ene     0.9127 :dif_cor     0.1388 :  0.          0.65107255  2.81275671  7.98789714 29.01542794 12.03954189  -3.70335666
##   13 :lr 0.001538 :tot_ene    49.1361 :dif_ene     0.8863 :dif_cor     0.1341 :  0.          0.65596486  2.8419105   8.08548596 29.49332291 11.76278824  -3.70335666
##   14 :lr 0.001507 :tot_ene    49.4514 :dif_ene     0.8531 :dif_cor     0.1289 :  0.          0.66071957  2.87014172  8.17986272 29.95016204 11.49389061  -3.70335666
##   15 :lr 0.001477 :tot_ene    49.7450 :dif_ene     0.8136 :dif_cor     0.1234 :  0.          0.66531195  2.89733252  8.27052721 30.38129934 11.23385802  -3.70335666
##   16 :lr 0.001448 :tot_ene    50.0131 :dif_ene     0.7686 :dif_cor     0.1176 :  0.          0.66971963  2.92337701  8.35702011 30.78272157 10.98365307  -3.70335666
##   17 :lr 0.001419 :tot_ene    50.2531 :dif_ene     0.7189 :dif_cor     0.1115 :  0.          0.67392331  2.94818504  8.43894077 31.15123304 10.74415034  -3.70335666
##   18 :lr 0.001390 :tot_ene    50.4629 :dif_ene     0.6659 :dif_cor     0.1052 :  0.          0.67790731  2.9716852   8.51596233 31.48458707 10.5160992  -3.70335666
##   19 :lr 0.001362 :tot_ene    50.6416 :dif_ene     0.6107 :dif_cor     0.0988 :  0.          0.68166002  2.99382683  8.58784254 31.78154923 10.30009416  -3.70335666
##   20 :lr 0.001335 :tot_ene    50.7893 :dif_ene     0.5547 :dif_cor     0.0925 :  0.          0.68517403  3.01458088  8.65442969 32.04188744 10.09655511  -3.70335666
##   21 :lr 0.001309 :tot_ene    50.9067 :dif_ene     0.4991 :dif_cor     0.0864 :  0.          0.68844611  3.03393958  8.71566306 32.26629456  9.90571856  -3.70335666
##   22 :lr 0.001282 :tot_ene    50.9955 :dif_ene     0.4450 :dif_cor     0.0804 :  0.          0.6914769   3.05191503  8.77156847 32.45625764  9.72763969  -3.70335666
##   23 :lr 0.001257 :tot_ene    51.0578 :dif_ene     0.3932 :dif_cor     0.0749 :  0.          0.69427051  3.06853694  8.82224973 32.61389305  9.56220391  -3.70335666
##   24 :lr 0.001232 :tot_ene    51.0961 :dif_ene     0.3444 :dif_cor     0.0696 :  0.          0.69683402  3.08384985  8.86787712 32.74176799  9.40914566  -3.70335666
##   25 :lr 0.001207 :tot_ene    51.1132 :dif_ene     0.2992 :dif_cor     0.0645 :  0.          0.69917681  3.09791008  8.90867447 32.84272648  9.2680721  -3.70335666
##   26 :lr 0.001183 :tot_ene    51.1119 :dif_ene     0.2578 :dif_cor     0.0598 :  0.          0.70131008  3.11078259  8.94490567 32.91973336  9.13848888  -3.70335666
##   27 :lr 0.001159 :tot_ene    51.0949 :dif_ene     0.2203 :dif_cor     0.0553 :  0.          0.70324618  3.12253817  8.97686194 32.97574464  9.0198262  -3.70335666
##   28 :lr 0.001136 :tot_ene    51.0648 :dif_ene     0.1867 :dif_cor     0.0512 :  0.          0.70499819  3.1332508   9.00485032 33.01360751  8.91146305  -3.70335666
##   29 :lr 0.001113 :tot_ene    51.0241 :dif_ene     0.1568 :dif_cor     0.0473 :  0.          0.70657949  3.14299556  9.02918385 33.03598957  8.81274895  -3.70335666
##   30 :lr 0.001091 :tot_ene    50.9750 :dif_ene     0.1303 :dif_cor     0.0437 :  0.          0.7080034   3.15184682  9.0501736  33.04533405  8.72302232  -3.70335666
##   31 :lr 0.001069 :tot_ene    50.9194 :dif_ene     0.1102 :dif_cor     0.0404 :  0.          0.70928294  3.15987694  9.06812244 33.04383668  8.6416254  -3.70335666
##   32 :lr 0.001048 :tot_ene    50.8589 :dif_ene     0.1077 :dif_cor     0.0374 :  0.          0.7104306   3.16715529  9.08332055 33.03343948  8.56791593  -3.70335666
##   33 :lr 0.001027 :tot_ene    50.7950 :dif_ene     0.1046 :dif_cor     0.0346 :  0.          0.71145826  3.17374758  9.09604228 33.01583654  8.50127569  -3.70335666
##   34 :lr 0.001006 :tot_ene    50.7289 :dif_ene     0.1009 :dif_cor     0.0320 :  0.          0.71237706  3.17971545  9.10654418 32.99248819  8.44111654  -3.70335666
##   35 :lr 0.000986 :tot_ene    50.6615 :dif_ene     0.0968 :dif_cor     0.0298 :  0.          0.71319741  3.18511625  9.11506408 32.96464002  8.38688424  -3.70335666
##   36 :lr 0.000966 :tot_ene    50.5938 :dif_ene     0.0925 :dif_cor     0.0278 :  0.          0.71392887  3.19000303  9.12182077 32.93334448  8.33806057  -3.70335666
##   37 :lr 0.000947 :tot_ene    50.5263 :dif_ene     0.0880 :dif_cor     0.0260 :  0.          0.71458029  3.19442457  9.12701427 32.8994831   8.29416408  -3.70335666
##   38 :lr 0.000928 :tot_ene    50.4596 :dif_ene     0.0835 :dif_cor     0.0245 :  0.          0.71515975  3.19842555  9.13082651 32.86378826  8.25474979  -3.70335666
##   39 :lr 0.000910 :tot_ene    50.3941 :dif_ene     0.0790 :dif_cor     0.0232 :  0.          0.7156746   3.20204673  9.13342222 32.82686357  8.21940824  -3.70335666
##   40 :lr 0.000891 :tot_ene    50.3300 :dif_ene     0.0746 :dif_cor     0.0220 :  0.          0.71613155  3.20532519  9.13495001 32.78920256  8.18776394  -3.70335666
##   41 :lr 0.000874 :tot_ene    50.2677 :dif_ene     0.0703 :dif_cor     0.0209 :  0.          0.71653665  3.20829459  9.13554349 32.75120541  8.15947357  -3.70335666
##   42 :lr 0.000856 :tot_ene    50.2073 :dif_ene     0.0665 :dif_cor     0.0199 :  0.          0.71689537  3.21098542  9.13532249 32.71319364  8.13422391  -3.70335666
##   43 :lr 0.000839 :tot_ene    50.1488 :dif_ene     0.0640 :dif_cor     0.0189 :  0.          0.71721267  3.21342526  9.13439419 32.67542299  8.11172977  -3.70335666
##   44 :lr 0.000822 :tot_ene    50.0925 :dif_ene     0.0614 :dif_cor     0.0180 :  0.          0.717493    3.21563902  9.13285428 32.63809439  8.09173185  -3.70335666
##   45 :lr 0.000806 :tot_ene    50.0382 :dif_ene     0.0588 :dif_cor     0.0172 :  0.          0.71774036  3.21764917  9.13078799 32.60136344  8.07399462  -3.70335666
##   46 :lr 0.000790 :tot_ene    49.9860 :dif_ene     0.0563 :dif_cor     0.0164 :  0.          0.71795837  3.21947599  9.12827116 32.56534835  8.0583044  -3.70335666
##   47 :lr 0.000774 :tot_ene    49.9359 :dif_ene     0.0538 :dif_cor     0.0157 :  0.          0.71815024  3.22113775  9.12537111 32.53013672  8.04446738  -3.70335666
##   48 :lr 0.000758 :tot_ene    49.8879 :dif_ene     0.0514 :dif_cor     0.0151 :  0.          0.71831889  3.22265088  9.12214757 32.49579115  8.0323079  -3.70335666
##   49 :lr 0.000743 :tot_ene    49.8418 :dif_ene     0.0491 :dif_cor     0.0146 :  0.          0.71846691  3.22403021  9.11865338 32.46235396  8.02166676  -3.70335666
##   50 :lr 0.000728 :tot_ene    49.7977 :dif_ene     0.0469 :dif_cor     0.0140 :  0.          0.71859663  3.22528908  9.11493529 32.42985115  8.01239975  -3.70335666
##   51 :lr 0.000714 :tot_ene    49.7555 :dif_ene     0.0447 :dif_cor     0.0135 :  0.          0.71871015  3.22643949  9.11103458 32.39829559  8.00437618  -3.70335666
##   52 :lr 0.000699 :tot_ene    49.7151 :dif_ene     0.0427 :dif_cor     0.0131 :  0.          0.71880932  3.22749223  9.10698761 32.36768976  7.99747764  -3.70335666
##   53 :lr 0.000686 :tot_ene    49.6764 :dif_ene     0.0408 :dif_cor     0.0127 :  0.          0.71889581  3.22845704  9.10282642 32.33802791  7.99159682  -3.70335666
##   54 :lr 0.000672 :tot_ene    49.6395 :dif_ene     0.0389 :dif_cor     0.0123 :  0.          0.71897114  3.22934266  9.09857913 32.30929793  7.98663648  -3.70335666
##   55 :lr 0.000658 :tot_ene    49.6041 :dif_ene     0.0371 :dif_cor     0.0120 :  0.          0.71903661  3.23015697  9.09427043 32.28148281  7.98250842  -3.70335666
##   56 :lr 0.000645 :tot_ene    49.5703 :dif_ene     0.0355 :dif_cor     0.0116 :  0.          0.71909344  3.23090704  9.0899219  32.25456183  7.97913271  -3.70335666
##   57 :lr 0.000632 :tot_ene    49.5379 :dif_ene     0.0339 :dif_cor     0.0113 :  0.          0.71914267  3.23159927  9.08555244 32.22851161  7.97643678  -3.70335666
##   58 :lr 0.000620 :tot_ene    49.5069 :dif_ene     0.0323 :dif_cor     0.0110 :  0.          0.71918527  3.23223939  9.08117847 32.20330685  7.97435482  -3.70335666
##   59 :lr 0.000607 :tot_ene    49.4773 :dif_ene     0.0309 :dif_cor     0.0107 :  0.          0.71922208  3.23283256  9.07681424 32.17892099  7.97282709  -3.70335666
##   60 :lr 0.000595 :tot_ene    49.4489 :dif_ene     0.0295 :dif_cor     0.0104 :  0.          0.71925385  3.23338344  9.07247212 32.15532673  7.97179933  -3.70335666
##   61 :lr 0.000583 :tot_ene    49.4217 :dif_ene     0.0283 :dif_cor     0.0101 :  0.          0.71928125  3.2338962   9.06816276 32.13249647  7.97122225  -3.70335666
##   62 :lr 0.000572 :tot_ene    49.3957 :dif_ene     0.0270 :dif_cor     0.0098 :  0.          0.71930489  3.23437463  9.06389529 32.11040258  7.97105109  -3.70335666
##   63 :lr 0.000560 :tot_ene    49.3707 :dif_ene     0.0263 :dif_cor     0.0096 :  0.          0.7193253   3.23482212  9.05967752 32.08901768  7.97124513  -3.70335666
##   64 :lr 0.000549 :tot_ene    49.3468 :dif_ene     0.0258 :dif_cor     0.0093 :  0.          0.71934294  3.23524171  9.05551607 32.06831485  7.97176739  -3.70335666
##   65 :lr 0.000538 :tot_ene    49.3239 :dif_ene     0.0254 :dif_cor     0.0091 :  0.          0.71935822  3.23563617  9.05141651 32.04826777  7.97258418  -3.70335666
##   66 :lr 0.000527 :tot_ene    49.3019 :dif_ene     0.0249 :dif_cor     0.0089 :  0.          0.71937154  3.23600794  9.04738347 32.02885081  7.97366491  -3.70335666
##   67 :lr 0.000517 :tot_ene    49.2808 :dif_ene     0.0245 :dif_cor     0.0086 :  0.          0.71938321  3.23635928  9.04342079 32.01003914  7.97498172  -3.70335666
##   68 :lr 0.000506 :tot_ene    49.2606 :dif_ene     0.0240 :dif_cor     0.0084 :  0.          0.71939352  3.23669219  9.03953155 31.99180877  7.97650925  -3.70335666
##   69 :lr 0.000496 :tot_ene    49.2411 :dif_ene     0.0235 :dif_cor     0.0082 :  0.          0.71940273  3.23700845  9.03571822 31.97413659  7.97822442  -3.70335666
##   70 :lr 0.000486 :tot_ene    49.2225 :dif_ene     0.0231 :dif_cor     0.0080 :  0.          0.71941106  3.2373097   9.03198269 31.95700037  7.98010623  -3.70335666
##   71 :lr 0.000477 :tot_ene    49.2045 :dif_ene     0.0226 :dif_cor     0.0078 :  0.          0.71941871  3.2375974   9.02832638 31.94037879  7.98213554  -3.70335666
##   72 :lr 0.000467 :tot_ene    49.1872 :dif_ene     0.0221 :dif_cor     0.0077 :  0.          0.71942585  3.23787285  9.02475026 31.92425143  7.98429493  -3.70335666
##   73 :lr 0.000458 :tot_ene    49.1706 :dif_ene     0.0217 :dif_cor     0.0075 :  0.          0.71943264  3.23813723  9.02125491 31.90859874  7.98656855  -3.70335666
##   74 :lr 0.000448 :tot_ene    49.1547 :dif_ene     0.0212 :dif_cor     0.0074 :  0.          0.71943919  3.2383916   9.01784059 31.89340206  7.98894195  -3.70335666
##   75 :lr 0.000440 :tot_ene    49.1393 :dif_ene     0.0208 :dif_cor     0.0072 :  0.          0.71944563  3.23863692  9.01450729 31.87864353  7.99140198  -3.70335666
##   76 :lr 0.000431 :tot_ene    49.1245 :dif_ene     0.0204 :dif_cor     0.0070 :  0.          0.71945205  3.23887403  9.01125471 31.86430616  7.99393666  -3.70335666
##   77 :lr 0.000422 :tot_ene    49.1102 :dif_ene     0.0199 :dif_cor     0.0069 :  0.          0.71945854  3.23910369  9.00808235 31.85037369  7.9965351  -3.70335666
##   78 :lr 0.000414 :tot_ene    49.0964 :dif_ene     0.0195 :dif_cor     0.0067 :  0.          0.71946516  3.2393266   9.00498952 31.83683066  7.99918738  -3.70335666
##   79 :lr 0.000405 :tot_ene    49.0832 :dif_ene     0.0191 :dif_cor     0.0066 :  0.          0.71947197  3.23954337  9.00197539 31.82366232  8.00188449  -3.70335666
##   80 :lr 0.000397 :tot_ene    49.0704 :dif_ene     0.0187 :dif_cor     0.0065 :  0.          0.71947904  3.23975454  8.99903897 31.81085462  8.00461819  -3.70335666
##   81 :lr 0.000389 :tot_ene    49.0580 :dif_ene     0.0183 :dif_cor     0.0063 :  0.          0.71948639  3.23996061  8.99617914 31.79839417  8.00738106  -3.70335666
##   82 :lr 0.000382 :tot_ene    49.0461 :dif_ene     0.0179 :dif_cor     0.0062 :  0.          0.71949406  3.24016202  8.99339471 31.78626821  8.0101663  -3.70335666
##   83 :lr 0.000374 :tot_ene    49.0346 :dif_ene     0.0175 :dif_cor     0.0061 :  0.          0.71950207  3.24035916  8.99068438 31.77446458  8.01296776  -3.70335666
##   84 :lr 0.000366 :tot_ene    49.0235 :dif_ene     0.0171 :dif_cor     0.0059 :  0.          0.71951045  3.24055238  8.98804683 31.76297173  8.01577986  -3.70335666
##   85 :lr 0.000359 :tot_ene    49.0128 :dif_ene     0.0168 :dif_cor     0.0058 :  0.          0.71951921  3.24074198  8.98548062 31.7517786   8.01859753  -3.70335666
##   86 :lr 0.000352 :tot_ene    49.0024 :dif_ene     0.0164 :dif_cor     0.0057 :  0.          0.71952837  3.24092825  8.98298433 31.74087468  8.0214162  -3.70335666
##   87 :lr 0.000345 :tot_ene    48.9923 :dif_ene     0.0161 :dif_cor     0.0056 :  0.          0.71953792  3.24111143  8.98055646 31.73024995  8.0242317  -3.70335666
##   88 :lr 0.000338 :tot_ene    48.9826 :dif_ene     0.0157 :dif_cor     0.0054 :  0.          0.71954787  3.24129174  8.97819552 31.71989483  8.0270403  -3.70335666
##   89 :lr 0.000331 :tot_ene    48.9732 :dif_ene     0.0154 :dif_cor     0.0053 :  0.          0.71955822  3.24146937  8.97589998 31.70980023  8.0298386  -3.70335666
##   90 :lr 0.000325 :tot_ene    48.9641 :dif_ene     0.0150 :dif_cor     0.0052 :  0.          0.71956896  3.2416445   8.97366831 31.69995742  8.03262357  -3.70335666
##   91 :lr 0.000318 :tot_ene    48.9553 :dif_ene     0.0147 :dif_cor     0.0051 :  0.          0.7195801   3.24181726  8.97149898 31.6903581   8.03539245  -3.70335666
##   92 :lr 0.000312 :tot_ene    48.9468 :dif_ene     0.0144 :dif_cor     0.0050 :  0.          0.71959162  3.2419878   8.96939045 31.68099434  8.03814279  -3.70335666
##   93 :lr 0.000306 :tot_ene    48.9385 :dif_ene     0.0141 :dif_cor     0.0049 :  0.          0.7196035   3.24215623  8.96734121 31.67185856  8.04087237  -3.70335666
##   94 :lr 0.000299 :tot_ene    48.9305 :dif_ene     0.0138 :dif_cor     0.0048 :  0.          0.71961575  3.24232264  8.96534973 31.66294351  8.04357924  -3.70335666
##   95 :lr 0.000293 :tot_ene    48.9227 :dif_ene     0.0135 :dif_cor     0.0047 :  0.          0.71962835  3.24248714  8.96341453 31.65424226  8.04626164  -3.70335666
##   96 :lr 0.000288 :tot_ene    48.9151 :dif_ene     0.0132 :dif_cor     0.0046 :  0.          0.71964128  3.24264978  8.96153411 31.64574819  8.04891801  -3.70335666
##   97 :lr 0.000282 :tot_ene    48.9078 :dif_ene     0.0129 :dif_cor     0.0045 :  0.          0.71965454  3.24281065  8.95970701 31.63745496  8.05154698  -3.70335666
##   98 :lr 0.000276 :tot_ene    48.9007 :dif_ene     0.0126 :dif_cor     0.0044 :  0.          0.71966811  3.2429698   8.9579318  31.62935648  8.05414734  -3.70335666
##   99 :lr 0.000271 :tot_ene    48.8938 :dif_ene     0.0124 :dif_cor     0.0043 :  0.          0.71968195  3.24312728  8.95620704 31.62144695  8.05671803  -3.70335666
##  100 :lr 0.000265 :tot_ene    48.8871 :dif_ene     0.0121 :dif_cor     0.0042 :  0.          0.71969608  3.24328312  8.95453135 31.61372078  8.05925814  -3.70335666
##  101 :lr 0.000260 :tot_ene    48.8806 :dif_ene     0.0119 :dif_cor     0.0041 :  0.          0.71971047  3.24343737  8.95290336 31.60617263  8.06176687  -3.70335666
##  102 :lr 0.000255 :tot_ene    48.8743 :dif_ene     0.0116 :dif_cor     0.0041 :  0.          0.7197251   3.24359005  8.95132173 31.59879736  8.06424355  -3.70335666
##  103 :lr 0.000250 :tot_ene    48.8682 :dif_ene     0.0114 :dif_cor     0.0040 :  0.          0.71973996  3.2437412   8.94978515 31.59159004  8.0666876  -3.70335666
##  104 :lr 0.000245 :tot_ene    48.8622 :dif_ene     0.0111 :dif_cor     0.0039 :  0.          0.71975503  3.24389083  8.94829233 31.58454594  8.06909856  -3.70335666
##  105 :lr 0.000240 :tot_ene    48.8564 :dif_ene     0.0109 :dif_cor     0.0038 :  0.          0.7197703   3.24403895  8.94684203 31.57766052  8.07147605  -3.70335666
##  106 :lr 0.000235 :tot_ene    48.8508 :dif_ene     0.0106 :dif_cor     0.0037 :  0.          0.71978575  3.24418559  8.94543301 31.57092939  8.07381976  -3.70335666
##  107 :lr 0.000230 :tot_ene    48.8453 :dif_ene     0.0104 :dif_cor     0.0037 :  0.          0.71980136  3.24433075  8.94406407 31.56434836  8.07612946  -3.70335666
##  108 :lr 0.000226 :tot_ene    48.8400 :dif_ene     0.0102 :dif_cor     0.0036 :  0.          0.71981712  3.24447444  8.94273406 31.55791338  8.078405  -3.70335666
##  109 :lr 0.000221 :tot_ene    48.8348 :dif_ene     0.0100 :dif_cor     0.0035 :  0.          0.71983301  3.24461667  8.94144184 31.55162054  8.08064628  -3.70335666
##  110 :lr 0.000217 :tot_ene    48.8298 :dif_ene     0.0098 :dif_cor     0.0034 :  0.          0.71984903  3.24475745  8.94018629 31.54546608  8.08285324  -3.70335666
##  111 :lr 0.000212 :tot_ene    48.8248 :dif_ene     0.0096 :dif_cor     0.0034 :  0.          0.71986514  3.24489677  8.93896634 31.53944639  8.08502591  -3.70335666
##  112 :lr 0.000208 :tot_ene    48.8201 :dif_ene     0.0094 :dif_cor     0.0033 :  0.          0.71988135  3.24503464  8.93778094 31.53355798  8.08716433  -3.70335666
##  113 :lr 0.000204 :tot_ene    48.8154 :dif_ene     0.0092 :dif_cor     0.0032 :  0.          0.71989764  3.24517106  8.93662906 31.52779747  8.0892686  -3.70335666
##  114 :lr 0.000200 :tot_ene    48.8109 :dif_ene     0.0090 :dif_cor     0.0032 :  0.          0.71991398  3.24530603  8.93550972 31.52216161  8.09133885  -3.70335666
##  115 :lr 0.000196 :tot_ene    48.8065 :dif_ene     0.0088 :dif_cor     0.0031 :  0.          0.71993039  3.24543956  8.93442194 31.51664725  8.09337526  -3.70335666
##  116 :lr 0.000192 :tot_ene    48.8022 :dif_ene     0.0086 :dif_cor     0.0030 :  0.          0.71994683  3.24557164  8.9333648  31.51125137  8.09537803  -3.70335666
##  117 :lr 0.000188 :tot_ene    48.7980 :dif_ene     0.0084 :dif_cor     0.0030 :  0.          0.71996329  3.24570227  8.93233737 31.50597102  8.09734738  -3.70335666
##  118 :lr 0.000184 :tot_ene    48.7939 :dif_ene     0.0082 :dif_cor     0.0029 :  0.          0.71997977  3.24583144  8.93133877 31.50080337  8.09928356  -3.70335666
##  119 :lr 0.000181 :tot_ene    48.7899 :dif_ene     0.0081 :dif_cor     0.0029 :  0.          0.71999626  3.24595917  8.93036814 31.49574567  8.10118685  -3.70335666
##  120 :lr 0.000177 :tot_ene    48.7860 :dif_ene     0.0079 :dif_cor     0.0028 :  0.          0.72001274  3.24608544  8.92942465 31.49079526  8.10305754  -3.70335666
##  121 :lr 0.000174 :tot_ene    48.7822 :dif_ene     0.0077 :dif_cor     0.0027 :  0.          0.7200292   3.24621027  8.92850748 31.48594956  8.10489596  -3.70335666
##  122 :lr 0.000170 :tot_ene    48.7785 :dif_ene     0.0076 :dif_cor     0.0027 :  0.          0.72004564  3.24633364  8.92761585 31.48120608  8.10670242  -3.70335666
##  123 :lr 0.000167 :tot_ene    48.7749 :dif_ene     0.0074 :dif_cor     0.0026 :  0.          0.72006204  3.24645556  8.92674899 31.47656241  8.10847728  -3.70335666
##  124 :lr 0.000163 :tot_ene    48.7714 :dif_ene     0.0073 :dif_cor     0.0026 :  0.          0.7200784   3.24657603  8.92590618 31.47201618  8.11022088  -3.70335666
##  125 :lr 0.000160 :tot_ene    48.7680 :dif_ene     0.0071 :dif_cor     0.0025 :  0.          0.7200947   3.24669504  8.92508667 31.46756514  8.1119336  -3.70335666
##  126 :lr 0.000157 :tot_ene    48.7647 :dif_ene     0.0070 :dif_cor     0.0025 :  0.          0.72011095  3.2468126   8.92428979 31.46320708  8.11361581  -3.70335666
!! cvrg :lr 0.000157 :tot_ene    48.7647 :dif_ene     0.0070 :dif_cor     0.0025 :  0.          0.72011095  3.2468126   8.92428979 31.46320708  8.11361581  -3.70335666
