itr_steps: 2 1.8094692411096958e-11 0.22731684303540564
itr_steps: 2 5.637282862736015e-10 0.2288041875225908
itr_steps: 3 9.8790420288708e-13 0.23143478319287636
itr_steps: 3 3.3742036942285836e-11 0.23567856311041405
itr_steps: 3 2.9115479471819583e-10 0.2385879707799264
itr_steps: 3 3.654077040948778e-12 0.2381761679045387
itr_steps: 3 1.4160211891933727e-10 0.23989984387879126
itr_steps: 3 3.367059409065121e-11 0.240950650456063
itr_steps: 3 2.55414189798131e-10 0.2438514417424448
itr_steps: 3 1.2935152948756468e-11 0.24384702558404373
itr_steps: 3 2.352016359452591e-10 0.24545141417022207
itr_steps: 3 1.2692341622155823e-10 0.24617932431265324
itr_steps: 3 1.0767969849112546e-10 0.24713314275413123
itr_steps: 3 2.4308194346289724e-11 0.24310750679793477
itr_steps: 3 2.8806956819948937e-12 0.2431886598512567
itr_steps: 3 7.54975804095892e-11 0.2443935530387289
itr_steps: 3 2.9018765168586924e-10 0.24694634111494115
itr_steps: 3 9.305944903559293e-12 0.24701033387234272
itr_steps: 3 2.0816731671757793e-10 0.24821248053135547
itr_steps: 3 2.5290858296500573e-10 0.25089982825866414
itr_steps: 2 6.19441720139946e-09 0.25067827748130017
itr_steps: 3 1.0757617019407917e-11 0.25075105638732637
itr_steps: 3 4.4650505515164696e-11 0.2518401276753219
itr_steps: 2 5.862864471684048e-09 0.2519115697841843
itr_steps: 3 5.916322987076228e-12 0.2523577775716249
itr_steps: 3 1.6473655772841767e-11 0.253170936745748
itr_steps: 3 8.93202178886554e-12 0.2538978104657612
itr_steps: 3 1.7695123144534364e-11 0.2547436090654997
itr_steps: 3 1.4183654251098687e-12 0.25498573921115203
itr_steps: 3 1.6156409543555128e-11 0.2557678367869451
itr_steps: 3 3.21868087738153e-11 0.25667179149998737
itr_steps: 3 8.844991405965175e-11 0.25800437811796306
itr_steps: 3 3.764658584870517e-10 0.2539101295114326
itr_steps: 3 3.8945846547733254e-11 0.25859646561986127
itr_steps: 3 7.598532913988265e-12 0.25424924720719727
itr_steps: 3 2.027406020843614e-11 0.25905511975267154
itr_steps: 3 1.3578344004727683e-10 0.2544083650697237
itr_steps: 3 6.556144516167706e-12 0.25930504677291744
itr_steps: 3 1.5843204526078125e-10 0.25453681028115593
itr_steps: 2 4.364030525838558e-09 0.25945232949799046
itr_steps: 3 1.445022435042631e-10 0.2546158183152561
itr_steps: 2 1.440048080780798e-10 0.25953963742388847
itr_steps: 2 7.237361265843845e-10 0.25964437643456084
itr_steps: 3 1.3758999495294688e-10 0.2547085194804997
itr_steps: 2 1.0662977723008282e-09 0.2597066210887811
