##    0 :lr 0.010000 :tot_ene   263.5769 :dif_ene     0.0000 :dif_cor     0.0000 :  0.         18.17968098 52.38086596 85.54165564 80.6227453  30.55532969  -3.70335666
##    1 :lr 0.012000 :tot_ene   205.2779 :dif_ene    58.2990 :dif_cor     0.8989 :  0.         11.69834811 38.20644687 69.92609085 66.05600786 23.0943601  -3.70335666
##    2 :lr 0.014400 :tot_ene   164.3653 :dif_ene    40.9125 :dif_cor     1.0843 :  0.          8.04499565 27.99519811 58.499197   54.81316209 18.71615303  -3.70335666
##    3 :lr 0.017280 :tot_ene   131.7976 :dif_ene    32.5677 :dif_cor     1.1600 :  0.          5.03097845 18.24624232 46.07657364 48.90115948 17.24602741  -3.70335666
##    4 :lr 0.020736 :tot_ene   103.0714 :dif_ene    28.7263 :dif_cor     1.5041 :  0.          2.89792408 10.75580911 31.51977854 45.32562361 16.2755766  -3.70335666
##    5 :lr 0.010368 :tot_ene   116.7429 :dif_ene    17.8763 :dif_cor     1.4822 :  0.          4.22889047 19.18592627 37.53261518 43.68446346 15.81434243  -3.70335666
##    6 :lr 0.012442 :tot_ene    96.9336 :dif_ene    19.8093 :dif_cor     0.5267 :  0.          1.88594745  7.09305387 33.80002517 42.72224426 15.13570986  -3.70335666
##    7 :lr 0.014930 :tot_ene    91.0107 :dif_ene    11.9763 :dif_cor     0.9636 :  0.          2.10520441  9.90047009 25.68310182 42.00253596 15.02270098  -3.70335666
##    8 :lr 0.017916 :tot_ene    83.1342 :dif_ene     7.8765 :dif_cor     0.5975 :  0.          1.64811797  6.75007074 22.04388687 41.57372492 14.82172586  -3.70335666
##    9 :lr 0.008958 :tot_ene    85.8506 :dif_ene    15.7964 :dif_cor     0.9164 :  0.          2.5370563  15.02611692 16.08995155 40.98768875 14.91312998  -3.70335666
##   10 :lr 0.010750 :tot_ene    73.9207 :dif_ene    11.9298 :dif_cor     0.2450 :  0.          1.45052164  4.95934423 15.5073349  40.84908345 14.85781535  -3.70335666
##   11 :lr 0.012899 :tot_ene    72.5799 :dif_ene     4.5067 :dif_cor     0.5605 :  0.          1.71875997  6.27401491 13.08425347 40.35616739 14.85002253  -3.70335666
##   12 :lr 0.015479 :tot_ene    71.3696 :dif_ene     2.3371 :dif_cor     0.5309 :  0.          1.90202989  6.65419027 11.78575704 39.93780146 14.79320073  -3.70335666
##   13 :lr 0.018575 :tot_ene    70.8981 :dif_ene     2.2878 :dif_cor     0.5400 :  0.          2.10085442  7.36354766 10.79181503 39.56739595 14.77788617  -3.70335666
##   14 :lr 0.009288 :tot_ene    90.0006 :dif_ene    22.1432 :dif_cor     1.3519 :  0.          3.43068527 11.11147454 26.33687363 38.86350366 13.96140399  -3.70335666
##   15 :lr 0.011145 :tot_ene    75.8105 :dif_ene    14.1900 :dif_cor     0.3672 :  0.          1.04948139  3.32655446 22.46506538 38.75731326 13.91547932  -3.70335666
##   16 :lr 0.013374 :tot_ene    69.3048 :dif_ene     6.5931 :dif_cor     0.5008 :  0.          1.09316082  3.31258353 16.2466642  38.44479788 13.91094211  -3.70335666
##   17 :lr 0.006687 :tot_ene    70.1523 :dif_ene     7.6299 :dif_cor     0.7902 :  0.          2.45818388  6.05189776 13.42198904 37.87828952 14.04534468  -3.70335666
##   18 :lr 0.008024 :tot_ene    63.2034 :dif_ene     6.9489 :dif_cor     0.2948 :  0.          0.84556978  2.83929387 11.47250893 37.72946309 14.01993693  -3.70335666
##   19 :lr 0.009629 :tot_ene    60.5391 :dif_ene     2.6658 :dif_cor     0.5136 :  0.          0.8462776   2.80755762  9.80495649 36.86120074 13.92243143  -3.70335666
##   20 :lr 0.004815 :tot_ene    67.4962 :dif_ene     9.5765 :dif_cor     0.8671 :  0.          2.60500689  5.25578708 13.58683148 35.55150788 14.20042962  -3.70335666
##   21 :lr 0.005778 :tot_ene    59.1976 :dif_ene     8.2986 :dif_cor     0.2449 :  0.          1.0275378   3.07908952  9.30771467 35.43481847 14.05184389  -3.70335666
##   22 :lr 0.006933 :tot_ene    57.1591 :dif_ene     2.0385 :dif_cor     0.3574 :  0.          0.82843488  2.74035507  8.28441355 35.0393667  13.96988955  -3.70335666
##   23 :lr 0.003467 :tot_ene    60.4815 :dif_ene     5.6718 :dif_cor     0.5558 :  0.          2.03544633  4.26239256  9.99140001 33.86468662 14.03092621  -3.70335666
##   24 :lr 0.004160 :tot_ene    55.6148 :dif_ene     4.8667 :dif_cor     0.1867 :  0.          0.86946091  2.77997697  7.96701669 33.6883132  14.01334108  -3.70335666
##   25 :lr 0.004992 :tot_ene    54.4525 :dif_ene     1.2022 :dif_cor     0.2673 :  0.          0.7547779   2.6241334   7.60659196 33.13701604 14.03333798  -3.70335666
##   26 :lr 0.005990 :tot_ene    54.2278 :dif_ene     1.8907 :dif_cor     0.3557 :  0.          1.02424029  2.94128386  7.80057247 32.07933578 14.0857259  -3.70335666
##   27 :lr 0.007188 :tot_ene    53.5534 :dif_ene     1.1056 :dif_cor     0.3892 :  0.          1.10519991  3.01287992  7.74118672 31.24871504 14.14880057  -3.70335666
##   28 :lr 0.003594 :tot_ene    54.8859 :dif_ene     3.5751 :dif_cor     0.5137 :  0.          1.91969775  3.89081945  8.42489307 30.12741673 14.2264634  -3.70335666
##   29 :lr 0.004313 :tot_ene    50.7561 :dif_ene     4.1749 :dif_cor     0.2149 :  0.          0.68583039  2.54685337  7.18045766 29.79735794 14.24900687  -3.70335666
##   30 :lr 0.005176 :tot_ene    49.8730 :dif_ene     1.0509 :dif_cor     0.2366 :  0.          0.68211088  2.54369377  7.12668123 28.89099808 14.33290266  -3.70335666
##   31 :lr 0.006211 :tot_ene    49.0407 :dif_ene     1.2355 :dif_cor     0.2617 :  0.          0.72268049  2.59400143  7.13019859 27.857086   14.44005435  -3.70335666
##   32 :lr 0.007453 :tot_ene    48.6435 :dif_ene     2.0634 :dif_cor     0.3683 :  0.          0.96486183  2.85271007  7.29118542 26.62681933 14.61127869  -3.70335666
## rjct :lr 0.003726 :tot_ene    61.5756 :dif_ene    14.0274 :dif_cor     1.2099 :  0.          2.26446462  4.11427561  7.89127437 36.94535085 14.0636236  -3.70335666
##   34 :lr 0.004472 :tot_ene    47.3729 :dif_ene     1.4419 :dif_cor     0.2777 :  0.          0.72144328  2.59961588  7.07138682 25.98687683 14.69689392  -3.70335666
## rjct :lr 0.002236 :tot_ene    56.6984 :dif_ene    11.5989 :dif_cor     1.0444 :  0.          0.72565559  2.51702516  6.62794609 36.44490279 14.08626733  -3.70335666
##   36 :lr 0.002683 :tot_ene    46.7121 :dif_ene     0.7995 :dif_cor     0.1325 :  0.          0.60550268  2.48887449  6.97906634 25.57572399 14.76625377  -3.70335666
## rjct :lr 0.001342 :tot_ene    56.0157 :dif_ene    11.7541 :dif_cor     1.0114 :  0.          0.58147562  2.3849406   6.54937631 36.10458577 14.09866049  -3.70335666
##   38 :lr 0.001610 :tot_ene    46.5195 :dif_ene     0.2748 :dif_cor     0.0458 :  0.          0.60427067  2.49039803  6.97527387 25.34707437 14.80586632  -3.70335666
## rjct :lr 0.000805 :tot_ene    55.8728 :dif_ene    11.8195 :dif_cor     1.0247 :  0.          0.58171611  2.38708328  6.5594134  35.93349665 14.11448606  -3.70335666
##   40 :lr 0.000966 :tot_ene    46.4087 :dif_ene     0.1607 :dif_cor     0.0265 :  0.          0.60378693  2.4914448   6.97303077 25.21402733 14.82972783  -3.70335666
## rjct :lr 0.000483 :tot_ene    55.7900 :dif_ene    11.8540 :dif_cor     1.0326 :  0.          0.58186832  2.38843661  6.56566136 35.83169296 14.12568457  -3.70335666
##   42 :lr 0.000580 :tot_ene    46.3437 :dif_ene     0.0949 :dif_cor     0.0156 :  0.          0.60352135  2.49207901  6.97168943 25.13569263 14.84405105  -3.70335666
##   43 :lr 0.000695 :tot_ene    46.2670 :dif_ene     0.1128 :dif_cor     0.0186 :  0.          0.60321865  2.49285834  6.97013389 25.04280161 14.86132305  -3.70335666
## rjct :lr 0.000348 :tot_ene    55.7228 :dif_ene    11.9637 :dif_cor     1.0462 :  0.          0.5812664   2.38857888  6.56274257 35.75254451 14.1409966  -3.70335666
!! cvrg :lr 0.000348 :tot_ene    46.2217 :dif_ene     0.0669 :dif_cor     0.0110 :  0.          0.60304282  2.49332415  6.96920043 24.98783915 14.87167889  -3.70335666
