##    0 :lr 0.010000 :tot_ene   247.8762 :dif_ene     0.0000 :dif_cor     0.0000 :  0.          4.21681627 25.69987984 61.99267696 63.34160248 47.01682195  45.60837968
##    1 :lr 0.009800 :tot_ene   250.0748 :dif_ene     6.6249 :dif_cor     0.5822 :  0.          4.61704967 27.91521913 63.7888378  61.35885647 46.78641635  45.60837968
##    2 :lr 0.009604 :tot_ene   252.6434 :dif_ene    10.6121 :dif_cor     1.2817 :  0.          4.27752163 25.97583574 62.04600709 63.29069318 51.44498609  45.60837968
##    3 :lr 0.009412 :tot_ene   249.7823 :dif_ene     5.4380 :dif_cor     0.6293 :  0.          4.05152994 24.68260099 60.6866439  64.57913335 50.17402276  45.60837968
##    4 :lr 0.009224 :tot_ene   247.4099 :dif_ene     4.6357 :dif_cor     0.5493 :  0.          3.82508922 23.39750719 59.15979244 65.71081899 49.70835706  45.60837968
##    5 :lr 0.009039 :tot_ene   245.2716 :dif_ene     3.8101 :dif_cor     0.4657 :  0.          3.63232233 22.31720126 57.704715   66.54671052 49.46225999  45.60837968
##    6 :lr 0.008858 :tot_ene   243.4312 :dif_ene     2.9641 :dif_cor     0.3886 :  0.          3.48107677 21.48961896 56.44069672 67.1085983  49.30285654  45.60837968
##    7 :lr 0.008681 :tot_ene   242.0869 :dif_ene     2.0279 :dif_cor     0.3241 :  0.          3.37734722 20.95566277 55.50846816 67.4504176  49.18666766  45.60837968
##    8 :lr 0.008508 :tot_ene   241.1737 :dif_ene     1.3295 :dif_cor     0.2660 :  0.          3.30974661 20.64142378 54.86067914 67.65855977 49.09495407  45.60837968
##    9 :lr 0.008337 :tot_ene   240.6436 :dif_ene     0.7925 :dif_cor     0.2383 :  0.          3.27068115 20.49929532 54.45757115 67.7897368  49.01797618  45.60837968
##   10 :lr 0.008171 :tot_ene   240.4286 :dif_ene     0.3836 :dif_cor     0.2210 :  0.          3.25300471 20.48353956 54.25758826 67.87400357 48.95209864  45.60837968
##   11 :lr 0.008007 :tot_ene   240.4930 :dif_ene     0.2129 :dif_cor     0.2167 :  0.          3.25264251 20.56704058 54.24160783 67.92913481 48.89416077  45.60837968
##   12 :lr 0.007847 :tot_ene   240.7847 :dif_ene     0.3948 :dif_cor     0.2174 :  0.          3.26513597 20.71857695 54.3845188  67.96547447 48.84259343  45.60837968
##   13 :lr 0.007690 :tot_ene   241.2562 :dif_ene     0.5641 :dif_cor     0.2179 :  0.          3.28664317 20.91034939 54.66502031 67.98948106 48.79628334  45.60837968
##   14 :lr 0.007536 :tot_ene   241.8449 :dif_ene     0.6721 :dif_cor     0.2179 :  0.          3.31275007 21.11068838 55.05329891 68.00519209 48.75458808  45.60837968
##   15 :lr 0.007386 :tot_ene   242.4807 :dif_ene     0.7108 :dif_cor     0.2140 :  0.          3.33885376 21.28763985 55.51354536 68.01521441 48.71707076  45.60837968
##   16 :lr 0.007238 :tot_ene   241.7966 :dif_ene    17.8525 :dif_cor     2.4263 :  0.          2.76427137 17.21469241 50.89278246 68.0212316  57.29525417  45.60837968
##   17 :lr 0.007093 :tot_ene   239.0539 :dif_ene     2.7427 :dif_cor     0.3419 :  0.          2.71405958 17.04685108 50.56410711 68.01179384 55.10875795  45.60837968
##   18 :lr 0.006951 :tot_ene   237.3950 :dif_ene     1.6589 :dif_cor     0.2498 :  0.          2.67839562 16.95989373 50.35823486 68.00378207 53.78635074  45.60837968
##   19 :lr 0.006812 :tot_ene   236.1610 :dif_ene     1.2340 :dif_cor     0.2242 :  0.          2.64933608 16.91359383 50.18573766 67.99648189 52.80745883  45.60837968
##   20 :lr 0.006676 :tot_ene   235.2216 :dif_ene     0.9394 :dif_cor     0.2016 :  0.          2.62464508 16.89736169 50.04061317 67.98973007 52.06089655  45.60837968
##   21 :lr 0.006543 :tot_ene   234.5128 :dif_ene     0.7336 :dif_cor     0.1847 :  0.          2.60378097 16.90973975 49.92473833 67.98342716 51.48268636  45.60837968
##   22 :lr 0.006412 :tot_ene   233.9916 :dif_ene     0.6023 :dif_cor     0.1724 :  0.          2.58663326 16.95031776 49.84052195 67.97751659 51.02823113  45.60837968
##   23 :lr 0.006283 :tot_ene   233.6294 :dif_ene     0.5001 :dif_cor     0.1640 :  0.          2.57332925 17.01930934 49.79149896 67.97195867 50.66497231  45.60837968
##   24 :lr 0.006158 :tot_ene   233.4068 :dif_ene     0.4172 :dif_cor     0.1581 :  0.          2.56406056 17.11658114 49.78146411 67.96672367 50.36960518  45.60837968
##   25 :lr 0.006035 :tot_ene   233.3103 :dif_ene     0.4116 :dif_cor     0.1562 :  0.          2.55902259 17.24136706 49.81424161 67.9617871  50.12552207  45.60837968
##   26 :lr 0.005914 :tot_ene   233.3300 :dif_ene     0.4397 :dif_cor     0.1556 :  0.          2.5583688  17.39198421 49.89329853 67.95712752 49.92084926  45.60837968
##   27 :lr 0.005796 :tot_ene   233.4573 :dif_ene     0.4838 :dif_cor     0.1557 :  0.          2.56217885 17.5656407  50.0213566  67.95272535 49.74699887  45.60837968
##   28 :lr 0.005680 :tot_ene   233.6833 :dif_ene     0.5330 :dif_cor     0.1572 :  0.          2.5704303  17.75829605 50.19995308 67.94856228 49.59766273  45.60837968
##   29 :lr 0.005566 :tot_ene   233.9977 :dif_ene     0.5813 :dif_cor     0.1591 :  0.          2.58297252 17.96459827 50.4289778  67.94462101 49.46812715  45.60837968
##   30 :lr 0.005455 :tot_ene   234.3877 :dif_ene     0.6242 :dif_cor     0.1607 :  0.          2.59950399 18.17792263 50.70622369 67.94088515 49.35480894  45.60837968
##   31 :lr 0.005346 :tot_ene   234.8378 :dif_ene     0.6569 :dif_cor     0.1615 :  0.          2.61955589 18.39054186 51.02702206 67.9373393  49.25493975  45.60837968
##   32 :lr 0.005239 :tot_ene   235.3292 :dif_ene     0.6753 :dif_cor     0.1609 :  0.          2.64248798 18.5939499  51.38405064 67.93396911 49.16634928  45.60837968
##   33 :lr 0.005134 :tot_ene   235.8407 :dif_ene     0.6760 :dif_cor     0.1586 :  0.          2.66750269 18.77934269 51.76741227 67.93076146 49.08731454  45.60837968
##   34 :lr 0.005031 :tot_ene   236.3495 :dif_ene     0.6566 :dif_cor     0.1545 :  0.          2.69368236 18.93822945 52.16505391 67.92770459 49.0164534  45.60837968
##   35 :lr 0.004931 :tot_ene   246.7539 :dif_ene    10.5378 :dif_cor     2.5209 :  0.          4.21406758 27.21658584 52.83738625 67.92478823 48.95264793  45.60837968
##   36 :lr 0.004832 :tot_ene   244.7609 :dif_ene     2.0315 :dif_cor     0.2678 :  0.          4.23333921 25.69009338 52.39548873 67.92293841 48.91067876  45.60837968
##   37 :lr 0.004735 :tot_ene   243.7001 :dif_ene     1.1597 :dif_cor     0.2418 :  0.          4.28276036 24.92624148 52.09164518 67.92107024 48.86997274  45.60837968
##   38 :lr 0.004641 :tot_ene   243.0206 :dif_ene     0.7997 :dif_cor     0.2345 :  0.          4.34287063 24.44502643 51.87527402 67.91915406 48.82992412  45.60837968
##   39 :lr 0.004548 :tot_ene   242.6069 :dif_ene     0.5452 :dif_cor     0.2358 :  0.          4.40860248 24.1439841  51.73850951 67.91716928 48.79022014  45.60837968
##   40 :lr 0.004457 :tot_ene   242.4288 :dif_ene     0.3190 :dif_cor     0.2427 :  0.          4.47906153 23.98790505 51.68762134 67.91510106 48.75074214  45.60837968
##   41 :lr 0.004368 :tot_ene   242.4710 :dif_ene     0.1860 :dif_cor     0.2319 :  0.          4.54716315 23.95397802 51.73362152 67.91311562 48.71475691  45.60837968
##   42 :lr 0.004281 :tot_ene   242.6812 :dif_ene     0.2795 :dif_cor     0.2241 :  0.          4.61265052 23.99799409 51.8689984  67.91121236 48.68200825  45.60837968
##   43 :lr 0.004195 :tot_ene   243.0196 :dif_ene     0.4018 :dif_cor     0.2205 :  0.          4.67548907 24.08810922 52.08612543 67.90938346 48.65213922  45.60837968
##   44 :lr 0.004111 :tot_ene   247.4117 :dif_ene    13.8698 :dif_cor     2.3007 :  0.          3.9654565  20.0610592  52.33669879 67.90762131 57.53251552  45.60837968
##   45 :lr 0.004029 :tot_ene   245.4943 :dif_ene     1.9174 :dif_cor     0.2070 :  0.          3.91272586 19.90801962 52.0986868  67.90574518 56.06074885  45.60837968
##   46 :lr 0.003948 :tot_ene   244.1601 :dif_ene     1.3342 :dif_cor     0.1712 :  0.          3.86838474 19.79161679 51.94088167 67.903971   55.04690852  45.60837968
##   47 :lr 0.003869 :tot_ene   243.0818 :dif_ene     1.0784 :dif_cor     0.1560 :  0.          3.82842777 19.6965216  51.81169144 67.90227562 54.23448871  45.60837968
##   48 :lr 0.003792 :tot_ene   242.1797 :dif_ene     0.9021 :dif_cor     0.1441 :  0.          3.79154101 19.61717893 51.70105334 67.90065368 53.5608553  45.60837968
##   49 :lr 0.003716 :tot_ene   241.4146 :dif_ene     0.7651 :dif_cor     0.1338 :  0.          3.75711116 19.5505644  51.60535897 67.89910292 52.99408128  45.60837968
##   50 :lr 0.003642 :tot_ene   240.7616 :dif_ene     0.6530 :dif_cor     0.1253 :  0.          3.72479467 19.49467595 51.52280083 67.89762122 52.51331677  45.60837968
##   51 :lr 0.003569 :tot_ene   240.2023 :dif_ene     0.5593 :dif_cor     0.1174 :  0.          3.69437384 19.4480264  51.45228449 67.89620601 52.10306602  45.60837968
##   52 :lr 0.003497 :tot_ene   239.7225 :dif_ene     0.4799 :dif_cor     0.1103 :  0.          3.66569554 19.40942268 51.39306241 67.89485424 51.75106991  45.60837968
##   53 :lr 0.003428 :tot_ene   239.3104 :dif_ene     0.4121 :dif_cor     0.1042 :  0.          3.63864116 19.37785348 51.34456833 67.89356257 51.44738137  45.60837968
##   54 :lr 0.003359 :tot_ene   238.9564 :dif_ene     0.3539 :dif_cor     0.0989 :  0.          3.61311077 19.35242658 51.30632709 67.89232752 51.18386792  45.60837968
##   55 :lr 0.003292 :tot_ene   238.6526 :dif_ene     0.3038 :dif_cor     0.0945 :  0.          3.58901444 19.33233216 51.27790106 67.89114562 50.95387605  45.60837968
##   56 :lr 0.003226 :tot_ene   238.3923 :dif_ene     0.2603 :dif_cor     0.0907 :  0.          3.56626749 19.31682103 51.2588572  67.89001352 50.75196742  45.60837968
##   57 :lr 0.003161 :tot_ene   238.1697 :dif_ene     0.2226 :dif_cor     0.0873 :  0.          3.54478798 19.3051919  51.24874733 67.88892803 50.57369848  45.60837968
##   58 :lr 0.003098 :tot_ene   237.9801 :dif_ene     0.1897 :dif_cor     0.0842 :  0.          3.52449542 19.29678432 51.24709685 67.88788617 50.41543494  45.60837968
##   59 :lr 0.003036 :tot_ene   237.8191 :dif_ene     0.1735 :dif_cor     0.0812 :  0.          3.50531035 19.29097517 51.25339945 67.88688518 50.27419721  45.60837968
##   60 :lr 0.002976 :tot_ene   237.6833 :dif_ene     0.1633 :dif_cor     0.0785 :  0.          3.48715423 19.28717768 51.26711611 67.8859225  50.14753383  45.60837968
##   61 :lr 0.002916 :tot_ene   237.5693 :dif_ene     0.1551 :dif_cor     0.0760 :  0.          3.46994981 19.28484067 51.28767544 67.88499578 50.03341877  45.60837968
##   62 :lr 0.002858 :tot_ene   237.4742 :dif_ene     0.1487 :dif_cor     0.0737 :  0.          3.4536212  19.28345147 51.31448027 67.88410288 49.9301692  45.60837968
##   63 :lr 0.002801 :tot_ene   237.3955 :dif_ene     0.1435 :dif_cor     0.0713 :  0.          3.43809458 19.28253534 51.34691014 67.88324183 49.83637974  45.60837968
##   64 :lr 0.002745 :tot_ene   237.3309 :dif_ene     0.1394 :dif_cor     0.0690 :  0.          3.42329851 19.28165787 51.38432899 67.88241083 49.75087014  45.60837968
##   65 :lr 0.002690 :tot_ene   237.2783 :dif_ene     0.1362 :dif_cor     0.0669 :  0.          3.40916443 19.28042606 51.42609181 67.88160821 49.67264369  45.60837968
##   66 :lr 0.002636 :tot_ene   237.2357 :dif_ene     0.1335 :dif_cor     0.0650 :  0.          3.39562701 19.27848926 51.47155179 67.88083248 49.60085394  45.60837968
##   67 :lr 0.002583 :tot_ene   237.2015 :dif_ene     0.1313 :dif_cor     0.0630 :  0.          3.38262459 19.2755397  51.5200675  67.88008224 49.5347782  45.60837968
##   68 :lr 0.002531 :tot_ene   237.1740 :dif_ene     0.1294 :dif_cor     0.0611 :  0.          3.37009941 19.27131262 51.57100989 67.87935621 49.47379617  45.60837968
##   69 :lr 0.002481 :tot_ene   237.1518 :dif_ene     0.1277 :dif_cor     0.0592 :  0.          3.35799791 19.2655858  51.62376876 67.87865321 49.41737278  45.60837968
##   70 :lr 0.002431 :tot_ene   237.1336 :dif_ene     0.1261 :dif_cor     0.0573 :  0.          3.34627088 19.25817862 51.67775869 67.87797216 49.36504424  45.60837968
##   71 :lr 0.002383 :tot_ene   237.1183 :dif_ene     0.1246 :dif_cor     0.0555 :  0.          3.33487355 19.24895071 51.73242426 67.87731205 49.3164067  45.60837968
##   72 :lr 0.002335 :tot_ene   237.1050 :dif_ene     0.1230 :dif_cor     0.0537 :  0.          3.32376565 19.2378     51.7872444  67.87667196 49.27110697  45.60837968
##   73 :lr 0.002288 :tot_ene   237.0926 :dif_ene     0.1214 :dif_cor     0.0518 :  0.          3.31291137 19.22466057 51.84173592 67.87605101 49.22883487  45.60837968
##   74 :lr 0.002242 :tot_ene   237.0804 :dif_ene     0.1196 :dif_cor     0.0501 :  0.          3.30227926 19.20950003 51.89545613 67.87544841 49.18931692  45.60837968
##   75 :lr 0.002198 :tot_ene   237.0677 :dif_ene     0.1178 :dif_cor     0.0485 :  0.          3.2918421  19.19231673 51.94800465 67.87486341 49.15231111  45.60837968
##   76 :lr 0.002154 :tot_ene   237.0540 :dif_ene     0.1157 :dif_cor     0.0468 :  0.          3.28157669 19.17313677 51.99902432 67.87429532 49.11760249  45.60837968
##   77 :lr 0.002111 :tot_ene   237.0388 :dif_ene     0.1136 :dif_cor     0.0452 :  0.          3.27146363 19.15201085 52.04820133 67.87374347 49.08499952  45.60837968
##   78 :lr 0.002068 :tot_ene   237.0217 :dif_ene     0.1112 :dif_cor     0.0436 :  0.          3.26148705 19.12901119 52.09526475 67.87320726 49.05433096  45.60837968
##   79 :lr 0.002027 :tot_ene   237.0024 :dif_ene     0.1088 :dif_cor     0.0420 :  0.          3.25163433 19.10422834 52.13998536 67.87268612 49.02544328  45.60837968
##   80 :lr 0.001986 :tot_ene   236.9806 :dif_ene     0.1061 :dif_cor     0.0406 :  0.          3.24189582 19.0777682  52.182174   67.87217951 48.99819838  45.60837968
##   81 :lr 0.001947 :tot_ene   236.9562 :dif_ene     0.1034 :dif_cor     0.0391 :  0.          3.23226449 19.04974903 52.22167955 67.87168691 48.97247177  45.60837968
##   82 :lr 0.001908 :tot_ene   236.9292 :dif_ene     0.1005 :dif_cor     0.0378 :  0.          3.22273566 19.02029876 52.25838649 67.87120785 48.94815087  45.60837968
##   83 :lr 0.001870 :tot_ene   236.8993 :dif_ene     0.0975 :dif_cor     0.0365 :  0.          3.21330668 18.98955238 52.29221231 67.87074187 48.92513366  45.60837968
##   84 :lr 0.001832 :tot_ene   236.8667 :dif_ene     0.0944 :dif_cor     0.0352 :  0.          3.20397668 18.95764961 52.32310481 67.87028854 48.90332745  45.60837968
##   85 :lr 0.001796 :tot_ene   236.8314 :dif_ene     0.0912 :dif_cor     0.0340 :  0.          3.19474624 18.92473276 52.35103917 67.86984745 48.88264788  45.60837968
##   86 :lr 0.001760 :tot_ene   236.7934 :dif_ene     0.0880 :dif_cor     0.0327 :  0.          3.18561717 18.89094488 52.37601518 67.86941821 48.86301795  45.60837968
##   87 :lr 0.001725 :tot_ene   236.7528 :dif_ene     0.0846 :dif_cor     0.0316 :  0.          3.17659227 18.85642805 52.39805443 67.86900045 48.84436729  45.60837968
##   88 :lr 0.001690 :tot_ene   236.7098 :dif_ene     0.0813 :dif_cor     0.0306 :  0.          3.16767508 18.82132199 52.41719756 67.86859381 48.82663142  45.60837968
##   89 :lr 0.001656 :tot_ene   236.6645 :dif_ene     0.0779 :dif_cor     0.0296 :  0.          3.15886974 18.78576283 52.43350173 67.86819795 48.80975121  45.60837968
##   90 :lr 0.001623 :tot_ene   236.6170 :dif_ene     0.0746 :dif_cor     0.0287 :  0.          3.15018077 18.74988212 52.44703812 67.86781255 48.79367229  45.60837968
##   91 :lr 0.001591 :tot_ene   236.5675 :dif_ene     0.0712 :dif_cor     0.0278 :  0.          3.14161294 18.71380599 52.45788969 67.86743729 48.7783446  45.60837968
##   92 :lr 0.001559 :tot_ene   236.5161 :dif_ene     0.0678 :dif_cor     0.0270 :  0.          3.13317112 18.67765455 52.46614904 67.86707186 48.76372199  45.60837968
!! cvrg :lr 0.001559 :tot_ene   236.5161 :dif_ene     0.0678 :dif_cor     0.0270 :  0.          3.13317112 18.67765455 52.46614904 67.86707186 48.76372199  45.60837968
