##    0 :lr 0.010000 :tot_ene   339.1131 :dif_ene     0.0000 :dif_cor     0.0000 :  0.         21.46678818 61.45188245 78.19281443 73.50397088 58.88926877  45.60837968
##    1 :lr 0.012000 :tot_ene   313.9364 :dif_ene    25.1767 :dif_cor     0.7025 :  0.         15.6430223  49.05826714 72.97541514 72.72140562 57.92991919  45.60837968
##    2 :lr 0.014400 :tot_ene   293.3930 :dif_ene    20.5434 :dif_cor     1.1108 :  0.          9.99146545 41.00269825 68.57093139 71.70927044 56.51028025  45.60837968
##    3 :lr 0.017280 :tot_ene   281.2585 :dif_ene    12.1346 :dif_cor     0.9795 :  0.          7.32458411 35.81777954 66.3436066  70.97216059 55.19196145  45.60837968
##    4 :lr 0.020736 :tot_ene   273.1967 :dif_ene     8.0618 :dif_cor     0.9176 :  0.          6.29875357 32.1582143  64.86625845 70.44007664 53.82499161  45.60837968
##    5 :lr 0.024883 :tot_ene   266.8937 :dif_ene     6.3029 :dif_cor     0.9433 :  0.          5.85772026 29.5272619  63.71510915 69.93288441 52.25237474  45.60837968
##    6 :lr 0.012442 :tot_ene   269.6201 :dif_ene    11.1049 :dif_cor     1.3296 :  0.          5.57197665 35.17127602 64.98672569 68.45191483 49.82978652  45.60837968
##    7 :lr 0.014930 :tot_ene   264.9290 :dif_ene     4.6910 :dif_cor     0.4773 :  0.          5.30315395 31.92073897 64.33239842 68.26142803 49.5029296  45.60837968
##    8 :lr 0.017916 :tot_ene   261.4908 :dif_ene     3.4382 :dif_cor     0.4817 :  0.          5.1784963  29.76741368 63.76002273 68.03100887 49.14547147  45.60837968
##    9 :lr 0.021499 :tot_ene   258.2063 :dif_ene     3.2845 :dif_cor     0.5857 :  0.          5.08325357 27.9917354  62.94135076 67.804019   48.77757252  45.60837968
##   10 :lr 0.025799 :tot_ene   257.1533 :dif_ene    16.7545 :dif_cor     1.8102 :  0.          4.42503867 24.03465642 58.65291496 68.74039673 55.69194518  45.60837968
##   11 :lr 0.012899 :tot_ene   261.6791 :dif_ene    13.7798 :dif_cor     1.7321 :  0.          4.8996692  31.23104774 60.13464859 67.99324386 51.81207157  45.60837968
##   12 :lr 0.015479 :tot_ene   251.4425 :dif_ene    10.2366 :dif_cor     0.6516 :  0.          4.21887491 24.26208139 59.45067413 67.66549251 50.23695345  45.60837968
##   13 :lr 0.018575 :tot_ene   251.2470 :dif_ene     2.4375 :dif_cor     0.7456 :  0.          4.22697234 25.30481459 59.52083557 67.26254578 49.32343074  45.60837968
##   14 :lr 0.009288 :tot_ene   258.8050 :dif_ene    11.2539 :dif_cor     1.7544 :  0.          4.62383697 29.95041071 63.884298   65.63839323 49.09963576  45.60837968
##   15 :lr 0.011145 :tot_ene   252.9467 :dif_ene     5.8583 :dif_cor     0.6664 :  0.          3.91587636 27.5393053  62.33980701 65.60871321 47.93457193  45.60837968
##   16 :lr 0.013374 :tot_ene   250.8079 :dif_ene     2.1746 :dif_cor     0.4403 :  0.          3.93381555 26.15491717 61.82786181 65.47953334 47.8033846  45.60837968
##   17 :lr 0.016049 :tot_ene   249.4999 :dif_ene     1.4832 :dif_cor     0.5151 :  0.          4.02139296 25.38996249 61.46038984 65.34463657 47.67513072  45.60837968
##   18 :lr 0.008024 :tot_ene   250.4413 :dif_ene     1.3376 :dif_cor     0.6620 :  0.          4.11593078 25.89638343 61.99892326 65.22071863 47.60095738  45.60837968
##   19 :lr 0.009629 :tot_ene   249.4422 :dif_ene     0.9991 :dif_cor     0.5816 :  0.          4.09030608 25.63166013 61.68703596 64.9670963  47.4577603  45.60837968
##   20 :lr 0.011555 :tot_ene   249.1507 :dif_ene     0.3979 :dif_cor     0.5215 :  0.          4.10646656 25.6686565  61.60015378 64.7904313  47.37657501  45.60837968
##   21 :lr 0.005778 :tot_ene   250.5164 :dif_ene     1.4331 :dif_cor     0.6453 :  0.          4.15172308 26.68957095 61.93338892 64.78808143 47.34521493  45.60837968
##   22 :lr 0.006933 :tot_ene   247.9365 :dif_ene     2.5799 :dif_cor     0.3025 :  0.          4.12281644 25.19320631 61.38775255 64.38894128 47.23535972  45.60837968
##   23 :lr 0.008320 :tot_ene   247.8180 :dif_ene     0.2759 :dif_cor     0.1766 :  0.          4.12708255 25.17663009 61.46220329 64.24765273 47.19606043  45.60837968
##   24 :lr 0.009984 :tot_ene   247.7773 :dif_ene     0.3146 :dif_cor     0.1654 :  0.          4.1405066  25.22708449 61.5352509  64.10675435 47.15929618  45.60837968
##   25 :lr 0.011980 :tot_ene   247.7430 :dif_ene     0.3309 :dif_cor     0.1795 :  0.          4.16250009 25.30025242 61.58836886 63.95946746 47.12399575  45.60837968
##   26 :lr 0.014377 :tot_ene   247.7187 :dif_ene     0.3506 :dif_cor     0.2255 :  0.          4.19557439 25.39280014 61.6259038  63.80415371 47.091857  45.60837968
##   27 :lr 0.007188 :tot_ene   247.7777 :dif_ene     0.4302 :dif_cor     0.2773 :  0.          4.24697001 25.57034557 61.64157459 63.64646593 47.0639693  45.60837968
##   28 :lr 0.003594 :tot_ene   247.7970 :dif_ene     0.4242 :dif_cor     0.1686 :  0.          4.23130347 25.61249629 61.82115567 63.48467839 47.03894612  45.60837968
##   29 :lr 0.001797 :tot_ene   247.8334 :dif_ene     0.2437 :dif_cor     0.0658 :  0.          4.22252663 25.65577001 61.91795004 63.402655   47.02616127  45.60837968
##   30 :lr 0.000899 :tot_ene   247.8620 :dif_ene     0.1307 :dif_cor     0.0293 :  0.          4.2186071  25.68513004 61.96822134 63.3618342  47.01978816  45.60837968
!! cvrg :lr 0.000899 :tot_ene   247.8767 :dif_ene     0.0664 :dif_cor     0.0146 :  0.          4.21653321 25.70021879 61.99370372 63.3412613  47.01659649  45.60837968
