itr_steps: 2 5.713306355792369e-10 0.10635650287277355
itr_steps: 3 1.5962231536548188e-13 0.10824727768456655
itr_steps: 3 4.670458464417493e-12 0.11036014056422239
itr_steps: 3 2.0500218189667407e-10 0.11306405177248526
itr_steps: 3 4.215604518242877e-09 0.116483031931382
itr_steps: 4 8.01288355112284e-10 0.11679962053542486
itr_steps: 4 1.1192310966912089e-10 0.11780753105573294
itr_steps: 4 3.5054616154273077e-10 0.11938969615993887
itr_steps: 4 1.6948338427136278e-09 0.12186495509503582
itr_steps: 4 1.6192297502826136e-11 0.1199714952915779
itr_steps: 5 7.090694698064226e-11 0.12558198954534364
itr_steps: 3 1.349094516656102e-09 0.1247002405609575
itr_steps: 4 8.502312742741935e-11 0.12657815243154497
itr_steps: 4 2.4845465962375357e-09 0.12520225626703863
itr_steps: 4 1.2784374947560906e-10 0.12497777528117969
itr_steps: 4 1.8636181486897385e-10 0.12602856696042672
itr_steps: 4 4.478189485901396e-10 0.12764285048146115
itr_steps: 5 7.212197505879203e-11 0.12938956385114656
itr_steps: 4 3.180838092919913e-10 0.12966573263296374
itr_steps: 4 4.624201577207998e-10 0.13025555713343676
itr_steps: 4 8.249073368826743e-10 0.13108993337877217
itr_steps: 4 1.291420026472423e-10 0.13107241023336108
itr_steps: 4 3.0466912326332363e-10 0.13135188388667376
itr_steps: 4 4.5248149671550664e-10 0.13176761239727308
itr_steps: 4 6.714615807812407e-10 0.13232087404611093
itr_steps: 4 1.0510961545584507e-09 0.1330453674495883
itr_steps: 4 1.6540632197248328e-09 0.13396229412188282
itr_steps: 4 4.675348996840967e-10 0.1340694625161972
itr_steps: 4 1.5140630416077272e-10 0.13408128051923157
itr_steps: 3 7.467878843092635e-09 0.13407939270629995
itr_steps: 3 3.2140810291014787e-09 0.13407639951261965
