##    0 :lr 0.002000 :tot_ene    23.7998 :dif_ene     0.0000 :dif_cor     0.0000 :   0.          10.44026951  28.70547336  20.9936389   -3.98367817  -14.76690289 -17.58899996
##    1 :lr 0.001960 :tot_ene    29.9465 :dif_ene     6.9400 :dif_cor     0.6188 :   0.          16.90715051  28.5694915   21.06514801  -4.24434025  -14.76190214 -17.58899996
##    2 :lr 0.001921 :tot_ene    28.2512 :dif_ene     1.7296 :dif_cor     0.0557 :   0.          15.46018311  28.58661034  20.98459045  -4.42103856  -14.77019264 -17.58899996
##    3 :lr 0.001882 :tot_ene    27.0573 :dif_ene     1.2379 :dif_cor     0.0637 :   0.          14.5827626   28.608636    20.88017785  -4.64446579  -14.78076687 -17.58899996
##    4 :lr 0.001845 :tot_ene    26.0222 :dif_ene     1.0904 :dif_cor     0.0760 :   0.          13.94323659  28.63626352  20.74699065  -4.92120381  -14.79408909 -17.58899996
##    5 :lr 0.001808 :tot_ene    25.0697 :dif_ene     1.0203 :dif_cor     0.0882 :   0.          13.47776508  28.67014608  20.57907158  -5.25757128  -14.81070667 -17.58899996
##    6 :lr 0.001772 :tot_ene    24.2756 :dif_ene     0.8647 :dif_cor     0.0876 :   0.          13.19530027  28.70545079  20.39763778  -5.60528584  -14.82853555 -17.58899996
##    7 :lr 0.001736 :tot_ene    23.6062 :dif_ene     0.7369 :dif_cor     0.0823 :   0.          13.02147911  28.73920369  20.21673742  -5.93594841  -14.84625354 -17.58899996
##    8 :lr 0.001702 :tot_ene    23.0041 :dif_ene     0.6663 :dif_cor     0.0796 :   0.          12.89929804  28.77128961  20.03642902  -6.25001321  -14.86390852 -17.58899996
##    9 :lr 0.001667 :tot_ene    22.4437 :dif_ene     0.6210 :dif_cor     0.0778 :   0.          12.80394388  28.80160583  19.85671264  -6.54799074  -14.88155189 -17.58899996
##   10 :lr 0.001634 :tot_ene    36.7488 :dif_ene    15.1364 :dif_cor     1.1872 :   0.          12.72414582  28.83006356  25.56807788   2.43292541  -15.21745889 -17.58899996
##   11 :lr 0.001601 :tot_ene    33.0382 :dif_ene     3.7275 :dif_cor     0.0705 :   0.          12.70827322  28.83851275  24.65303424  -0.32960008  -15.24305832 -17.58899996
##   12 :lr 0.001569 :tot_ene    31.1951 :dif_ene     1.8744 :dif_cor     0.0855 :   0.          12.67982273  28.85415877  24.07591329  -1.56286209  -15.26295432 -17.58899996
##   13 :lr 0.001538 :tot_ene    30.4314 :dif_ene     0.8011 :dif_cor     0.0640 :   0.          12.64737496  28.87284454  23.75923174  -1.98416978  -15.2749065  -17.58899996
##   14 :lr 0.001507 :tot_ene    29.7725 :dif_ene     0.6943 :dif_cor     0.0601 :   0.          12.61809064  28.89055132  23.48181874  -2.34471479  -15.28422288 -17.58899996
##   15 :lr 0.001477 :tot_ene    29.1646 :dif_ene     0.6414 :dif_cor     0.0577 :   0.          12.59148018  28.90728064  23.22507999  -2.67834525  -15.29191952 -17.58899996
##   16 :lr 0.001448 :tot_ene    28.5977 :dif_ene     0.5984 :dif_cor     0.0557 :   0.          12.56722103  28.92303019  22.98537849  -2.99039795  -15.2985213  -17.58899996
##   17 :lr 0.001419 :tot_ene    28.0654 :dif_ene     0.5619 :dif_cor     0.0539 :   0.          12.54506462  28.93781543  22.7603508   -3.28446278  -15.30434182 -17.58899996
##   18 :lr 0.001390 :tot_ene    27.5631 :dif_ene     0.5300 :dif_cor     0.0522 :   0.          12.5248103   28.9516618   22.54825322  -3.56307018  -15.30957543 -17.58899996
##   19 :lr 0.001362 :tot_ene    27.0872 :dif_ene     0.5018 :dif_cor     0.0506 :   0.          12.50629123  28.96460021  22.34770584  -3.82806475  -15.31435107 -17.58899996
##   20 :lr 0.001335 :tot_ene    26.6350 :dif_ene     0.4763 :dif_cor     0.0492 :   0.          12.48936537  28.97666437  22.15756926  -4.08083562  -15.31875982 -17.58899996
##   21 :lr 0.001309 :tot_ene    26.2043 :dif_ene     0.4531 :dif_cor     0.0478 :   0.          12.47390952  28.98788921  21.97687811  -4.32246236  -15.32286954 -17.58899996
##   22 :lr 0.001282 :tot_ene    25.7934 :dif_ene     0.4318 :dif_cor     0.0465 :   0.          12.45981522  28.99830988  21.80480118  -4.55380948  -15.32673278 -17.58899996
##   23 :lr 0.001257 :tot_ene    25.4006 :dif_ene     0.4121 :dif_cor     0.0453 :   0.          12.44698593  29.00796119  21.64061503  -4.77558858  -15.33039156 -17.58899996
##   24 :lr 0.001232 :tot_ene    25.0246 :dif_ene     0.3938 :dif_cor     0.0441 :   0.          12.43533492  29.01687728  21.48368507  -4.98839993  -15.33388019 -17.58899996
##   25 :lr 0.001207 :tot_ene    24.6643 :dif_ene     0.3767 :dif_cor     0.0430 :   0.          12.42478377  29.02509133  21.33345129  -5.19276084  -15.3372272  -17.58899996
##   26 :lr 0.001183 :tot_ene    24.3187 :dif_ene     0.3607 :dif_cor     0.0420 :   0.          12.41526114  29.03263552  21.18941701  -5.38912521  -15.34045664 -17.58899996
##   27 :lr 0.001159 :tot_ene    23.9869 :dif_ene     0.3456 :dif_cor     0.0410 :   0.          12.40670187  29.03954091  21.0511398   -5.57789739  -15.34358896 -17.58899996
##   28 :lr 0.001136 :tot_ene    23.6680 :dif_ene     0.3315 :dif_cor     0.0400 :   0.          12.39904625  29.04583738  20.91822403  -5.75944206  -15.34664169 -17.58899996
##   29 :lr 0.001113 :tot_ene    23.3614 :dif_ene     0.3181 :dif_cor     0.0391 :   0.          12.39223931  29.0515537   20.79031472  -5.93409151  -15.34962997 -17.58899996
##   30 :lr 0.001091 :tot_ene    32.6901 :dif_ene     9.6093 :dif_cor     0.5909 :   0.          12.3862304   29.05671747  21.17366378   3.14638557  -15.48393536 -17.58899996
##   31 :lr 0.001069 :tot_ene    31.3681 :dif_ene     1.3277 :dif_cor     0.0425 :   0.          12.38350484  29.05960112  21.10826332   1.89507688  -15.48936529 -17.58899996
##   32 :lr 0.001048 :tot_ene    30.5600 :dif_ene     0.8165 :dif_cor     0.0506 :   0.          12.37955543  29.06378276  21.01076946   1.19029448  -15.49542255 -17.58899996
##   33 :lr 0.001027 :tot_ene    30.1132 :dif_ene     0.4542 :dif_cor     0.0399 :   0.          12.37608868  29.06747689  20.92143949   0.83755017  -15.50034001 -17.58899996
##   34 :lr 0.001006 :tot_ene    29.7248 :dif_ene     0.3950 :dif_cor     0.0374 :   0.          12.3730316   29.07075641  20.83693401   0.53753475  -15.50449981 -17.58899996
##   35 :lr 0.000986 :tot_ene    29.3631 :dif_ene     0.3674 :dif_cor     0.0360 :   0.          12.37034307  29.0736654   20.75616963   0.26  -15.50805135 -17.58899996
##   36 :lr 0.000966 :tot_ene    29.0214 :dif_ene     0.3469 :dif_cor     0.0347 :  0.00000000e+00  1.23679897e+01  2.90762378e+01  2.06786655e+01  -1.38313399e-03 -1.55111116e+01 -1.75890000e+01
##   37 :lr 0.000947 :tot_ene    28.6964 :dif_ene     0.3295 :dif_cor     0.0336 :   0.          12.36594199  29.07850261  20.60413054  -0.24935321  -15.51377248 -17.58899996
##   38 :lr 0.000928 :tot_ene    28.3862 :dif_ene     0.3142 :dif_cor     0.0324 :   0.          12.36417383  29.08048535  20.53234646  -0.48568574  -15.5161043  -17.58899996
##   39 :lr 0.000910 :tot_ene    28.0891 :dif_ene     0.3005 :dif_cor     0.0314 :   0.          12.3626616   29.08220909  20.46313046  -0.71170163  -15.51816074 -17.58899996
##   40 :lr 0.000891 :tot_ene    27.8040 :dif_ene     0.2881 :dif_cor     0.0304 :   0.          12.36138403  29.08369472  20.39632119  -0.92843471  -15.51998324 -17.58899996
##   41 :lr 0.000874 :tot_ene    27.5297 :dif_ene     0.2768 :dif_cor     0.0295 :   0.          12.36032193  29.08496125  20.33177305  -1.13671688  -15.52160445 -17.58899996
##   42 :lr 0.000856 :tot_ene    27.2656 :dif_ene     0.2663 :dif_cor     0.0286 :   0.          12.35945792  29.08602607  20.26935338  -1.3372313  -15.52305062 -17.58899996
##   43 :lr 0.000839 :tot_ene    27.0107 :dif_ene     0.2566 :dif_cor     0.0278 :   0.          12.35877619  29.08690508  20.20894074  -1.53054869  -15.52434328 -17.58899996
##   44 :lr 0.000822 :tot_ene    26.7646 :dif_ene     0.2475 :dif_cor     0.0270 :   0.          12.35826234  29.08761288  20.15042367  -1.71715312  -15.52550038 -17.58899996
##   45 :lr 0.000806 :tot_ene    26.5268 :dif_ene     0.2390 :dif_cor     0.0262 :   0.          12.35790326  29.08816287  20.09369967  -1.89746078  -15.52653714 -17.58899996
##   46 :lr 0.000790 :tot_ene    26.2966 :dif_ene     0.2309 :dif_cor     0.0255 :   0.          12.35768692  29.08856737  20.03867436  -2.07183396  -15.52746662 -17.58899996
##   47 :lr 0.000774 :tot_ene    26.0738 :dif_ene     0.2234 :dif_cor     0.0248 :   0.          12.35760231  29.08883773  19.98526074  -2.24059159  -15.52830015 -17.58899996
##   48 :lr 0.000758 :tot_ene    25.8579 :dif_ene     0.2162 :dif_cor     0.0241 :   0.          12.35763932  29.08898441  19.93337844  -2.40401729  -15.52904763 -17.58899996
##   49 :lr 0.000743 :tot_ene    25.6487 :dif_ene     0.2096 :dif_cor     0.0235 :   0.          12.35778865  29.08901707  19.88295319  -2.56236561  -15.5297178  -17.58899996
##   50 :lr 0.000728 :tot_ene    25.4457 :dif_ene     0.2035 :dif_cor     0.0229 :   0.          12.35804173  29.0889446   19.83391623  -2.71586692  -15.5303184  -17.58899996
##   51 :lr 0.000714 :tot_ene    25.2488 :dif_ene     0.1976 :dif_cor     0.0223 :   0.          12.35839064  29.08877526  19.7862038   -2.86473127  -15.53085634 -17.58899996
##   52 :lr 0.000699 :tot_ene    25.0576 :dif_ene     0.1920 :dif_cor     0.0217 :   0.          12.35882809  29.08851665  19.73975673  -3.00915145  -15.5313378  -17.58899996
##   53 :lr 0.000686 :tot_ene    24.8720 :dif_ene     0.1867 :dif_cor     0.0212 :   0.          12.35934732  29.08817583  19.69452001  -3.1493055  -15.53176833 -17.58899996
##   54 :lr 0.000672 :tot_ene    24.6916 :dif_ene     0.1815 :dif_cor     0.0206 :   0.          12.35994205  29.08775933  19.65044246  -3.28535869  -15.53215293 -17.58899996
##   55 :lr 0.000658 :tot_ene    24.5164 :dif_ene     0.1766 :dif_cor     0.0201 :   0.          12.36060648  29.08727321  19.60747635  -3.41746517  -15.53249613 -17.58899996
##   56 :lr 0.000645 :tot_ene    24.3461 :dif_ene     0.1718 :dif_cor     0.0196 :   0.          12.36133523  29.08672308  19.56557713  -3.54576936  -15.53280203 -17.58899996
##   57 :lr 0.000632 :tot_ene    24.1805 :dif_ene     0.1672 :dif_cor     0.0191 :   0.          12.36212327  29.08611416  19.5247032   -3.67040704  -15.53307432 -17.58899996
##   58 :lr 0.000620 :tot_ene    24.0194 :dif_ene     0.1627 :dif_cor     0.0187 :   0.          12.36296594  29.08545129  19.48481558  -3.79150633  -15.5333164  -17.58899996
##   59 :lr 0.000607 :tot_ene    23.8628 :dif_ene     0.1584 :dif_cor     0.0182 :   0.          12.36385889  29.08473898  19.44587778  -3.90918845  -15.53353132 -17.58899996
##   60 :lr 0.000595 :tot_ene    23.7103 :dif_ene     0.1543 :dif_cor     0.0178 :   0.          12.36479809  29.08398141  19.40785553  -4.02356843  -15.53372189 -17.58899996
##   61 :lr 0.000583 :tot_ene    23.5620 :dif_ene     0.1503 :dif_cor     0.0174 :   0.          12.36577973  29.08318248  19.37071664  -4.13475564  -15.53389065 -17.58899996
##   62 :lr 0.000572 :tot_ene    23.4177 :dif_ene     0.1464 :dif_cor     0.0170 :   0.          12.3668003   29.08234582  19.33443083  -4.24285437  -15.53403992 -17.58899996
##   63 :lr 0.000560 :tot_ene    23.2772 :dif_ene     0.1426 :dif_cor     0.0166 :   0.          12.36785649  29.0814748   19.29896954  -4.34796415  -15.53417183 -17.58899996
##   64 :lr 0.000549 :tot_ene    23.1404 :dif_ene     0.1390 :dif_cor     0.0162 :   0.          12.36894522  29.08057258  19.26430586  -4.4501802  -15.53428829 -17.58899996
##   65 :lr 0.000538 :tot_ene    23.0071 :dif_ene     0.1355 :dif_cor     0.0158 :   0.          12.37006359  29.07964209  19.23041436  -4.54959374  -15.53439108 -17.58899996
##   66 :lr 0.000527 :tot_ene    22.8774 :dif_ene     0.1320 :dif_cor     0.0155 :   0.          12.37120891  29.07868607  19.19727096  -4.64629224  -15.53448181 -17.58899996
##   67 :lr 0.000517 :tot_ene    22.7510 :dif_ene     0.1287 :dif_cor     0.0151 :   0.          12.37237862  29.07770708  19.16485289  -4.74035972  -15.53456193 -17.58899996
##   68 :lr 0.000506 :tot_ene    22.6279 :dif_ene     0.1255 :dif_cor     0.0148 :   0.          12.37357035  29.0767075   19.13313854  -4.83187692  -15.53463279 -17.58899996
##   69 :lr 0.000496 :tot_ene    22.5080 :dif_ene     0.1224 :dif_cor     0.0145 :   0.          12.37478187  29.07568956  19.10210738  -4.92092156  -15.5346956  -17.58899996
##   70 :lr 0.000486 :tot_ene    22.3911 :dif_ene     0.1193 :dif_cor     0.0142 :   0.          12.37601108  29.07465535  19.0717399   -5.00756847  -15.53475148 -17.58899996
##   71 :lr 0.000477 :tot_ene    22.2772 :dif_ene     0.1164 :dif_cor     0.0139 :   0.          12.377256    29.07360682  19.04201754  -5.09188976  -15.53480142 -17.58899996
##   72 :lr 0.000467 :tot_ene    22.1662 :dif_ene     0.1135 :dif_cor     0.0136 :   0.          12.37851479  29.07254577  19.0129226   -5.17395499  -15.53484634 -17.58899996
##   73 :lr 0.000458 :tot_ene    22.0580 :dif_ene     0.1107 :dif_cor     0.0133 :   0.          12.3797857   29.07147391  18.98443818  -5.25383127  -15.53488707 -17.58899996
##   74 :lr 0.000448 :tot_ene    21.9525 :dif_ene     0.1080 :dif_cor     0.0130 :   0.          12.3810671   29.07039283  18.95654815  -5.33158339  -15.53492437 -17.58899996
##   75 :lr 0.000440 :tot_ene    21.8497 :dif_ene     0.1054 :dif_cor     0.0127 :   0.          12.38235744  29.06930402  18.92923707  -5.40727395  -15.53495891 -17.58899996
##   76 :lr 0.000431 :tot_ene    21.7494 :dif_ene     0.1029 :dif_cor     0.0124 :   0.          12.38365528  29.06820887  18.90249018  -5.48096343  -15.5349913  -17.58899996
##   77 :lr 0.000422 :tot_ene    21.6516 :dif_ene     0.1004 :dif_cor     0.0122 :   0.          12.38495925  29.06710868  18.87629331  -5.5527103  -15.5350221  -17.58899996
##   78 :lr 0.000414 :tot_ene    21.5563 :dif_ene     0.0980 :dif_cor     0.0119 :   0.          12.38626806  29.06600466  18.85063285  -5.62257111  -15.53505179 -17.58899996
##   79 :lr 0.000405 :tot_ene    21.4633 :dif_ene     0.0956 :dif_cor     0.0117 :   0.          12.38758051  29.06489796  18.82549576  -5.69060055  -15.53508084 -17.58899996
##   80 :lr 0.000397 :tot_ene    21.3726 :dif_ene     0.0933 :dif_cor     0.0114 :   0.          12.38889546  29.06378963  18.80086947  -5.75685156  -15.53510961 -17.58899996
##   81 :lr 0.000389 :tot_ene    21.2841 :dif_ene     0.0911 :dif_cor     0.0112 :   0.          12.39021184  29.06268067  18.7767419   -5.82137536  -15.53513848 -17.58899996
##   82 :lr 0.000382 :tot_ene    21.1978 :dif_ene     0.0889 :dif_cor     0.0109 :   0.          12.39152863  29.06157201  18.7531014   -5.88422155  -15.53516775 -17.58899996
##   83 :lr 0.000374 :tot_ene    21.1136 :dif_ene     0.0868 :dif_cor     0.0107 :   0.          12.39284488  29.06046453  18.72993674  -5.94543815  -15.53519769 -17.58899996
##   84 :lr 0.000366 :tot_ene    21.0315 :dif_ene     0.0848 :dif_cor     0.0105 :   0.          12.39415971  29.05935902  18.70723707  -6.00507167  -15.53522855 -17.58899996
##   85 :lr 0.000359 :tot_ene    20.9513 :dif_ene     0.0828 :dif_cor     0.0103 :   0.          12.39547228  29.05825625  18.68499191  -6.06316715  -15.53526052 -17.58899996
##   86 :lr 0.000352 :tot_ene    20.8731 :dif_ene     0.0808 :dif_cor     0.0101 :   0.          12.39678178  29.05715693  18.66319115  -6.11976824  -15.5352938  -17.58899996
##   87 :lr 0.000345 :tot_ene    20.7967 :dif_ene     0.0790 :dif_cor     0.0099 :   0.          12.39808748  29.05606171  18.64182496  -6.17491723  -15.53532854 -17.58899996
##   88 :lr 0.000338 :tot_ene    20.7222 :dif_ene     0.0771 :dif_cor     0.0097 :   0.          12.39938868  29.05497122  18.62088387  -6.2286551  -15.53536485 -17.58899996
##   89 :lr 0.000331 :tot_ene    20.6495 :dif_ene     0.0753 :dif_cor     0.0095 :   0.          12.40068472  29.05388601  18.60035866  -6.28102155  -15.53540286 -17.58899996
##   90 :lr 0.000325 :tot_ene    20.5785 :dif_ene     0.0736 :dif_cor     0.0093 :   0.          12.40197499  29.05280663  18.58024041  -6.33205509  -15.53544265 -17.58899996
##   91 :lr 0.000318 :tot_ene    20.5092 :dif_ene     0.0719 :dif_cor     0.0091 :   0.          12.40325891  29.05173357  18.56052045  -6.38179303  -15.53548428 -17.58899996
##   92 :lr 0.000312 :tot_ene    20.4416 :dif_ene     0.0702 :dif_cor     0.0089 :   0.          12.40453593  29.05066729  18.54119038  -6.43027154  -15.53552782 -17.58899996
##   93 :lr 0.000306 :tot_ene    20.3756 :dif_ene     0.0686 :dif_cor     0.0088 :   0.          12.40580556  29.04960822  18.522242    -6.4775257  -15.53557329 -17.58899996
##   94 :lr 0.000299 :tot_ene    20.3111 :dif_ene     0.0670 :dif_cor     0.0086 :   0.          12.40706731  29.04855675  18.50366737  -6.52358953  -15.53562072 -17.58899996
##   95 :lr 0.000293 :tot_ene    20.2481 :dif_ene     0.0655 :dif_cor     0.0084 :   0.          12.40832074  29.04751324  18.48545874  -6.568496  -15.53567012 -17.58899996
##   96 :lr 0.000288 :tot_ene    20.1867 :dif_ene     0.0640 :dif_cor     0.0082 :   0.          12.40956545  29.04647804  18.46760859  -6.6122771  -15.53572149 -17.58899996
##   97 :lr 0.000282 :tot_ene    20.1266 :dif_ene     0.0625 :dif_cor     0.0081 :   0.          12.41080103  29.04545145  18.45010957  -6.65496384  -15.53577483 -17.58899996
##   98 :lr 0.000276 :tot_ene    20.0680 :dif_ene     0.0611 :dif_cor     0.0079 :   0.          12.41202715  29.04443375  18.43295454  -6.69658633  -15.53583011 -17.58899996
##   99 :lr 0.000271 :tot_ene    20.0107 :dif_ene     0.0597 :dif_cor     0.0078 :   0.          12.41324346  29.04342522  18.41613652  -6.73717374  -15.5358873  -17.58899996
##  100 :lr 0.000265 :tot_ene    19.9548 :dif_ene     0.0583 :dif_cor     0.0076 :   0.          12.41444965  29.04242609  18.39964871  -6.77675438  -15.53594637 -17.58899996
##  101 :lr 0.000260 :tot_ene    19.9002 :dif_ene     0.0570 :dif_cor     0.0075 :   0.          12.41564545  29.04143657  18.38348447  -6.81535574  -15.53600729 -17.58899996
##  102 :lr 0.000255 :tot_ene    19.8469 :dif_ene     0.0557 :dif_cor     0.0073 :   0.          12.41683058  29.04045687  18.36763733  -6.85300445  -15.53607001 -17.58899996
##  103 :lr 0.000250 :tot_ene    19.7947 :dif_ene     0.0545 :dif_cor     0.0072 :   0.          12.4180048   29.03948716  18.35210095  -6.88972637  -15.53613447 -17.58899996
##  104 :lr 0.000245 :tot_ene    19.7438 :dif_ene     0.0532 :dif_cor     0.0071 :   0.          12.4191679   29.0385276   18.33686916  -6.92554659  -15.53620061 -17.58899996
##  105 :lr 0.000240 :tot_ene    19.6941 :dif_ene     0.0520 :dif_cor     0.0069 :   0.          12.42031966  29.03757834  18.32193592  -6.96048947  -15.5362684  -17.58899996
##  106 :lr 0.000235 :tot_ene    19.6455 :dif_ene     0.0509 :dif_cor     0.0068 :   0.          12.42145992  29.0366395   18.30729533  -6.99457863  -15.53633775 -17.58899996
##  107 :lr 0.000230 :tot_ene    19.5980 :dif_ene     0.0497 :dif_cor     0.0067 :   0.          12.42258849  29.03571121  18.2929416   -7.027837  -15.53640862 -17.58899996
##  108 :lr 0.000226 :tot_ene    19.5516 :dif_ene     0.0486 :dif_cor     0.0065 :   0.          12.42370522  29.03479354  18.27886911  -7.06028683  -15.53648092 -17.58899996
##  109 :lr 0.000221 :tot_ene    19.5063 :dif_ene     0.0475 :dif_cor     0.0064 :   0.          12.42480999  29.0338866   18.26507231  -7.09194974  -15.5365546  -17.58899996
##  110 :lr 0.000217 :tot_ene    19.4620 :dif_ene     0.0465 :dif_cor     0.0063 :   0.          12.42590268  29.03299045  18.25154582  -7.1228467  -15.53662959 -17.58899996
##  111 :lr 0.000212 :tot_ene    19.4187 :dif_ene     0.0455 :dif_cor     0.0062 :   0.          12.42698316  29.03210514  18.23828433  -7.15299805  -15.53670581 -17.58899996
##  112 :lr 0.000208 :tot_ene    19.3764 :dif_ene     0.0444 :dif_cor     0.0060 :   0.          12.42805137  29.03123074  18.22528267  -7.18242357  -15.53678321 -17.58899996
##  113 :lr 0.000204 :tot_ene    19.3350 :dif_ene     0.0435 :dif_cor     0.0059 :   0.          12.4291072   29.03036727  18.21253577  -7.21114245  -15.53686169 -17.58899996
##  114 :lr 0.000200 :tot_ene    19.2946 :dif_ene     0.0425 :dif_cor     0.0058 :   0.          12.43015061  29.02951476  18.20003867  -7.23917331  -15.53694121 -17.58899996
##  115 :lr 0.000196 :tot_ene    19.2551 :dif_ene     0.0416 :dif_cor     0.0057 :   0.          12.43118153  29.02867323  18.18778649  -7.26653424  -15.53702168 -17.58899996
##  116 :lr 0.000192 :tot_ene    19.2165 :dif_ene     0.0407 :dif_cor     0.0056 :   0.          12.43219992  29.02784269  18.17577449  -7.29324283  -15.53710303 -17.58899996
##  117 :lr 0.000188 :tot_ene    19.1787 :dif_ene     0.0398 :dif_cor     0.0055 :   0.          12.43320575  29.02702313  18.16399798  -7.31931612  -15.53718521 -17.58899996
##  118 :lr 0.000184 :tot_ene    19.1418 :dif_ene     0.0389 :dif_cor     0.0054 :   0.          12.434199    29.02621455  18.1524524   -7.34477069  -15.53726813 -17.58899996
##  119 :lr 0.000181 :tot_ene    19.1058 :dif_ene     0.0380 :dif_cor     0.0053 :   0.          12.43517964  29.02541693  18.14113326  -7.36962263  -15.53735173 -17.58899996
##  120 :lr 0.000177 :tot_ene    19.0705 :dif_ene     0.0372 :dif_cor     0.0052 :   0.          12.43614768  29.02463025  18.13003617  -7.39388757  -15.53743595 -17.58899996
##  121 :lr 0.000174 :tot_ene    19.0360 :dif_ene     0.0364 :dif_cor     0.0051 :   0.          12.43710313  29.02385448  18.11915682  -7.41758071  -15.53752072 -17.58899996
##  122 :lr 0.000170 :tot_ene    19.0023 :dif_ene     0.0356 :dif_cor     0.0050 :   0.          12.43804598  29.02308957  18.108491    -7.4407168  -15.53760597 -17.58899996
##  123 :lr 0.000167 :tot_ene    18.9693 :dif_ene     0.0348 :dif_cor     0.0049 :   0.          12.43897627  29.02233549  18.09803456  -7.46331016  -15.53769165 -17.58899996
##  124 :lr 0.000163 :tot_ene    18.9371 :dif_ene     0.0341 :dif_cor     0.0048 :   0.          12.43989403  29.02159219  18.08778345  -7.48537474  -15.53777769 -17.58899996
##  125 :lr 0.000160 :tot_ene    27.7824 :dif_ene     8.9101 :dif_cor     0.5949 :   0.          21.31760198  29.02085962  18.07773369  -7.50692405  -15.53786403 -17.58899996
##  126 :lr 0.000157 :tot_ene    27.5820 :dif_ene     0.2004 :dif_cor     0.0032 :   0.          21.12549813  29.02066947  18.07519332  -7.51250124  -15.53788172 -17.58899996
##  127 :lr 0.000154 :tot_ene    27.3893 :dif_ene     0.1926 :dif_cor     0.0032 :   0.          20.94130423  29.02047676  18.07261721  -7.51814925  -15.53789988 -17.58899996
##  128 :lr 0.000151 :tot_ene    27.2063 :dif_ene     0.1831 :dif_cor     0.0031 :   0.          20.76666162  29.02028373  18.07003515  -7.52380258  -15.53791829 -17.58899996
##  129 :lr 0.000148 :tot_ene    27.0328 :dif_ene     0.1735 :dif_cor     0.0031 :   0.          20.60159932  29.02009117  18.06745805  -7.5294374  -15.53793687 -17.58899996
##  130 :lr 0.000145 :tot_ene    26.8682 :dif_ene     0.1645 :dif_cor     0.0030 :   0.          20.4454561   29.01989914  18.06488686  -7.53505175  -15.53795563 -17.58899996
##  131 :lr 0.000142 :tot_ene    26.7120 :dif_ene     0.1562 :dif_cor     0.0030 :   0.          20.29761802  29.01970771  18.06232252  -7.5406437  -15.53797454 -17.58899996
##  132 :lr 0.000139 :tot_ene    26.5636 :dif_ene     0.1484 :dif_cor     0.0029 :   0.          20.15751557  29.01951693  18.05976592  -7.54621138  -15.5379936  -17.58899996
##  133 :lr 0.000136 :tot_ene    26.4224 :dif_ene     0.1412 :dif_cor     0.0029 :   0.          20.02462087  29.01932687  18.05721796  -7.55175299  -15.5380128  -17.58899996
##  134 :lr 0.000133 :tot_ene    26.2880 :dif_ene     0.1344 :dif_cor     0.0028 :   0.          19.89844502  29.01913758  18.05467948  -7.55726678  -15.53803213 -17.58899996
##  135 :lr 0.000131 :tot_ene    26.1598 :dif_ene     0.1281 :dif_cor     0.0028 :   0.          19.77853551  29.01894912  18.05215132  -7.56275108  -15.53805158 -17.58899996
##  136 :lr 0.000128 :tot_ene    26.0376 :dif_ene     0.1222 :dif_cor     0.0027 :   0.          19.66447371  29.01876153  18.04963429  -7.56820426  -15.53807114 -17.58899996
##  137 :lr 0.000126 :tot_ene    25.9209 :dif_ene     0.1167 :dif_cor     0.0027 :   0.          19.55587255  29.01857488  18.04712916  -7.57362477  -15.5380908  -17.58899996
##  138 :lr 0.000123 :tot_ene    25.8093 :dif_ene     0.1116 :dif_cor     0.0026 :   0.          19.45237421  29.01838921  18.04463668  -7.57901112  -15.53811056 -17.58899996
##  139 :lr 0.000121 :tot_ene    25.7025 :dif_ene     0.1068 :dif_cor     0.0026 :   0.          19.35364801  29.01820458  18.04215757  -7.58436188  -15.53813039 -17.58899996
##  140 :lr 0.000118 :tot_ene    25.6003 :dif_ene     0.1022 :dif_cor     0.0026 :   0.          19.25938841  29.01802102  18.03969254  -7.58967571  -15.5381503  -17.58899996
##  141 :lr 0.000116 :tot_ene    25.5023 :dif_ene     0.0980 :dif_cor     0.0025 :   0.          19.16931307  29.01783858  18.03724223  -7.59495131  -15.53817027 -17.58899996
##  142 :lr 0.000114 :tot_ene    25.4082 :dif_ene     0.0940 :dif_cor     0.0025 :   0.          19.08316112  29.01765731  18.03480729  -7.60018745  -15.5381903  -17.58899996
##  143 :lr 0.000111 :tot_ene    25.3180 :dif_ene     0.0903 :dif_cor     0.0025 :   0.          19.00069145  29.01747725  18.03238833  -7.60538297  -15.53821037 -17.58899996
##  144 :lr 0.000109 :tot_ene    25.2312 :dif_ene     0.0868 :dif_cor     0.0025 :   0.          18.92168119  29.01729844  18.02998593  -7.61053677  -15.53823048 -17.58899996
##  145 :lr 0.000107 :tot_ene    25.1477 :dif_ene     0.0835 :dif_cor     0.0024 :   0.          18.84592424  29.01712091  18.02760063  -7.61564782  -15.53825061 -17.58899996
##  146 :lr 0.000105 :tot_ene    25.0674 :dif_ene     0.0803 :dif_cor     0.0024 :   0.          18.77322995  29.01694471  18.02523297  -7.62071515  -15.53827077 -17.58899996
##  147 :lr 0.000103 :tot_ene    24.9900 :dif_ene     0.0774 :dif_cor     0.0024 :   0.          18.70342184  29.01676986  18.02288343  -7.62573785  -15.53829094 -17.58899996
##  148 :lr 0.000101 :tot_ene    24.9155 :dif_ene     0.0746 :dif_cor     0.0023 :   0.          18.6363365   29.01659639  18.0205525   -7.63071508  -15.53831111 -17.58899996
##  149 :lr 0.000099 :tot_ene    24.8435 :dif_ene     0.0719 :dif_cor     0.0023 :   0.          18.57182249  29.01642435  18.01824061  -7.63564603  -15.53833128 -17.58899996
##  150 :lr 0.000097 :tot_ene    24.7741 :dif_ene     0.0695 :dif_cor     0.0023 :   0.          18.50973937  29.01625375  18.01594817  -7.64052999  -15.53835143 -17.58899996
##  151 :lr 0.000095 :tot_ene    24.7070 :dif_ene     0.0671 :dif_cor     0.0023 :   0.          18.44995682  29.01608463  18.01367558  -7.64536627  -15.53837157 -17.58899996
##  152 :lr 0.000093 :tot_ene    24.6421 :dif_ene     0.0648 :dif_cor     0.0022 :   0.          18.39235377  29.015917    18.0114232   -7.65015426  -15.53839168 -17.58899996
##  153 :lr 0.000091 :tot_ene    24.5795 :dif_ene     0.0627 :dif_cor     0.0022 :   0.          18.33681768  29.0157509   18.00919137  -7.65489339  -15.53841175 -17.58899996
##  154 :lr 0.000089 :tot_ene    24.5188 :dif_ene     0.0607 :dif_cor     0.0022 :   0.          18.28324383  29.01558634  18.00698041  -7.65958315  -15.53843178 -17.58899996
##  155 :lr 0.000087 :tot_ene    24.4601 :dif_ene     0.0587 :dif_cor     0.0022 :   0.          18.23153468  29.01542335  18.0047906   -7.66422307  -15.53845176 -17.58899996
##  156 :lr 0.000086 :tot_ene    24.4032 :dif_ene     0.0569 :dif_cor     0.0021 :   0.          18.18159928  29.01526194  18.00262223  -7.66881274  -15.53847169 -17.58899996
##  157 :lr 0.000084 :tot_ene    24.3481 :dif_ene     0.0551 :dif_cor     0.0021 :   0.          18.13335273  29.01510213  18.00047552  -7.67335179  -15.53849155 -17.58899996
##  158 :lr 0.000082 :tot_ene    24.2947 :dif_ene     0.0534 :dif_cor     0.0021 :   0.          18.08671573  29.01494393  17.99835072  -7.67783991  -15.53851135 -17.58899996
##  159 :lr 0.000081 :tot_ene    24.2428 :dif_ene     0.0518 :dif_cor     0.0020 :   0.          18.04161408  29.01478737  17.99624802  -7.68227681  -15.53853107 -17.58899996
##  160 :lr 0.000079 :tot_ene    24.1926 :dif_ene     0.0503 :dif_cor     0.0020 :   0.          17.99797831  29.01463245  17.9941676   -7.68666226  -15.53855072 -17.58899996
##  161 :lr 0.000077 :tot_ene    24.1438 :dif_ene     0.0488 :dif_cor     0.0020 :   0.          17.9557433   29.01447918  17.99210963  -7.69099607  -15.53857027 -17.58899996
##  162 :lr 0.000076 :tot_ene    24.0964 :dif_ene     0.0474 :dif_cor     0.0020 :   0.          17.91484791  29.01432757  17.99007425  -7.69527809  -15.53858973 -17.58899996
##  163 :lr 0.000074 :tot_ene    24.0504 :dif_ene     0.0460 :dif_cor     0.0019 :   0.          17.87523472  29.01417764  17.98806159  -7.6995082  -15.5386091  -17.58899996
##  164 :lr 0.000073 :tot_ene    24.0056 :dif_ene     0.0447 :dif_cor     0.0019 :   0.          17.83684971  29.01402939  17.98607175  -7.70368632  -15.53862837 -17.58899996
##  165 :lr 0.000071 :tot_ene    23.9622 :dif_ene     0.0435 :dif_cor     0.0019 :   0.          17.79964201  29.01388283  17.98410483  -7.70781241  -15.53864752 -17.58899996
##  166 :lr 0.000070 :tot_ene    23.9199 :dif_ene     0.0423 :dif_cor     0.0019 :   0.          17.76356366  29.01373795  17.9821609   -7.71188645  -15.53866657 -17.58899996
##  167 :lr 0.000069 :tot_ene    23.8788 :dif_ene     0.0411 :dif_cor     0.0018 :   0.          17.7285694   29.01359478  17.98024001  -7.71590848  -15.5386855  -17.58899996
##  168 :lr 0.000067 :tot_ene    23.8388 :dif_ene     0.0400 :dif_cor     0.0018 :   0.          17.69461647  29.0134533   17.9783422   -7.71987854  -15.53870431 -17.58899996
##  169 :lr 0.000066 :tot_ene    23.7999 :dif_ene     0.0389 :dif_cor     0.0018 :   0.          17.66166443  29.01331352  17.97646751  -7.72379671  -15.53872299 -17.58899996
##  170 :lr 0.000064 :tot_ene    23.7621 :dif_ene     0.0379 :dif_cor     0.0017 :   0.          17.629675    29.01317545  17.97461594  -7.7276631  -15.53874155 -17.58899996
##  171 :lr 0.000063 :tot_ene    23.7252 :dif_ene     0.0369 :dif_cor     0.0017 :   0.          17.59861189  29.01303907  17.9727875   -7.73147785  -15.53875997 -17.58899996
##  172 :lr 0.000062 :tot_ene    23.6893 :dif_ene     0.0359 :dif_cor     0.0017 :   0.          17.56844067  29.0129044   17.97098216  -7.73524113  -15.53877826 -17.58899996
##  173 :lr 0.000061 :tot_ene    23.6544 :dif_ene     0.0350 :dif_cor     0.0017 :   0.          17.53912866  29.01277143  17.96919991  -7.73895311  -15.53879641 -17.58899996
##  174 :lr 0.000059 :tot_ene    23.6203 :dif_ene     0.0341 :dif_cor     0.0016 :   0.          17.51064481  29.01264015  17.96744071  -7.742614  -15.53881441 -17.58899996
##  175 :lr 0.000058 :tot_ene    23.5871 :dif_ene     0.0332 :dif_cor     0.0016 :   0.          17.48295954  29.01251057  17.96570449  -7.74622404  -15.53883227 -17.58899996
##  176 :lr 0.000057 :tot_ene    23.5548 :dif_ene     0.0323 :dif_cor     0.0016 :   0.          17.45604474  29.01238267  17.96399121  -7.74978348  -15.53884998 -17.58899996
##  177 :lr 0.000056 :tot_ene    23.5233 :dif_ene     0.0315 :dif_cor     0.0016 :   0.          17.42987357  29.01225646  17.96230079  -7.75329258  -15.53886754 -17.58899996
##  178 :lr 0.000055 :tot_ene    23.4925 :dif_ene     0.0307 :dif_cor     0.0015 :   0.          17.40442047  29.01213193  17.96063314  -7.75675163  -15.53888494 -17.58899996
##  179 :lr 0.000054 :tot_ene    23.4626 :dif_ene     0.0300 :dif_cor     0.0015 :   0.          17.37966103  29.01200906  17.95898818  -7.76016094  -15.53890219 -17.58899996
##  180 :lr 0.000053 :tot_ene    23.4334 :dif_ene     0.0292 :dif_cor     0.0015 :   0.          17.35557193  29.01188786  17.9573658   -7.76352083  -15.53891928 -17.58899996
##  181 :lr 0.000052 :tot_ene    23.4049 :dif_ene     0.0285 :dif_cor     0.0015 :   0.          17.33213088  29.01176832  17.9557659   -7.76683165  -15.53893621 -17.58899996
##  182 :lr 0.000051 :tot_ene    23.3771 :dif_ene     0.0278 :dif_cor     0.0014 :   0.          17.30931656  29.01165043  17.95418836  -7.77009373  -15.53895297 -17.58899996
##  183 :lr 0.000050 :tot_ene    23.3500 :dif_ene     0.0271 :dif_cor     0.0014 :   0.          17.28710855  29.01153417  17.95263305  -7.77330745  -15.53896957 -17.58899996
##  184 :lr 0.000049 :tot_ene    23.3235 :dif_ene     0.0265 :dif_cor     0.0014 :   0.          17.26548732  29.01141955  17.95109985  -7.77647318  -15.53898601 -17.58899996
##  185 :lr 0.000048 :tot_ene    23.2977 :dif_ene     0.0258 :dif_cor     0.0014 :   0.          17.24443412  29.01130655  17.9495886   -7.77959131  -15.53900228 -17.58899996
##  186 :lr 0.000047 :tot_ene    23.2725 :dif_ene     0.0252 :dif_cor     0.0014 :   0.          17.22393097  29.01119515  17.94809917  -7.78266225  -15.53901838 -17.58899996
##  187 :lr 0.000046 :tot_ene    23.2480 :dif_ene     0.0246 :dif_cor     0.0013 :   0.          17.20396064  29.01108536  17.9466314   -7.78568641  -15.53903431 -17.58899996
##  188 :lr 0.000045 :tot_ene    23.2240 :dif_ene     0.0240 :dif_cor     0.0013 :   0.          17.18450656  29.01097715  17.94518514  -7.7886642  -15.53905007 -17.58899996
##  189 :lr 0.000044 :tot_ene    23.2005 :dif_ene     0.0234 :dif_cor     0.0013 :   0.          17.16555283  29.01087052  17.94376022  -7.79159605  -15.53906565 -17.58899996
##  190 :lr 0.000043 :tot_ene    23.1776 :dif_ene     0.0229 :dif_cor     0.0013 :   0.          17.14708415  29.01076546  17.94235647  -7.79448241  -15.53908107 -17.58899996
##  191 :lr 0.000042 :tot_ene    23.1553 :dif_ene     0.0223 :dif_cor     0.0012 :   0.          17.12908583  29.01066194  17.94097373  -7.79732371  -15.53909631 -17.58899996
##  192 :lr 0.000041 :tot_ene    23.1335 :dif_ene     0.0218 :dif_cor     0.0012 :   0.          17.11154372  29.01055997  17.9396118   -7.80012041  -15.53911137 -17.58899996
##  193 :lr 0.000041 :tot_ene    23.1122 :dif_ene     0.0213 :dif_cor     0.0012 :   0.          17.09444421  29.01045952  17.93827052  -7.80287296  -15.53912626 -17.58899996
##  194 :lr 0.000040 :tot_ene    23.0914 :dif_ene     0.0208 :dif_cor     0.0012 :   0.          17.07777417  29.01036059  17.93694969  -7.80558183  -15.53914098 -17.58899996
##  195 :lr 0.000039 :tot_ene    23.0710 :dif_ene     0.0203 :dif_cor     0.0012 :   0.          17.06152099  29.01026315  17.93564912  -7.80824748  -15.53915552 -17.58899996
##  196 :lr 0.000038 :tot_ene    23.0512 :dif_ene     0.0199 :dif_cor     0.0011 :   0.          17.04567249  29.0101672   17.93436863  -7.8108704  -15.53916988 -17.58899996
##  197 :lr 0.000037 :tot_ene    23.0318 :dif_ene     0.0194 :dif_cor     0.0011 :   0.          17.03021694  29.01007273  17.93310802  -7.81345104  -15.53918407 -17.58899996
##  198 :lr 0.000037 :tot_ene    36.4511 :dif_ene    13.8687 :dif_cor     1.0859 :   0.          17.01514302  29.00997971  23.2659174    0.49775223  -15.74865939 -17.58899996
##  199 :lr 0.000036 :tot_ene    36.3429 :dif_ene     0.1082 :dif_cor     0.0019 :   0.          17.00699848  29.00994633  23.23431381   0.42978601  -15.74915125 -17.58899996
##  200 :lr 0.000035 :tot_ene    36.2380 :dif_ene     0.1049 :dif_cor     0.0019 :   0.          16.99895314  29.00991321  23.20367778   0.36403918  -15.74963173 -17.58899996
##  201 :lr 0.000034 :tot_ene    36.1362 :dif_ene     0.1018 :dif_cor     0.0018 :   0.          16.99100656  29.00988034  23.17397579   0.30042843  -15.75010111 -17.58899996
##  202 :lr 0.000034 :tot_ene    36.0375 :dif_ene     0.0987 :dif_cor     0.0018 :   0.          16.9831583   29.00984773  23.14517556   0.23887388  -15.75055966 -17.58899996
##  203 :lr 0.000033 :tot_ene    35.9418 :dif_ene     0.0957 :dif_cor     0.0018 :   0.          16.9754079   29.00981538  23.11724599   0.17929896  -15.75100763 -17.58899996
##  204 :lr 0.000032 :tot_ene    35.8489 :dif_ene     0.0929 :dif_cor     0.0017 :   0.          16.96775488  29.0097833   23.09015718   0.12163027  -15.7514453  -17.58899996
##  205 :lr 0.000032 :tot_ene    35.7588 :dif_ene     0.0901 :dif_cor     0.0017 :   0.          16.96019874  29.00975148  23.0638803    0.0657974  -15.75187289 -17.58899996
##  206 :lr 0.000031 :tot_ene    35.6713 :dif_ene     0.0875 :dif_cor     0.0017 :  0.00000000e+00  1.69527390e+01  2.90097199e+01  2.30383876e+01   1.17328367e-02 -1.57522907e+01 -1.75890000e+01
##  207 :lr 0.000031 :tot_ene    35.5864 :dif_ene     0.0849 :dif_cor     0.0017 :   0.          16.94537503  29.00968864  23.01365241  -0.04062817  -15.75269888 -17.58899996
##  208 :lr 0.000030 :tot_ene    35.5040 :dif_ene     0.0824 :dif_cor     0.0016 :   0.          16.93810638  29.00965762  22.98964896  -0.09134775  -15.75309774 -17.58899996
##  209 :lr 0.000029 :tot_ene    35.4239 :dif_ene     0.0800 :dif_cor     0.0016 :   0.          16.93093246  29.00962688  22.9663525   -0.14048549  -15.75348747 -17.58899996
##  210 :lr 0.000029 :tot_ene    35.3462 :dif_ene     0.0777 :dif_cor     0.0016 :   0.          16.92385269  29.00959641  22.94373917  -0.18809858  -15.75386832 -17.58899996
##  211 :lr 0.000028 :tot_ene    35.2707 :dif_ene     0.0755 :dif_cor     0.0016 :   0.          16.91686647  29.00956622  22.92178601  -0.2342419  -15.75424049 -17.58899996
##  212 :lr 0.000028 :tot_ene    35.1974 :dif_ene     0.0733 :dif_cor     0.0015 :   0.          16.90997321  29.0095363   22.90047087  -0.27896812  -15.75460419 -17.58899996
##  213 :lr 0.000027 :tot_ene    35.1262 :dif_ene     0.0712 :dif_cor     0.0015 :   0.          16.90317228  29.00950666  22.87977246  -0.32232779  -15.75495962 -17.58899996
##  214 :lr 0.000027 :tot_ene    35.0569 :dif_ene     0.0692 :dif_cor     0.0015 :   0.          16.89646305  29.0094773   22.85967026  -0.36436947  -15.755307   -17.58899996
##  215 :lr 0.000026 :tot_ene    34.9897 :dif_ene     0.0673 :dif_cor     0.0015 :   0.          16.88984487  29.00944822  22.84014448  -0.40513974  -15.75564652 -17.58899996
##  216 :lr 0.000025 :tot_ene    34.9243 :dif_ene     0.0654 :dif_cor     0.0014 :   0.          16.88331709  29.00941942  22.82117609  -0.44468337  -15.75597837 -17.58899996
##  217 :lr 0.000025 :tot_ene    34.8607 :dif_ene     0.0636 :dif_cor     0.0014 :   0.          16.87687905  29.0093909   22.80274674  -0.48304335  -15.75630273 -17.58899996
##  218 :lr 0.000024 :tot_ene    34.7989 :dif_ene     0.0618 :dif_cor     0.0014 :   0.          16.87052985  29.00936267  22.78483816  -0.52026084  -15.75661979 -17.58899996
##  219 :lr 0.000024 :tot_ene    34.7387 :dif_ene     0.0601 :dif_cor     0.0014 :   0.          16.86426901  29.00933472  22.76743393  -0.55637561  -15.75692973 -17.58899996
##  220 :lr 0.000023 :tot_ene    34.6803 :dif_ene     0.0585 :dif_cor     0.0013 :   0.          16.85809584  29.00930705  22.75051763  -0.59142577  -15.75723272 -17.58899996
##  221 :lr 0.000023 :tot_ene    34.6234 :dif_ene     0.0569 :dif_cor     0.0013 :   0.          16.85200964  29.00927966  22.73407346  -0.62544793  -15.75752892 -17.58899996
##  222 :lr 0.000023 :tot_ene    34.5681 :dif_ene     0.0553 :dif_cor     0.0013 :   0.          16.84600967  29.00925257  22.71808616  -0.65847728  -15.7578185  -17.58899996
##  223 :lr 0.000022 :tot_ene    34.5142 :dif_ene     0.0538 :dif_cor     0.0013 :   0.          16.84009521  29.00922575  22.70254106  -0.69054766  -15.75810161 -17.58899996
##  224 :lr 0.000022 :tot_ene    34.4618 :dif_ene     0.0524 :dif_cor     0.0013 :   0.          16.83426554  29.00919922  22.68742398  -0.72169157  -15.75837842 -17.58899996
##  225 :lr 0.000021 :tot_ene    34.4108 :dif_ene     0.0510 :dif_cor     0.0012 :   0.          16.82851991  29.00917298  22.67272128  -0.75194029  -15.75864907 -17.58899996
##  226 :lr 0.000021 :tot_ene    34.3612 :dif_ene     0.0496 :dif_cor     0.0012 :   0.          16.82285757  29.00914703  22.65841981  -0.78132387  -15.75891372 -17.58899996
##  227 :lr 0.000020 :tot_ene    34.3129 :dif_ene     0.0483 :dif_cor     0.0012 :   0.          16.81727776  29.00912136  22.64450687  -0.80987124  -15.7591725  -17.58899996
##  228 :lr 0.000020 :tot_ene    34.2658 :dif_ene     0.0471 :dif_cor     0.0012 :   0.          16.81177973  29.00909597  22.63097023  -0.83761019  -15.75942556 -17.58899996
##  229 :lr 0.000020 :tot_ene    34.2200 :dif_ene     0.0458 :dif_cor     0.0012 :   0.          16.8063627   29.00907088  22.6177981   -0.8645675  -15.75967303 -17.58899996
##  230 :lr 0.000019 :tot_ene    34.1754 :dif_ene     0.0446 :dif_cor     0.0011 :   0.          16.80102591  29.00904606  22.6049791   -0.89076889  -15.75991504 -17.58899996
##  231 :lr 0.000019 :tot_ene    34.1319 :dif_ene     0.0435 :dif_cor     0.0011 :   0.          16.79576856  29.00902154  22.59250225  -0.91623915  -15.76015173 -17.58899996
##  232 :lr 0.000018 :tot_ene    34.0896 :dif_ene     0.0423 :dif_cor     0.0011 :   0.          16.7905899   29.00899729  22.58035697  -0.94100211  -15.76038323 -17.58899996
##  233 :lr 0.000018 :tot_ene    34.0483 :dif_ene     0.0413 :dif_cor     0.0011 :   0.          16.78548911  29.00897334  22.56853305  -0.96508073  -15.76060964 -17.58899996
##  234 :lr 0.000018 :tot_ene    34.0081 :dif_ene     0.0402 :dif_cor     0.0011 :   0.          16.78046542  29.00894966  22.55702064  -0.98849709  -15.76083111 -17.58899996
##  235 :lr 0.000017 :tot_ene    33.9689 :dif_ene     0.0392 :dif_cor     0.0010 :   0.          16.77551803  29.00892627  22.54581022  -1.01127248  -15.76104773 -17.58899996
##  236 :lr 0.000017 :tot_ene    33.9308 :dif_ene     0.0382 :dif_cor     0.0010 :   0.          16.77064615  29.00890316  22.53489263  -1.03342739  -15.76125963 -17.58899996
##  237 :lr 0.000017 :tot_ene    33.8935 :dif_ene     0.0372 :dif_cor     0.0010 :   0.          16.76584896  29.00888033  22.524259    -1.05498153  -15.76146691 -17.58899996
##  238 :lr 0.000016 :tot_ene    33.8573 :dif_ene     0.0363 :dif_cor     0.0010 :   0.          16.76112568  29.00885779  22.51390079  -1.07595394  -15.76166968 -17.58899996
##  239 :lr 0.000016 :tot_ene    33.8219 :dif_ene     0.0354 :dif_cor     0.0010 :   0.          16.75647549  29.00883552  22.50380975  -1.09636291  -15.76186806 -17.58899996
##  240 :lr 0.000016 :tot_ene    33.7874 :dif_ene     0.0345 :dif_cor     0.0010 :   0.          16.7518976   29.00881353  22.4939779   -1.1162261  -15.76206214 -17.58899996
##  241 :lr 0.000015 :tot_ene    33.7538 :dif_ene     0.0336 :dif_cor     0.0009 :   0.          16.74739119  29.00879182  22.48439755  -1.13556052  -15.76225201 -17.58899996
##  242 :lr 0.000015 :tot_ene    33.7210 :dif_ene     0.0328 :dif_cor     0.0009 :   0.          16.74295546  29.00877039  22.47506128  -1.15438256  -15.76243779 -17.58899996
##  243 :lr 0.000015 :tot_ene    33.6890 :dif_ene     0.0320 :dif_cor     0.0009 :   0.          16.73858959  29.00874923  22.4659619   -1.17270804  -15.76261956 -17.58899996
##  244 :lr 0.000014 :tot_ene    33.6578 :dif_ene     0.0312 :dif_cor     0.0009 :   0.          16.73429279  29.00872834  22.45709247  -1.19055219  -15.76279741 -17.58899996
##  245 :lr 0.000014 :tot_ene    33.6273 :dif_ene     0.0304 :dif_cor     0.0009 :   0.          16.73006424  29.00870773  22.44844631  -1.20792971  -15.76297144 -17.58899996
##  246 :lr 0.000014 :tot_ene    33.5976 :dif_ene     0.0297 :dif_cor     0.0009 :   0.          16.72590314  29.00868738  22.44001693  -1.22485479  -15.76314174 -17.58899996
##  247 :lr 0.000014 :tot_ene    33.5686 :dif_ene     0.0290 :dif_cor     0.0008 :   0.          16.72180868  29.00866731  22.43179808  -1.24134109  -15.76330838 -17.58899996
##  248 :lr 0.000013 :tot_ene    33.5403 :dif_ene     0.0283 :dif_cor     0.0008 :   0.          16.71778005  29.00864751  22.42378372  -1.25740181  -15.76347146 -17.58899996
##  249 :lr 0.000013 :tot_ene    33.5127 :dif_ene     0.0276 :dif_cor     0.0008 :   0.          16.71381646  29.00862797  22.41596799  -1.27304969  -15.76363105 -17.58899996
##  250 :lr 0.000013 :tot_ene    33.4858 :dif_ene     0.0269 :dif_cor     0.0008 :   0.          16.70991709  29.0086087   22.40834524  -1.28829703  -15.76378723 -17.58899996
##  251 :lr 0.000013 :tot_ene    33.4595 :dif_ene     0.0263 :dif_cor     0.0008 :   0.          16.70608115  29.00858969  22.40091002  -1.30315568  -15.76394009 -17.58899996
##  252 :lr 0.000012 :tot_ene    33.4338 :dif_ene     0.0257 :dif_cor     0.0008 :   0.          16.70230784  29.00857094  22.39365702  -1.3176371  -15.76408969 -17.58899996
##  253 :lr 0.000012 :tot_ene    33.4087 :dif_ene     0.0251 :dif_cor     0.0008 :   0.          16.69859636  29.00855245  22.38658116  -1.33175236  -15.76423611 -17.58899996
##  254 :lr 0.000012 :tot_ene    33.3843 :dif_ene     0.0245 :dif_cor     0.0007 :   0.          16.69494592  29.00853422  22.37967746  -1.34551213  -15.76437942 -17.58899996
##  255 :lr 0.000012 :tot_ene    33.3604 :dif_ene     0.0239 :dif_cor     0.0007 :   0.          16.69135573  29.00851624  22.37294116  -1.35892675  -15.76451969 -17.58899996
##  256 :lr 0.000011 :tot_ene    33.3370 :dif_ene     0.0233 :dif_cor     0.0007 :   0.          16.68782501  29.00849852  22.36636762  -1.37200617  -15.764657   -17.58899996
##  257 :lr 0.000011 :tot_ene    33.3142 :dif_ene     0.0228 :dif_cor     0.0007 :   0.          16.68435297  29.00848106  22.35995236  -1.38476005  -15.76479139 -17.58899996
##  258 :lr 0.000011 :tot_ene    33.2920 :dif_ene     0.0223 :dif_cor     0.0007 :   0.          16.68093883  29.00846384  22.35369104  -1.39719768  -15.76492295 -17.58899996
##  259 :lr 0.000011 :tot_ene    33.2702 :dif_ene     0.0217 :dif_cor     0.0007 :   0.          16.67758181  29.00844687  22.34757947  -1.40932806  -15.76505174 -17.58899996
##  260 :lr 0.000010 :tot_ene    33.2490 :dif_ene     0.0212 :dif_cor     0.0007 :   0.          16.67428115  29.00843014  22.34161357  -1.42115991  -15.76517781 -17.58899996
##  261 :lr 0.000010 :tot_ene    33.2282 :dif_ene     0.0208 :dif_cor     0.0007 :   0.          16.67103608  29.00841366  22.33578941  -1.43270164  -15.76530122 -17.58899996
##  262 :lr 0.000010 :tot_ene    33.2080 :dif_ene     0.0203 :dif_cor     0.0006 :   0.          16.66784583  29.00839742  22.33010317  -1.44396137  -15.76542205 -17.58899996
##  263 :lr 0.000010 :tot_ene    33.1882 :dif_ene     0.0198 :dif_cor     0.0006 :   0.          16.66470964  29.00838143  22.32455116  -1.454947  -15.76554033 -17.58899996
##  264 :lr 0.000010 :tot_ene    33.1688 :dif_ene     0.0194 :dif_cor     0.0006 :   0.          16.66162677  29.00836566  22.31912981  -1.46566612  -15.76565613 -17.58899996
##  265 :lr 0.000009 :tot_ene    33.1499 :dif_ene     0.0189 :dif_cor     0.0006 :   0.          16.65859646  29.00835014  22.31383563  -1.4761261  -15.76576951 -17.58899996
##  266 :lr 0.000009 :tot_ene    33.1314 :dif_ene     0.0185 :dif_cor     0.0006 :   0.          16.65561797  29.00833485  22.30866528  -1.48633408  -15.76588051 -17.58899996
##  267 :lr 0.000009 :tot_ene    33.1133 :dif_ene     0.0181 :dif_cor     0.0006 :   0.          16.65269057  29.00831978  22.30361549  -1.49629696  -15.76598919 -17.58899996
##  268 :lr 0.000009 :tot_ene    33.0957 :dif_ene     0.0177 :dif_cor     0.0006 :   0.          16.64981351  29.00830495  22.29868311  -1.50602142  -15.7660956  -17.58899996
##  269 :lr 0.000009 :tot_ene    33.0784 :dif_ene     0.0173 :dif_cor     0.0006 :   0.          16.64698608  29.00829034  22.29386506  -1.51551393  -15.76619979 -17.58899996
##  270 :lr 0.000009 :tot_ene    33.0616 :dif_ene     0.0169 :dif_cor     0.0006 :   0.          16.64420755  29.00827596  22.28915839  -1.52478075  -15.76630181 -17.58899996
##  271 :lr 0.000008 :tot_ene    33.0451 :dif_ene     0.0165 :dif_cor     0.0005 :   0.          16.64147721  29.0082618   22.28456021  -1.53382794  -15.7664017  -17.58899996
##  272 :lr 0.000008 :tot_ene    33.0289 :dif_ene     0.0161 :dif_cor     0.0005 :   0.          16.63879435  29.00824786  22.28006773  -1.5426614  -15.76649951 -17.58899996
##  273 :lr 0.000008 :tot_ene    33.0132 :dif_ene     0.0158 :dif_cor     0.0005 :   0.          16.63615826  29.00823413  22.27567823  -1.5512868  -15.76659529 -17.58899996
##  274 :lr 0.000008 :tot_ene    32.9978 :dif_ene     0.0154 :dif_cor     0.0005 :   0.          16.63356825  29.00822062  22.27138909  -1.55970967  -15.76668908 -17.58899996
##  275 :lr 0.000008 :tot_ene    32.9827 :dif_ene     0.0151 :dif_cor     0.0005 :   0.          16.63102362  29.00820733  22.26719776  -1.56793536  -15.76678092 -17.58899996
##  276 :lr 0.000008 :tot_ene    32.9680 :dif_ene     0.0147 :dif_cor     0.0005 :   0.          16.6285237   29.00819424  22.26310175  -1.57596905  -15.76687086 -17.58899996
##  277 :lr 0.000007 :tot_ene    32.9536 :dif_ene     0.0144 :dif_cor     0.0005 :   0.          16.62606781  29.00818136  22.25909867  -1.58381576  -15.76695893 -17.58899996
##  278 :lr 0.000007 :tot_ene    32.9395 :dif_ene     0.0141 :dif_cor     0.0005 :   0.          16.62365527  29.00816868  22.25518617  -1.59148037  -15.76704518 -17.58899996
##  279 :lr 0.000007 :tot_ene    32.9257 :dif_ene     0.0138 :dif_cor     0.0005 :   0.          16.62128541  29.00815621  22.25136199  -1.59896761  -15.76712965 -17.58899996
##  280 :lr 0.000007 :tot_ene    32.9122 :dif_ene     0.0135 :dif_cor     0.0005 :   0.          16.61895759  29.00814394  22.24762393  -1.60628205  -15.76721237 -17.58899996
##  281 :lr 0.000007 :tot_ene    32.8991 :dif_ene     0.0132 :dif_cor     0.0005 :   0.          16.61667159  29.00813187  22.24397055  -1.61342675  -15.76729336 -17.58899996
##  282 :lr 0.000007 :tot_ene    32.8862 :dif_ene     0.0128 :dif_cor     0.0004 :   0.          16.61443507  29.00812004  22.24041297  -1.62038028  -15.76737237 -17.58899996
##  283 :lr 0.000007 :tot_ene    32.8737 :dif_ene     0.0125 :dif_cor     0.0004 :   0.          16.61224688  29.00810845  22.23694816  -1.62714882  -15.76744946 -17.58899996
##  284 :lr 0.000006 :tot_ene    32.8615 :dif_ene     0.0122 :dif_cor     0.0004 :   0.          16.61010591  29.00809709  22.23357323  -1.63373828  -15.76752468 -17.58899996
##  285 :lr 0.000006 :tot_ene    32.8496 :dif_ene     0.0119 :dif_cor     0.0004 :   0.          16.60801107  29.00808596  22.23028539  -1.64015436  -15.76759808 -17.58899996
##  286 :lr 0.000006 :tot_ene    32.8380 :dif_ene     0.0116 :dif_cor     0.0004 :   0.          16.60596129  29.00807505  22.22708197  -1.64640252  -15.76766972 -17.58899996
##  287 :lr 0.000006 :tot_ene    32.8268 :dif_ene     0.0113 :dif_cor     0.0004 :   0.          16.60395554  29.00806436  22.22396039  -1.65248804  -15.76773963 -17.58899996
##  288 :lr 0.000006 :tot_ene    32.8157 :dif_ene     0.0110 :dif_cor     0.0004 :   0.          16.60199281  29.00805388  22.22091817  -1.65841595  -15.76780788 -17.58899996
##  289 :lr 0.000006 :tot_ene    32.8050 :dif_ene     0.0107 :dif_cor     0.0004 :   0.          16.60007213  29.00804361  22.21795292  -1.66419112  -15.7678745  -17.58899996
##  290 :lr 0.000006 :tot_ene    32.7945 :dif_ene     0.0105 :dif_cor     0.0004 :   0.          16.59819253  29.00803355  22.21506233  -1.66981823  -15.76793954 -17.58899996
##  291 :lr 0.000006 :tot_ene    32.7843 :dif_ene     0.0102 :dif_cor     0.0004 :   0.          16.59635308  29.00802369  22.21224421  -1.67530178  -15.76800304 -17.58899996
##  292 :lr 0.000005 :tot_ene    32.7744 :dif_ene     0.0100 :dif_cor     0.0004 :   0.          16.59455288  29.00801403  22.2094964   -1.6806461  -15.76806504 -17.58899996
##  293 :lr 0.000005 :tot_ene    32.7646 :dif_ene     0.0097 :dif_cor     0.0003 :   0.          16.59279103  29.00800456  22.20681686  -1.68585536  -15.76812559 -17.58899996
##  294 :lr 0.000005 :tot_ene    32.7551 :dif_ene     0.0095 :dif_cor     0.0003 :   0.          16.59106667  29.00799529  22.2042036   -1.69093358  -15.76818472 -17.58899996
##  295 :lr 0.000005 :tot_ene    32.7459 :dif_ene     0.0093 :dif_cor     0.0003 :   0.          16.58937896  29.00798619  22.2016547   -1.69588464  -15.76824247 -17.58899996
##  296 :lr 0.000005 :tot_ene    32.7369 :dif_ene     0.0090 :dif_cor     0.0003 :   0.          16.58772708  29.00797728  22.19916831  -1.70071227  -15.76829887 -17.58899996
##  297 :lr 0.000005 :tot_ene    32.7280 :dif_ene     0.0088 :dif_cor     0.0003 :   0.          16.58611022  29.00796855  22.19674266  -1.70542007  -15.76835397 -17.58899996
##  298 :lr 0.000005 :tot_ene    32.7194 :dif_ene     0.0086 :dif_cor     0.0003 :   0.          16.5845276   29.00795999  22.19437603  -1.71001151  -15.76840779 -17.58899996
##  299 :lr 0.000005 :tot_ene    32.7110 :dif_ene     0.0084 :dif_cor     0.0003 :   0.          16.58297846  29.00795161  22.19206674  -1.71448995  -15.76846037 -17.58899996
##  300 :lr 0.000005 :tot_ene    32.7028 :dif_ene     0.0082 :dif_cor     0.0003 :   0.          16.58146205  29.00794339  22.18981321  -1.71885861  -15.76851174 -17.58899996
##  301 :lr 0.000005 :tot_ene    32.6948 :dif_ene     0.0080 :dif_cor     0.0003 :   0.          16.57997764  29.00793533  22.18761387  -1.72312062  -15.76856193 -17.58899996
##  302 :lr 0.000004 :tot_ene    32.6870 :dif_ene     0.0078 :dif_cor     0.0003 :   0.          16.57852454  29.00792744  22.18546722  -1.727279  -15.76861098 -17.58899996
##  303 :lr 0.000004 :tot_ene    32.6794 :dif_ene     0.0076 :dif_cor     0.0003 :   0.          16.57710203  29.00791971  22.18337183  -1.73133665  -15.76865891 -17.58899996
##  304 :lr 0.000004 :tot_ene    32.6719 :dif_ene     0.0075 :dif_cor     0.0003 :   0.          16.57570946  29.00791213  22.18132628  -1.73529639  -15.76870574 -17.58899996
##  305 :lr 0.000004 :tot_ene    32.6647 :dif_ene     0.0073 :dif_cor     0.0003 :   0.          16.57434615  29.0079047   22.17932922  -1.73916093  -15.76875152 -17.58899996
##  306 :lr 0.000004 :tot_ene    32.6576 :dif_ene     0.0071 :dif_cor     0.0003 :   0.          16.57301147  29.00789742  22.17737934  -1.7429329  -15.76879625 -17.58899996
##  307 :lr 0.000004 :tot_ene    32.6506 :dif_ene     0.0069 :dif_cor     0.0003 :   0.          16.57170479  29.00789029  22.17547537  -1.74661485  -15.76883998 -17.58899996
!! cvrg :lr 0.000004 :tot_ene    32.6506 :dif_ene     0.0069 :dif_cor     0.0003 :   0.          16.57170479  29.00789029  22.17547537  -1.74661485  -15.76883998 -17.58899996
