itr_steps: 2 1.5095469318993082e-10 0.17355232963441714
itr_steps: 2 1.8149384772847554e-10 0.17427835265631386
itr_steps: 2 4.97217580996967e-09 0.17657276571463554
itr_steps: 2 1.162846874347423e-09 0.17513155636279842
itr_steps: 2 9.381090348981047e-11 0.17563414650383688
itr_steps: 2 7.017188830005239e-09 0.17763376613946136
itr_steps: 2 1.8089320041880796e-09 0.1764902870056757
itr_steps: 2 1.7871193414009667e-10 0.17706699366355153
itr_steps: 2 9.111972593123241e-09 0.17887247821641464
itr_steps: 2 2.214482486273539e-09 0.1794565221866404
itr_steps: 3 1.7866264023780332e-13 0.18136293236225445
itr_steps: 2 2.7875603769711432e-09 0.1802680108016419
itr_steps: 2 9.468367756504392e-11 0.18107319396287855
itr_steps: 3 2.829125822501055e-13 0.18278816095521977
itr_steps: 2 9.218331376015243e-10 0.18290641838533214
itr_steps: 2 9.195967876074462e-10 0.1838740348067749
itr_steps: 3 5.667410984955268e-13 0.1856197267387525
itr_steps: 2 1.3912415108841003e-09 0.18580813915997538
itr_steps: 2 3.15861514721405e-09 0.18675606452608604
itr_steps: 2 2.078885064094038e-09 0.1882143785956251
itr_steps: 3 2.360334150353083e-12 0.18905264642465214
itr_steps: 2 6.249250672496487e-09 0.19057461530564945
itr_steps: 2 8.913287330436503e-09 0.19069033041426045
itr_steps: 3 6.680295205896414e-12 0.19173423203533216
itr_steps: 3 6.731175061780448e-10 0.18937753360098766
itr_steps: 3 7.786937761267154e-12 0.18953467024453707
itr_steps: 3 7.99416088881344e-12 0.1900013318519526
itr_steps: 2 6.375943745196011e-09 0.1906202705634692
itr_steps: 2 7.397945034348652e-09 0.1913830771592477
itr_steps: 3 1.5298762257032195e-11 0.1923736363212547
itr_steps: 3 2.7453816997535796e-11 0.1936045396463607
itr_steps: 4 5.993811003079941e-11 0.18622327389212637
itr_steps: 3 7.370659638183952e-12 0.19419638516424195
itr_steps: 4 6.716349698621116e-11 0.18631326075323992
itr_steps: 2 6.484963344099981e-09 0.19462331441671266
itr_steps: 4 6.16852402490764e-11 0.18631492646285727
itr_steps: 2 1.9648255245030555e-10 0.19489909149499773
itr_steps: 4 6.166306354415951e-11 0.18632799582580487
itr_steps: 2 2.1101246305832433e-09 0.19506455668158196
itr_steps: 2 1.9155672326132134e-09 0.1952647983020448
itr_steps: 4 6.588593559619937e-11 0.18651076337653472
itr_steps: 2 2.258259440557353e-09 0.19538523060641086
itr_steps: 4 6.579814471052714e-11 0.1865175005955094
itr_steps: 2 1.7721504541601263e-09 0.19545760424253478
itr_steps: 4 6.575076594295126e-11 0.1865216858105937
itr_steps: 2 1.2175499219946317e-09 0.19550107058188929
