##    0 :lr 0.010000 :tot_ene   133.0958 :dif_ene     0.0000 :dif_cor     0.0000 :   0.          28.12937184  58.00348471  49.38456392  21.14578673   -5.97836161 -17.58899996
##    1 :lr 0.012000 :tot_ene    97.2667 :dif_ene    35.8291 :dif_cor     0.7665 :   0.          19.03813086  45.39908863  43.75558443  15.916249   -9.25331915 -17.58899996
##    2 :lr 0.014400 :tot_ene    82.4014 :dif_ene    14.8653 :dif_cor     0.6097 :   0.          15.41959133  40.21395683  40.74550812  13.96915692  -10.35777518 -17.58899996
## rjct :lr 0.007200 :tot_ene   108.4524 :dif_ene    28.6073 :dif_cor     0.9774 :   0.          14.14143833  42.19902024  54.49986538  24.00315106   -8.80208009 -17.58899996
##    4 :lr 0.008640 :tot_ene    74.4559 :dif_ene     7.9455 :dif_cor     0.4834 :   0.          14.62471516  38.26956934  38.13636021  12.18914286  -11.17483995 -17.58899996
##    5 :lr 0.010368 :tot_ene    66.2614 :dif_ene     8.1945 :dif_cor     0.3579 :   0.          14.10588689  36.74693739  34.66464223  10.10645213  -11.77350199 -17.58899996
## rjct :lr 0.005184 :tot_ene    70.9905 :dif_ene     7.1315 :dif_cor     0.6619 :   0.          13.39493552  36.4064465   38.45182026  12.24955282  -11.92328865 -17.58899996
##    7 :lr 0.006221 :tot_ene    61.7235 :dif_ene     4.5379 :dif_cor     0.3268 :   0.          13.71951534  35.78150671  33.03709348   8.95049631  -12.17610027 -17.58899996
##    8 :lr 0.007465 :tot_ene    57.1579 :dif_ene     4.5656 :dif_cor     0.2478 :   0.          13.41291525  34.95528151  31.18307539   7.69704107  -12.5014005  -17.58899996
##    9 :lr 0.008958 :tot_ene    55.4246 :dif_ene     2.3078 :dif_cor     0.4792 :   0.          12.90330267  34.13449556  31.47030448   7.35864849  -12.85313168 -17.58899996
##   10 :lr 0.010750 :tot_ene    51.2014 :dif_ene     4.2232 :dif_cor     0.3849 :   0.          12.63233895  33.47518448  29.71630408   6.05255097  -13.08599059 -17.58899996
## rjct :lr 0.005375 :tot_ene    60.7221 :dif_ene     9.9885 :dif_cor     0.5766 :   0.          12.39842898  33.94115004  35.22487487   9.65347797  -12.90686468 -17.58899996
##   12 :lr 0.006450 :tot_ene    46.4321 :dif_ene     4.7692 :dif_cor     0.2850 :   0.          12.49965704  32.92618553  27.62818408   4.29033032  -13.32321332 -17.58899996
##   13 :lr 0.007740 :tot_ene    44.2873 :dif_ene     2.1449 :dif_cor     0.2743 :   0.          12.26455395  32.47106553  27.08947127   3.53734907  -13.48615262 -17.58899996
##   14 :lr 0.003870 :tot_ene    46.8506 :dif_ene     3.3600 :dif_cor     0.4231 :   0.          12.06494297  32.33281153  29.05206144   4.53642495  -13.54662869 -17.58899996
##   15 :lr 0.004644 :tot_ene    38.6337 :dif_ene     8.2169 :dif_cor     0.1837 :   0.          11.96628873  31.76475369  24.98291362   1.27304627  -13.76431332 -17.58899996
##   16 :lr 0.005573 :tot_ene    36.8567 :dif_ene     1.7770 :dif_cor     0.2127 :   0.          11.7867275   31.42228872  24.60839458   0.51289611  -13.88461719 -17.58899996
##   17 :lr 0.002786 :tot_ene    37.1472 :dif_ene     1.2868 :dif_cor     0.3275 :   0.          11.6323406   31.1733162   25.3172692    0.59266845  -13.97942801 -17.58899996
##   18 :lr 0.003344 :tot_ene    32.9930 :dif_ene     4.1542 :dif_cor     0.1325 :   0.          11.56504014  30.94955144  23.34526965  -1.21663643  -14.06125867 -17.58899996
##   19 :lr 0.004012 :tot_ene    31.5447 :dif_ene     1.4482 :dif_cor     0.1686 :   0.          11.44642407  30.7146304   23.02045632  -1.90643045  -14.1413365  -17.58899996
##   20 :lr 0.004815 :tot_ene    30.3749 :dif_ene     1.1698 :dif_cor     0.2187 :   0.          11.34698106  30.50068514  22.81699841  -2.48079916  -14.21995379 -17.58899996
##   21 :lr 0.005778 :tot_ene    29.9460 :dif_ene     0.7762 :dif_cor     0.2317 :   0.          11.23798672  30.30722515  22.99066079  -2.72555193  -14.27530628 -17.58899996
##   22 :lr 0.002889 :tot_ene    31.2210 :dif_ene     1.4846 :dif_cor     0.3123 :   0.          11.21147104  30.25404217  23.81743256  -2.17251849  -14.30040507 -17.58899996
##   23 :lr 0.003467 :tot_ene    26.5822 :dif_ene     4.6388 :dif_cor     0.1401 :   0.          11.15949024  30.06495886  21.67224607  -4.35263496  -14.37284126 -17.58899996
##   24 :lr 0.004160 :tot_ene    25.7476 :dif_ene     0.8347 :dif_cor     0.1724 :   0.          11.08235799  29.89420746  21.56398137  -4.77572831  -14.42825516 -17.58899996
##   25 :lr 0.002080 :tot_ene    35.5511 :dif_ene    12.2176 :dif_cor     0.7163 :   0.          10.61891317  29.30864717  23.80375973   3.9950726  -14.58626469 -17.58899996
##   26 :lr 0.002496 :tot_ene    32.3095 :dif_ene     3.2417 :dif_cor     0.1169 :   0.          10.58528442  29.23889185  22.25519654   2.43443389  -14.61534363 -17.58899996
##   27 :lr 0.002995 :tot_ene    31.2422 :dif_ene     1.0673 :dif_cor     0.1119 :   0.          10.54479872  29.15827125  22.1035865    1.65509486  -14.63057144 -17.58899996
##   28 :lr 0.003594 :tot_ene    30.1374 :dif_ene     1.1048 :dif_cor     0.1210 :   0.          10.50792598  29.07642698  21.9720561    0.81722136  -14.64723521 -17.58899996
##   29 :lr 0.004313 :tot_ene    28.9210 :dif_ene     1.2164 :dif_cor     0.1404 :   0.          10.47252271  28.98824983  21.83846488  -0.12191917  -14.66727432 -17.58899996
##   30 :lr 0.005176 :tot_ene    27.6196 :dif_ene     1.3015 :dif_cor     0.1658 :   0.          10.44595728  28.90224731  21.7227519   -1.17166351  -14.69073581 -17.58899996
##   31 :lr 0.006211 :tot_ene    26.6428 :dif_ene     1.6346 :dif_cor     0.2131 :   0.          10.42881284  28.82156932  22.05164311  -2.35086454  -14.71938037 -17.58899996
## rjct :lr 0.003105 :tot_ene    39.6537 :dif_ene    20.9576 :dif_cor     1.5348 :   0.          16.32802655  39.9066099   21.07117148  -5.06407252  -14.99908123 -17.58899996
##   33 :lr 0.003726 :tot_ene    25.6087 :dif_ene     1.0362 :dif_cor     0.1278 :   0.          10.4298766   28.78427248  21.57330677  -2.85665715  -14.73308411 -17.58899996
## rjct :lr 0.001863 :tot_ene    32.8806 :dif_ene    18.6214 :dif_cor     1.4778 :   0.          16.27017225  35.89063059  18.72859652  -5.40264987  -15.01717644 -17.58899996
##   35 :lr 0.002236 :tot_ene    24.7948 :dif_ene     0.8140 :dif_cor     0.0843 :   0.          10.42925633  28.75031442  21.19607353  -3.24732003  -14.74456696 -17.58899996
## rjct :lr 0.001118 :tot_ene    33.0561 :dif_ene    19.7880 :dif_cor     1.4785 :   0.          16.44876938  36.75546869  17.9368575   -5.47543075  -15.02052587 -17.58899996
##   37 :lr 0.001342 :tot_ene    24.4790 :dif_ene     0.3208 :dif_cor     0.0391 :   0.          10.43179     28.73605137  21.12368705  -3.47241018  -14.75110039 -17.58899996
## rjct :lr 0.000671 :tot_ene    32.9732 :dif_ene    19.5821 :dif_cor     1.4879 :   0.          16.52271246  36.68324902  17.90167619  -5.52283493  -15.02262534 -17.58899996
##   39 :lr 0.000805 :tot_ene    24.3020 :dif_ene     0.1807 :dif_cor     0.0224 :   0.          10.43363051  28.72794163  21.09010248  -3.60561674  -14.75505835 -17.58899996
##   40 :lr 0.000966 :tot_ene    24.0919 :dif_ene     0.2151 :dif_cor     0.0267 :   0.          10.43611249  28.71843885  21.05008603  -3.76389551  -14.75982896 -17.58899996
## rjct :lr 0.000483 :tot_ene    32.6819 :dif_ene    19.5715 :dif_cor     1.5025 :   0.          16.57187869  36.66343924  17.80006287  -5.73518093  -15.02925422 -17.58899996
##   42 :lr 0.000580 :tot_ene    23.9672 :dif_ene     0.1281 :dif_cor     0.0159 :   0.          10.43779099  28.71287102  21.02605807  -3.85784394  -14.76271304 -17.58899996
## rjct :lr 0.000290 :tot_ene    32.6892 :dif_ene    19.5359 :dif_cor     1.5077 :   0.          16.6078994   36.67171746  17.78402972  -5.75531432  -15.03012653 -17.58899996
##   44 :lr 0.000348 :tot_ene    23.8927 :dif_ene     0.0766 :dif_cor     0.0095 :   0.          10.43886665  28.70957831  21.01160126  -3.91384541  -14.76445149 -17.58899996
## rjct :lr 0.000174 :tot_ene    32.6940 :dif_ene    19.5154 :dif_cor     1.5108 :   0.          16.62974358  36.67701749  17.77431303  -5.7674626  -15.03065053 -17.58899996
!! cvrg :lr 0.000174 :tot_ene    23.8483 :dif_ene     0.0458 :dif_cor     0.0057 :   0.          10.43953667  28.70761979  21.00291039  -3.94731397  -14.76549751 -17.58899996
