itr_steps: 2 1.0952364015714977e-11 0.09774821611045269
itr_steps: 2 9.146933349635233e-10 0.09602018935384893
itr_steps: 3 1.942890293094024e-16 0.09478848617017524
itr_steps: 3 3.0531133177191805e-16 0.09396631881762825
itr_steps: 3 3.2714443654047187e-10 0.09341413928352989
itr_steps: 3 5.267400238206932e-09 0.0930210472563773
itr_steps: 4 1.8041124150158794e-16 0.09269598906873985
itr_steps: 4 1.5265566588595902e-16 0.09240251085227483
itr_steps: 4 3.191891195797325e-16 0.09212963159671722
itr_steps: 4 1.5959455978986625e-15 0.09187563885766763
itr_steps: 4 4.928414204519171e-10 0.08963223834001385
itr_steps: 4 5.176414852314792e-15 0.08897029709927062
itr_steps: 4 2.220446049250313e-16 0.08940098408638145
itr_steps: 4 3.6914915568786455e-15 0.08993442864855405
itr_steps: 4 4.359391320152284e-10 0.09040892375543594
itr_steps: 4 6.005085664839704e-09 0.08986634244505053
itr_steps: 4 3.3441305280490496e-13 0.09052109025424228
itr_steps: 4 2.981394450762842e-09 0.09006278618620168
itr_steps: 4 2.340960758573374e-12 0.0906813189964344
itr_steps: 5 1.5265566588595902e-16 0.08996950537612403
itr_steps: 4 5.172264005981475e-10 0.09046868917896753
itr_steps: 4 5.2638449155040234e-14 0.09117478135836049
itr_steps: 5 3.9700187581814816e-13 0.08964322549634972
itr_steps: 3 4.498551198217626e-09 0.09107612044751598
itr_steps: 4 5.384293580434907e-09 0.09100043652555377
itr_steps: 4 4.9602410651106155e-09 0.09195595474521946
itr_steps: 4 5.340172748447003e-14 0.09298164702540004
itr_steps: 5 1.7012780073599743e-13 0.09225501713816642
itr_steps: 4 1.3644640972643174e-13 0.09265914623562982
itr_steps: 4 5.790870283295391e-10 0.09382499148447425
itr_steps: 4 2.2488955142563327e-13 0.09493865046067416
itr_steps: 5 1.973560204149294e-13 0.09366088407913234
itr_steps: 4 8.174017018802715e-15 0.09520263073467339
itr_steps: 5 6.800116025829084e-16 0.09410351263984504
itr_steps: 3 3.57884552548704e-09 0.09568876018440373
itr_steps: 4 1.249000902703301e-16 0.09598389958172546
itr_steps: 4 1.0557613117079256e-10 0.09702526532107075
itr_steps: 4 1.5126788710517758e-15 0.09808768460008958
itr_steps: 4 3.344546861683284e-15 0.09918311594417291
itr_steps: 4 2.919086222741285e-10 0.0991716657101485
itr_steps: 4 6.1201044232461754e-15 0.10022680442405371
itr_steps: 4 4.538036613155327e-15 0.10135677492319912
itr_steps: 4 6.191297474700264e-13 0.10155021632476313
itr_steps: 4 1.4432899320127035e-15 0.10276457284270593
itr_steps: 4 9.089951014118469e-15 0.10388784939781506
itr_steps: 4 2.492302475509689e-10 0.10473809137969561
itr_steps: 4 1.5613899062572045e-12 0.10462715614232712
itr_steps: 4 1.1518563880486e-15 0.10590822937221403
itr_steps: 4 4.718447854656915e-16 0.10693396867219467
itr_steps: 4 4.9960036108132044e-15 0.10774929328998614
itr_steps: 4 2.0816681711721685e-16 0.10847544826150908
itr_steps: 4 1.942890293094024e-16 0.10918442446245873
itr_steps: 3 1.184137884968628e-09 0.10994004026205709
itr_steps: 3 1.1788309772775563e-09 0.11072971338066569
itr_steps: 4 2.8727020762175925e-15 0.11038412200570757
itr_steps: 4 2.636779683484747e-16 0.11138047198784021
itr_steps: 3 1.8410550861602815e-12 0.1126206888050616
itr_steps: 3 2.4131601716881335e-09 0.113756528798481
itr_steps: 4 4.0245584642661925e-16 0.11473257570898072
itr_steps: 4 4.3021142204224816e-16 0.11558705167193599
itr_steps: 4 4.440892098500626e-16 0.11636691913291922
itr_steps: 4 5.828670879282072e-16 0.11712579718899954
itr_steps: 4 5.828670879282072e-16 0.11788752914365488
itr_steps: 3 1.9022177583094546e-09 0.11869340197926767
itr_steps: 3 2.5265484149272766e-12 0.1195783374379044
itr_steps: 3 1.3797435416407211e-12 0.12045482838638752
itr_steps: 3 6.425832088652328e-13 0.12131327066619849
itr_steps: 3 1.157523882300282e-09 0.12208233835096609
itr_steps: 3 7.697828208197421e-10 0.12283806762490405
itr_steps: 3 5.608184194816346e-10 0.12358424288683678
itr_steps: 3 6.441460975725732e-10 0.12433170776199017
itr_steps: 3 7.769857812700565e-10 0.12509290369220777
itr_steps: 3 2.9640179199930117e-13 0.12593856326155478
itr_steps: 3 5.705991235060992e-13 0.12679899974761322
itr_steps: 3 1.032396390598933e-12 0.12767631842989297
itr_steps: 3 1.6789070134137773e-12 0.1285617437720418
itr_steps: 3 2.3884783040273305e-12 0.12943857067974027
itr_steps: 3 3.059580366837622e-12 0.13028620786583162
itr_steps: 3 3.660544090067219e-12 0.13108445419410272
itr_steps: 3 4.1923964300139005e-12 0.13181739108050053
itr_steps: 3 2.8487767700369204e-12 0.132390234622464
itr_steps: 3 2.1131707494959073e-12 0.1328542943997615
itr_steps: 3 1.7182089084855079e-12 0.1332460548717757
itr_steps: 3 1.4914736112814353e-12 0.13359000907656715
itr_steps: 3 1.3511136653931999e-12 0.133901981291549
itr_steps: 3 1.2563006190902115e-12 0.13419141048544084
itr_steps: 3 1.2878864641407972e-12 0.13446325511154383
itr_steps: 3 1.4958867478043203e-12 0.1347195594973541
itr_steps: 3 1.7187640199978205e-12 0.13496066236827947
itr_steps: 3 1.9464430067728244e-12 0.1351860612121704
itr_steps: 3 2.1707358133227217e-12 0.1353949821493507
itr_steps: 3 2.386424391431774e-12 0.13558672205311445
itr_steps: 3 2.590677672387187e-12 0.13576082867917322
itr_steps: 3 2.782912789101033e-12 0.1359171735507985
itr_steps: 3 2.964073431144243e-12 0.13605595863013648
itr_steps: 3 3.1357694219025234e-12 0.13617768548100748
itr_steps: 3 3.299666095912812e-12 0.13628310606077454
itr_steps: 3 3.4570957208046593e-12 0.1363731673697019
itr_steps: 3 3.608641163665993e-12 0.13644895734884616
itr_steps: 3 3.75413589104312e-12 0.1365116560718242
itr_steps: 3 3.8929970358481114e-12 0.13656249400046475
itr_steps: 3 3.4282854333156365e-12 0.1365882962641614
itr_steps: 3 2.998712389512548e-12 0.13659570419879766
itr_steps: 3 2.6071644843028707e-12 0.13658888193596055
itr_steps: 3 2.2533364063548333e-12 0.13657088552152372
itr_steps: 3 1.9362011993706574e-12 0.13654415986400215
itr_steps: 3 1.6545931291744864e-12 0.13651074357061835
itr_steps: 3 1.4067635945025359e-12 0.1364723611104239
itr_steps: 3 1.1906586827592491e-12 0.13643047020006752
itr_steps: 3 1.003835903290451e-12 0.1363862918528953
itr_steps: 3 8.436307208370408e-13 0.1363408343419463
itr_steps: 3 7.071843111106091e-13 0.13629491545095246
itr_steps: 3 5.915823386715147e-13 0.13624918439247197
itr_steps: 3 4.941602682606572e-13 0.1362041434920243
itr_steps: 3 4.1244785364824565e-13 0.13616016925249835
itr_steps: 3 3.439748486044891e-13 0.13611753230595455
itr_steps: 3 2.8688162956314045e-13 0.13607641582547453
itr_steps: 3 2.3925306180672123e-13 0.13603693210177917
itr_steps: 3 1.9961809982760315e-13 0.13599913713215858
itr_steps: 3 1.6661672042062037e-13 0.13596304319518812
itr_steps: 3 1.3905543383430086e-13 0.1359286294824387
itr_steps: 3 1.1626810625386952e-13 0.13589585092603534
itr_steps: 3 9.728329253277934e-14 0.13586464540151197
itr_steps: 3 8.137934770502397e-14 0.13583493950412293
itr_steps: 3 6.816769371198461e-14 0.13580665309923004
itr_steps: 3 5.720424134381119e-14 0.13577970283871013
itr_steps: 3 4.801714581503802e-14 0.1357540048197789
itr_steps: 3 4.030109579389318e-14 0.13572947654346307
itr_steps: 3 3.3834046675451646e-14 0.13570603830951855
itr_steps: 3 2.8449465006019636e-14 0.1356836141644729
itr_steps: 3 2.3953061756287752e-14 0.1356621325006466
itr_steps: 3 2.0233814623793478e-14 0.13564152638701568
itr_steps: 3 1.740274591099933e-14 0.13562173369785321
itr_steps: 3 1.4710455076283324e-14 0.13560269709225015
itr_steps: 3 1.251776460264864e-14 0.1355843638867586
itr_steps: 3 1.0824674490095276e-14 0.13556668585435955
itr_steps: 3 9.18709552877317e-15 0.13554961897551304
itr_steps: 3 7.771561172376096e-15 0.1355331231609926
itr_steps: 3 6.744604874597826e-15 0.13551716196133357
itr_steps: 3 5.689893001203927e-15 0.13550170227383487
itr_steps: 3 4.829470157119431e-15 0.13548671405499052
itr_steps: 3 4.107825191113079e-15 0.13547217004382933
itr_steps: 3 3.4416913763379853e-15 0.1354580454997943
itr_steps: 3 3.0531133177191805e-15 0.1354443179573792
itr_steps: 3 2.6367796834847468e-15 0.1354309669986828
itr_steps: 3 2.1649348980190553e-15 0.13541797404425404
itr_steps: 3 1.8318679906315083e-15 0.1354053221620396
itr_steps: 3 1.6930901125533637e-15 0.13539299589384513
itr_steps: 3 1.3600232051658168e-15 0.13538098109845847
itr_steps: 3 1.0547118733938987e-15 0.13536926481041323
itr_steps: 3 1.0269562977782698e-15 0.13535783511328156
itr_steps: 3 8.326672684688674e-16 0.13534668102634553
itr_steps: 3 6.938893903907228e-16 0.13533579240349974
itr_steps: 3 6.38378239159465e-16 0.1353251598432703
itr_steps: 3 4.718447854656915e-16 0.13531477460888253
itr_steps: 3 4.718447854656915e-16 0.13530462855737418
itr_steps: 3 4.163336342344337e-16 0.13529471407681964
itr_steps: 3 3.608224830031759e-16 0.1352850240308019
itr_steps: 3 2.498001805406602e-16 0.1352755517093444
itr_steps: 3 3.3306690738754696e-16 0.13526629078558264
itr_steps: 3 2.220446049250313e-16 0.13525723527752814
itr_steps: 3 1.942890293094024e-16 0.13524837951433713
itr_steps: 3 1.6653345369377348e-16 0.13523971810656127
itr_steps: 3 1.6653345369377348e-16 0.13523124591990987
itr_steps: 3 1.3877787807814457e-16 0.13522295805210585
itr_steps: 3 1.1102230246251565e-16 0.13521484981246407
itr_steps: 3 2.220446049250313e-16 0.13520691670386217
itr_steps: 2 9.595940736462083e-09 0.1351991534797905
itr_steps: 2 8.827930331190004e-09 0.13519155791615672
itr_steps: 2 8.12193112764703e-09 0.13518412499667756
itr_steps: 2 7.472894719695589e-09 0.13517685085717393
itr_steps: 2 6.876169078573469e-09 0.1351697317636113
itr_steps: 2 6.327489227020422e-09 0.1351627641033905
itr_steps: 2 5.82294298889785e-09 0.13515594437759051
itr_steps: 2 5.3589418458344085e-09 0.13514926919404185
itr_steps: 2 4.932193570228449e-09 0.1351427352611278
itr_steps: 2 4.539676884407484e-09 0.1351363393822233
itr_steps: 2 4.1786192006565415e-09 0.13513007845069258
itr_steps: 2 3.847350049657194e-09 0.13512394944537612
itr_steps: 2 3.5525009600689827e-09 0.13511794942650737
itr_steps: 2 3.280152982565454e-09 0.1351120755320062
itr_steps: 2 3.0285992047573984e-09 0.13510632497410288
itr_steps: 2 2.796261305837433e-09 0.13510069503625316
itr_steps: 2 2.581679620083932e-09 0.13509518307030918
itr_steps: 2 2.3835042273212537e-09 0.13508978649391584
itr_steps: 2 2.2004875699366266e-09 0.13508450278810546
itr_steps: 2 2.031475737629407e-09 0.13507932949506934
itr_steps: 2 1.8754020836286855e-09 0.13507426421608407
itr_steps: 2 1.7312810351999275e-09 0.1350693046095759
itr_steps: 2 1.5982010159731885e-09 0.1350644483893086
itr_steps: 2 1.475320032806593e-09 0.1350596933226799
itr_steps: 2 1.36185943078182e-09 0.13505503722911633
itr_steps: 2 1.2571003404904246e-09 0.13505047797855535
itr_steps: 2 1.1603775995627785e-09 0.1350460134900066
itr_steps: 2 1.0710770881328102e-09 0.135041641730184
itr_steps: 2 9.886314822349362e-10 0.13503736071220201
itr_steps: 2 9.125162292455968e-10 0.13503316849433103
itr_steps: 2 8.422470498814505e-10 0.13502906317880503
itr_steps: 2 7.773763854856952e-10 0.13502504291067868
itr_steps: 2 7.17490761248385e-10 0.13502110587672875
