itr_steps: 200 5.333000487117712e-05 0.0977450417680984
itr_steps: 200 3.6709633660508834e-06 0.09598514410566492
itr_steps: 200 4.370806727244103e-07 0.09462929843594217
itr_steps: 200 1.5466588623724853e-07 0.09356237887891918
itr_steps: 200 1.0384622921300046e-07 0.09268181520857056
itr_steps: 200 9.63478691273778e-08 0.09193887286469513
itr_steps: 200 1.0281482379359552e-07 0.09129989044741059
itr_steps: 200 1.1654949794159819e-07 0.0907430718046411
itr_steps: 200 1.3561146855467499e-07 0.09026060142374155
itr_steps: 200 1.5759988145069848e-07 0.08985446121528669
itr_steps: 200 1.7987765001115097e-07 0.08953208331784449
itr_steps: 200 1.9867964032305174e-07 0.08930387108960233
itr_steps: 200 2.125539272090915e-07 0.08917844861465987
itr_steps: 200 2.2015728269597634e-07 0.08916206210495443
itr_steps: 200 2.220348478410017e-07 0.08925547889636032
itr_steps: 200 2.1750260485731143e-07 0.08944941350808461
itr_steps: 200 2.098501315772605e-07 0.08973643873502732
itr_steps: 200 1.9995648811721445e-07 0.09010790321908548
itr_steps: 200 1.8871032736456073e-07 0.09055462561824347
itr_steps: 200 1.7664176557574685e-07 0.09106750670281295
itr_steps: 200 1.6419593976135793e-07 0.0916377037279821
itr_steps: 200 1.5064256113361818e-07 0.09224124465206386
itr_steps: 200 1.377052613327212e-07 0.09287140612300418
itr_steps: 200 1.2534290376453594e-07 0.09352223763447196
itr_steps: 200 1.1350367939977346e-07 0.09418860544038758
itr_steps: 200 1.0215308961225578e-07 0.09486610440727575
itr_steps: 200 9.127558531218938e-08 0.0955509444220693
itr_steps: 200 8.087056654892955e-08 0.09623985830549787
itr_steps: 200 7.095342152707573e-08 0.09693001206696517
itr_steps: 200 6.155337554936136e-08 0.09761892696975953
itr_steps: 200 5.2713014744854014e-08 0.0983044115764489
itr_steps: 200 4.4484092381891216e-08 0.09898450841540964
itr_steps: 200 3.692329633708802e-08 0.09965745461525811
itr_steps: 200 3.008505358725877e-08 0.10032165608857516
itr_steps: 200 2.4014692442952956e-08 0.10097567295485674
itr_steps: 200 1.874061374140812e-08 0.10161821305986347
itr_steps: 200 1.4268680750828544e-08 0.10224813128529345
itr_steps: 200 1.057813320270995e-08 0.10286443099746465
itr_steps: 197 9.352995308797851e-09 0.10346626710430451
itr_steps: 191 9.987559376756217e-09 0.10405294718409666
itr_steps: 186 9.826953278890826e-09 0.10462393284759415
itr_steps: 181 9.550591900664429e-09 0.10517883658679938
itr_steps: 175 9.905320424996589e-09 0.10571742136877257
itr_steps: 170 9.46572298321513e-09 0.10623959196291674
itr_steps: 164 9.743866630218534e-09 0.10674539525748654
itr_steps: 159 9.249949209366726e-09 0.10723500294249486
itr_steps: 153 9.564619929403051e-09 0.10770872013703739
itr_steps: 147 9.977066992017392e-09 0.10816694683625969
itr_steps: 142 9.609780693420333e-09 0.10861021512584794
itr_steps: 137 9.345027016105512e-09 0.1090390906022912
itr_steps: 132 9.191312655421058e-09 0.10945430496424964
itr_steps: 127 9.186271243688537e-09 0.1098564890899603
itr_steps: 122 9.297297834387486e-09 0.11024664266065183
itr_steps: 117 9.60426950469273e-09 0.1106254518128322
itr_steps: 112 9.961408350966927e-09 0.11099500540755505
itr_steps: 108 9.496277778020534e-09 0.11135655042971886
itr_steps: 104 9.051939808824017e-09 0.11171183059468501
itr_steps: 100 9.321239877180254e-09 0.11205657169286942
itr_steps: 96 9.5251164733412e-09 0.11239351886205606
itr_steps: 93 9.057239569454367e-09 0.11272086574246691
itr_steps: 90 8.777691712369418e-09 0.11303900524959372
itr_steps: 87 8.804694848207895e-09 0.11334712627767521
itr_steps: 84 9.298849926175912e-09 0.11364438329737325
itr_steps: 81 9.994693128678733e-09 0.1139304714359864
itr_steps: 79 9.902928255201005e-09 0.11420409857977432
itr_steps: 77 9.82209201472184e-09 0.11446529835939116
itr_steps: 76 8.963806488737625e-09 0.11471289377625168
itr_steps: 74 9.512441237480296e-09 0.11494732824493066
itr_steps: 73 9.277955168029983e-09 0.11516779882746375
itr_steps: 72 8.89735583819995e-09 0.11537520344336956
itr_steps: 71 9.19126484644206e-09 0.11556913008268457
itr_steps: 70 9.269676040646324e-09 0.11575083924376435
itr_steps: 70 8.473896001559567e-09 0.11592018784958562
itr_steps: 69 8.88904322371431e-09 0.11607863735959671
itr_steps: 68 9.955323718169318e-09 0.11622615553172574
itr_steps: 68 9.066821141101578e-09 0.11636426177480255
itr_steps: 68 8.754262953436509e-09 0.11649290608970797
itr_steps: 67 9.657358426840013e-09 0.1166135793158288
itr_steps: 67 9.461803063270935e-09 0.11672613544174108
itr_steps: 67 8.905063228481502e-09 0.11683200327032872
itr_steps: 67 8.801396667035277e-09 0.11693090458091164
itr_steps: 66 9.944224985125594e-09 0.11702420699413896
itr_steps: 66 9.884925988856708e-09 0.11711149151226727
itr_steps: 66 9.44739698971464e-09 0.11719408101657118
itr_steps: 66 9.4225122149183e-09 0.11727142120167378
itr_steps: 66 9.046405249901746e-09 0.11734481103442898
itr_steps: 66 9.043003207365174e-09 0.11741357235966146
itr_steps: 66 8.71300794014207e-09 0.11747899879918404
itr_steps: 66 8.724637887147502e-09 0.11754030108271725
itr_steps: 66 8.431462111824217e-09 0.11759878190689854
itr_steps: 66 8.454915753630665e-09 0.11765355294668327
itr_steps: 65 9.765074596157497e-09 0.11770593594402012
itr_steps: 65 9.80725314847497e-09 0.11775495430422762
itr_steps: 65 9.526200217546688e-09 0.11780195491801644
itr_steps: 65 9.578920295849613e-09 0.11784588216167555
itr_steps: 65 9.32508294193557e-09 0.11788811151725746
itr_steps: 65 9.387292346230147e-09 0.11792751652674338
itr_steps: 65 9.157249458713324e-09 0.11796550240086437
itr_steps: 65 9.227924896437756e-09 0.11800087900301197
itr_steps: 65 9.018662150417356e-09 0.1180350811180487
itr_steps: 65 9.096770059446868e-09 0.11806686127852584
itr_steps: 66 8.575558915757675e-09 0.11808272113024225
itr_steps: 67 8.788805419546186e-09 0.11808130456392614
itr_steps: 68 9.258982358595347e-09 0.11806477278159488
itr_steps: 70 8.495552969445264e-09 0.11803276375253169
itr_steps: 71 9.444833221072813e-09 0.11798777681608053
itr_steps: 73 8.95431566394489e-09 0.1179301532444039
itr_steps: 75 8.666588779959739e-09 0.11786214725757602
itr_steps: 76 9.839833711722257e-09 0.11778448669576916
itr_steps: 78 9.651885415906669e-09 0.11769904655360383
itr_steps: 80 9.384017785052379e-09 0.11760675011883018
itr_steps: 82 9.237400233619297e-09 0.11750911785491647
itr_steps: 84 8.962000183632135e-09 0.11740712950324957
itr_steps: 86 8.757649522239674e-09 0.11730200875384691
itr_steps: 87 9.697986969037231e-09 0.1171946855474137
itr_steps: 89 9.30294037637669e-09 0.11708613543104127
itr_steps: 91 8.743330878746569e-09 0.11697716254152282
itr_steps: 92 9.407590331744764e-09 0.11686852902884104
itr_steps: 93 9.872407946698303e-09 0.11676086782666806
itr_steps: 95 9.004712350768607e-09 0.11665475590381251
itr_steps: 96 9.178766732786947e-09 0.1165506380232603
itr_steps: 97 9.279782081650367e-09 0.11644893384024228
itr_steps: 98 9.187903798890673e-09 0.11634990787970885
itr_steps: 99 9.023345182157527e-09 0.1162538513378373
itr_steps: 99 9.875016637739265e-09 0.11616087382024576
itr_steps: 100 9.444695386884305e-09 0.11607116631777954
itr_steps: 101 8.900451459181724e-09 0.1159847186187408
itr_steps: 101 9.427746930357195e-09 0.11590164545843265
itr_steps: 101 9.85517943641323e-09 0.11582185466329109
itr_steps: 102 9.048152199708781e-09 0.11574540253806116
itr_steps: 102 9.299310183008558e-09 0.11567214900185414
itr_steps: 102 9.499582800942541e-09 0.11560210350448674
itr_steps: 102 9.627823746582997e-09 0.11553510518349272
itr_steps: 102 9.708761267157584e-09 0.11547112391378549
itr_steps: 102 9.732688363572883e-09 0.11540999616194558
itr_steps: 102 9.71693077389535e-09 0.11535165905839025
itr_steps: 102 9.659187755195475e-09 0.11529595677156006
itr_steps: 102 9.571051826084975e-09 0.11524280234001165
itr_steps: 102 9.454069069270155e-09 0.11519205251029559
itr_steps: 102 9.315829635481165e-09 0.11514360656006786
itr_steps: 102 9.159239339195935e-09 0.11509733529660807
itr_steps: 102 8.98927396408844e-09 0.115053133967117
itr_steps: 101 9.936499220652983e-09 0.11501088705103073
itr_steps: 101 9.72498136186939e-09 0.11497049295629994
itr_steps: 101 9.508114240386334e-09 0.11493184864345744
itr_steps: 101 9.288359845149863e-09 0.11489485968455684
itr_steps: 101 9.067618961244861e-09 0.11485943446419367
itr_steps: 100 9.98148726172321e-09 0.1148254875047704
itr_steps: 100 9.735743100591776e-09 0.11479293757648872
itr_steps: 100 9.49329408139743e-09 0.11476170837728132
itr_steps: 100 9.255023220022807e-09 0.11473172803897744
itr_steps: 100 9.021600688718934e-09 0.11470292911415206
itr_steps: 99 9.923056445981793e-09 0.1146752482550639
itr_steps: 99 9.672620870926352e-09 0.11464862610273305
itr_steps: 99 9.42883379706494e-09 0.11462300688167777
itr_steps: 99 9.191844257960824e-09 0.11459833837190794
itr_steps: 99 8.961710443178283e-09 0.11457457163200688
itr_steps: 98 9.863499281226318e-09 0.1145516607966103
itr_steps: 98 9.619603641430885e-09 0.11452956293311993
itr_steps: 98 9.383194846113163e-09 0.11450823768746218
itr_steps: 98 9.154117922016702e-09 0.11448764728334462
itr_steps: 98 8.932187101073907e-09 0.11446775629149755
itr_steps: 97 9.84192252695415e-09 0.11444853147130911
itr_steps: 97 9.607210346707085e-09 0.11442994167532979
itr_steps: 97 9.379793053376773e-09 0.1144119575421515
itr_steps: 97 9.159417752035992e-09 0.11439455154254918
itr_steps: 97 8.94582528887522e-09 0.11437769779556144
itr_steps: 96 9.86828391225103e-09 0.11436137195507048
itr_steps: 96 9.641889814338e-09 0.11434555115806444
itr_steps: 96 9.42226417721681e-09 0.11433021375768884
itr_steps: 96 9.209143211896809e-09 0.11431533940891578
itr_steps: 96 9.002265585755787e-09 0.1143009089218184
itr_steps: 95 9.940651232720477e-09 0.1142869041829954
itr_steps: 95 9.72054381431775e-09 0.11427330813729646
itr_steps: 95 9.506638393164124e-09 0.11426010454968898
itr_steps: 95 9.2986927463512e-09 0.11424727812065694
itr_steps: 95 9.096469591463041e-09 0.11423481436597027
itr_steps: 95 8.899742470758198e-09 0.11422269956287452
itr_steps: 94 9.837039169346973e-09 0.11421092070021739
itr_steps: 94 9.626725930300672e-09 0.11419946548664288
itr_steps: 94 9.421900509787307e-09 0.11418832213840682
itr_steps: 94 9.222362082339508e-09 0.11417747951564554
itr_steps: 94 9.02791343071474e-09 0.11416692702436086
itr_steps: 93 9.984947452190696e-09 0.11415665458223465
itr_steps: 93 9.776318990462052e-09 0.11414665264243366
itr_steps: 93 9.572813680636116e-09 0.11413691199189355
itr_steps: 93 9.374259563044163e-09 0.11412742390246147
itr_steps: 93 9.180485288640128e-09 0.1141181800436812
itr_steps: 93 8.991328084850814e-09 0.11410917245917795
itr_steps: 92 9.949978660439562e-09 0.11410039354469811
itr_steps: 92 9.746308399227743e-09 0.11409183608331216
itr_steps: 92 9.547336171644716e-09 0.11408349305433466
itr_steps: 92 9.352921992444863e-09 0.1140753577932853
itr_steps: 92 9.162923170213944e-09 0.11406742391409033
itr_steps: 92 8.9772040912095e-09 0.11405968529369223
itr_steps: 91 9.938192185865447e-09 0.11405213605769093
itr_steps: 91 9.737683118182794e-09 0.114044770622769
itr_steps: 91 9.541573503524248e-09 0.11403758351198164
itr_steps: 91 9.349746615816557e-09 0.11403056952033139
itr_steps: 91 9.162082204028366e-09 0.11402372364287058
