itr_steps: 200 5.333000487117712e-05 0.0977450417680984
itr_steps: 200 3.2534206540341115e-06 0.09594392341212188
itr_steps: 200 2.946429615430235e-07 0.09457006838555641
itr_steps: 200 7.587734920933009e-08 0.09351595115692042
itr_steps: 200 3.465794458368254e-08 0.09266987657533687
itr_steps: 200 2.6124521518289257e-08 0.09194592582346246
itr_steps: 200 2.4845946161589083e-08 0.0912942516221875
itr_steps: 200 2.5893306998536758e-08 0.0906974950483861
itr_steps: 200 2.880584001885289e-08 0.09016991639149646
itr_steps: 200 3.315184525509718e-08 0.08976760792110254
itr_steps: 200 3.5363495021201174e-08 0.08962707261906118
itr_steps: 200 5.0747015492569325e-08 0.0899368053454533
itr_steps: 200 1.440859242890502e-07 0.09067987879098352
itr_steps: 200 3.0971610814889416e-07 0.08984830205190482
itr_steps: 200 6.901559537753066e-08 0.09178301867075654
itr_steps: 200 8.031324331969625e-08 0.0935370776393932
itr_steps: 200 5.035107208950507e-08 0.09470778405227873
itr_steps: 192 9.437161135883443e-09 0.09747021634984188
itr_steps: 148 9.849203341794066e-09 0.10017548922799524
itr_steps: 123 9.728665886776788e-09 0.10293548155984722
itr_steps: 106 8.985703375818943e-09 0.10534080717578502
itr_steps: 98 9.984393284367954e-09 0.10698628577953687
itr_steps: 86 9.085338037451152e-09 0.10896074309389991
itr_steps: 74 8.458597419713776e-09 0.11125999913689673
itr_steps: 62 9.287391106171938e-09 0.11385115896821137
itr_steps: 57 9.847020060460565e-09 0.11746912498132764
itr_steps: 49 9.347444054896847e-09 0.12118588539918687
itr_steps: 50 9.5690246837421e-09 0.12192043783622142
itr_steps: 55 8.996229580726656e-09 0.12262483784290805
itr_steps: 61 8.405597648475371e-09 0.12364447218150623
itr_steps: 67 8.543900753554823e-09 0.12539800022451736
itr_steps: 69 9.215111174132318e-09 0.12797728297728034
itr_steps: 75 9.076163126620074e-09 0.1303936096539845
itr_steps: 75 9.399079820004985e-09 0.13182918680466077
itr_steps: 78 8.994566425002404e-09 0.1334764247582144
itr_steps: 66 8.775535298433113e-09 0.13367124807552444
itr_steps: 75 8.962873970785878e-09 0.13424751970580467
itr_steps: 67 9.274449069840429e-09 0.13403137884830643
itr_steps: 75 8.696136089003659e-09 0.13458644415558885
itr_steps: 67 8.93843757343582e-09 0.13422660313733012
itr_steps: 74 8.784060895328238e-09 0.1347535837708932
itr_steps: 66 9.72029248758055e-09 0.13437381815241164
itr_steps: 72 9.213468349367204e-09 0.13486017117980978
itr_steps: 66 8.628412873079583e-09 0.1344855979901453
itr_steps: 69 9.667723954720486e-09 0.1349296608564078
itr_steps: 65 9.218827035084587e-09 0.13456562267975494
itr_steps: 64 9.506177539586602e-09 0.13497021251919422
itr_steps: 64 9.727586597341187e-09 0.13461804533595947
itr_steps: 57 9.662518590802804e-09 0.13498743042281602
itr_steps: 64 8.219074948412342e-09 0.1346470807668503
itr_steps: 67 9.118446109290801e-09 0.1349861308142365
itr_steps: 62 9.878293960596807e-09 0.13465333845632732
itr_steps: 70 9.565348374485083e-09 0.1349729914169085
itr_steps: 61 9.070540957223372e-09 0.13463890027541423
itr_steps: 73 8.478641705389478e-09 0.13494757838479504
itr_steps: 59 9.466862210816274e-09 0.13459581041395516
itr_steps: 75 8.577677679255657e-09 0.13490630011204613
itr_steps: 57 9.075260709590083e-09 0.13442984638919592
itr_steps: 75 8.940994611350561e-09 0.134866036862951
itr_steps: 53 9.058407329787244e-09 0.1342315575686938
itr_steps: 71 8.774468984729111e-09 0.13489086589239802
itr_steps: 48 9.1404463720135e-09 0.13429601317435552
itr_steps: 71 8.960317127160167e-09 0.13493473656073499
itr_steps: 69 9.753882340701736e-09 0.13489642886985614
itr_steps: 82 8.521271521733098e-09 0.1347374704232191
itr_steps: 72 8.912193816268399e-09 0.1351240464122085
itr_steps: 80 9.024974378935013e-09 0.13484392896195457
itr_steps: 68 9.010771434558862e-09 0.13472109381954928
itr_steps: 78 9.019621799444266e-09 0.13477327220519833
itr_steps: 69 9.193649591621167e-09 0.13490108054233987
itr_steps: 78 9.421549818089403e-09 0.13483356600442295
itr_steps: 68 8.88298581913638e-09 0.134762569308967
itr_steps: 78 8.665414941155802e-09 0.1347939345461541
itr_steps: 68 8.624154529401906e-09 0.13483723738042658
itr_steps: 78 8.793960198927309e-09 0.13481963748713754
itr_steps: 67 9.770448256007924e-09 0.1347760558498645
itr_steps: 78 8.585087640788913e-09 0.13480037076133175
itr_steps: 67 9.780450171970045e-09 0.13481777297100456
itr_steps: 78 8.674561596810904e-09 0.1348150874567527
itr_steps: 67 9.783296950338638e-09 0.13478747202067506
itr_steps: 78 8.588840888501537e-09 0.13480501376942006
itr_steps: 67 9.72211253169597e-09 0.13480805226984416
itr_steps: 78 8.632025733090742e-09 0.13481199470556343
itr_steps: 67 9.796166516862215e-09 0.1347930608938815
itr_steps: 78 8.603580153865309e-09 0.13480678543891794
itr_steps: 67 9.702356501550824e-09 0.1348036766202897
itr_steps: 78 8.615910623843703e-09 0.13481061824741347
itr_steps: 67 9.806122497346692e-09 0.13479604487079203
itr_steps: 78 8.610326673874624e-09 0.13480787647446243
itr_steps: 67 9.714228282886594e-09 0.13480161491491244
itr_steps: 78 8.610441137868463e-09 0.13480989106280628
itr_steps: 67 9.799876882210512e-09 0.13479741910626322
itr_steps: 78 8.612801138951909e-09 0.13480836210757965
itr_steps: 67 9.72327438009124e-09 0.13480060205774774
itr_steps: 78 8.60885604470063e-09 0.13480951680435188
itr_steps: 67 9.792334887404053e-09 0.13479814239965227
itr_steps: 78 8.613410401592247e-09 0.13480864125288122
itr_steps: 67 9.732215422442181e-09 0.13480008495008033
itr_steps: 78 8.608569745938155e-09 0.13480931984131095
itr_steps: 67 9.785594140554466e-09 0.13479851884901559
itr_steps: 78 8.61337062785239e-09 0.13480878509658364
itr_steps: 67 9.02393137991453e-09 0.13479573973808204
itr_steps: 77 9.504713710528634e-09 0.13480466615377124
itr_steps: 67 9.592885097386983e-09 0.13479391123328127
itr_steps: 77 8.921610700207694e-09 0.1348032147480363
itr_steps: 67 9.740005746383673e-09 0.13479643032792413
itr_steps: 76 9.86231735167209e-09 0.1348043643362311
itr_steps: 67 9.802524320035033e-09 0.1347959431887129
itr_steps: 76 9.248560112196103e-09 0.13480516994604502
itr_steps: 67 9.769594300212958e-09 0.13479926642942044
itr_steps: 76 8.67841909446554e-09 0.13480605031054801
itr_steps: 67 9.79178718663043e-09 0.13479193111275556
itr_steps: 75 9.639009729278669e-09 0.13480316717330712
itr_steps: 67 9.07577343833843e-09 0.13481401104609392
itr_steps: 75 8.964141262612912e-09 0.13481262646486125
itr_steps: 68 9.904481373945728e-09 0.1347331948951578
itr_steps: 75 8.878066559692144e-09 0.13477941579754277
itr_steps: 73 8.653465360941581e-09 0.13542483191940174
itr_steps: 69 8.833057812962508e-09 0.13498224847123463
itr_steps: 60 8.569891241094751e-09 0.13477802265241495
itr_steps: 68 9.143008128376096e-09 0.13485010331995664
itr_steps: 65 9.130346534380607e-09 0.13478736522532947
itr_steps: 67 8.954906483005232e-09 0.13483701388883174
itr_steps: 64 9.157946401217032e-09 0.134781095698617
itr_steps: 67 8.586980515534748e-09 0.13482966355442624
itr_steps: 63 9.652507126922671e-09 0.1347782774501044
itr_steps: 66 9.43921599216857e-09 0.13482360898320198
itr_steps: 63 8.696761449877854e-09 0.13477563080991634
itr_steps: 66 8.783136773438116e-09 0.1348190988380955
itr_steps: 62 9.373722964500786e-09 0.13477459669807842
itr_steps: 65 9.5782445308501e-09 0.1348165177905595
itr_steps: 62 8.573757509511282e-09 0.13477491515886833
itr_steps: 65 8.83373574289692e-09 0.13481534521722804
itr_steps: 61 9.276039214523024e-09 0.13477597772773
itr_steps: 64 9.579365412015761e-09 0.13481489977934422
itr_steps: 61 8.500892684226713e-09 0.1347772463821064
itr_steps: 64 8.810396107117313e-09 0.1348146735616224
itr_steps: 60 9.22538928582739e-09 0.13477842486202032
itr_steps: 63 9.54987128265472e-09 0.1348144097070948
itr_steps: 60 8.493441089330034e-09 0.13477942432765647
itr_steps: 63 8.78901132428389e-09 0.13481403908149764
itr_steps: 59 9.259738947831053e-09 0.13478026971984575
itr_steps: 62 9.537398454328994e-09 0.1348135861670495
itr_steps: 59 8.556058750386342e-09 0.13478101925673622
itr_steps: 62 8.7860485553648e-09 0.13481309874183572
itr_steps: 58 9.345469426103037e-09 0.134781720512546
itr_steps: 61 9.542496876013828e-09 0.13481261265502648
itr_steps: 58 8.63920809890395e-09 0.13478239816686796
itr_steps: 61 8.79643879958536e-09 0.13481214426130358
itr_steps: 57 9.429577646491438e-09 0.13478305863883172
itr_steps: 60 9.560337632663618e-09 0.13481169555297176
itr_steps: 57 8.707009196973203e-09 0.1347836997847606
itr_steps: 60 8.81842696087709e-09 0.13481126281104513
itr_steps: 56 9.490291191793787e-09 0.13478431794519355
itr_steps: 59 9.59143800494111e-09 0.1348108419585172
itr_steps: 56 8.751906005466381e-09 0.13478491154220734
itr_steps: 59 8.85339615508407e-09 0.13481043123333553
itr_steps: 55 9.526735150755528e-09 0.1347854808368772
itr_steps: 58 9.637129427808588e-09 0.13481003042489118
itr_steps: 55 8.774913518028171e-09 0.13478602735692222
itr_steps: 58 8.90198056935354e-09 0.13480964035324233
itr_steps: 54 9.539087908461141e-09 0.13478655218307997
itr_steps: 57 9.6975663055332e-09 0.13480926130329995
itr_steps: 54 8.774882459539057e-09 0.13478705643303351
itr_steps: 57 8.964135100875126e-09 0.13480889354415265
itr_steps: 53 9.525520899833495e-09 0.13478754026431308
itr_steps: 56 9.7727769210465e-09 0.13480853654166333
itr_steps: 53 8.75053582372054e-09 0.1347880047428344
itr_steps: 56 9.040034443241751e-09 0.13480819044136422
itr_steps: 52 9.485426999411573e-09 0.134788449811369
itr_steps: 55 9.86306580852414e-09 0.13480785461257877
itr_steps: 53 8.62617294261625e-09 0.13478938227948561
itr_steps: 51 9.683998408727135e-09 0.1348100492246699
itr_steps: 55 9.296986014373232e-09 0.1347897977610319
itr_steps: 51 9.085204560888016e-09 0.13480911480628777
itr_steps: 55 8.495711523170968e-09 0.13478952711253905
itr_steps: 50 9.411085188926194e-09 0.13480838664194153
itr_steps: 54 8.994001515771899e-09 0.13479013249928543
itr_steps: 50 8.670984735781317e-09 0.13480797654667442
itr_steps: 54 9.086906338495737e-09 0.13479074791131374
itr_steps: 38 8.643056409463057e-09 0.13480961158395566
itr_steps: 55 9.475471823838788e-09 0.13479162765458383
itr_steps: 37 9.700011349700333e-09 0.13480908778412676
itr_steps: 55 8.929756573072822e-09 0.13479132936094657
itr_steps: 30 8.968098846873218e-09 0.13480845430814328
itr_steps: 54 9.60711693531735e-09 0.13479187247313917
itr_steps: 30 8.238886933797929e-09 0.1348080671605561
itr_steps: 54 9.455075750119946e-09 0.13479309836255823
itr_steps: 49 9.776583514975457e-09 0.13481058391841585
itr_steps: 56 9.130934036649663e-09 0.13479364692641763
itr_steps: 49 9.373998743900103e-09 0.13480999386275322
itr_steps: 56 8.61764154480582e-09 0.13479370511229696
itr_steps: 49 9.519286997550225e-09 0.13480949005708012
itr_steps: 55 9.530746997166162e-09 0.1347939312980448
itr_steps: 49 9.443817672316612e-09 0.1348090642003802
itr_steps: 55 9.032138176268134e-09 0.13479416811859196
itr_steps: 49 9.42476829912664e-09 0.13480872612965603
itr_steps: 55 8.545686575045508e-09 0.13479447459471702
itr_steps: 49 9.350293983523272e-09 0.13480846168619964
itr_steps: 54 9.43353412052872e-09 0.13479530679499266
