##    0 :lr 0.000200 :tot_ene    16.9543 :dif_ene     0.0000 :dif_cor     0.0000 :  0.          1.17802166  4.9342375   7.36395622  5.0374014   0.304174  -1.86353823
##    1 :lr 0.000196 :tot_ene    16.9539 :dif_ene     0.0008 :dif_cor     0.0019 :  0.          1.17781831  4.93392726  7.36392893  5.0376202   0.30412277  -1.86353823
##    2 :lr 0.000192 :tot_ene    16.9534 :dif_ene     0.0009 :dif_cor     0.0019 :  0.          1.17780434  4.93412904  7.36394252  5.03727754  0.30381472  -1.86353823
##    3 :lr 0.000188 :tot_ene    16.9530 :dif_ene     0.0009 :dif_cor     0.0019 :  0.          1.17779062  4.93432673  7.3639558   5.03694342  0.30351476  -1.86353823
##    4 :lr 0.000184 :tot_ene    16.9526 :dif_ene     0.0008 :dif_cor     0.0019 :  0.          1.17777705  4.9345202   7.3639688   5.03661697  0.30322176  -1.86353823
##    5 :lr 0.000181 :tot_ene    16.9521 :dif_ene     0.0008 :dif_cor     0.0018 :  0.          1.17776359  4.93470948  7.36398152  5.03629783  0.30293526  -1.86353823
##    6 :lr 0.000177 :tot_ene    16.9517 :dif_ene     0.0008 :dif_cor     0.0018 :  0.          1.17775022  4.93489462  7.36399396  5.03598572  0.30265501  -1.86353823
##    7 :lr 0.000174 :tot_ene    16.9513 :dif_ene     0.0008 :dif_cor     0.0017 :  0.          1.17773693  4.93507568  7.36400614  5.03568043  0.30238082  -1.86353823
##    8 :lr 0.000170 :tot_ene    16.9510 :dif_ene     0.0008 :dif_cor     0.0017 :  0.          1.17772374  4.93525276  7.36401805  5.03538178  0.30211251  -1.86353823
##    9 :lr 0.000167 :tot_ene    16.9506 :dif_ene     0.0008 :dif_cor     0.0017 :  0.          1.17771063  4.93542593  7.3640297   5.03508959  0.30184992  -1.86353823
##   10 :lr 0.000163 :tot_ene    16.9502 :dif_ene     0.0007 :dif_cor     0.0016 :  0.          1.1776976   4.93559526  7.3640411   5.0348037   0.3015929  -1.86353823
##   11 :lr 0.000160 :tot_ene    16.9498 :dif_ene     0.0007 :dif_cor     0.0016 :  0.          1.17768467  4.93576085  7.36405226  5.03452394  0.30134132  -1.86353823
##   12 :lr 0.000157 :tot_ene    16.9495 :dif_ene     0.0007 :dif_cor     0.0015 :  0.          1.17767183  4.93592279  7.36406317  5.03425017  0.30109503  -1.86353823
##   13 :lr 0.000154 :tot_ene    16.9491 :dif_ene     0.0007 :dif_cor     0.0015 :  0.          1.17765908  4.93608114  7.36407386  5.03398224  0.30085391  -1.86353823
##   14 :lr 0.000151 :tot_ene    16.9488 :dif_ene     0.0007 :dif_cor     0.0015 :  0.          1.17764643  4.93623599  7.36408431  5.03372002  0.30061783  -1.86353823
##   15 :lr 0.000148 :tot_ene    16.9484 :dif_ene     0.0007 :dif_cor     0.0015 :  0.          1.17763388  4.93638743  7.36409453  5.03346338  0.30038669  -1.86353823
##   16 :lr 0.000145 :tot_ene    16.9481 :dif_ene     0.0006 :dif_cor     0.0014 :  0.          1.17762144  4.93653553  7.36410454  5.03321218  0.30016036  -1.86353823
##   17 :lr 0.000142 :tot_ene    16.9478 :dif_ene     0.0006 :dif_cor     0.0014 :  0.          1.1776091   4.93668037  7.36411433  5.0329663   0.29993874  -1.86353823
##   18 :lr 0.000139 :tot_ene    16.9475 :dif_ene     0.0006 :dif_cor     0.0014 :  0.          1.17759688  4.93682202  7.36412391  5.03272562  0.29972171  -1.86353823
##   19 :lr 0.000136 :tot_ene    16.9471 :dif_ene     0.0006 :dif_cor     0.0013 :  0.          1.17758477  4.93696057  7.36413329  5.03249003  0.29950919  -1.86353823
##   20 :lr 0.000134 :tot_ene    16.9468 :dif_ene     0.0006 :dif_cor     0.0013 :  0.          1.17757278  4.93709607  7.36414246  5.0322594   0.29930107  -1.86353823
##   21 :lr 0.000131 :tot_ene    16.9465 :dif_ene     0.0006 :dif_cor     0.0013 :  0.          1.1775609   4.93722861  7.36415144  5.03203362  0.29909725  -1.86353823
##   22 :lr 0.000128 :tot_ene    16.9462 :dif_ene     0.0006 :dif_cor     0.0012 :  0.          1.17754915  4.93735824  7.36416023  5.0318126   0.29889764  -1.86353823
##   23 :lr 0.000126 :tot_ene    16.9460 :dif_ene     0.0006 :dif_cor     0.0012 :  0.          1.17753753  4.93748505  7.36416883  5.03159622  0.29870214  -1.86353823
##   24 :lr 0.000123 :tot_ene    16.9457 :dif_ene     0.0005 :dif_cor     0.0012 :  0.          1.17752603  4.93760908  7.36417724  5.03138438  0.29851068  -1.86353823
##   25 :lr 0.000121 :tot_ene    16.9454 :dif_ene     0.0005 :dif_cor     0.0012 :  0.          1.17751465  4.93773042  7.36418548  5.03117698  0.29832315  -1.86353823
##   26 :lr 0.000118 :tot_ene    16.9451 :dif_ene     0.0005 :dif_cor     0.0011 :  0.          1.17750341  4.93784912  7.36419354  5.03097392  0.29813948  -1.86353823
##   27 :lr 0.000116 :tot_ene    16.9449 :dif_ene     0.0005 :dif_cor     0.0011 :  0.          1.17749229  4.93796524  7.36420143  5.03077511  0.29795959  -1.86353823
##   28 :lr 0.000114 :tot_ene    16.9446 :dif_ene     0.0005 :dif_cor     0.0011 :  0.          1.17748131  4.93807884  7.36420915  5.03058045  0.29778339  -1.86353823
##   29 :lr 0.000111 :tot_ene    16.9443 :dif_ene     0.0005 :dif_cor     0.0011 :  0.          1.17747046  4.93818998  7.36421671  5.03038986  0.29761081  -1.86353823
##   30 :lr 0.000109 :tot_ene    16.9441 :dif_ene     0.0005 :dif_cor     0.0010 :  0.          1.17745974  4.93829871  7.36422411  5.03020324  0.29744177  -1.86353823
##   31 :lr 0.000107 :tot_ene    16.9438 :dif_ene     0.0005 :dif_cor     0.0010 :  0.          1.17744916  4.9384051   7.36423135  5.03002051  0.29727619  -1.86353823
##   32 :lr 0.000105 :tot_ene    16.9436 :dif_ene     0.0005 :dif_cor     0.0010 :  0.          1.17743871  4.9385092   7.36423843  5.02984159  0.297114  -1.86353823
##   33 :lr 0.000103 :tot_ene    16.9434 :dif_ene     0.0005 :dif_cor     0.0010 :  0.          1.1774284   4.93861105  7.36424537  5.02966639  0.29695514  -1.86353823
##   34 :lr 0.000101 :tot_ene    16.9431 :dif_ene     0.0004 :dif_cor     0.0010 :  0.          1.17741822  4.93871071  7.36425216  5.02949483  0.29679952  -1.86353823
##   35 :lr 0.000099 :tot_ene    16.9429 :dif_ene     0.0004 :dif_cor     0.0009 :  0.          1.17740818  4.93880822  7.3642588   5.02932683  0.29664709  -1.86353823
##   36 :lr 0.000097 :tot_ene    16.9427 :dif_ene     0.0004 :dif_cor     0.0009 :  0.          1.17739827  4.93890365  7.36426531  5.02916232  0.29649777  -1.86353823
##   37 :lr 0.000095 :tot_ene    16.9425 :dif_ene     0.0004 :dif_cor     0.0009 :  0.          1.1773885   4.93899703  7.36427168  5.02900122  0.2963515  -1.86353823
##   38 :lr 0.000093 :tot_ene    16.9423 :dif_ene     0.0004 :dif_cor     0.0009 :  0.          1.17737886  4.93908842  7.36427791  5.02884346  0.29620822  -1.86353823
##   39 :lr 0.000091 :tot_ene    16.9420 :dif_ene     0.0004 :dif_cor     0.0009 :  0.          1.17736936  4.93917785  7.36428401  5.02868897  0.29606786  -1.86353823
##   40 :lr 0.000089 :tot_ene    16.9418 :dif_ene     0.0004 :dif_cor     0.0008 :  0.          1.17736     4.93926536  7.36428999  5.02853767  0.29593037  -1.86353823
##   41 :lr 0.000087 :tot_ene    16.9416 :dif_ene     0.0004 :dif_cor     0.0008 :  0.          1.17735077  4.93935102  7.36429584  5.0283895   0.29579568  -1.86353823
##   42 :lr 0.000086 :tot_ene    16.9414 :dif_ene     0.0004 :dif_cor     0.0008 :  0.          1.17734167  4.93943485  7.36430156  5.02824439  0.29566373  -1.86353823
##   43 :lr 0.000084 :tot_ene    16.9413 :dif_ene     0.0004 :dif_cor     0.0008 :  0.          1.17733271  4.9395169   7.36430717  5.02810228  0.29553448  -1.86353823
##   44 :lr 0.000082 :tot_ene    16.9411 :dif_ene     0.0004 :dif_cor     0.0008 :  0.          1.17732387  4.9395972   7.36431265  5.0279631   0.29540786  -1.86353823
##   45 :lr 0.000081 :tot_ene    16.9409 :dif_ene     0.0004 :dif_cor     0.0008 :  0.          1.17731518  4.9396758   7.36431803  5.0278268   0.29528381  -1.86353823
##   46 :lr 0.000079 :tot_ene    16.9407 :dif_ene     0.0003 :dif_cor     0.0007 :  0.          1.17730661  4.93975273  7.36432328  5.0276933   0.29516229  -1.86353823
##   47 :lr 0.000077 :tot_ene    16.9405 :dif_ene     0.0003 :dif_cor     0.0007 :  0.          1.17729817  4.93982804  7.36432843  5.02756255  0.29504324  -1.86353823
##   48 :lr 0.000076 :tot_ene    16.9403 :dif_ene     0.0003 :dif_cor     0.0007 :  0.          1.17728986  4.93990175  7.36433348  5.0274345   0.29492661  -1.86353823
##   49 :lr 0.000074 :tot_ene    16.9402 :dif_ene     0.0003 :dif_cor     0.0007 :  0.          1.17728168  4.9399739   7.36433841  5.02730907  0.29481236  -1.86353823
##   50 :lr 0.000073 :tot_ene    16.9400 :dif_ene     0.0003 :dif_cor     0.0007 :  0.          1.17727362  4.94004453  7.36434324  5.02718623  0.29470042  -1.86353823
##   51 :lr 0.000071 :tot_ene    16.9398 :dif_ene     0.0003 :dif_cor     0.0007 :  0.          1.17726569  4.94011367  7.36434798  5.02706591  0.29459076  -1.86353823
##   52 :lr 0.000070 :tot_ene    16.9397 :dif_ene     0.0003 :dif_cor     0.0007 :  0.          1.17725789  4.94018135  7.36435261  5.02694806  0.29448333  -1.86353823
##   53 :lr 0.000069 :tot_ene    16.9395 :dif_ene     0.0003 :dif_cor     0.0006 :  0.          1.17725021  4.94024761  7.36435715  5.02683263  0.29437808  -1.86353823
##   54 :lr 0.000067 :tot_ene    16.9394 :dif_ene     0.0003 :dif_cor     0.0006 :  0.          1.17724265  4.94031248  7.36436159  5.02671958  0.29427496  -1.86353823
##   55 :lr 0.000066 :tot_ene    16.9392 :dif_ene     0.0003 :dif_cor     0.0006 :  0.          1.17723521  4.94037598  7.36436594  5.02660883  0.29417394  -1.86353823
##   56 :lr 0.000065 :tot_ene    16.9391 :dif_ene     0.0003 :dif_cor     0.0006 :  0.          1.1772279   4.94043815  7.3643702   5.02650036  0.29407497  -1.86353823
##   57 :lr 0.000063 :tot_ene    16.9389 :dif_ene     0.0003 :dif_cor     0.0006 :  0.          1.1772207   4.94049902  7.36437437  5.02639411  0.293978  -1.86353823
##   58 :lr 0.000062 :tot_ene    16.9388 :dif_ene     0.0003 :dif_cor     0.0006 :  0.          1.17721362  4.94055861  7.36437845  5.02629004  0.293883  -1.86353823
##   59 :lr 0.000061 :tot_ene    16.9386 :dif_ene     0.0003 :dif_cor     0.0006 :  0.          1.17720666  4.94061695  7.36438245  5.0261881   0.29378993  -1.86353823
##   60 :lr 0.000060 :tot_ene    16.9385 :dif_ene     0.0003 :dif_cor     0.0006 :  0.          1.17719981  4.94067408  7.36438637  5.02608824  0.29369874  -1.86353823
##   61 :lr 0.000058 :tot_ene    16.9384 :dif_ene     0.0003 :dif_cor     0.0005 :  0.          1.17719308  4.94073001  7.3643902   5.02599042  0.2936094  -1.86353823
##   62 :lr 0.000057 :tot_ene    16.9382 :dif_ene     0.0002 :dif_cor     0.0005 :  0.          1.17718646  4.94078477  7.36439396  5.02589461  0.29352187  -1.86353823
##   63 :lr 0.000056 :tot_ene    16.9381 :dif_ene     0.0002 :dif_cor     0.0005 :  0.          1.17717995  4.94083839  7.36439763  5.02580075  0.29343611  -1.86353823
##   64 :lr 0.000055 :tot_ene    16.9380 :dif_ene     0.0002 :dif_cor     0.0005 :  0.          1.17717355  4.94089089  7.36440124  5.0257088   0.29335209  -1.86353823
##   65 :lr 0.000054 :tot_ene    16.9379 :dif_ene     0.0002 :dif_cor     0.0005 :  0.          1.17716725  4.9409423   7.36440476  5.02561874  0.29326977  -1.86353823
##   66 :lr 0.000053 :tot_ene    16.9377 :dif_ene     0.0002 :dif_cor     0.0005 :  0.          1.17716107  4.94099264  7.36440822  5.02553051  0.29318911  -1.86353823
##   67 :lr 0.000052 :tot_ene    16.9376 :dif_ene     0.0002 :dif_cor     0.0005 :  0.          1.17715499  4.94104194  7.3644116   5.02544408  0.29311009  -1.86353823
##   68 :lr 0.000051 :tot_ene    16.9375 :dif_ene     0.0002 :dif_cor     0.0005 :  0.          1.17714901  4.94109021  7.36441491  5.02535942  0.29303266  -1.86353823
##   69 :lr 0.000050 :tot_ene    16.9374 :dif_ene     0.0002 :dif_cor     0.0005 :  0.          1.17714314  4.94113747  7.36441816  5.02527648  0.2929568  -1.86353823
##   70 :lr 0.000049 :tot_ene    16.9373 :dif_ene     0.0002 :dif_cor     0.0005 :  0.          1.17713737  4.94118376  7.36442133  5.02519522  0.29288247  -1.86353823
##   71 :lr 0.000048 :tot_ene    16.9372 :dif_ene     0.0002 :dif_cor     0.0004 :  0.          1.17713169  4.94122908  7.36442445  5.02511563  0.29280965  -1.86353823
##   72 :lr 0.000047 :tot_ene    16.9371 :dif_ene     0.0002 :dif_cor     0.0004 :  0.          1.17712612  4.94127347  7.36442749  5.02503765  0.2927383  -1.86353823
##   73 :lr 0.000046 :tot_ene    16.9370 :dif_ene     0.0002 :dif_cor     0.0004 :  0.          1.17712064  4.94131694  7.36443048  5.02496126  0.29266839  -1.86353823
##   74 :lr 0.000045 :tot_ene    16.9369 :dif_ene     0.0002 :dif_cor     0.0004 :  0.          1.17711526  4.94135951  7.3644334   5.02488643  0.29259989  -1.86353823
##   75 :lr 0.000044 :tot_ene    16.9368 :dif_ene     0.0002 :dif_cor     0.0004 :  0.          1.17710998  4.9414012   7.36443627  5.02481311  0.29253277  -1.86353823
##   76 :lr 0.000043 :tot_ene    16.9367 :dif_ene     0.0002 :dif_cor     0.0004 :  0.          1.17710479  4.94144202  7.36443907  5.02474129  0.29246701  -1.86353823
##   77 :lr 0.000042 :tot_ene    16.9366 :dif_ene     0.0002 :dif_cor     0.0004 :  0.          1.17709969  4.94148201  7.36444182  5.02467093  0.29240258  -1.86353823
##   78 :lr 0.000041 :tot_ene    16.9365 :dif_ene     0.0002 :dif_cor     0.0004 :  0.          1.17709468  4.94152117  7.36444451  5.024602    0.29233945  -1.86353823
##   79 :lr 0.000041 :tot_ene    16.9364 :dif_ene     0.0002 :dif_cor     0.0004 :  0.          1.17708976  4.94155952  7.36444714  5.02453446  0.29227759  -1.86353823
##   80 :lr 0.000040 :tot_ene    16.9363 :dif_ene     0.0002 :dif_cor     0.0004 :  0.          1.17708492  4.94159708  7.36444972  5.0244683   0.29221699  -1.86353823
##   81 :lr 0.000039 :tot_ene    16.9362 :dif_ene     0.0002 :dif_cor     0.0004 :  0.          1.17708017  4.94163386  7.36445225  5.02440348  0.2921576  -1.86353823
##   82 :lr 0.000038 :tot_ene    16.9361 :dif_ene     0.0002 :dif_cor     0.0004 :  0.          1.17707551  4.94166989  7.36445473  5.02433998  0.29209941  -1.86353823
##   83 :lr 0.000037 :tot_ene    16.9360 :dif_ene     0.0002 :dif_cor     0.0003 :  0.          1.17707094  4.94170518  7.36445715  5.02427776  0.29204239  -1.86353823
##   84 :lr 0.000037 :tot_ene    16.9359 :dif_ene     0.0002 :dif_cor     0.0003 :  0.          1.17706644  4.94173974  7.36445953  5.02421681  0.29198653  -1.86353823
##   85 :lr 0.000036 :tot_ene    16.9358 :dif_ene     0.0002 :dif_cor     0.0003 :  0.          1.17706203  4.9417736   7.36446186  5.02415709  0.29193179  -1.86353823
##   86 :lr 0.000035 :tot_ene    16.9358 :dif_ene     0.0002 :dif_cor     0.0003 :  0.          1.17705769  4.94180675  7.36446414  5.02409858  0.29187815  -1.86353823
##   87 :lr 0.000034 :tot_ene    16.9357 :dif_ene     0.0001 :dif_cor     0.0003 :  0.          1.17705344  4.94183923  7.36446637  5.02404126  0.2918256  -1.86353823
##   88 :lr 0.000034 :tot_ene    16.9356 :dif_ene     0.0001 :dif_cor     0.0003 :  0.          1.17704926  4.94187104  7.36446856  5.0239851   0.29177411  -1.86353823
##   89 :lr 0.000033 :tot_ene    16.9355 :dif_ene     0.0001 :dif_cor     0.0003 :  0.          1.17704516  4.94190219  7.3644707   5.02393008  0.29172365  -1.86353823
##   90 :lr 0.000032 :tot_ene    16.9355 :dif_ene     0.0001 :dif_cor     0.0003 :  0.          1.17704113  4.94193271  7.3644728   5.02387617  0.29167421  -1.86353823
##   91 :lr 0.000032 :tot_ene    16.9354 :dif_ene     0.0001 :dif_cor     0.0003 :  0.          1.17703718  4.9419626   7.36447485  5.02382335  0.29162576  -1.86353823
##   92 :lr 0.000031 :tot_ene    16.9353 :dif_ene     0.0001 :dif_cor     0.0003 :  0.          1.17703329  4.94199188  7.36447687  5.0237716   0.29157829  -1.86353823
##   93 :lr 0.000031 :tot_ene    16.9352 :dif_ene     0.0001 :dif_cor     0.0003 :  0.          1.17702948  4.94202056  7.36447884  5.0237209   0.29153178  -1.86353823
##   94 :lr 0.000030 :tot_ene    16.9352 :dif_ene     0.0001 :dif_cor     0.0003 :  0.          1.17702575  4.94204866  7.36448077  5.02367122  0.2914862  -1.86353823
##   95 :lr 0.000029 :tot_ene    16.9351 :dif_ene     0.0001 :dif_cor     0.0003 :  0.          1.17702208  4.94207618  7.36448267  5.02362255  0.29144154  -1.86353823
##   96 :lr 0.000029 :tot_ene    16.9350 :dif_ene     0.0001 :dif_cor     0.0003 :  0.          1.17701847  4.94210313  7.36448452  5.02357486  0.29139778  -1.86353823
##   97 :lr 0.000028 :tot_ene    16.9350 :dif_ene     0.0001 :dif_cor     0.0003 :  0.          1.17701494  4.94212954  7.36448634  5.02352814  0.2913549  -1.86353823
##   98 :lr 0.000028 :tot_ene    16.9349 :dif_ene     0.0001 :dif_cor     0.0003 :  0.          1.17701147  4.9421554   7.36448812  5.02348236  0.29131288  -1.86353823
##   99 :lr 0.000027 :tot_ene    16.9348 :dif_ene     0.0001 :dif_cor     0.0003 :  0.          1.17700806  4.94218074  7.36448986  5.0234375   0.29127171  -1.86353823
##  100 :lr 0.000027 :tot_ene    16.9348 :dif_ene     0.0001 :dif_cor     0.0002 :  0.          1.17700472  4.94220556  7.36449157  5.02339356  0.29123137  -1.86353823
##  101 :lr 0.000026 :tot_ene    16.9347 :dif_ene     0.0001 :dif_cor     0.0002 :  0.          1.17700144  4.94222988  7.36449324  5.0233505   0.29119184  -1.86353823
##  102 :lr 0.000025 :tot_ene    16.9347 :dif_ene     0.0001 :dif_cor     0.0002 :  0.          1.17699822  4.94225369  7.36449488  5.0233083   0.2911531  -1.86353823
##  103 :lr 0.000025 :tot_ene    16.9346 :dif_ene     0.0001 :dif_cor     0.0002 :  0.          1.17699506  4.94227703  7.36449649  5.02326697  0.29111515  -1.86353823
##  104 :lr 0.000024 :tot_ene    16.9346 :dif_ene     0.0001 :dif_cor     0.0002 :  0.          1.17699196  4.94229988  7.36449806  5.02322646  0.29107795  -1.86353823
##  105 :lr 0.000024 :tot_ene    16.9345 :dif_ene     0.0001 :dif_cor     0.0002 :  0.          1.17698892  4.94232228  7.3644996   5.02318677  0.29104151  -1.86353823
##  106 :lr 0.000023 :tot_ene    16.9344 :dif_ene     0.0001 :dif_cor     0.0002 :  0.          1.17698594  4.94234421  7.36450111  5.02314789  0.29100579  -1.86353823
##  107 :lr 0.000023 :tot_ene    16.9344 :dif_ene     0.0001 :dif_cor     0.0002 :  0.          1.17698301  4.9423657   7.36450259  5.02310979  0.2909708  -1.86353823
!! cvrg :lr 0.000023 :tot_ene    16.9344 :dif_ene     0.0001 :dif_cor     0.0002 :  0.          1.17698301  4.9423657   7.36450259  5.02310979  0.2909708  -1.86353823
