##    0 :lr 0.010000 :tot_ene   184.8233 :dif_ene     0.0000 :dif_cor     0.0000 :  0.         36.85458487 43.45553511  9.79737638 52.02416442 44.55389216  -1.86225556
##    1 :lr 0.012000 :tot_ene   115.8444 :dif_ene   144.9512 :dif_cor     1.7849 :  0.         15.36156282 20.25082014 47.78351441 20.06427291 14.2464694  -1.86225556
##    2 :lr 0.014400 :tot_ene    65.2254 :dif_ene    50.6190 :dif_cor     0.9314 :  0.          8.56528687 13.05666304 24.28525705 13.3495314   7.83090534  -1.86225556
##    3 :lr 0.017280 :tot_ene    34.5278 :dif_ene    30.6976 :dif_cor     1.4247 :  0.          3.60135196  7.53848177 14.99966314  7.57291591  2.67766595  -1.86225556
## rjct :lr 0.008640 :tot_ene    35.9240 :dif_ene    11.9371 :dif_cor     1.0142 :  0.          2.25962174  6.30368772 21.66628039  6.23771073  1.31894348  -1.86225556
##    5 :lr 0.010368 :tot_ene    27.8721 :dif_ene     6.6557 :dif_cor     0.5003 :  0.          2.76030295  6.66998799 11.74345235  6.69867468  1.86191436  -1.86225556
##    6 :lr 0.012442 :tot_ene    25.5368 :dif_ene     4.6084 :dif_cor     0.6715 :  0.          1.92406133  5.8048516  12.87998059  5.78324069  1.00687287  -1.86225556
## rjct :lr 0.006221 :tot_ene    26.8946 :dif_ene     2.9247 :dif_cor     0.4666 :  0.          1.71030996  5.62841706 15.02126792  5.59910677  0.79779676  -1.86225556
##    8 :lr 0.007465 :tot_ene    20.7167 :dif_ene     4.8200 :dif_cor     0.2278 :  0.          1.79566608  5.64794479  8.6176625   5.63231633  0.88541219  -1.86225556
## rjct :lr 0.003732 :tot_ene    21.9481 :dif_ene     4.0323 :dif_cor     0.5641 :  0.          1.46021707  5.29734085 11.24947258  5.26172121  0.54159169  -1.86225556
##   10 :lr 0.004479 :tot_ene    19.6638 :dif_ene     1.0530 :dif_cor     0.2821 :  0.          1.58989344  5.43120033  8.42730926  5.40289151  0.67474004  -1.86225556
##   11 :lr 0.005375 :tot_ene    19.4168 :dif_ene     0.4587 :dif_cor     0.2173 :  0.          1.50083424  5.34626374  8.53317495  5.31357697  0.58518015  -1.86225556
## rjct :lr 0.002687 :tot_ene    19.8759 :dif_ene     1.0575 :dif_cor     0.2466 :  0.          1.4325513   5.26847954  9.29151437  5.23257997  0.51306743  -1.86225556
##   13 :lr 0.003225 :tot_ene    18.4964 :dif_ene     0.9204 :dif_cor     0.1240 :  0.          1.46353278  5.30210572  7.7804796   5.26690023  0.54562059  -1.86225556
##   14 :lr 0.003870 :tot_ene    18.4204 :dif_ene     0.5301 :dif_cor     0.2626 :  0.          1.38793611  5.22604205  8.0075391   5.19159435  0.46952531  -1.86225556
## rjct :lr 0.001935 :tot_ene    18.6566 :dif_ene     0.4367 :dif_cor     0.1528 :  0.          1.36607232  5.19705406  8.34396957  5.16542299  0.44632293  -1.86225556
##   16 :lr 0.002322 :tot_ene    17.9598 :dif_ene     0.4606 :dif_cor     0.0768 :  0.          1.37625902  5.20856168  7.60590468  5.17436784  0.45696914  -1.86225556
## rjct :lr 0.001161 :tot_ene    18.0873 :dif_ene     0.3831 :dif_cor     0.2147 :  0.          1.34167263  5.17140136  7.86120549  5.14941323  0.42586359  -1.86225556
##   18 :lr 0.001393 :tot_ene    17.8978 :dif_ene     0.0896 :dif_cor     0.1071 :  0.          1.35679506  5.18686949  7.61969781  5.15778939  0.43889531  -1.86225556
!! cvrg :lr 0.001393 :tot_ene    17.8601 :dif_ene     0.0663 :dif_cor     0.0775 :  0.          1.34508715  5.17050523  7.63399897  5.14513113  0.42761957  -1.86225556
