##    0 :lr 0.001000 :tot_ene    17.8601 :dif_ene     0.0000 :dif_cor     0.0000 :  0.          1.34508559  5.17051395  7.63399809  5.14513183  0.42761705  -1.86225556
##    1 :lr 0.001200 :tot_ene    17.7665 :dif_ene     0.0936 :dif_cor     0.0492 :  0.          1.34103498  5.16588192  7.55413186  5.14286489  0.42487764  -1.86225556
## rjct :lr 0.000600 :tot_ene    17.7856 :dif_ene     0.1385 :dif_cor     0.0954 :  0.          1.32663592  5.14554155  7.63289781  5.13020593  0.41258522  -1.86225556
##    3 :lr 0.000720 :tot_ene    17.7243 :dif_ene     0.0422 :dif_cor     0.0476 :  0.          1.33357049  5.15508614  7.5439071   5.1356252   0.41841316  -1.86225556
##    4 :lr 0.000864 :tot_ene    17.7039 :dif_ene     0.0256 :dif_cor     0.0557 :  0.          1.32696825  5.14668623  7.54648959  5.13212964  0.41390706  -1.86225556
##    5 :lr 0.001037 :tot_ene    17.6725 :dif_ene     0.0314 :dif_cor     0.0505 :  0.          1.32041548  5.13631151  7.5439268   5.12562259  0.40850935  -1.86225556
## rjct :lr 0.000518 :tot_ene    17.6839 :dif_ene     0.0361 :dif_cor     0.0604 :  0.          1.31587926  5.13089549  7.56767636  5.12530819  0.40644338  -1.86225556
##    7 :lr 0.000622 :tot_ene    17.6334 :dif_ene     0.0391 :dif_cor     0.0301 :  0.          1.31807272  5.13317225  7.51231217  5.12472719  0.40737452  -1.86225556
##    8 :lr 0.000746 :tot_ene    17.6049 :dif_ene     0.0285 :dif_cor     0.0401 :  0.          1.31239925  5.12433529  7.50663679  5.12030543  0.40344239  -1.86225556
##    9 :lr 0.000896 :tot_ene    17.5857 :dif_ene     0.0191 :dif_cor     0.0482 :  0.          1.30701044  5.11639115  7.50630331  5.1177432   0.40052449  -1.86225556
## rjct :lr 0.000448 :tot_ene    17.5942 :dif_ene     0.0667 :dif_cor     0.0611 :  0.          1.30001565  5.10477392  7.54393808  5.11210787  0.39566514  -1.86225556
##   11 :lr 0.000537 :tot_ene    17.5601 :dif_ene     0.0256 :dif_cor     0.0305 :  0.          1.30345196  5.11027439  7.4962372   5.1144074   0.39802473  -1.86225556
##   12 :lr 0.000645 :tot_ene    17.5452 :dif_ene     0.0149 :dif_cor     0.0338 :  0.          1.30024636  5.10541157  7.49204738  5.11318837  0.39659499  -1.86225556
##   13 :lr 0.000774 :tot_ene    17.5269 :dif_ene     0.0195 :dif_cor     0.0395 :  0.          1.29570769  5.0976238   7.49264418  5.10947639  0.39368458  -1.86225556
## rjct :lr 0.000387 :tot_ene    17.5434 :dif_ene     0.0354 :dif_cor     0.0532 :  0.          1.29215519  5.09265503  7.51827564  5.10977129  0.3927604  -1.86225556
##   15 :lr 0.000464 :tot_ene    17.5102 :dif_ene     0.0167 :dif_cor     0.0265 :  0.          1.29388899  5.09486558  7.48140503  5.10912134  0.39317037  -1.86225556
##   16 :lr 0.000557 :tot_ene    17.4938 :dif_ene     0.0164 :dif_cor     0.0255 :  0.          1.29101671  5.08983988  7.47694347  5.10682508  0.39145421  -1.86225556
##   17 :lr 0.000669 :tot_ene    17.4809 :dif_ene     0.0129 :dif_cor     0.0288 :  0.          1.28829525  5.08541677  7.47343703  5.10569968  0.39035677  -1.86225556
##   18 :lr 0.000802 :tot_ene    17.4644 :dif_ene     0.0166 :dif_cor     0.0345 :  0.          1.28457908  5.07885719  7.47213614  5.10285096  0.38822154  -1.86225556
## rjct :lr 0.000401 :tot_ene    17.4680 :dif_ene     0.0213 :dif_cor     0.0457 :  0.          1.28145577  5.07408659  7.48459644  5.10270562  0.38743598  -1.86225556
##   20 :lr 0.000481 :tot_ene    17.4532 :dif_ene     0.0112 :dif_cor     0.0228 :  0.          1.28299066  5.07630943  7.46583352  5.10248127  0.38780008  -1.86225556
##   21 :lr 0.000578 :tot_ene    17.4398 :dif_ene     0.0134 :dif_cor     0.0232 :  0.          1.28056289  5.07195756  7.46247028  5.10060102  0.38645065  -1.86225556
##   22 :lr 0.000693 :tot_ene    17.4289 :dif_ene     0.0109 :dif_cor     0.0268 :  0.          1.27823744  5.06806137  7.45956825  5.09966568  0.38560631  -1.86225556
##   23 :lr 0.000832 :tot_ene    17.4147 :dif_ene     0.0141 :dif_cor     0.0325 :  0.          1.2750103   5.06224237  7.45874337  5.09718377  0.38381284  -1.86225556
## rjct :lr 0.000416 :tot_ene    17.4213 :dif_ene     0.0208 :dif_cor     0.0439 :  0.          1.27237665  5.05821957  7.47224458  5.09736572  0.38332314  -1.86225556
##   25 :lr 0.000499 :tot_ene    17.4054 :dif_ene     0.0093 :dif_cor     0.0219 :  0.          1.27367054  5.06006475  7.45345652  5.09695305  0.3835437  -1.86225556
##   26 :lr 0.000599 :tot_ene    17.3935 :dif_ene     0.0119 :dif_cor     0.0227 :  0.          1.27150866  5.05610721  7.45063454  5.09520094  0.38233578  -1.86225556
##   27 :lr 0.000719 :tot_ene    17.3850 :dif_ene     0.0086 :dif_cor     0.0265 :  0.          1.26953994  5.05280433  7.44858638  5.09455655  0.38173128  -1.86225556
##   28 :lr 0.000863 :tot_ene    17.3743 :dif_ene     0.0143 :dif_cor     0.0331 :  0.          1.26658343  5.0473866   7.45040273  5.0921443   0.38000759  -1.86225556
## rjct :lr 0.000431 :tot_ene    17.4004 :dif_ene     0.0355 :dif_cor     0.0476 :  0.          1.26456114  5.04472832  7.47967454  5.09359732  0.38005418  -1.86225556
##   30 :lr 0.000518 :tot_ene    17.3654 :dif_ene     0.0091 :dif_cor     0.0237 :  0.          1.26554384  5.04576049  7.44409757  5.09223919  0.37999614  -1.86225556
##   31 :lr 0.000621 :tot_ene    17.3540 :dif_ene     0.0114 :dif_cor     0.0242 :  0.          1.26349516  5.04191933  7.44176476  5.09034688  0.37873715  -1.86225556
##   32 :lr 0.000745 :tot_ene    17.3499 :dif_ene     0.0047 :dif_cor     0.0289 :  0.          1.26192636  5.03941876  7.44208324  5.09027377  0.37847549  -1.86225556
##   33 :lr 0.000894 :tot_ene    17.3497 :dif_ene     0.0257 :dif_cor     0.0377 :  0.          1.25898396  5.03399241  7.45479369  5.08769157  0.37648559  -1.86225556
## rjct :lr 0.000447 :tot_ene    17.3729 :dif_ene     0.0254 :dif_cor     0.0435 :  0.          1.25824293  5.03362926  7.47589279  5.09007999  0.37731528  -1.86225556
##   35 :lr 0.000537 :tot_ene    17.3270 :dif_ene     0.0237 :dif_cor     0.0217 :  0.          1.25858203  5.03335014  7.43259419  5.08782789  0.37685425  -1.86225556
##   36 :lr 0.000644 :tot_ene    17.3177 :dif_ene     0.0093 :dif_cor     0.0211 :  0.          1.25683672  5.03012977  7.43072419  5.08637337  0.37586945  -1.86225556
##   37 :lr 0.000773 :tot_ene    17.3119 :dif_ene     0.0058 :dif_cor     0.0253 :  0.          1.25531263  5.02761112  7.42979558  5.08598671  0.37546811  -1.86225556
##   38 :lr 0.000927 :tot_ene    17.3065 :dif_ene     0.0165 :dif_cor     0.0329 :  0.          1.25279143  5.02296609  7.43531029  5.08380514  0.37386946  -1.86225556
## rjct :lr 0.000464 :tot_ene    17.3667 :dif_ene     0.0639 :dif_cor     0.0518 :  0.          1.25159263  5.02231923  7.49330692  5.08721587  0.37454263  -1.86225556
##   40 :lr 0.000556 :tot_ene    17.3001 :dif_ene     0.0081 :dif_cor     0.0258 :  0.          1.25215487  5.02213961  7.4295355   5.08434182  0.37415696  -1.86225556
##   41 :lr 0.000668 :tot_ene    17.2912 :dif_ene     0.0093 :dif_cor     0.0270 :  0.          1.25024552  5.01847938  7.42972323  5.08224561  0.37275927  -1.86225556
## rjct :lr 0.000334 :tot_ene    17.3018 :dif_ene     0.0142 :dif_cor     0.0349 :  0.          1.24936173  5.0175367   7.44051423  5.08348627  0.37311225  -1.86225556
##   43 :lr 0.000401 :tot_ene    17.2811 :dif_ene     0.0107 :dif_cor     0.0174 :  0.          1.24978761  5.01780294  7.42047191  5.08238126  0.37291517  -1.86225556
##   44 :lr 0.000481 :tot_ene    17.2747 :dif_ene     0.0064 :dif_cor     0.0142 :  0.          1.2487096   5.01582523  7.41870229  5.081463    0.37229816  -1.86225556
##   45 :lr 0.000577 :tot_ene    17.2695 :dif_ene     0.0053 :dif_cor     0.0156 :  0.          1.24767089  5.01405644  7.41713789  5.08096609  0.37190656  -1.86225556
##   46 :lr 0.000692 :tot_ene    17.2623 :dif_ene     0.0072 :dif_cor     0.0184 :  0.          1.24628232  5.01157904  7.4155171   5.07994905  0.37118621  -1.86225556
##   47 :lr 0.000831 :tot_ene    17.2557 :dif_ene     0.0065 :dif_cor     0.0220 :  0.          1.24488283  5.00922515  7.41389882  5.07930942  0.37066132  -1.86225556
##   48 :lr 0.000997 :tot_ene    17.2476 :dif_ene     0.0086 :dif_cor     0.0278 :  0.          1.24288719  5.00564601  7.41413628  5.07769723  0.36948772  -1.86225556
## rjct :lr 0.000498 :tot_ene    17.2647 :dif_ene     0.0231 :dif_cor     0.0404 :  0.          1.24152415  5.00401344  7.43309387  5.0788272   0.36950171  -1.86225556
##   50 :lr 0.000598 :tot_ene    17.2441 :dif_ene     0.0037 :dif_cor     0.0201 :  0.          1.24218837  5.00464128  7.41226153  5.0778323   0.36947776  -1.86225556
##   51 :lr 0.000718 :tot_ene    17.2375 :dif_ene     0.0073 :dif_cor     0.0229 :  0.          1.24065259  5.00179976  7.41260529  5.07629258  0.36839614  -1.86225556
## rjct :lr 0.000359 :tot_ene    17.2441 :dif_ene     0.0101 :dif_cor     0.0306 :  0.          1.23982628  5.0008755   7.41999827  5.07712938  0.36855292  -1.86225556
##   53 :lr 0.000431 :tot_ene    17.2319 :dif_ene     0.0059 :dif_cor     0.0153 :  0.          1.2402286   5.00120467  7.40788118  5.07639428  0.36846262  -1.86225556
##   54 :lr 0.000517 :tot_ene    17.2265 :dif_ene     0.0054 :dif_cor     0.0138 :  0.          1.2392851   4.9995051   7.4064942   5.07555804  0.36788058  -1.86225556
##   55 :lr 0.000620 :tot_ene    17.2223 :dif_ene     0.0042 :dif_cor     0.0154 :  0.          1.23842298  4.99810491  7.40523258  5.07519489  0.36755687  -1.86225556
##   56 :lr 0.000744 :tot_ene    17.2160 :dif_ene     0.0063 :dif_cor     0.0184 :  0.          1.23718278  4.99592924  7.40409562  5.07420714  0.36682969  -1.86225556
##   57 :lr 0.000893 :tot_ene    17.2121 :dif_ene     0.0039 :dif_cor     0.0227 :  0.          1.2360704   4.99420761  7.40367854  5.07390541  0.36646456  -1.86225556
##   58 :lr 0.001071 :tot_ene    17.2108 :dif_ene     0.0156 :dif_cor     0.0309 :  0.          1.23412383  4.99079209  7.41081688  5.07224655  0.36505737  -1.86225556
## rjct :lr 0.000536 :tot_ene    17.3102 :dif_ene     0.1001 :dif_cor     0.0547 :  0.          1.23374847  4.99261319  7.50144711  5.07842942  0.36616812  -1.86225556
## rjct :lr 0.000268 :tot_ene    17.2125 :dif_ene     0.0022 :dif_cor     0.0272 :  0.          1.23389107  4.99087761  7.41114827  5.07332597  0.36555674  -1.86225556
##   61 :lr 0.000321 :tot_ene    17.1995 :dif_ene     0.0119 :dif_cor     0.0136 :  0.          1.23399632  4.99064759  7.39948783  5.07231695  0.36529278  -1.86225556
##   62 :lr 0.000386 :tot_ene    17.1967 :dif_ene     0.0027 :dif_cor     0.0083 :  0.          1.23346036  4.98974828  7.39883488  5.07195368  0.36500136  -1.86225556
##   63 :lr 0.000463 :tot_ene    17.1937 :dif_ene     0.0031 :dif_cor     0.0097 :  0.          1.2328471   4.98873978  7.3980775   5.07157572  0.36468372  -1.86225556
##   64 :lr 0.000555 :tot_ene    17.1900 :dif_ene     0.0037 :dif_cor     0.0116 :  0.          1.23211741  4.9875389   7.39719251  5.0711112   0.3642956  -1.86225556
##   65 :lr 0.000667 :tot_ene    17.1857 :dif_ene     0.0043 :dif_cor     0.0138 :  0.          1.23126476  4.98614715  7.39615775  5.07057622  0.36384103  -1.86225556
##   66 :lr 0.000800 :tot_ene    17.1807 :dif_ene     0.0050 :dif_cor     0.0164 :  0.          1.23026112  4.98451504  7.39495847  5.06993456  0.36329306  -1.86225556
##   67 :lr 0.000960 :tot_ene    17.1749 :dif_ene     0.0058 :dif_cor     0.0194 :  0.          1.22909994  4.98265001  7.39357309  5.06920791  0.36265564  -1.86225556
##   68 :lr 0.001152 :tot_ene    17.1681 :dif_ene     0.0068 :dif_cor     0.0231 :  0.          1.2277328   4.98045947  7.39200476  5.06831294  0.36186998  -1.86225556
##   69 :lr 0.001382 :tot_ene    17.1609 :dif_ene     0.0072 :dif_cor     0.0274 :  0.          1.22621702  4.97811588  7.39033477  5.06743798  0.36102845  -1.86225556
##   70 :lr 0.001659 :tot_ene    17.1536 :dif_ene     0.0088 :dif_cor     0.0347 :  0.          1.22424221  4.97492413  7.39113392  5.0659131   0.35968018  -1.86225556
## rjct :lr 0.000829 :tot_ene    17.2346 :dif_ene     0.0829 :dif_cor     0.0569 :  0.          1.22326072  4.97525445  7.46859465  5.06982011  0.35993853  -1.86225556
## rjct :lr 0.000415 :tot_ene    17.1636 :dif_ene     0.0115 :dif_cor     0.0283 :  0.          1.22371254  4.97467072  7.40087043  5.06684682  0.35977424  -1.86225556
##   73 :lr 0.000498 :tot_ene    17.1509 :dif_ene     0.0033 :dif_cor     0.0141 :  0.          1.2239677   4.97470937  7.38862532  5.0661571   0.35971795  -1.86225556
##   74 :lr 0.000597 :tot_ene    17.1466 :dif_ene     0.0044 :dif_cor     0.0141 :  0.          1.22318429  4.97336393  7.38784054  5.06534412  0.35908028  -1.86225556
##    0 :lr 0.003000 :tot_ene    17.1466 :dif_ene     0.0000 :dif_cor     0.0000 :  0.          1.22318907  4.97336715  7.38784147  5.06534419  0.35907228  -1.86225556
## rjct :lr 0.001500 :tot_ene    17.2352 :dif_ene     0.0975 :dif_cor     0.0844 :  0.          1.22077487  4.97208613  7.47698943  5.06927362  0.35830925  -1.86225556
## rjct :lr 0.000750 :tot_ene    17.1609 :dif_ene     0.0202 :dif_cor     0.0417 :  0.          1.22191362  4.97211588  7.40439374  5.0660579   0.35865879  -1.86225556
##   77 :lr 0.000900 :tot_ene    17.1462 :dif_ene     0.0029 :dif_cor     0.0207 :  0.          1.22253417  4.97262572  7.3889908   5.06545854  0.35885664  -1.86225556
## rjct :lr 0.000450 :tot_ene    17.1535 :dif_ene     0.0217 :dif_cor     0.0298 :  0.          1.22095117  4.96995161  7.40350034  5.06396374  0.35738439  -1.86225556
##   79 :lr 0.000540 :tot_ene    17.1402 :dif_ene     0.0060 :dif_cor     0.0149 :  0.          1.22173459  4.97117221  7.38705974  5.06441985  0.35811461  -1.86225556
##   80 :lr 0.000648 :tot_ene    17.1392 :dif_ene     0.0015 :dif_cor     0.0161 :  0.          1.22135253  4.97083192  7.3865889   5.06463656  0.35805531  -1.86225556
##   81 :lr 0.000778 :tot_ene    17.1359 :dif_ene     0.0065 :dif_cor     0.0194 :  0.          1.22031581  4.96905493  7.38818892  5.06350653  0.35711603  -1.86225556
## rjct :lr 0.000389 :tot_ene    17.1486 :dif_ene     0.0133 :dif_cor     0.0278 :  0.          1.22002654  4.96931414  7.39938748  5.06478517  0.3573585  -1.86225556
##   83 :lr 0.000467 :tot_ene    17.1326 :dif_ene     0.0042 :dif_cor     0.0139 :  0.          1.22016073  4.96905628  7.38456864  5.06382222  0.35722665  -1.86225556
##   84 :lr 0.000560 :tot_ene    17.1286 :dif_ene     0.0040 :dif_cor     0.0126 :  0.          1.21948653  4.96792291  7.38371662  5.06309249  0.35663299  -1.86225556
##   85 :lr 0.000672 :tot_ene    17.1271 :dif_ene     0.0016 :dif_cor     0.0143 :  0.          1.21904415  4.9674455   7.38327084  5.06312012  0.35644364  -1.86225556
##   86 :lr 0.000806 :tot_ene    17.1236 :dif_ene     0.0048 :dif_cor     0.0176 :  0.          1.21812007  4.96594328  7.38393354  5.06219892  0.35562057  -1.86225556
## rjct :lr 0.000403 :tot_ene    17.1303 :dif_ene     0.0077 :dif_cor     0.0247 :  0.          1.21771561  4.9658883   7.39033239  5.06298965  0.35563677  -1.86225556
##   88 :lr 0.000484 :tot_ene    17.1215 :dif_ene     0.0025 :dif_cor     0.0123 :  0.          1.21791048  4.96583689  7.38196304  5.06240493  0.35562261  -1.86225556
##   89 :lr 0.000580 :tot_ene    17.1180 :dif_ene     0.0035 :dif_cor     0.0121 :  0.          1.21727969  4.96482169  7.38135681  5.06176405  0.35505839  -1.86225556
##   90 :lr 0.000697 :tot_ene    17.1166 :dif_ene     0.0015 :dif_cor     0.0140 :  0.          1.2168401   4.96436318  7.38100121  5.06176843  0.35483271  -1.86225556
##   91 :lr 0.000836 :tot_ene    17.1133 :dif_ene     0.0048 :dif_cor     0.0174 :  0.          1.2159446   4.96294997  7.38176109  5.06089001  0.35400348  -1.86225556
## rjct :lr 0.000418 :tot_ene    17.1211 :dif_ene     0.0085 :dif_cor     0.0249 :  0.          1.21557431  4.96301038  7.38896046  5.06176363  0.35401286  -1.86225556
##   93 :lr 0.000502 :tot_ene    17.1115 :dif_ene     0.0022 :dif_cor     0.0124 :  0.          1.21575177  4.96289249  7.38001511  5.06111923  0.35400198  -1.86225556
##   94 :lr 0.000602 :tot_ene    17.1081 :dif_ene     0.0034 :dif_cor     0.0124 :  0.          1.21511724  4.96188378  7.37951813  5.06045136  0.35339864  -1.86225556
##   95 :lr 0.000722 :tot_ene    17.1072 :dif_ene     0.0011 :dif_cor     0.0147 :  0.          1.2147251   4.96155524  7.37942878  5.06055276  0.35320256  -1.86225556
##   96 :lr 0.000867 :tot_ene    17.1048 :dif_ene     0.0063 :dif_cor     0.0187 :  0.          1.21378575  4.96007872  7.38138728  5.05958921  0.35226163  -1.86225556
## rjct :lr 0.000433 :tot_ene    17.1223 :dif_ene     0.0178 :dif_cor     0.0286 :  0.          1.21360471  4.96073466  7.39652258  5.06122148  0.35249088  -1.86225556
##   98 :lr 0.000520 :tot_ene    17.1030 :dif_ene     0.0032 :dif_cor     0.0143 :  0.          1.21368348  4.96023339  7.37897027  5.05998873  0.352365  -1.86225556
##   99 :lr 0.000624 :tot_ene    17.0992 :dif_ene     0.0038 :dif_cor     0.0141 :  0.          1.21298156  4.95908436  7.37863033  5.05914618  0.3516299  -1.86225556
## rjct :lr 0.000312 :tot_ene    17.1003 :dif_ene     0.0017 :dif_cor     0.0172 :  0.          1.21271367  4.95908101  7.37961977  5.05956659  0.35157602  -1.86225556
##  101 :lr 0.000374 :tot_ene    17.0973 :dif_ene     0.0022 :dif_cor     0.0086 :  0.          1.21284396  4.95904278  7.37680275  5.059264    0.35160032  -1.86225556
##  102 :lr 0.000449 :tot_ene    17.0955 :dif_ene     0.0018 :dif_cor     0.0074 :  0.          1.21248076  4.95854883  7.37648454  5.05898756  0.35126923  -1.86225556
##  103 :lr 0.000539 :tot_ene    17.0939 :dif_ene     0.0017 :dif_cor     0.0084 :  0.          1.21210758  4.9581051   7.37614706  5.05880176  0.35095696  -1.86225556
##  104 :lr 0.000647 :tot_ene    17.0917 :dif_ene     0.0022 :dif_cor     0.0099 :  0.          1.21162883  4.9574984   7.37577401  5.05849226  0.35052775  -1.86225556
##  105 :lr 0.000776 :tot_ene    17.0893 :dif_ene     0.0023 :dif_cor     0.0118 :  0.          1.21110098  4.95688044  7.37533444  5.05821909  0.35006814  -1.86225556
##  106 :lr 0.000932 :tot_ene    17.0863 :dif_ene     0.0031 :dif_cor     0.0143 :  0.          1.21041849  4.95602295  7.37488765  5.05775382  0.34942728  -1.86225556
##  107 :lr 0.001118 :tot_ene    17.0839 :dif_ene     0.0024 :dif_cor     0.0176 :  0.          1.20974388  4.95533858  7.37465286  5.05752923  0.34884477  -1.86225556
##  108 :lr 0.001342 :tot_ene    17.0828 :dif_ene     0.0088 :dif_cor     0.0240 :  0.          1.20858412  4.95376758  7.37851849  5.05656124  0.34760098  -1.86225556
## rjct :lr 0.000671 :tot_ene    17.1701 :dif_ene     0.0873 :dif_cor     0.0463 :  0.          1.20868446  4.95677074  7.45622619  5.0624164   0.3482245  -1.86225556
## rjct :lr 0.000335 :tot_ene    17.0920 :dif_ene     0.0093 :dif_cor     0.0230 :  0.          1.20859928  4.95457087  7.3853518   5.05788551  0.34787901  -1.86225556
##  111 :lr 0.000402 :tot_ene    17.0787 :dif_ene     0.0054 :dif_cor     0.0115 :  0.          1.20858298  4.95401335  7.37378086  5.05685498  0.34773115  -1.86225556
##  112 :lr 0.000483 :tot_ene    17.0764 :dif_ene     0.0023 :dif_cor     0.0084 :  0.          1.20817401  4.95343728  7.37328844  5.05644271  0.34728545  -1.86225556
##  113 :lr 0.000580 :tot_ene    17.0751 :dif_ene     0.0012 :dif_cor     0.0090 :  0.          1.2078613   4.95316828  7.37297058  5.05637838  0.34700386  -1.86225556
##  114 :lr 0.000695 :tot_ene    17.0728 :dif_ene     0.0023 :dif_cor     0.0106 :  0.          1.20735491  4.95253832  7.37273585  5.05597863  0.34646553  -1.86225556
##  115 :lr 0.000835 :tot_ene    17.0714 :dif_ene     0.0014 :dif_cor     0.0130 :  0.          1.20692364  4.95219839  7.37260188  5.05591379  0.34606454  -1.86225556
##  116 :lr 0.001001 :tot_ene    17.0691 :dif_ene     0.0047 :dif_cor     0.0169 :  0.          1.20611606  4.95113578  7.37378913  5.05518153  0.34514408  -1.86225556
## rjct :lr 0.000501 :tot_ene    17.0840 :dif_ene     0.0154 :dif_cor     0.0266 :  0.          1.20589893  4.95183397  7.38681726  5.05661729  0.34510983  -1.86225556
##  118 :lr 0.000601 :tot_ene    17.0690 :dif_ene     0.0013 :dif_cor     0.0133 :  0.          1.20599753  4.95133291  7.37320417  5.05556036  0.34511984  -1.86225556
##  119 :lr 0.000721 :tot_ene    17.0664 :dif_ene     0.0045 :dif_cor     0.0150 :  0.          1.20528314  4.95026392  7.37419481  5.054712    0.3442466  -1.86225556
## rjct :lr 0.000361 :tot_ene    17.0737 :dif_ene     0.0074 :dif_cor     0.0208 :  0.          1.20520944  4.95088888  7.37981394  5.05575266  0.34432862  -1.86225556
##  121 :lr 0.000433 :tot_ene    17.0643 :dif_ene     0.0032 :dif_cor     0.0104 :  0.          1.20523968  4.95046452  7.37156459  5.05497698  0.344282  -1.86225556
##  122 :lr 0.000519 :tot_ene    17.0620 :dif_ene     0.0023 :dif_cor     0.0086 :  0.          1.2048279   4.94991387  7.37116972  5.05455259  0.3437947  -1.86225556
##  123 :lr 0.000623 :tot_ene    17.0610 :dif_ene     0.0010 :dif_cor     0.0095 :  0.          1.20454013  4.94973934  7.37091984  5.05453869  0.34350473  -1.86225556
##  124 :lr 0.000748 :tot_ene    17.0587 :dif_ene     0.0023 :dif_cor     0.0113 :  0.          1.20400586  4.94909298  7.37087678  5.05407158  0.34287332  -1.86225556
##  125 :lr 0.000897 :tot_ene    17.0586 :dif_ene     0.0015 :dif_cor     0.0145 :  0.          1.20364995  4.94899419  7.37143796  5.05420613  0.34251948  -1.86225556
## rjct :lr 0.000449 :tot_ene    17.0603 :dif_ene     0.0106 :dif_cor     0.0207 :  0.          1.20267205  4.9477073   7.37760325  5.05330855  0.34127792  -1.86225556
##  127 :lr 0.000538 :tot_ene    17.0554 :dif_ene     0.0032 :dif_cor     0.0103 :  0.          1.20315697  4.94826824  7.37071593  5.05357865  0.34189826  -1.86225556
##  128 :lr 0.000646 :tot_ene    17.0550 :dif_ene     0.0008 :dif_cor     0.0112 :  0.          1.20294757  4.94829717  7.37055726  5.05375128  0.34170027  -1.86225556
##  129 :lr 0.000775 :tot_ene    17.0528 :dif_ene     0.0037 :dif_cor     0.0134 :  0.          1.20230671  4.94744736  7.37130112  5.05307566  0.34089037  -1.86225556
## rjct :lr 0.000388 :tot_ene    17.0583 :dif_ene     0.0060 :dif_cor     0.0191 :  0.          1.20215617  4.9479343   7.37576965  5.05388589  0.34080167  -1.86225556
##  131 :lr 0.000465 :tot_ene    17.0516 :dif_ene     0.0020 :dif_cor     0.0095 :  0.          1.20222618  4.94760601  7.36984524  5.05329548  0.34084276  -1.86225556
##  132 :lr 0.000558 :tot_ene    17.0494 :dif_ene     0.0022 :dif_cor     0.0087 :  0.          1.20180812  4.94707963  7.36957027  5.05286629  0.34031512  -1.86225556
##  133 :lr 0.000670 :tot_ene    17.0486 :dif_ene     0.0008 :dif_cor     0.0099 :  0.          1.20153881  4.94699089  7.36942754  5.05290046  0.34001269  -1.86225556
##  134 :lr 0.000804 :tot_ene    17.0464 :dif_ene     0.0029 :dif_cor     0.0122 :  0.          1.20095969  4.94630179  7.36974675  5.05235328  0.33927149  -1.86225556
## rjct :lr 0.000402 :tot_ene    17.0489 :dif_ene     0.0036 :dif_cor     0.0169 :  0.          1.20070269  4.94653123  7.37213757  5.05281516  0.33900443  -1.86225556
##  136 :lr 0.000482 :tot_ene    17.0456 :dif_ene     0.0012 :dif_cor     0.0084 :  0.          1.20082728  4.9463698   7.36900665  5.05248845  0.33913659  -1.86225556
##  137 :lr 0.000579 :tot_ene    17.0436 :dif_ene     0.0019 :dif_cor     0.0084 :  0.          1.20042782  4.94590778  7.36882538  5.05211134  0.33862134  -1.86225556
##  138 :lr 0.000694 :tot_ene    17.0428 :dif_ene     0.0008 :dif_cor     0.0097 :  0.          1.20014226  4.94580474  7.36871144  5.05211312  0.33827818  -1.86225556
##  139 :lr 0.000833 :tot_ene    17.0406 :dif_ene     0.0028 :dif_cor     0.0120 :  0.          1.19956868  4.94515715  7.36903137  5.0515853   0.33752432  -1.86225556
## rjct :lr 0.000417 :tot_ene    17.0433 :dif_ene     0.0038 :dif_cor     0.0168 :  0.          1.19930316  4.94540363  7.37153984  5.05204194  0.3372206  -1.86225556
##  141 :lr 0.000500 :tot_ene    17.0399 :dif_ene     0.0011 :dif_cor     0.0084 :  0.          1.19943191  4.94523352  7.36840381  5.05171925  0.33737124  -1.86225556
##  142 :lr 0.000600 :tot_ene    17.0379 :dif_ene     0.0020 :dif_cor     0.0086 :  0.          1.19902146  4.94476774  7.36826281  5.0513233   0.33682556  -1.86225556
##  143 :lr 0.000720 :tot_ene    17.0373 :dif_ene     0.0007 :dif_cor     0.0101 :  0.          1.19874746  4.94471726  7.36822933  5.05136187  0.33648204  -1.86225556
##  144 :lr 0.000864 :tot_ene    17.0353 :dif_ene     0.0034 :dif_cor     0.0127 :  0.          1.19813581  4.94402076  7.36892508  5.05077185  0.33565234  -1.86225556
## rjct :lr 0.000432 :tot_ene    17.0411 :dif_ene     0.0067 :dif_cor     0.0189 :  0.          1.19795211  4.94454696  7.37387494  5.05155931  0.33544233  -1.86225556
##  146 :lr 0.000518 :tot_ene    17.0346 :dif_ene     0.0014 :dif_cor     0.0094 :  0.          1.19803856  4.94420053  7.36808508  5.05099138  0.33554472  -1.86225556
##  147 :lr 0.000622 :tot_ene    17.0324 :dif_ene     0.0022 :dif_cor     0.0095 :  0.          1.19758076  4.94364914  7.36800126  5.0504936   0.33491608  -1.86225556
## rjct :lr 0.000311 :tot_ene    17.0325 :dif_ene     0.0011 :dif_cor     0.0115 :  0.          1.19736166  4.94375746  7.36828708  5.05068342  0.33463488  -1.86225556
##  149 :lr 0.000373 :tot_ene    17.0316 :dif_ene     0.0009 :dif_cor     0.0057 :  0.          1.19746926  4.94368462  7.36740119  5.05055286  0.33477514  -1.86225556
##  150 :lr 0.000448 :tot_ene    17.0306 :dif_ene     0.0011 :dif_cor     0.0052 :  0.          1.19722071  4.94347458  7.36730769  5.0503805   0.33443691  -1.86225556
##  151 :lr 0.000537 :tot_ene    17.0295 :dif_ene     0.0010 :dif_cor     0.0059 :  0.          1.19695641  4.94330181  7.36720341  5.05025041  0.3340774  -1.86225556
##  152 :lr 0.000645 :tot_ene    17.0282 :dif_ene     0.0014 :dif_cor     0.0070 :  0.          1.19662074  4.94305201  7.36709153  5.0500456   0.33361525  -1.86225556
##  153 :lr 0.000774 :tot_ene    17.0267 :dif_ene     0.0015 :dif_cor     0.0083 :  0.          1.19624138  4.94280758  7.36695606  5.04984866  0.33308936  -1.86225556
##  154 :lr 0.000929 :tot_ene    17.0247 :dif_ene     0.0020 :dif_cor     0.0101 :  0.          1.19575659  4.94244785  7.36682281  5.04953536  0.33240841  -1.86225556
##  155 :lr 0.001114 :tot_ene    17.0229 :dif_ene     0.0018 :dif_cor     0.0123 :  0.          1.19524851  4.94219056  7.36673522  5.04932575  0.33168818  -1.86225556
##  156 :lr 0.001337 :tot_ene    17.0207 :dif_ene     0.0044 :dif_cor     0.0165 :  0.          1.19444456  4.94146694  7.36781844  5.04866804  0.33053001  -1.86225556
## rjct :lr 0.000669 :tot_ene    17.0451 :dif_ene     0.0254 :dif_cor     0.0290 :  0.          1.19425044  4.94287889  7.38918439  5.05079648  0.33022998  -1.86225556
## rjct :lr 0.000334 :tot_ene    17.0232 :dif_ene     0.0031 :dif_cor     0.0144 :  0.          1.19433394  4.94191873  7.36960293  5.0492165   0.33037348  -1.86225556
##  159 :lr 0.000401 :tot_ene    17.0195 :dif_ene     0.0018 :dif_cor     0.0072 :  0.          1.1943858   4.94163576  7.36646448  5.0488242   0.3304499  -1.86225556
##  160 :lr 0.000481 :tot_ene    17.0182 :dif_ene     0.0013 :dif_cor     0.0057 :  0.          1.19409907  4.94137353  7.36633476  5.04857516  0.33003676  -1.86225556
##  161 :lr 0.000578 :tot_ene    17.0173 :dif_ene     0.0009 :dif_cor     0.0063 :  0.          1.19384634  4.94127063  7.36623464  5.04848821  0.32967012  -1.86225556
##  162 :lr 0.000693 :tot_ene    17.0157 :dif_ene     0.0015 :dif_cor     0.0075 :  0.          1.19347523  4.9409915   7.36616608  5.04821935  0.32912762  -1.86225556
##  163 :lr 0.000832 :tot_ene    17.0145 :dif_ene     0.0012 :dif_cor     0.0090 :  0.          1.19311796  4.94086071  7.36610454  5.04809676  0.32859869  -1.86225556
##  164 :lr 0.000998 :tot_ene    17.0124 :dif_ene     0.0027 :dif_cor     0.0115 :  0.          1.19254094  4.94037258  7.36639294  5.04761099  0.32774244  -1.86225556
## rjct :lr 0.000499 :tot_ene    17.0154 :dif_ene     0.0047 :dif_cor     0.0169 :  0.          1.19221929  4.94070646  7.36950176  5.04803295  0.32724086  -1.86225556
##  166 :lr 0.000599 :tot_ene    17.0120 :dif_ene     0.0008 :dif_cor     0.0084 :  0.          1.19237541  4.94048998  7.36620339  5.04773187  0.32749132  -1.86225556
##  167 :lr 0.000719 :tot_ene    17.0101 :dif_ene     0.0025 :dif_cor     0.0096 :  0.          1.19189187  4.93998735  7.36644851  5.04722446  0.32677182  -1.86225556
## rjct :lr 0.000359 :tot_ene    17.0115 :dif_ene     0.0024 :dif_cor     0.0129 :  0.          1.19169544  4.94028767  7.36770742  5.04755799  0.32645964  -1.86225556
##  169 :lr 0.000431 :tot_ene    17.0094 :dif_ene     0.0011 :dif_cor     0.0064 :  0.          1.19179084  4.94010307  7.36578201  5.04732522  0.32661508  -1.86225556
##  170 :lr 0.000517 :tot_ene    17.0080 :dif_ene     0.0014 :dif_cor     0.0058 :  0.          1.19149344  4.93985256  7.36568711  5.04706314  0.32616843  -1.86225556
##  171 :lr 0.000621 :tot_ene    17.0071 :dif_ene     0.0009 :dif_cor     0.0065 :  0.          1.19123517  4.93978001  7.36560589  5.04697801  0.32577286  -1.86225556
##  172 :lr 0.000745 :tot_ene    17.0055 :dif_ene     0.0016 :dif_cor     0.0078 :  0.          1.19083454  4.93948642  7.3655854   5.04666029  0.32516289  -1.86225556
##  173 :lr 0.000894 :tot_ene    17.0046 :dif_ene     0.0011 :dif_cor     0.0097 :  0.          1.19048731  4.93944471  7.36566843  5.04659159  0.32461968  -1.86225556
##  174 :lr 0.001073 :tot_ene    17.0029 :dif_ene     0.0043 :dif_cor     0.0132 :  0.          1.18980914  4.93882851  7.367015    5.04595542  0.3235827  -1.86225556
## rjct :lr 0.000536 :tot_ene    17.0198 :dif_ene     0.0174 :dif_cor     0.0232 :  0.          1.18972337  4.94008334  7.3812726   5.0475936   0.32338014  -1.86225556
## rjct :lr 0.000268 :tot_ene    17.0037 :dif_ene     0.0011 :dif_cor     0.0115 :  0.          1.18975655  4.93925532  7.36709354  5.04637245  0.32347607  -1.86225556
##  177 :lr 0.000322 :tot_ene    17.0014 :dif_ene     0.0021 :dif_cor     0.0058 :  0.          1.18978039  4.93899584  7.3652765   5.04607012  0.32352792  -1.86225556
##  178 :lr 0.000386 :tot_ene    17.0007 :dif_ene     0.0007 :dif_cor     0.0036 :  0.          1.18959226  4.93889182  7.36524206  5.04595083  0.32323735  -1.86225556
##  179 :lr 0.000464 :tot_ene    16.9998 :dif_ene     0.0008 :dif_cor     0.0042 :  0.          1.18937431  4.9387857   7.36520087  5.04582367  0.32289821  -1.86225556
##  180 :lr 0.000556 :tot_ene    16.9988 :dif_ene     0.0010 :dif_cor     0.0050 :  0.          1.18911129  4.93865471  7.36515374  5.04566331  0.32248701  -1.86225556
##  181 :lr 0.000667 :tot_ene    16.9976 :dif_ene     0.0012 :dif_cor     0.0059 :  0.          1.18879842  4.93850442  7.36509816  5.04547285  0.3219948  -1.86225556
##  182 :lr 0.000801 :tot_ene    16.9962 :dif_ene     0.0015 :dif_cor     0.0071 :  0.          1.18842234  4.93832324  7.3650346   5.04523693  0.32139975  -1.86225556
##  183 :lr 0.000961 :tot_ene    16.9944 :dif_ene     0.0017 :dif_cor     0.0084 :  0.          1.1879756   4.93811825  7.36496037  5.0449582   0.32068769  -1.86225556
##  184 :lr 0.001153 :tot_ene    16.9923 :dif_ene     0.0021 :dif_cor     0.0101 :  0.          1.18743405  4.93786188  7.3648798   5.04460214  0.31981946  -1.86225556
##  185 :lr 0.001384 :tot_ene    16.9900 :dif_ene     0.0024 :dif_cor     0.0121 :  0.          1.18680755  4.93761411  7.36479628  5.04422229  0.31880341  -1.86225556
##  186 :lr 0.001661 :tot_ene    16.9869 :dif_ene     0.0036 :dif_cor     0.0153 :  0.          1.18597363  4.93713513  7.36505511  5.04356619  0.3174554  -1.86225556
## rjct :lr 0.000830 :tot_ene    16.9963 :dif_ene     0.0125 :dif_cor     0.0240 :  0.          1.18540673  4.93775566  7.37475923  5.04418749  0.31644824  -1.86225556
## rjct :lr 0.000415 :tot_ene    16.9878 :dif_ene     0.0024 :dif_cor     0.0119 :  0.          1.18567868  4.93735858  7.36628829  5.04374091  0.316953  -1.86225556
##  189 :lr 0.000498 :tot_ene    16.9864 :dif_ene     0.0008 :dif_cor     0.0059 :  0.          1.1858232   4.93722847  7.36476145  5.04362522  0.31720429  -1.86225556
##  190 :lr 0.000598 :tot_ene    16.9849 :dif_ene     0.0015 :dif_cor     0.0061 :  0.          1.18548336  4.93696701  7.3647296   5.04330435  0.3166661  -1.86225556
##  191 :lr 0.000718 :tot_ene    16.9842 :dif_ene     0.0008 :dif_cor     0.0072 :  0.          1.18521614  4.9369848   7.36473548  5.04325841  0.31622229  -1.86225556
##  192 :lr 0.000861 :tot_ene    16.9823 :dif_ene     0.0026 :dif_cor     0.0091 :  0.          1.18471407  4.93658454  7.36510461  5.04276048  0.31542015  -1.86225556
## rjct :lr 0.000431 :tot_ene    16.9846 :dif_ene     0.0037 :dif_cor     0.0132 :  0.          1.18446002  4.93695313  7.36736571  5.04307514  0.31496183  -1.86225556
##  194 :lr 0.000517 :tot_ene    16.9818 :dif_ene     0.0010 :dif_cor     0.0066 :  0.          1.18458338  4.93673802  7.36471896  5.04286495  0.31519048  -1.86225556
##  195 :lr 0.000620 :tot_ene    16.9802 :dif_ene     0.0017 :dif_cor     0.0067 :  0.          1.1842105   4.9364208   7.36471402  5.04246859  0.31459545  -1.86225556
##  196 :lr 0.000744 :tot_ene    16.9798 :dif_ene     0.0009 :dif_cor     0.0081 :  0.          1.1839696   4.93652759  7.36484832  5.04249996  0.31418148  -1.86225556
##  197 :lr 0.000893 :tot_ene    16.9782 :dif_ene     0.0038 :dif_cor     0.0105 :  0.          1.18338968  4.93599157  7.36595752  5.04185334  0.3132553  -1.86225556
## rjct :lr 0.000446 :tot_ene    16.9869 :dif_ene     0.0094 :dif_cor     0.0172 :  0.          1.18328646  4.93684308  7.37326456  5.04275369  0.31300665  -1.86225556
##  199 :lr 0.000536 :tot_ene    16.9778 :dif_ene     0.0016 :dif_cor     0.0086 :  0.          1.18333159  4.93632503  7.36512291  5.04212652  0.3131271  -1.86225556
##  200 :lr 0.000643 :tot_ene    16.9756 :dif_ene     0.0024 :dif_cor     0.0085 :  0.          1.18287197  4.93583237  7.36524828  5.04153592  0.31239898  -1.86225556
## rjct :lr 0.000321 :tot_ene    16.9768 :dif_ene     0.0020 :dif_cor     0.0107 :  0.          1.18272661  4.93620343  7.36616361  5.0418438   0.31211776  -1.86225556
##  202 :lr 0.000386 :tot_ene    16.9748 :dif_ene     0.0014 :dif_cor     0.0053 :  0.          1.18279679  4.93599061  7.36436006  5.04164025  0.31225748  -1.86225556
##  203 :lr 0.000463 :tot_ene    16.9737 :dif_ene     0.0010 :dif_cor     0.0041 :  0.          1.18255418  4.93584046  7.36431412  5.04142576  0.3118628  -1.86225556
##  204 :lr 0.000555 :tot_ene    16.9729 :dif_ene     0.0009 :dif_cor     0.0045 :  0.          1.18231562  4.93578424  7.36428012  5.04129531  0.31146473  -1.86225556
##  205 :lr 0.000666 :tot_ene    16.9716 :dif_ene     0.0013 :dif_cor     0.0054 :  0.          1.1819939   4.93563401  7.36426227  5.04104839  0.31093349  -1.86225556
##  206 :lr 0.000800 :tot_ene    16.9704 :dif_ene     0.0012 :dif_cor     0.0064 :  0.          1.18164901  4.93555096  7.36423624  5.04084849  0.310354  -1.86225556
##  207 :lr 0.000960 :tot_ene    16.9685 :dif_ene     0.0020 :dif_cor     0.0080 :  0.          1.18116922  4.93529982  7.3642902   5.0404449   0.30955964  -1.86225556
##  208 :lr 0.001152 :tot_ene    16.9678 :dif_ene     0.0018 :dif_cor     0.0106 :  0.          1.18074528  4.93536256  7.36479696  5.04034168  0.3088245  -1.86225556
## rjct :lr 0.000576 :tot_ene    16.9710 :dif_ene     0.0117 :dif_cor     0.0173 :  0.          1.17978713  4.93454065  7.37219588  5.03940666  0.30728147  -1.86225556
##  210 :lr 0.000691 :tot_ene    16.9658 :dif_ene     0.0027 :dif_cor     0.0086 :  0.          1.18026166  4.93487497  7.36515359  5.03974345  0.30805549  -1.86225556
## rjct :lr 0.000345 :tot_ene    16.9679 :dif_ene     0.0029 :dif_cor     0.0116 :  0.          1.18012395  4.93533766  7.36677491  5.04013004  0.30777084  -1.86225556
##  212 :lr 0.000415 :tot_ene    16.9650 :dif_ene     0.0015 :dif_cor     0.0058 :  0.          1.18018984  4.93506586  7.36420721  5.03986442  0.3079122  -1.86225556
##  213 :lr 0.000497 :tot_ene    16.9637 :dif_ene     0.0013 :dif_cor     0.0046 :  0.          1.17991348  4.93487445  7.36413971  5.03959082  0.30746252  -1.86225556
##  214 :lr 0.000597 :tot_ene    16.9629 :dif_ene     0.0008 :dif_cor     0.0049 :  0.          1.17967289  4.93485706  7.36410207  5.03948013  0.30705348  -1.86225556
##  215 :lr 0.000716 :tot_ene    16.9614 :dif_ene     0.0015 :dif_cor     0.0059 :  0.          1.17930774  4.93465974  7.36411745  5.03916033  0.30644997  -1.86225556
##  216 :lr 0.000860 :tot_ene    16.9605 :dif_ene     0.0011 :dif_cor     0.0073 :  0.          1.17897193  4.93466183  7.36418133  5.03901991  0.30587196  -1.86225556
##  217 :lr 0.001032 :tot_ene    16.9586 :dif_ene     0.0033 :dif_cor     0.0098 :  0.          1.17837938  4.93424111  7.36490468  5.03841753  0.30490109  -1.86225556
## rjct :lr 0.000516 :tot_ene    16.9659 :dif_ene     0.0087 :dif_cor     0.0164 :  0.          1.17815819  4.93499628  7.37148136  5.03911763  0.30444125  -1.86225556
##  219 :lr 0.000258 :tot_ene    16.9586 :dif_ene     0.0009 :dif_cor     0.0082 :  0.          1.17826265  4.9345316   7.36479853  5.03861743  0.30466981  -1.86225556
##  220 :lr 0.000309 :tot_ene    16.9566 :dif_ene     0.0020 :dif_cor     0.0040 :  0.          1.17803679  4.93427503  7.36398217  5.03828584  0.30431234  -1.86225556
!! cvrg :lr 0.000309 :tot_ene    16.9560 :dif_ene     0.0007 :dif_cor     0.0026 :  0.          1.17786434  4.93421477  7.36397362  5.03816263  0.30402527  -1.86225556
