##    0 :lr 0.010000 :tot_ene   250.8083 :dif_ene     0.0000 :dif_cor     0.0000 :  0.         56.59122235 45.08508242 45.94425138 41.05531044 33.09233233  29.04013724
##    1 :lr 0.012000 :tot_ene   216.2393 :dif_ene    34.5690 :dif_cor     0.7235 :  0.         51.82945649 36.37473026 35.24236969 33.30168173 30.45093022  29.04013724
##    2 :lr 0.006000 :tot_ene   233.8124 :dif_ene    18.0470 :dif_cor     0.7381 :  0.         51.59250445 37.46780753 42.39581237 41.24611263 32.06998294  29.04013724
##    3 :lr 0.007200 :tot_ene   209.4531 :dif_ene    24.3593 :dif_cor     0.3341 :  0.         51.47031313 35.04140679 33.27957923 31.18807327 29.43357316  29.04013724
##    4 :lr 0.003600 :tot_ene   213.1378 :dif_ene     4.0804 :dif_cor     0.3391 :  0.         51.27248173 35.11846779 35.01513677 33.03100634 29.66055396  29.04013724
##    5 :lr 0.004320 :tot_ene   206.2493 :dif_ene     6.8885 :dif_cor     0.1996 :  0.         51.19684481 34.44450764 31.98382291 30.2594602  29.32452019  29.04013723
##    6 :lr 0.005184 :tot_ene   205.1937 :dif_ene     1.0555 :dif_cor     0.1550 :  0.         50.8516296  34.08877424 31.72717132 30.1849706  29.30106145  29.04013724
##    7 :lr 0.002592 :tot_ene   205.3152 :dif_ene     1.5664 :dif_cor     0.2125 :  0.         50.40171793 34.31006997 31.47887994 30.8076079  29.27682397  29.04013724
##    8 :lr 0.003110 :tot_ene   203.5835 :dif_ene     1.7317 :dif_cor     0.1110 :  0.         50.27078567 33.56087711 31.40831125 30.03179236 29.27158719  29.04013724
##    9 :lr 0.003732 :tot_ene   203.0045 :dif_ene     0.6235 :dif_cor     0.1125 :  0.         49.96048476 33.41401248 31.27640868 30.05405615 29.2594107  29.04013724
##   10 :lr 0.001866 :tot_ene   203.3008 :dif_ene     1.3945 :dif_cor     0.1774 :  0.         49.55989167 33.67583997 31.14083604 30.63759575 29.2464935  29.04013724
##   11 :lr 0.002239 :tot_ene   201.7268 :dif_ene     1.5740 :dif_cor     0.0892 :  0.         49.44847618 33.02762045 31.09017291 29.87768495 29.24267197  29.04013724
##   12 :lr 0.002687 :tot_ene   201.2254 :dif_ene     0.5014 :dif_cor     0.0712 :  0.         49.19216158 32.90028058 31.01152614 29.84570044 29.23559527  29.04013724
##   13 :lr 0.003225 :tot_ene   200.6400 :dif_ene     0.5854 :dif_cor     0.0899 :  0.         48.87246768 32.76378958 30.92252018 29.81349063 29.22761617  29.04013724
##   14 :lr 0.003870 :tot_ene   200.0050 :dif_ene     0.6351 :dif_cor     0.1046 :  0.         48.47210786 32.64944223 30.82287938 29.80165842 29.21873766  29.04013724
##   15 :lr 0.004644 :tot_ene   199.7897 :dif_ene     1.0280 :dif_cor     0.1641 :  0.         47.97009624 32.84638746 30.71299541 30.01106662 29.20900546  29.04013724
##   16 :lr 0.002322 :tot_ene   200.7305 :dif_ene     1.8946 :dif_cor     0.2025 :  0.         47.57577846 33.57463667 30.63698143 30.70052282 29.20245198  29.04013724
##   17 :lr 0.002786 :tot_ene   198.2265 :dif_ene     2.5040 :dif_cor     0.1052 :  0.         47.44461561 32.25013008 30.61268171 29.67877185 29.20014929  29.04013724
##   18 :lr 0.003344 :tot_ene   197.6314 :dif_ene     0.5951 :dif_cor     0.0935 :  0.         47.0541428  32.14578525 30.54572582 29.65134745 29.19427451  29.04013724
##   19 :lr 0.004012 :tot_ene   196.9537 :dif_ene     0.6777 :dif_cor     0.1089 :  0.         46.57403444 32.05729344 30.47034261 29.62415744 29.18770349  29.04013724
##   20 :lr 0.004815 :tot_ene   196.4664 :dif_ene     0.8519 :dif_cor     0.1560 :  0.         45.99449002 32.23615991 30.38744103 29.62762537 29.18055247  29.04013724
##   21 :lr 0.002407 :tot_ene   197.4309 :dif_ene     1.9783 :dif_cor     0.1907 :  0.         45.55115702 33.5386909  30.32842554 29.7965269  29.1759856  29.04013724
##   22 :lr 0.002889 :tot_ene   195.2512 :dif_ene     2.1797 :dif_cor     0.0865 :  0.         45.3770468  31.79190847 30.30928839 29.55908184 29.17374691  29.04013724
##   23 :lr 0.003467 :tot_ene   194.7654 :dif_ene     0.4985 :dif_cor     0.1161 :  0.         44.94470408 31.79822379 30.25824897 29.5546696  29.16938597  29.04013724
##   24 :lr 0.001733 :tot_ene   194.9613 :dif_ene     1.2302 :dif_cor     0.1672 :  0.         44.48559841 32.39633789 30.20431986 29.66962424 29.16531122  29.04013724
##   25 :lr 0.002080 :tot_ene   193.7656 :dif_ene     1.1958 :dif_cor     0.0728 :  0.         44.2858321  31.58126931 30.18781132 29.50721801 29.16330621  29.04013724
##   26 :lr 0.002496 :tot_ene   193.3494 :dif_ene     0.4162 :dif_cor     0.0844 :  0.         43.95972677 31.53759432 30.15543917 29.49594469 29.16053831  29.04013724
##   27 :lr 0.002995 :tot_ene   192.9078 :dif_ene     0.4416 :dif_cor     0.0988 :  0.         43.5756848  31.5241812  30.11834351 29.49199564 29.15745165  29.04013724
##   28 :lr 0.003594 :tot_ene   192.7470 :dif_ene     0.7740 :dif_cor     0.1540 :  0.         43.15086511 31.76765135 30.07873733 29.55515498 29.15449928  29.04013724
##   29 :lr 0.001797 :tot_ene   192.9351 :dif_ene     0.8404 :dif_cor     0.1676 :  0.         42.85017477 32.1574953  30.05435733 29.67952281 29.15342034  29.04013724
##   30 :lr 0.002156 :tot_ene   191.6590 :dif_ene     1.2761 :dif_cor     0.0804 :  0.         42.64258593 31.34279151 30.03716225 29.44586205 29.1504909  29.04013724
##   31 :lr 0.002588 :tot_ene   191.2529 :dif_ene     0.4061 :dif_cor     0.0938 :  0.         42.30454102 31.31165591 30.00995161 29.43839759 29.14820676  29.04013724
##   32 :lr 0.003105 :tot_ene   190.8789 :dif_ene     0.4504 :dif_cor     0.1132 :  0.         41.92469303 31.33794857 29.97985771 29.45031231 29.14592425  29.04013724
##   33 :lr 0.001553 :tot_ene   191.3204 :dif_ene     1.0639 :dif_cor     0.1895 :  0.         41.63526131 31.892284   29.95810491 29.64843989 29.14620089  29.04013724
##   34 :lr 0.001863 :tot_ene   190.0623 :dif_ene     1.2581 :dif_cor     0.0781 :  0.         41.32594708 31.20789502 29.93743114 29.4088465  29.14208422  29.04013724
##   35 :lr 0.002236 :tot_ene   189.7515 :dif_ene     0.3108 :dif_cor     0.0877 :  0.         41.03731598 31.20765114 29.91763605 29.40828452 29.14049976  29.04013724
##   36 :lr 0.002683 :tot_ene   189.5788 :dif_ene     0.5210 :dif_cor     0.1312 :  0.         40.71316651 31.34608135 29.89631705 29.44398172 29.13906699  29.04013724
##   37 :lr 0.003220 :tot_ene   189.5522 :dif_ene     0.5028 :dif_cor     0.1359 :  0.         40.46348966 31.52866418 29.8818208  29.49952416 29.13852535  29.04013724
##   38 :lr 0.003864 :tot_ene   189.3878 :dif_ene     0.3684 :dif_cor     0.1534 :  0.         40.21075908 31.6051638  29.86898928 29.52507929 29.1377056  29.04013724
##   39 :lr 0.001932 :tot_ene   189.7939 :dif_ene     0.9027 :dif_cor     0.1761 :  0.         39.97174566 32.09136144 29.85967889 29.69207384 29.1389393  29.04013724
##   40 :lr 0.002318 :tot_ene   188.2900 :dif_ene     1.5039 :dif_cor     0.0825 :  0.         39.83377629 31.06558249 29.84447614 29.37169086 29.13433487  29.04013724
## rjct :lr 0.001159 :tot_ene   201.3057 :dif_ene    13.6560 :dif_cor     2.0077 :  0.         53.15795555 30.80003313 29.79411883 29.38335625 29.13007665  29.04013723
## rjct :lr 0.000580 :tot_ene   200.9020 :dif_ene    13.3595 :dif_cor     2.0065 :  0.         52.81954485 30.75729769 29.80265793 29.35180499 29.13054687  29.04013724
##   43 :lr 0.000695 :tot_ene   188.1562 :dif_ene     0.1338 :dif_cor     0.0313 :  0.         39.73745304 31.0417183  29.83911122 29.3640001  29.13380262  29.04013724
## rjct :lr 0.000348 :tot_ene   200.7870 :dif_ene    13.3142 :dif_cor     2.0321 :  0.         52.70993829 30.75674265 29.8018365  29.34789768 29.13041552  29.04013724
## rjct :lr 0.000174 :tot_ene   200.7795 :dif_ene    13.2811 :dif_cor     2.0324 :  0.         52.68968233 30.76488158 29.8049221  29.34923815 29.13067672  29.04013724
!! cvrg :lr 0.000174 :tot_ene   188.1241 :dif_ene     0.0321 :dif_cor     0.0082 :  0.         39.70994558 31.03935788 29.83760579 29.36335856 29.13367605  29.04013724
