itr_steps: 2 1.9695356456850277e-13 0.6068809057722194
itr_steps: 2 1.5422330079672975e-11 0.6070228410669907
itr_steps: 2 1.0087486401744172e-12 0.6070027194621281
itr_steps: 2 1.8357315667572038e-11 0.6070905112991888
itr_steps: 2 2.9728441930387817e-12 0.6070529138612081
itr_steps: 2 2.4665669506873655e-10 0.6071461695164915
itr_steps: 2 9.924537858196913e-10 0.6073646124986892
itr_steps: 2 8.139244833671455e-11 0.6073936388606006
itr_steps: 2 8.38860203522529e-10 0.6075525516916033
itr_steps: 2 2.4904739381881313e-09 0.6078070445894121
itr_steps: 2 2.435383006371694e-10 0.6078474790754747
itr_steps: 2 1.3752063932059855e-09 0.6080110782452957
itr_steps: 2 2.865635617688156e-09 0.6082282753948379
itr_steps: 2 5.944835845816954e-09 0.6085232696298181
itr_steps: 3 1.0408340855860843e-12 0.608935288579619
itr_steps: 3 1.0146328222049306e-12 0.6092984034637249
itr_steps: 2 2.090961959133608e-09 0.609370724014604
itr_steps: 3 2.268629728519045e-12 0.6097283208343022
itr_steps: 3 5.899503108253157e-12 0.6101933255026366
itr_steps: 3 1.861466536468015e-11 0.6108323902772586
itr_steps: 3 2.0614177032030057e-11 0.6113875661587974
itr_steps: 2 8.853710431466766e-09 0.6114977868871486
itr_steps: 3 3.652245172958146e-11 0.6120406622318331
itr_steps: 3 7.668243817704479e-11 0.6127082516806018
itr_steps: 3 1.2755685396825811e-11 0.6128564260419499
itr_steps: 3 6.41500186304711e-11 0.6133028196064393
itr_steps: 3 1.1884004891271616e-10 0.6138451326711641
itr_steps: 3 2.664513054639883e-10 0.6145785379970762
itr_steps: 3 2.0637969111447774e-10 0.6150749322735957
itr_steps: 3 6.85059786675879e-11 0.6152472767246703
itr_steps: 3 3.538330739516482e-10 0.6158082497686203
itr_steps: 3 6.303797484008555e-10 0.6164894300314488
itr_steps: 3 1.2775187574476377e-09 0.6173825488880155
itr_steps: 3 2.0485690921390187e-10 0.617515181047829
itr_steps: 3 9.238215747942036e-10 0.6180505781066761
itr_steps: 3 1.698722940091102e-09 0.6187619101562204
itr_steps: 3 1.4072737419823511e-09 0.6192637715892793
itr_steps: 3 1.5713101930714402e-09 0.6197694648489389
itr_steps: 3 2.0907714448625825e-09 0.6202705580381924
itr_steps: 3 7.207195951153267e-10 0.6204504018067755
itr_steps: 2 1.0107239489798303e-09 0.6083096971050546
itr_steps: 3 1.0794034555061671e-09 0.6082904280176694
itr_steps: 3 8.173820509327356e-10 0.6206479436150123
itr_steps: 2 1.04617781104821e-09 0.6082943935928466
itr_steps: 3 1.0632951186195783e-09 0.6082875977771786
itr_steps: 3 2.3826407513638515e-10 0.6207066910177416
