##    0 :lr 0.010000 :tot_ene   127.4314 :dif_ene     0.0000 :dif_cor     0.0000 :   0.          44.03145683  73.32186661  45.11635891   7.93257252  -16.46160417 -26.50922293
##    1 :lr 0.011000 :tot_ene    61.0098 :dif_ene    66.4217 :dif_cor     1.0941 :   0.          38.59407807  53.21437816  20.14751143  -4.80892185  -19.60214165 -26.53515375
## rjct :lr 0.005500 :tot_ene    69.8408 :dif_ene    12.3669 :dif_cor     1.1020 :   0.          36.96712092  55.02541268  20.07988922  -0.39582057  -15.22728095 -26.60847572
##    3 :lr 0.006050 :tot_ene    53.6889 :dif_ene     7.3209 :dif_cor     0.5451 :   0.          36.70177418  49.58417574  19.05717269  -5.40158368  -19.68069838 -26.57197964
##    4 :lr 0.005445 :tot_ene    56.3698 :dif_ene     9.4125 :dif_cor     0.7170 :   0.          36.24179503  47.71944803  18.07488783  -2.91391763  -16.12163875 -26.63075828
##    5 :lr 0.005990 :tot_ene    44.6927 :dif_ene    11.6771 :dif_cor     0.3643 :   0.          36.18886295  47.08104085  16.38356744  -7.62282184  -20.69011781 -26.64779016
##    6 :lr 0.006588 :tot_ene    43.5338 :dif_ene     8.1763 :dif_cor     0.6451 :   0.          36.26970977  45.13082764  13.95903389  -7.83465579  -17.2622754  -26.72882251
##    7 :lr 0.007247 :tot_ene    37.5272 :dif_ene     6.0311 :dif_cor     0.2347 :   0.          36.28192039  44.57269782  13.35571908  -9.22754928  -20.70818127 -26.74744101
##    8 :lr 0.006523 :tot_ene    38.9801 :dif_ene     7.7649 :dif_cor     0.4481 :   0.          36.46143301  43.34341806  11.66452387  -9.40720452  -16.27876722 -26.80327087
##    9 :lr 0.007175 :tot_ene    32.1583 :dif_ene     6.8609 :dif_cor     0.1853 :   0.          36.48095325  43.07891951  11.29486141 -10.41808792  -21.45993452 -26.81840877
##   10 :lr 0.006457 :tot_ene    33.7443 :dif_ene    11.4120 :dif_cor     0.5773 :   0.          36.7718798   41.57109506   9.02234451 -11.47146568  -15.25188061 -26.89769525
##   11 :lr 0.007103 :tot_ene    26.2228 :dif_ene     7.5215 :dif_cor     0.1496 :   0.          36.77092294  41.40317824   8.77374587 -11.7228796  -22.09199104 -26.91019025
##   12 :lr 0.007813 :tot_ene    23.9217 :dif_ene     9.6318 :dif_cor     0.6783 :   0.          37.15402347  39.67590365   5.99420953 -13.07869844  -18.80973068 -27.01401729
##   13 :lr 0.008595 :tot_ene    21.0636 :dif_ene     3.0078 :dif_cor     0.2090 :   0.          37.2288848   39.37882634   5.54159389 -13.35639465  -20.69545985 -27.03380103
##   14 :lr 0.007735 :tot_ene    22.5173 :dif_ene     5.3277 :dif_cor     0.3093 :   0.          37.40328934  38.78940678   4.63396428 -13.76043929  -17.4791712  -27.06970018
##   15 :lr 0.008509 :tot_ene    17.6015 :dif_ene     4.9798 :dif_cor     0.1785 :   0.          37.43526816  38.61049548   4.32467481 -13.99213729  -21.69140429 -27.0854301 
##   16 :lr 0.007658 :tot_ene    21.2261 :dif_ene     8.3637 :dif_cor     0.3519 :   0.          37.65844923  37.90294841   3.23183547 -14.51718895  -15.92043411 -27.12954555
##   17 :lr 0.008424 :tot_ene    14.2185 :dif_ene     7.0142 :dif_cor     0.1582 :   0.          37.66177495  37.80593432   3.03635837 -14.66349056  -22.47971218 -27.14235712
## rjct :lr 0.004212 :tot_ene    19.7064 :dif_ene    11.6648 :dif_cor     0.4290 :   0.          37.95076756  36.91067362   1.63081012 -15.39177478  -14.19236786 -27.20168209
##   19 :lr 0.004633 :tot_ene    13.3186 :dif_ene     2.0183 :dif_cor     0.2118 :   0.          37.79093409  37.38558076   2.37350596 -15.00961634  -22.04966171 -27.17214786
##   20 :lr 0.004170 :tot_ene    12.1064 :dif_ene     1.3890 :dif_cor     0.1649 :   0.          37.87932375  37.10184406   1.92613718 -15.24503245  -22.36286538 -27.1930547 
##   21 :lr 0.003753 :tot_ene    10.8936 :dif_ene     1.4102 :dif_cor     0.1745 :   0.          37.9780695   36.78820295   1.43328289 -15.50593165  -22.58339994 -27.21661625
##   22 :lr 0.003377 :tot_ene     9.8269 :dif_ene     1.2432 :dif_cor     0.1544 :   0.          38.06632144  36.51563837   1.00523004 -15.73464589  -22.78819784 -27.23739794
##   23 :lr 0.003040 :tot_ene     8.7273 :dif_ene     1.2896 :dif_cor     0.1593 :   0.          38.16128034  36.22465749   0.55150617 -15.97851966  -22.97167758 -27.2599318 
##   24 :lr 0.002736 :tot_ene     7.7602 :dif_ene     1.1426 :dif_cor     0.1450 :   0.          38.24905028  35.96248925   0.14291632 -16.2001018  -23.11358714 -27.28053782
##   25 :lr 0.002462 :tot_ene     6.7596 :dif_ene     1.1837 :dif_cor     0.1463 :   0.          38.34056335  35.69108054  -0.27590303 -16.42877989  -23.26524047 -27.30214831
##   26 :lr 0.002216 :tot_ene     5.8652 :dif_ene     1.0684 :dif_cor     0.1367 :   0.          38.4275765   35.43872535  -0.66505622 -16.64296729  -23.37049527 -27.32254304
##   27 :lr 0.001994 :tot_ene     4.9502 :dif_ene     1.0915 :dif_cor     0.1351 :   0.          38.51582527  35.18446895  -1.05241109 -16.85785742  -23.49650812 -27.34331282
##   28 :lr 0.001795 :tot_ene     4.1124 :dif_ene     1.0098 :dif_cor     0.1292 :   0.          38.60185084  34.941344    -1.42241153 -17.06457816  -23.58030688 -27.36347286
##   29 :lr 0.001615 :tot_ene     3.2715 :dif_ene     1.0111 :dif_cor     0.1251 :   0.          38.68695263  34.70229798  -1.7811414  -17.26680509  -23.68633482 -27.38346807
##   30 :lr 0.001454 :tot_ene     2.4807 :dif_ene     0.9602 :dif_cor     0.1222 :   0.          38.77166252  34.4682244   -2.13184085 -17.46578666  -23.75819758 -27.40334479
##   31 :lr 0.001309 :tot_ene     1.7374 :dif_ene     0.8951 :dif_cor     0.1072 :   0.          38.84754127  34.26015506  -2.43853751 -17.64186897  -23.86874674 -27.42112912
##   32 :lr 0.001178 :tot_ene     1.0964 :dif_ene     0.7774 :dif_cor     0.0919 :   0.          38.91577908  34.07600901  -2.708815   -17.79801751  -23.95147113 -27.4370434 
##   33 :lr 0.001060 :tot_ene     0.5441 :dif_ene     0.6754 :dif_cor     0.0780 :   0.          38.97730055  33.91140811  -2.94696714 -17.93634114  -24.01004541 -27.45129907
##   34 :lr 0.000954 :tot_ene     0.0655 :dif_ene     0.5891 :dif_cor     0.0667 :   0.          39.03260141  33.76485558  -3.15752908 -18.0591419  -24.05117148 -27.46407385
##   35 :lr 0.000859 :tot_ene    -0.3569 :dif_ene     0.5219 :dif_cor     0.0582 :   0.          39.08230823  33.63405325  -3.34378434 -18.16834575  -24.08564725 -27.47552834
##   36 :lr 0.000773 :tot_ene    -0.7323 :dif_ene     0.4646 :dif_cor     0.0516 :   0.          39.12694653  33.51730527  -3.50884798 -18.26560764  -24.11629952 -27.48580348
##   37 :lr 0.000695 :tot_ene    -1.0664 :dif_ene     0.4142 :dif_cor     0.0461 :   0.          39.16703618  33.41300444  -3.65532094 -18.35231818  -24.14375535 -27.49502339
##   38 :lr 0.000626 :tot_ene    -1.3640 :dif_ene     0.3697 :dif_cor     0.0412 :   0.          39.20304284  33.31975299  -3.78547306 -18.42969532  -24.16836707 -27.50329908
##   39 :lr 0.000563 :tot_ene    -1.6295 :dif_ene     0.3302 :dif_cor     0.0369 :   0.          39.23538442  33.23632267  -3.9012641  -18.49880247  -24.19043956 -27.51072936
##   40 :lr 0.000507 :tot_ene    -1.8665 :dif_ene     0.2951 :dif_cor     0.0330 :   0.          39.26443981  33.1616321   -4.00439379 -18.56057125  -24.21024294 -27.51740232
##   41 :lr 0.000456 :tot_ene    -2.0783 :dif_ene     0.2640 :dif_cor     0.0296 :   0.          39.29054601  33.09472647  -4.09634328 -18.61582176  -24.22801763 -27.52339682
##   42 :lr 0.000411 :tot_ene    -2.2676 :dif_ene     0.2363 :dif_cor     0.0265 :   0.          39.3140041   33.03476831  -4.17839442 -18.66526949  -24.24397542 -27.52878257
##   43 :lr 0.000370 :tot_ene    -2.4371 :dif_ene     0.2116 :dif_cor     0.0238 :   0.          39.33508418  32.98101268  -4.25167327 -18.70954862  -24.2583059  -27.53362227
##   44 :lr 0.000333 :tot_ene    -2.5885 :dif_ene     0.1893 :dif_cor     0.0213 :   0.          39.35400977  32.93285517  -4.31708974 -18.74917263  -24.27116295 -27.53796684
##   45 :lr 0.000299 :tot_ene    -2.7238 :dif_ene     0.1692 :dif_cor     0.0190 :   0.          39.37097555  32.88976411  -4.37543733 -18.78459251  -24.28268276 -27.54186148
##   46 :lr 0.000269 :tot_ene    -2.8448 :dif_ene     0.1514 :dif_cor     0.0171 :   0.          39.38619073  32.85118294  -4.42752756 -18.81627664  -24.29300935 -27.54535425
##   47 :lr 0.000242 :tot_ene    -2.9530 :dif_ene     0.1355 :dif_cor     0.0153 :   0.          39.39983974  32.81662108  -4.4740696  -18.84463686  -24.30227022 -27.54848778
##   48 :lr 0.000218 :tot_ene    -3.0499 :dif_ene     0.1214 :dif_cor     0.0137 :   0.          39.41208995  32.78564469  -4.51568504 -18.87003616  -24.3105785  -27.55129995
##   49 :lr 0.000196 :tot_ene    -3.1366 :dif_ene     0.1087 :dif_cor     0.0123 :   0.          39.42308603  32.75787027  -4.55291975 -18.89279508  -24.31803464 -27.55382446
##   50 :lr 0.000177 :tot_ene    -3.2144 :dif_ene     0.0975 :dif_cor     0.0110 :   0.          39.43295939  32.73295712  -4.58625466 -18.91319729  -24.32472804 -27.55609133
##   51 :lr 0.000159 :tot_ene    -3.2840 :dif_ene     0.0874 :dif_cor     0.0099 :   0.          39.44182671  32.71060279  -4.61611411 -18.93149421  -24.33073832 -27.55812733
##   52 :lr 0.000143 :tot_ene    -3.3465 :dif_ene     0.0784 :dif_cor     0.0089 :   0.          39.44979116  32.69053885  -4.64287321 -18.947909  -24.33613648 -27.55995637
##   53 :lr 0.000129 :tot_ene    -3.4026 :dif_ene     0.0704 :dif_cor     0.0080 :   0.          39.45694942  32.67252091  -4.66686914 -18.96264272  -24.34098675 -27.56160007
!! cvrg :lr 0.000129 :tot_ene    -3.4530 :dif_ene     0.0632 :dif_cor     0.0072 :   0.          39.46338116  32.65634062  -4.68839049 -18.97586868  -24.3453447  -27.56307718
