itr_steps: 2 2.63145033541079e-10 0.16096856808601445
itr_steps: 3 8.945982843400202e-12 0.16311604439410937
itr_steps: 3 1.288136264321338e-13 0.16163779314828156
itr_steps: 3 6.543016128901513e-12 0.16241674964340344
itr_steps: 3 7.10181913277097e-13 0.1624755051103237
itr_steps: 3 9.788458932291633e-11 0.16384373313742337
itr_steps: 3 5.607625475079203e-12 0.16394244138654412
itr_steps: 3 8.545622542932563e-11 0.1648463819029058
itr_steps: 3 5.947936587702429e-12 0.16494157662929784
itr_steps: 3 2.8681823582843435e-10 0.1664332927058741
itr_steps: 3 6.108225036882686e-12 0.1664223073935642
itr_steps: 4 2.9312802185543774e-11 0.1683505108306255
itr_steps: 3 2.7333413310515198e-11 0.16861944161940912
itr_steps: 3 8.910608362278083e-11 0.1693173288898168
itr_steps: 3 1.4634238265642807e-11 0.1694275577324307
itr_steps: 3 1.2612005884093946e-10 0.17039281996357525
itr_steps: 3 8.286038521987393e-12 0.17039269506226426
itr_steps: 3 2.174540270072356e-10 0.17177631375431401
itr_steps: 3 5.998104790627679e-11 0.1709345940363428
itr_steps: 3 2.7282259784655594e-11 0.17129509489094738
itr_steps: 3 3.4046376828911207e-11 0.1717117333955278
itr_steps: 3 2.5079133214589433e-11 0.17208359825537045
itr_steps: 3 2.876934801498976e-11 0.17249437574339588
itr_steps: 3 2.281391742187111e-11 0.17287442855916446
itr_steps: 3 2.4303725698615608e-11 0.17327896030793866
itr_steps: 3 2.052888414816323e-11 0.17366518439033915
itr_steps: 3 2.0475870998737378e-11 0.17406327526767107
itr_steps: 3 1.828262541359038e-11 0.174454222299522
itr_steps: 3 1.718170050679646e-11 0.17484577098966594
itr_steps: 3 1.607150523774692e-11 0.17523961392659151
itr_steps: 3 1.2137929550348758e-11 0.17559220326780703
itr_steps: 3 9.111184029464425e-12 0.17590905420210615
itr_steps: 3 6.866285318096743e-12 0.17619492080029955
itr_steps: 3 5.161454597057968e-12 0.1764521396452576
itr_steps: 3 3.882422161538557e-12 0.17668365244775472
itr_steps: 3 2.91805468677353e-12 0.17689187804092446
itr_steps: 3 2.18985940492189e-12 0.17707917887691083
itr_steps: 2 9.010092727468333e-09 0.1772476575262725
itr_steps: 2 6.826982756891198e-09 0.1773992326948057
itr_steps: 2 5.13474818220061e-09 0.1775355983473991
itr_steps: 2 3.824951577691138e-09 0.1776582935222615
itr_steps: 2 2.8122866813085068e-09 0.17776868547967575
itr_steps: 2 2.031846302319451e-09 0.17786801122312298
itr_steps: 2 1.426822687777829e-09 0.17795727528532
itr_steps: 2 9.598720429604413e-10 0.17803737471935152
itr_steps: 2 6.082878367674738e-10 0.17810927304387583
itr_steps: 2 3.454568020533344e-10 0.17817382813256974
itr_steps: 2 1.5091092264718498e-10 0.17823180422382823
itr_steps: 2 8.779671434311354e-12 0.1782838838198475
itr_steps: 2 9.313244619946204e-11 0.17833067570638114
itr_steps: 2 1.6431989102727584e-10 0.17837272417703973
itr_steps: 2 2.1213061862646043e-10 0.17841051604243274
itr_steps: 2 2.422103906329909e-10 0.1784444909301326
itr_steps: 2 2.590954673031831e-10 0.17847503438444245
