##    0 :lr 0.010000 :tot_ene   -24.9849 :dif_ene     0.0000 :dif_cor     0.0000 :   0.           0.24067868   1.19253859   3.60554277  12.43459295   -1.61992648 -40.83834102
##    1 :lr 0.009800 :tot_ene    -7.1354 :dif_ene    20.2790 :dif_cor     1.6897 :   0.           0.22488144   1.12526823   3.42173261  11.48672461   17.44431438 -40.83834102
##    2 :lr 0.009604 :tot_ene   -10.9915 :dif_ene     4.1338 :dif_cor     1.0733 :   0.           0.21720198   1.10113813   3.40909738  11.62559223   13.49380449 -40.83834102
##    3 :lr 0.009412 :tot_ene   -14.8067 :dif_ene     4.1929 :dif_cor     0.8347 :   0.           0.21221615   1.08670932   3.41219887  11.81135679    9.50917543 -40.83834102
##    4 :lr 0.009224 :tot_ene   -19.6594 :dif_ene     5.0828 :dif_cor     0.5994 :   0.           0.20816163   1.07427594   3.40851158  11.92640391    4.56155434 -40.83834102
##    5 :lr 0.009039 :tot_ene   -21.2815 :dif_ene     2.5604 :dif_cor     0.8119 :   0.           0.20280578   1.06060159   3.43066238  12.37345099    2.48933601 -40.83834102
##    6 :lr 0.008858 :tot_ene    -7.5028 :dif_ene    13.8112 :dif_cor     1.4700 :   0.           0.1990711    1.04932683   3.42941536  12.50679038   16.15089863 -40.83834102
##    7 :lr 0.008681 :tot_ene   -12.7350 :dif_ene     6.2089 :dif_cor     1.0085 :   0.           0.19507693   1.04063634   3.46363473  12.96093466   10.44304765 -40.83834102
##    8 :lr 0.008508 :tot_ene   -16.2401 :dif_ene     5.0286 :dif_cor     0.8397 :   0.           0.19113504   1.03107515   3.49327596  13.69305606    6.18967031 -40.83834102
##    9 :lr 0.008337 :tot_ene   -20.5034 :dif_ene     4.5142 :dif_cor     0.7563 :   0.           0.18888343   1.02885154   3.53955324  13.77224318    1.80536433 -40.83834102
##   10 :lr 0.008171 :tot_ene    -6.5018 :dif_ene    14.0305 :dif_cor     1.3692 :   0.           0.18478745   1.01853022   3.5900407   14.99992198   14.54329219 -40.83834102
##   11 :lr 0.008007 :tot_ene   -13.1714 :dif_ene     7.3639 :dif_cor     1.0411 :   0.           0.18276584   1.01815974   3.67624988  15.26084413    7.5289656  -40.83834102
##   12 :lr 0.007847 :tot_ene   -17.3091 :dif_ene     5.2339 :dif_cor     0.7356 :   0.           0.18010024   1.01274635   3.71798316  15.76723139    2.85121711 -40.83834102
##   13 :lr 0.007690 :tot_ene   -20.6633 :dif_ene     4.3362 :dif_cor     0.7912 :   0.           0.17833489   1.01329155   3.84293868  16.13270054   -0.99220235 -40.83834102
##   14 :lr 0.007536 :tot_ene   -23.8326 :dif_ene     3.3140 :dif_cor     0.6129 :   0.           0.17564068   1.00664099   3.84204716  16.20506084   -4.22362598 -40.83834102
##   15 :lr 0.007386 :tot_ene    -8.3682 :dif_ene    15.4674 :dif_cor     1.5742 :   0.           0.17413313   1.00777828   4.01374156  16.62682464   10.64765476 -40.83834102
##   16 :lr 0.007238 :tot_ene   -14.6037 :dif_ene     7.4528 :dif_cor     0.8781 :   0.           0.17197694   1.00353442   4.11699533  17.1322159    3.80988618 -40.83834102
##   17 :lr 0.007093 :tot_ene   -19.0216 :dif_ene     5.2344 :dif_cor     0.8363 :   0.           0.1707342    1.00361079   4.35514304  17.30226718   -1.01501144 -40.83834102
##   18 :lr 0.006951 :tot_ene   -22.6336 :dif_ene     4.1885 :dif_cor     0.6676 :   0.           0.16876444   0.99925456   4.39430609  17.55136035   -4.90895892 -40.83834102
##   19 :lr 0.006812 :tot_ene    -9.4929 :dif_ene    13.3974 :dif_cor     1.3826 :   0.           0.16759433   1.00034464   4.56832573  17.42421243    8.18498581 -40.83834101
##   20 :lr 0.006676 :tot_ene   -16.2670 :dif_ene     6.9499 :dif_cor     0.7897 :   0.           0.16579328   0.99849023   4.50373889  17.51206365    1.39122819 -40.83834102
##   21 :lr 0.006543 :tot_ene   -20.7569 :dif_ene     4.9094 :dif_cor     0.6775 :   0.           0.16429979   0.99837413   4.61454913  17.61103035   -3.30682151 -40.83834102
##   22 :lr 0.006412 :tot_ene   -24.4969 :dif_ene     4.0499 :dif_cor     0.5410 :   0.           0.16220325   0.99649217   4.48287303  17.76598139   -7.066093   -40.83834102
##   23 :lr 0.006283 :tot_ene   -11.3874 :dif_ene    13.1468 :dif_cor     1.1546 :   0.           0.16011883   0.99510624   4.46769581  17.93336773    5.89463412 -40.83834102
##   24 :lr 0.006158 :tot_ene   -17.7518 :dif_ene     6.7122 :dif_cor     0.5906 :   0.           0.15776949   0.9931763    4.32309552  18.10729039   -0.49481341 -40.83834102
##   25 :lr 0.006035 :tot_ene   -22.0148 :dif_ene     4.6670 :dif_cor     0.4769 :   0.           0.15589142   0.99143195   4.31725713  18.30928677   -4.95036943 -40.83834102
##   26 :lr 0.005914 :tot_ene   -25.4041 :dif_ene     3.7529 :dif_cor     0.3929 :   0.           0.15411585   0.98974925   4.30494213  18.49111357   -8.50564523 -40.83834102
##   27 :lr 0.005796 :tot_ene   -28.2560 :dif_ene     3.1940 :dif_cor     0.3427 :   0.           0.15243642   0.98744303   4.31657349  18.65049687  -11.52465537 -40.83834102
##   28 :lr 0.005680 :tot_ene   -13.2858 :dif_ene    14.9784 :dif_cor     1.1175 :   0.           0.15081454   0.98501368   4.3337549   18.78647208    3.29652939 -40.83834102
##   29 :lr 0.005566 :tot_ene   -19.0279 :dif_ene     6.0291 :dif_cor     0.4346 :   0.           0.14947174   0.98320112   4.35443434  18.90925542   -2.58593485 -40.83834102
##   30 :lr 0.005455 :tot_ene   -22.9594 :dif_ene     4.2127 :dif_cor     0.3575 :   0.           0.14814485   0.98140705   4.38096287  19.02335232   -6.65491195 -40.83834101
##   31 :lr 0.005346 :tot_ene   -26.1582 :dif_ene     3.4345 :dif_cor     0.3048 :   0.           0.14681252   0.97914599   4.40497364  19.11717374   -9.96797066 -40.83834102
##   32 :lr 0.005239 :tot_ene   -28.8785 :dif_ene     2.9090 :dif_cor     0.2725 :   0.           0.14545974   0.9764878    4.42565399  19.19088964  -12.7786087  -40.83834102
##   33 :lr 0.005134 :tot_ene   -14.8408 :dif_ene    14.0468 :dif_cor     0.9876 :   0.           0.1440624    0.97329548   4.4425813   19.24663868    1.19095029 -40.83834101
##   34 :lr 0.005031 :tot_ene   -20.1162 :dif_ene     5.4275 :dif_cor     0.3602 :   0.           0.1429264    0.97109192   4.46087723  19.30444259   -4.15715084 -40.83834102
##   35 :lr 0.004931 :tot_ene   -23.7651 :dif_ene     3.7763 :dif_cor     0.2905 :   0.           0.14174467   0.96857915   4.47765848  19.35135496   -7.86610994 -40.83834102
##   36 :lr 0.004832 :tot_ene   -26.7914 :dif_ene     3.1197 :dif_cor     0.2583 :   0.           0.14053963   0.9656867    4.49119275  19.38450666  -10.9350126  -40.83834102
##   37 :lr 0.004735 :tot_ene   -29.3759 :dif_ene     2.6458 :dif_cor     0.2353 :   0.           0.13930697   0.9623883    4.50135223  19.40498226  -13.54562507 -40.83834102
##   38 :lr 0.004641 :tot_ene   -16.2150 :dif_ene    13.1709 :dif_cor     0.8884 :   0.           0.13803953   0.95867067   4.50824338  19.41477634   -0.39635941 -40.83834102
##   39 :lr 0.004548 :tot_ene   -21.0425 :dif_ene     4.8818 :dif_cor     0.3085 :   0.           0.13701429   0.95602466   4.51807061  19.43209374   -5.24735013 -40.83834102
##   40 :lr 0.004457 :tot_ene   -24.4258 :dif_ene     3.4172 :dif_cor     0.2483 :   0.           0.13595047   0.95306711   4.52596761  19.44115019   -8.64358751 -40.83834101
##   41 :lr 0.004368 :tot_ene   -27.2653 :dif_ene     2.8518 :dif_cor     0.2259 :   0.           0.13486389   0.94978416   4.53115364  19.44215475  -11.48487125 -40.83834102
##   42 :lr 0.004281 :tot_ene   -29.7032 :dif_ene     2.4428 :dif_cor     0.2095 :   0.           0.1337553    0.94617838   4.53362164  19.43639495  -13.91477278 -40.83834102
##   43 :lr 0.004195 :tot_ene   -31.8269 :dif_ene     2.1237 :dif_cor     0.1969 :   0.           0.13262232   0.94225507   4.53352199  19.42531517  -16.02223542 -40.83834101
##   44 :lr 0.004111 :tot_ene   -17.5750 :dif_ene    14.2979 :dif_cor     0.9390 :   0.           0.13146306   0.93802521   4.53105361  19.41017987   -1.74734483 -40.83834102
##   45 :lr 0.004029 :tot_ene   -21.9042 :dif_ene     4.3349 :dif_cor     0.2645 :   0.           0.13056869   0.93516361   4.53387826  19.40407914   -6.06955193 -40.83834102
##   46 :lr 0.003948 :tot_ene   -24.9923 :dif_ene     3.0901 :dif_cor     0.2175 :   0.           0.1296462    0.93204078   4.53489571  19.39362598   -9.14417927 -40.83834102
##   47 :lr 0.003869 :tot_ene   -27.6072 :dif_ene     2.6149 :dif_cor     0.1981 :   0.           0.12870679   0.92867629   4.53388     19.37969157  -11.73979517 -40.83834102
##   48 :lr 0.003792 :tot_ene   -29.8700 :dif_ene     2.2628 :dif_cor     0.1846 :   0.           0.12775308   0.9250862    4.53090918  19.36320175  -13.97858986 -40.83834102
##   49 :lr 0.003716 :tot_ene   -31.8517 :dif_ene     1.9817 :dif_cor     0.1731 :   0.           0.12678509   0.92128383   4.52613423  19.34496003  -15.93247582 -40.83834102
##   50 :lr 0.003642 :tot_ene   -33.6017 :dif_ene     1.7500 :dif_cor     0.1643 :   0.           0.12580238   0.91728237   4.51972511  19.3256027  -17.6517347  -40.83834102
##   51 :lr 0.003569 :tot_ene   -18.7201 :dif_ene    14.9477 :dif_cor     0.9589 :   0.           0.1248045    0.91309471   4.51184869  19.3056088   -2.73706676 -40.83834102
##   52 :lr 0.003497 :tot_ene   -22.5345 :dif_ene     3.8144 :dif_cor     0.2263 :   0.           0.12405883   0.91033523   4.51033887  19.29142328   -6.53228503 -40.83834102
##   53 :lr 0.003428 :tot_ene   -25.3155 :dif_ene     2.7810 :dif_cor     0.1898 :   0.           0.12329541   0.90738764   4.50741794  19.27566009   -9.2909317  -40.83834101
##   54 :lr 0.003359 :tot_ene   -27.6848 :dif_ene     2.3693 :dif_cor     0.1719 :   0.           0.12252168   0.90427931   4.50309798  19.25896371  -11.63535428 -40.83834102
##   55 :lr 0.003292 :tot_ene   -29.7553 :dif_ene     2.0704 :dif_cor     0.1607 :   0.           0.12174033   0.90102892   4.49748452  19.24182826  -13.67901698 -40.83834102
##   56 :lr 0.003226 :tot_ene   -31.5840 :dif_ene     1.8287 :dif_cor     0.1514 :   0.           0.12095225   0.8976506    4.49070427  19.22461411  -15.47955587 -40.83834102
##   57 :lr 0.003161 :tot_ene   -33.2108 :dif_ene     1.6268 :dif_cor     0.1443 :   0.           0.12015769   0.89415623   4.48288522  19.20757157  -17.07720458 -40.83834102
##   58 :lr 0.003098 :tot_ene   -34.6658 :dif_ene     1.4550 :dif_cor     0.1380 :   0.           0.11935666   0.89055625   4.47414813  19.19086463  -18.50237472 -40.83834101
##    0 :lr 0.010000 :tot_ene   -34.6659 :dif_ene     0.0000 :dif_cor     0.0000 :   0.           0.11935628   0.89056981   4.47406962  19.19083825  -18.5023756  -40.83834101
##   59 :lr 0.009800 :tot_ene   -19.8622 :dif_ene    14.9750 :dif_cor     0.9976 :   0.           0.11695889   0.88051641   4.45658469  19.13512121   -3.61305457 -40.83834101
##   60 :lr 0.009604 :tot_ene   -28.0191 :dif_ene     8.1569 :dif_cor     0.6340 :   0.           0.11507351   0.87258408   4.44296347  19.08776742  -11.69916421 -40.83834101
##   61 :lr 0.009412 :tot_ene   -32.9989 :dif_ene     4.9798 :dif_cor     0.6120 :   0.           0.1129373    0.8626834    4.41711388  19.04047027  -16.59378529 -40.83834101
##   62 :lr 0.009224 :tot_ene   -20.4763 :dif_ene    12.6648 :dif_cor     0.9507 :   0.           0.11111447   0.85371585   4.38923294  19.00805428   -4.0000343  -40.83834101
##   63 :lr 0.009039 :tot_ene   -28.4010 :dif_ene     7.9247 :dif_cor     0.5933 :   0.           0.10947692   0.84634643   4.37263961  18.96822134  -11.85929526 -40.83834101
##   64 :lr 0.008858 :tot_ene   -33.6269 :dif_ene     5.2260 :dif_cor     0.5593 :   0.           0.10765744   0.837507     4.3467279   18.93222344  -17.0126831  -40.83834102
##   65 :lr 0.008681 :tot_ene   -20.8732 :dif_ene    12.8984 :dif_cor     0.8961 :   0.           0.10576607   0.82784686   4.31444287  18.90375102   -4.18663814 -40.83834102
##   66 :lr 0.008508 :tot_ene   -28.5547 :dif_ene     7.6816 :dif_cor     0.5555 :   0.           0.10437421   0.8213333    4.2981458   18.87285587  -11.81310133 -40.83834102
##   67 :lr 0.008337 :tot_ene   -33.8417 :dif_ene     5.2869 :dif_cor     0.5135 :   0.           0.10284316   0.81367371   4.27445124  18.84629703  -17.04058161 -40.83834101
##   68 :lr 0.008171 :tot_ene   -21.1274 :dif_ene    12.8307 :dif_cor     0.8363 :   0.           0.10126688   0.80547893   4.24665183  18.82565194   -4.26809377 -40.83834101
##   69 :lr 0.008007 :tot_ene   -28.5675 :dif_ene     7.4402 :dif_cor     0.5219 :   0.           0.10007489   0.79973135   4.23125299  18.80192672  -11.66218376 -40.83834101
##   70 :lr 0.007847 :tot_ene   -33.8126 :dif_ene     5.2450 :dif_cor     0.4721 :   0.           0.09879522   0.79322912   4.21100031  18.78199127  -16.85924061 -40.83834101
##   71 :lr 0.007690 :tot_ene   -21.2806 :dif_ene    12.6277 :dif_cor     0.7884 :   0.           0.09746577   0.78622278   4.18703589  18.76642667   -4.2794003  -40.83834101
##   72 :lr 0.007536 :tot_ene   -28.4709 :dif_ene     7.1903 :dif_cor     0.4896 :   0.           0.09646054   0.78131092   4.17389156  18.74809334  -11.43232855 -40.83834101
##   73 :lr 0.007386 :tot_ene   -33.6083 :dif_ene     5.1374 :dif_cor     0.4359 :   0.           0.09537045   0.77570323   4.15623512  18.7326908  -16.52999162 -40.83834101
##   74 :lr 0.007238 :tot_ene   -21.3759 :dif_ene    12.3092 :dif_cor     0.7507 :   0.           0.09426885   0.76988723   4.13702618  18.72041877   -4.25918064 -40.83834101
##   75 :lr 0.007093 :tot_ene   -28.3163 :dif_ene     6.9403 :dif_cor     0.4607 :   0.           0.09339094   0.7655148    4.12469274  18.70594275  -11.16745704 -40.83834101
##   76 :lr 0.006951 :tot_ene   -33.3012 :dif_ene     4.9850 :dif_cor     0.4016 :   0.           0.09248037   0.76081275   4.11030825  18.69364831  -16.1201317  -40.83834102
##   77 :lr 0.006812 :tot_ene   -37.0931 :dif_ene     3.7918 :dif_cor     0.3487 :   0.           0.09153083   0.75576121   4.09340065  18.68360483  -19.8790155  -40.83834101
##   78 :lr 0.006676 :tot_ene   -21.3863 :dif_ene    15.7709 :dif_cor     0.9823 :   0.           0.09056684   0.75057039   4.07605629  18.67506806   -4.14017829 -40.83834101
##   79 :lr 0.006543 :tot_ene   -27.9949 :dif_ene     6.6087 :dif_cor     0.4230 :   0.           0.08985228   0.74700094   4.06617077  18.66411168  -10.72374103 -40.83834101
##   80 :lr 0.006412 :tot_ene   -32.7487 :dif_ene     4.7538 :dif_cor     0.3598 :   0.           0.08912233   0.74324215   4.05522645  18.65444288  -15.45240855 -40.83834102
##   81 :lr 0.006283 :tot_ene   -36.4396 :dif_ene     3.6909 :dif_cor     0.3113 :   0.           0.08836359   0.73923145   4.0424767   18.64614314  -19.11747308 -40.83834102
##   82 :lr 0.006158 :tot_ene   -21.4016 :dif_ene    15.0890 :dif_cor     0.9082 :   0.           0.08759484   0.73510609   4.02919901  18.63880294   -4.053947   -40.83834101
##   83 :lr 0.006035 :tot_ene   -27.6616 :dif_ene     6.2600 :dif_cor     0.3856 :   0.           0.08701303   0.732218     4.02202067  18.63016405  -10.29466106 -40.83834102
##   84 :lr 0.005914 :tot_ene   -32.1626 :dif_ene     4.5010 :dif_cor     0.3214 :   0.           0.08641666   0.7291672    4.01384738  18.62230998  -14.77599658 -40.83834101
##   85 :lr 0.005796 :tot_ene   -35.7231 :dif_ene     3.5605 :dif_cor     0.2799 :   0.           0.08580442   0.72596005   4.00449342  18.61532864  -18.31638827 -40.83834101
##   86 :lr 0.005680 :tot_ene   -21.4122 :dif_ene    14.3515 :dif_cor     0.8418 :   0.           0.08518065   0.72263688   3.99445904  18.60898717   -3.98516735 -40.83834101
##   87 :lr 0.005566 :tot_ene   -27.3254 :dif_ene     5.9132 :dif_cor     0.3522 :   0.           0.08470208   0.72027761   3.98931852  18.60195665   -9.8833441  -40.83834101
##   88 :lr 0.005455 :tot_ene   -31.5726 :dif_ene     4.2472 :dif_cor     0.2886 :   0.           0.08420779   0.71776401   3.98313744  18.59542847  -14.11479444 -40.83834101
##   89 :lr 0.005346 :tot_ene   -34.9940 :dif_ene     3.4214 :dif_cor     0.2540 :   0.           0.08370493   0.71514797   3.9761406   18.5894839  -17.52008984 -40.83834102
##   90 :lr 0.005239 :tot_ene   -37.8088 :dif_ene     2.8148 :dif_cor     0.2348 :   0.           0.08319196   0.71243349   3.9685086   18.58398585  -20.31853673 -40.83834101
##   91 :lr 0.005134 :tot_ene   -21.3941 :dif_ene    16.4483 :dif_cor     0.9678 :   0.           0.08266213   0.7095978    3.96029424  18.57874675   -3.88701485 -40.83834101
##   92 :lr 0.005031 :tot_ene   -26.8850 :dif_ene     5.4910 :dif_cor     0.3162 :   0.           0.08228019   0.70773168   3.95687169  18.57314968   -9.36673711 -40.83834101
##   93 :lr 0.004931 :tot_ene   -30.8299 :dif_ene     3.9449 :dif_cor     0.2541 :   0.           0.08188643   0.70575324   3.95267942  18.56783074  -13.29972852 -40.83834101
##   94 :lr 0.004832 :tot_ene   -34.0743 :dif_ene     3.2444 :dif_cor     0.2284 :   0.           0.08148772   0.70370575   3.94791493  18.56286499  -16.5319175  -40.83834101
##   95 :lr 0.004735 :tot_ene   -36.7902 :dif_ene     2.7159 :dif_cor     0.2120 :   0.           0.08108241   0.70158863   3.94266523  18.55818596  -19.23535566 -40.83834101
##   96 :lr 0.004641 :tot_ene   -21.3899 :dif_ene    15.4258 :dif_cor     0.8859 :   0.           0.08066714   0.69939193   3.93699431  18.55369395   -3.82229885 -40.83834102
##   97 :lr 0.004548 :tot_ene   -26.4711 :dif_ene     5.0812 :dif_cor     0.2848 :   0.           0.08035474   0.69787179   3.93462376  18.54912626   -8.89477016 -40.83834101
##   98 :lr 0.004457 :tot_ene   -30.1334 :dif_ene     3.6623 :dif_cor     0.2254 :   0.           0.08003435   0.69627302   3.93170714  18.54472945  -12.54785049 -40.83834102
##   99 :lr 0.004368 :tot_ene   -33.1961 :dif_ene     3.0627 :dif_cor     0.2073 :   0.           0.07971075   0.69462486   3.92836285  18.54056468  -15.60104111 -40.83834102
##  100 :lr 0.004281 :tot_ene   -35.7979 :dif_ene     2.6018 :dif_cor     0.1931 :   0.           0.0793831    0.69292813   3.92465253  18.5365984  -18.19313996 -40.83834102
##  101 :lr 0.004195 :tot_ene   -38.0268 :dif_ene     2.2289 :dif_cor     0.1822 :   0.           0.07904943   0.69117744   3.92062288  18.53277496  -20.41212408 -40.83834101
##  102 :lr 0.004111 :tot_ene   -21.3770 :dif_ene    16.6703 :dif_cor     0.9609 :   0.           0.07870763   0.68936595   3.9163107   18.52903504   -3.75206969 -40.83834101
##  103 :lr 0.004029 :tot_ene   -25.9904 :dif_ene     4.6134 :dif_cor     0.2515 :   0.           0.07845852   0.68816225   3.91486628  18.52538361   -8.35894797 -40.83834102
##  104 :lr 0.003948 :tot_ene   -29.3434 :dif_ene     3.3530 :dif_cor     0.2002 :   0.           0.07820431   0.68690617   3.91304959  18.52182995  -11.70503041 -40.83834101
##  105 :lr 0.003869 :tot_ene   -32.1870 :dif_ene     2.8436 :dif_cor     0.1848 :   0.           0.07794827   0.68561671   3.91092399  18.51842148  -14.54154974 -40.83834102
##  106 :lr 0.003792 :tot_ene   -34.6392 :dif_ene     2.4523 :dif_cor     0.1724 :   0.           0.07769004   0.68429502   3.90852831  18.51514464  -16.98655941 -40.83834102
##  107 :lr 0.003716 :tot_ene   -36.7711 :dif_ene     2.1318 :dif_cor     0.1632 :   0.           0.07742856   0.68293865   3.90589471  18.51197187  -19.11098226 -40.83834101
##  108 :lr 0.003642 :tot_ene   -38.6332 :dif_ene     1.8621 :dif_cor     0.1547 :   0.           0.07716261   0.68154388   3.90305013  18.50887134  -20.96552372 -40.83834102
##  109 :lr 0.003569 :tot_ene   -21.3651 :dif_ene    17.2838 :dif_cor     0.9939 :   0.           0.07689091   0.68010643   3.90001731  18.50580978   -3.68955141 -40.83834101
##  110 :lr 0.003497 :tot_ene   -21.5909 :dif_ene     8.1490 :dif_cor     2.0390 :   0.           0.07213306   0.59995246   7.86159672  18.50294039   -7.78915147 -40.83834101
##  111 :lr 0.003428 :tot_ene   -25.3801 :dif_ene     3.7893 :dif_cor     0.2563 :   0.           0.07181475   0.59761294   7.10966226  18.49984602  -10.82073444 -40.83834101
##  112 :lr 0.003359 :tot_ene   -28.2843 :dif_ene     2.9042 :dif_cor     0.2082 :   0.           0.07156963   0.59640716   6.80681493  18.49680008  -13.4175692  -40.83834101
##  113 :lr 0.003292 :tot_ene   -30.8187 :dif_ene     2.5344 :dif_cor     0.1924 :   0.           0.07133741   0.59536391   6.54854413  18.49381681  -15.68941151 -40.83834101
##  114 :lr 0.003226 :tot_ene   -33.0580 :dif_ene     2.2393 :dif_cor     0.1822 :   0.           0.07111527   0.59446936   6.31707695  18.49089894  -17.69320424 -40.83834101
##  115 :lr 0.003161 :tot_ene   -35.0474 :dif_ene     1.9894 :dif_cor     0.1732 :   0.           0.07090063   0.593699     6.10721833  18.48804346  -19.46895416 -40.83834101
##  116 :lr 0.003098 :tot_ene   -36.8210 :dif_ene     1.7736 :dif_cor     0.1650 :   0.           0.07069135   0.59303202   5.91577939  18.48524362  -21.04740827 -40.83834101
##  117 :lr 0.003036 :tot_ene   -19.6832 :dif_ene    17.4956 :dif_cor     1.0200 :   0.           0.07048564   0.59245119   5.7404229   18.48248993   -3.73069167 -40.83834101
##  118 :lr 0.002976 :tot_ene   -23.3807 :dif_ene     3.6975 :dif_cor     0.2106 :   0.           0.07033725   0.59221581   5.61743579  18.48001171   -7.3023913  -40.83834101
##  119 :lr 0.002916 :tot_ene   -26.1897 :dif_ene     2.8089 :dif_cor     0.1793 :   0.           0.07019107   0.59200714   5.50380062  18.47756242   -9.99490073 -40.83834101
##  120 :lr 0.002858 :tot_ene   -28.6182 :dif_ene     2.4285 :dif_cor     0.1626 :   0.           0.07004746   0.59181864   5.39936402  18.47516821  -12.31627032 -40.83834101
##  121 :lr 0.002801 :tot_ene   -30.7725 :dif_ene     2.1543 :dif_cor     0.1533 :   0.           0.06990618   0.59164414   5.30342164  18.47284068  -14.37197094 -40.83834102
##  122 :lr 0.002745 :tot_ene   -32.7013 :dif_ene     1.9288 :dif_cor     0.1450 :   0.           0.06976657   0.59147835   5.21501687  18.47058026  -16.20978116 -40.83834102
##  123 :lr 0.002690 :tot_ene   -34.4368 :dif_ene     1.7355 :dif_cor     0.1385 :   0.           0.06962798   0.59131707   5.13328335  18.46838371  -17.86106404 -40.83834101
##  124 :lr 0.002636 :tot_ene   -36.0036 :dif_ene     1.5668 :dif_cor     0.1324 :   0.           0.0694898    0.59115692   5.05747136  18.4662456  -19.34958734 -40.83834102
##  125 :lr 0.002583 :tot_ene   -37.4214 :dif_ene     1.4178 :dif_cor     0.1268 :   0.           0.06935144   0.59099509   4.98694395  18.46415917  -20.69447554 -40.83834101
##  126 :lr 0.002531 :tot_ene   -20.5538 :dif_ene    17.0038 :dif_cor     0.9671 :   0.           0.06921238   0.59082923   4.92116314  18.46211678   -3.75876428 -40.83834102
##  127 :lr 0.002481 :tot_ene   -23.6413 :dif_ene     3.0875 :dif_cor     0.1682 :   0.           0.06910933   0.59082674   4.87390793  18.46019814   -6.79700021 -40.83834102
##  128 :lr 0.002431 :tot_ene   -26.0418 :dif_ene     2.4005 :dif_cor     0.1461 :   0.           0.06900613   0.59080905   4.82957561  18.45831508   -9.15114282 -40.83834102
##  129 :lr 0.002383 :tot_ene   -28.1243 :dif_ene     2.0825 :dif_cor     0.1317 :   0.           0.06890303   0.59077559   4.78807684  18.45647815  -11.19020961 -40.83834101
##  130 :lr 0.002335 :tot_ene   -29.9871 :dif_ene     1.8628 :dif_cor     0.1238 :   0.           0.06880029   0.59072627   4.74931918  18.45469641  -13.0122902  -40.83834101
##  131 :lr 0.002288 :tot_ene   -31.6734 :dif_ene     1.6863 :dif_cor     0.1174 :   0.           0.06869777   0.59066127   4.71304706  18.45296947  -14.660471   -40.83834101
##  132 :lr 0.002242 :tot_ene   -33.2089 :dif_ene     1.5355 :dif_cor     0.1119 :   0.           0.06859529   0.59058088   4.67901878  18.45129507  -16.16004222 -40.83834101
##  133 :lr 0.002198 :tot_ene   -34.6119 :dif_ene     1.4030 :dif_cor     0.1073 :   0.           0.06849268   0.59048548   4.6470161   18.44966978  -17.52925741 -40.83834101
##  134 :lr 0.002154 :tot_ene   -35.8972 :dif_ene     1.2853 :dif_cor     0.1030 :   0.           0.06838973   0.59037541   4.61684619  18.44808954  -18.78256269 -40.83834102
##  135 :lr 0.002111 :tot_ene   -37.0768 :dif_ene     1.1796 :dif_cor     0.0990 :   0.           0.06828627   0.590251     4.58834037  18.4465499  -19.93192455 -40.83834101
##  136 :lr 0.002068 :tot_ene   -38.1612 :dif_ene     1.0843 :dif_cor     0.0951 :   0.           0.06818213   0.59011252   4.56135162  18.44504623  -20.98753795 -40.83834101
##  137 :lr 0.002027 :tot_ene   -20.9657 :dif_ene    17.2501 :dif_cor     0.9689 :   0.           0.06807715   0.58996018   4.53575184  18.44357384   -3.764728   -40.83834102
##  138 :lr 0.001986 :tot_ene   -23.4679 :dif_ene     2.5022 :dif_cor     0.1305 :   0.           0.06799949   0.58993435   4.51751583  18.44216339   -6.24714598 -40.83834101
##  139 :lr 0.001947 :tot_ene   -25.4771 :dif_ene     2.0092 :dif_cor     0.1157 :   0.           0.06792167   0.58989326   4.50015074  18.44078291   -8.23750733 -40.83834101
##  140 :lr 0.001908 :tot_ene   -27.2304 :dif_ene     1.7533 :dif_cor     0.1053 :   0.           0.06784372   0.58983749   4.48360375  18.43943427   -9.97277259 -40.83834102
##  141 :lr 0.001870 :tot_ene   -28.8080 :dif_ene     1.5776 :dif_cor     0.0973 :   0.           0.06776601   0.58976793   4.46789743  18.4381248  -11.53320097 -40.83834101
##  142 :lr 0.001832 :tot_ene   -30.2494 :dif_ene     1.4415 :dif_cor     0.0928 :   0.           0.06768854   0.58968537   4.45296926  18.43685418  -12.95829921 -40.83834101
##  143 :lr 0.001796 :tot_ene   -31.5763 :dif_ene     1.3269 :dif_cor     0.0886 :   0.           0.06761126   0.58959058   4.43875797  18.43562119  -14.26958433 -40.83834101
##  144 :lr 0.001760 :tot_ene   -32.8030 :dif_ene     1.2267 :dif_cor     0.0847 :   0.           0.06753413   0.58948428   4.42520608  18.43442412  -15.48130684 -40.83834101
##  145 :lr 0.001725 :tot_ene   -33.9402 :dif_ene     1.1372 :dif_cor     0.0816 :   0.           0.0674571    0.58936711   4.41226097  18.43326091  -16.60418625 -40.83834101
##  146 :lr 0.001690 :tot_ene   -34.9966 :dif_ene     1.0564 :dif_cor     0.0787 :   0.           0.0673801    0.58923968   4.39987502  18.43212936  -17.64688787 -40.83834101
##  147 :lr 0.001656 :tot_ene   -35.9796 :dif_ene     0.9830 :dif_cor     0.0759 :   0.           0.06730309   0.58910254   4.38800541  18.43102716  -18.6167074  -40.83834102
##  148 :lr 0.001623 :tot_ene   -36.8955 :dif_ene     0.9159 :dif_cor     0.0732 :   0.           0.06722601   0.58895618   4.37661377  18.42995201  -19.51994111 -40.83834101
##  149 :lr 0.001591 :tot_ene   -37.7499 :dif_ene     0.8544 :dif_cor     0.0707 :   0.           0.0671488    0.58880103   4.36566576  18.4289016  -20.36211597 -40.83834102
##  150 :lr 0.001559 :tot_ene   -38.5478 :dif_ene     0.7978 :dif_cor     0.0682 :   0.           0.06707143   0.58863748   4.35513057  18.42787371  -21.1481431  -40.83834101
##  151 :lr 0.001528 :tot_ene   -39.2935 :dif_ene     0.7457 :dif_cor     0.0659 :   0.           0.06699384   0.58846589   4.34498058  18.42686615  -21.88242721 -40.83834101
##  152 :lr 0.001497 :tot_ene   -21.1731 :dif_ene    18.1424 :dif_cor     1.0177 :   0.           0.066916     0.58828656   4.33519096  18.42587686   -3.75105484 -40.83834101
##  153 :lr 0.001467 :tot_ene   -23.0538 :dif_ene     1.8807 :dif_cor     0.0941 :   0.           0.06685985   0.58821909   4.32855423  18.42493073   -5.62400028 -40.83834102
##  154 :lr 0.001438 :tot_ene   -24.6290 :dif_ene     1.5753 :dif_cor     0.0855 :   0.           0.06680389   0.58814388   4.32213867  18.4240049   -7.19178517 -40.83834101
##  155 :lr 0.001409 :tot_ene   -26.0188 :dif_ene     1.3897 :dif_cor     0.0790 :   0.           0.06674811   0.5880613    4.31592935  18.42309911   -8.57426605 -40.83834102
##  156 :lr 0.001381 :tot_ene   -27.2791 :dif_ene     1.2604 :dif_cor     0.0735 :   0.           0.06669261   0.58797192   4.30992772  18.42221527   -9.82758813 -40.83834101
##  157 :lr 0.001353 :tot_ene   -28.4388 :dif_ene     1.1597 :dif_cor     0.0690 :   0.           0.06663752   0.58787639   4.30413506  18.42135509  -10.98043912 -40.83834101
##  158 :lr 0.001326 :tot_ene   -29.5159 :dif_ene     1.0772 :dif_cor     0.0659 :   0.           0.06658285   0.58777513   4.29853953  18.42051806  -12.05101023 -40.83834102
##  159 :lr 0.001300 :tot_ene   -30.5222 :dif_ene     1.0062 :dif_cor     0.0634 :   0.           0.06652858   0.58766857   4.29312961  18.41970351  -13.050846   -40.83834101
##  160 :lr 0.001274 :tot_ene   -31.4655 :dif_ene     0.9434 :dif_cor     0.0610 :   0.           0.0664747    0.58755708   4.28789435  18.41891063  -13.98803807 -40.83834102
##  161 :lr 0.001248 :tot_ene   -32.3523 :dif_ene     0.8867 :dif_cor     0.0587 :   0.           0.06642121   0.58744103   4.2828235   18.41813855  -14.86873943 -40.83834101
##  162 :lr 0.001223 :tot_ene   -33.1873 :dif_ene     0.8350 :dif_cor     0.0568 :   0.           0.06636807   0.58732075   4.27790755  18.41738634  -15.69791616 -40.83834102
##  163 :lr 0.001199 :tot_ene   -33.9748 :dif_ene     0.7875 :dif_cor     0.0550 :   0.           0.06631528   0.58719655   4.27313769  18.41665308  -16.47974361 -40.83834102
##  164 :lr 0.001175 :tot_ene   -34.7184 :dif_ene     0.7436 :dif_cor     0.0533 :   0.           0.06626283   0.5870687    4.26850582  18.41593783  -17.21783025 -40.83834102
##  165 :lr 0.001151 :tot_ene   -35.4213 :dif_ene     0.7029 :dif_cor     0.0516 :   0.           0.06621071   0.58693746   4.26400448  18.41523968  -17.91535367 -40.83834101
##  166 :lr 0.001128 :tot_ene   -36.0863 :dif_ene     0.6650 :dif_cor     0.0500 :   0.           0.06615888   0.58680309   4.25962682  18.41455773  -18.57514922 -40.83834101
##  167 :lr 0.001106 :tot_ene   -36.7161 :dif_ene     0.6297 :dif_cor     0.0485 :   0.           0.06610736   0.58666579   4.25536652  18.41389111  -19.19977109 -40.83834102
##  168 :lr 0.001084 :tot_ene   -37.3128 :dif_ene     0.5968 :dif_cor     0.0470 :   0.           0.06605612   0.58652579   4.2512178   18.413239  -19.79153773 -40.83834102
##  169 :lr 0.001062 :tot_ene   -37.8787 :dif_ene     0.5659 :dif_cor     0.0456 :   0.           0.06600515   0.58638328   4.24717529  18.41260059  -20.35256593 -40.83834101
##  170 :lr 0.001041 :tot_ene   -38.4157 :dif_ene     0.5370 :dif_cor     0.0443 :   0.           0.06595445   0.58623843   4.24323407  18.41197513  -20.88479718 -40.83834102
##  171 :lr 0.001020 :tot_ene   -38.9256 :dif_ene     0.5099 :dif_cor     0.0430 :   0.           0.065904     0.58609141   4.23938959  18.4113619  -21.39001909 -40.83834101
##  172 :lr 0.000999 :tot_ene   -39.4100 :dif_ene     0.4844 :dif_cor     0.0417 :   0.           0.0658538    0.58594238   4.23563763  18.41076021  -21.86988294 -40.83834101
##  173 :lr 0.000979 :tot_ene   -21.2765 :dif_ene    18.1424 :dif_cor     1.0063 :   0.           0.06580385   0.58579149   4.2319743   18.41016941   -3.73192315 -40.83834101
##  174 :lr 0.000960 :tot_ene   -22.5306 :dif_ene     1.2540 :dif_cor     0.0607 :   0.           0.06576757   0.58571873   4.22958001  18.40960552   -4.98289005 -40.83834101
##  175 :lr 0.000941 :tot_ene   -23.6331 :dif_ene     1.1026 :dif_cor     0.0565 :   0.           0.06573165   0.58564374   4.2272387   18.40905346   -6.08246306 -40.83834101
##  176 :lr 0.000922 :tot_ene   -24.6267 :dif_ene     0.9935 :dif_cor     0.0531 :   0.           0.06569607   0.58556666   4.22494804  18.40851302   -7.07305825 -40.83834101
##  177 :lr 0.000903 :tot_ene   -25.5382 :dif_ene     0.9115 :dif_cor     0.0502 :   0.           0.06566082   0.58548764   4.22270582  18.40798394   -7.98171353 -40.83834102
##  178 :lr 0.000885 :tot_ene   -26.3849 :dif_ene     0.8467 :dif_cor     0.0476 :   0.           0.06562592   0.58540684   4.22051118  18.40746626   -8.82555774 -40.83834102
##  179 :lr 0.000868 :tot_ene   -27.1765 :dif_ene     0.7916 :dif_cor     0.0452 :   0.           0.06559145   0.58532462   4.21836768  18.40696101   -9.61437648 -40.83834101
##  180 :lr 0.000850 :tot_ene   -27.9213 :dif_ene     0.7448 :dif_cor     0.0430 :   0.           0.06555741   0.58524112   4.21627362  18.40646795  -10.35648574 -40.83834101
##  181 :lr 0.000833 :tot_ene   -28.6253 :dif_ene     0.7040 :dif_cor     0.0412 :   0.           0.06552379   0.58515648   4.2142273   18.40598678  -11.0578526  -40.83834102
##  182 :lr 0.000817 :tot_ene   -29.2930 :dif_ene     0.6677 :dif_cor     0.0398 :   0.           0.06549059   0.58507085   4.21222708  18.40551719  -11.72293088 -40.83834101
##  183 :lr 0.000800 :tot_ene   -29.9277 :dif_ene     0.6348 :dif_cor     0.0385 :   0.           0.06545781   0.58498434   4.21027136  18.40505887  -12.3551756  -40.83834101
##  184 :lr 0.000784 :tot_ene   -30.5324 :dif_ene     0.6047 :dif_cor     0.0373 :   0.           0.06542544   0.58489706   4.20835864  18.40461148  -12.95736372 -40.83834102
##  185 :lr 0.000769 :tot_ene   -31.1093 :dif_ene     0.5769 :dif_cor     0.0362 :   0.           0.06539347   0.58480912   4.20648745  18.40417469  -13.53179739 -40.83834102
##  186 :lr 0.000753 :tot_ene   -31.6603 :dif_ene     0.5510 :dif_cor     0.0351 :   0.           0.0653619    0.58472064   4.20465641  18.40374817  -14.08043523 -40.83834101
##  187 :lr 0.000738 :tot_ene   -32.1872 :dif_ene     0.5269 :dif_cor     0.0340 :   0.           0.06533073   0.58463169   4.20286424  18.40333161  -14.60497897 -40.83834101
##  188 :lr 0.000723 :tot_ene   -32.6914 :dif_ene     0.5042 :dif_cor     0.0331 :   0.           0.06529994   0.58454237   4.20110968  18.40292467  -15.10693208 -40.83834101
##  189 :lr 0.000709 :tot_ene   -33.1743 :dif_ene     0.4829 :dif_cor     0.0322 :   0.           0.06526954   0.58445276   4.19939157  18.40252705  -15.58764051 -40.83834101
##  190 :lr 0.000695 :tot_ene   -33.6372 :dif_ene     0.4629 :dif_cor     0.0313 :   0.           0.06523951   0.58436294   4.19770878  18.40213844  -16.04832168 -40.83834102
##  191 :lr 0.000681 :tot_ene   -34.0811 :dif_ene     0.4439 :dif_cor     0.0305 :   0.           0.06520985   0.58427298   4.19606027  18.40175856  -16.49008577 -40.83834101
##  192 :lr 0.000667 :tot_ene   -34.5071 :dif_ene     0.4260 :dif_cor     0.0297 :   0.           0.06518057   0.58418295   4.19444504  18.40138711  -16.91395177 -40.83834102
##  193 :lr 0.000654 :tot_ene   -34.9161 :dif_ene     0.4090 :dif_cor     0.0289 :   0.           0.06515164   0.5840929    4.19286213  18.40102382  -17.32085985 -40.83834102
##  194 :lr 0.000641 :tot_ene   -35.3089 :dif_ene     0.3928 :dif_cor     0.0281 :   0.           0.06512307   0.58400291   4.19131066  18.40066842  -17.71168112 -40.83834102
##  195 :lr 0.000628 :tot_ene   -35.6864 :dif_ene     0.3775 :dif_cor     0.0274 :   0.           0.06509486   0.58391303   4.18978975  18.40032067  -18.08722556 -40.83834101
##  196 :lr 0.000615 :tot_ene   -36.0494 :dif_ene     0.3630 :dif_cor     0.0267 :   0.           0.06506699   0.5838233    4.18829861  18.39998032  -18.44824851 -40.83834101
##  197 :lr 0.000603 :tot_ene   -36.3985 :dif_ene     0.3491 :dif_cor     0.0260 :   0.           0.06503947   0.58373377   4.18683644  18.39964712  -18.79545607 -40.83834101
##  198 :lr 0.000591 :tot_ene   -36.7345 :dif_ene     0.3359 :dif_cor     0.0253 :   0.           0.0650123    0.58364451   4.18540253  18.39932087  -19.12950967 -40.83834101
##  199 :lr 0.000579 :tot_ene   -37.0578 :dif_ene     0.3234 :dif_cor     0.0247 :   0.           0.06498546   0.58355553   4.18399615  18.39900134  -19.45103028 -40.83834102
##  200 :lr 0.000568 :tot_ene   -37.3692 :dif_ene     0.3114 :dif_cor     0.0240 :   0.           0.06495895   0.58346689   4.18261663  18.39868833  -19.76060169 -40.83834101
##  201 :lr 0.000556 :tot_ene   -37.6692 :dif_ene     0.2999 :dif_cor     0.0234 :   0.           0.06493277   0.58337863   4.18126334  18.39838163  -20.05877352 -40.83834101
##  202 :lr 0.000545 :tot_ene   -37.9582 :dif_ene     0.2890 :dif_cor     0.0228 :   0.           0.06490692   0.58329077   4.17993564  18.39808107  -20.34606393 -40.83834101
##  203 :lr 0.000534 :tot_ene   -38.2368 :dif_ene     0.2786 :dif_cor     0.0223 :   0.           0.0648814    0.58320336   4.17863296  18.39778646  -20.62296192 -40.83834101
##  204 :lr 0.000524 :tot_ene   -38.5054 :dif_ene     0.2686 :dif_cor     0.0217 :   0.           0.06485619   0.58311642   4.17735472  18.39749762  -20.88992952 -40.83834101
##  205 :lr 0.000513 :tot_ene   -38.7646 :dif_ene     0.2591 :dif_cor     0.0212 :   0.           0.0648313    0.58302998   4.17610037  18.39721439  -21.14740364 -40.83834101
##  206 :lr 0.000503 :tot_ene   -39.0146 :dif_ene     0.2500 :dif_cor     0.0206 :   0.           0.06480673   0.58294407   4.17486939  18.39693662  -21.39579784 -40.83834102
##  207 :lr 0.000493 :tot_ene   -39.2559 :dif_ene     0.2413 :dif_cor     0.0201 :   0.           0.06478247   0.58285872   4.17366128  18.39666416  -21.63550386 -40.83834101
##  208 :lr 0.000483 :tot_ene   -39.4888 :dif_ene     0.2330 :dif_cor     0.0197 :   0.           0.06475852   0.58277394   4.17247555  18.39639685  -21.86689306 -40.83834101
##  209 :lr 0.000473 :tot_ene   -39.7138 :dif_ene     0.2250 :dif_cor     0.0192 :   0.           0.06473488   0.58268977   4.17131172  18.39613457  -22.09031773 -40.83834101
##  210 :lr 0.000464 :tot_ene   -39.9311 :dif_ene     0.2173 :dif_cor     0.0188 :   0.           0.06471153   0.58260621   4.17016935  18.39587717  -22.30611225 -40.83834102
##  211 :lr 0.000455 :tot_ene   -21.3339 :dif_ene    18.6001 :dif_cor     1.0309 :   0.           0.06468849   0.5825233    4.16904799  18.39562454   -3.70748442 -40.83834102
##  212 :lr 0.000445 :tot_ene   -21.9276 :dif_ene     0.5937 :dif_cor     0.0279 :   0.           0.06467193   0.58247976   4.16836669  18.39538642   -4.30020387 -40.83834101
##  213 :lr 0.000437 :tot_ene   -22.4795 :dif_ene     0.5519 :dif_cor     0.0267 :   0.           0.06465562   0.58243635   4.16769722  18.39515315   -4.85111153 -40.83834101
##  214 :lr 0.000428 :tot_ene   -22.9956 :dif_ene     0.5161 :dif_cor     0.0256 :   0.           0.06463956   0.58239312   4.16703934  18.39492463   -5.36628926 -40.83834101
##  215 :lr 0.000419 :tot_ene   -23.4809 :dif_ene     0.4853 :dif_cor     0.0246 :   0.           0.06462376   0.58235006   4.16639283  18.39470076   -5.85061957 -40.83834102
##  216 :lr 0.000411 :tot_ene   -23.9392 :dif_ene     0.4583 :dif_cor     0.0237 :   0.           0.0646082    0.58230721   4.16575747  18.39448145   -6.30804852 -40.83834101
##  217 :lr 0.000403 :tot_ene   -24.3739 :dif_ene     0.4346 :dif_cor     0.0228 :   0.           0.06459288   0.58226459   4.16513306  18.39426661   -6.74178796 -40.83834101
##  218 :lr 0.000395 :tot_ene   -24.7874 :dif_ene     0.4136 :dif_cor     0.0220 :   0.           0.0645778    0.5822222    4.16451939  18.39405613   -7.15447159 -40.83834101
##  219 :lr 0.000387 :tot_ene   -25.1821 :dif_ene     0.3947 :dif_cor     0.0212 :   0.           0.06456296   0.58218006   4.16391626  18.39384992   -7.54827677 -40.83834102
##  220 :lr 0.000379 :tot_ene   -25.5597 :dif_ene     0.3776 :dif_cor     0.0205 :   0.           0.06454835   0.58213819   4.16332348  18.39364791   -7.92501502 -40.83834101
##  221 :lr 0.000371 :tot_ene   -25.9216 :dif_ene     0.3619 :dif_cor     0.0198 :   0.           0.06453397   0.58209662   4.16274112  18.39345008   -8.28604236 -40.83834102
##  222 :lr 0.000364 :tot_ene   -26.2687 :dif_ene     0.3472 :dif_cor     0.0192 :   0.           0.06451984   0.58205539   4.16216949  18.39325651   -8.63237384 -40.83834101
##  223 :lr 0.000357 :tot_ene   -26.6023 :dif_ene     0.3336 :dif_cor     0.0185 :   0.           0.06450595   0.58201453   4.16160838  18.39306711   -8.96514434 -40.83834102
##  224 :lr 0.000350 :tot_ene   -26.9233 :dif_ene     0.3210 :dif_cor     0.0179 :   0.           0.06449229   0.58197403   4.16105762  18.39288179   -9.28533249 -40.83834101
##  225 :lr 0.000343 :tot_ene   -27.2325 :dif_ene     0.3092 :dif_cor     0.0174 :   0.           0.06447887   0.58193392   4.16051702  18.39270045   -9.59378938 -40.83834102
##  226 :lr 0.000336 :tot_ene   -27.5307 :dif_ene     0.2982 :dif_cor     0.0168 :   0.           0.06446568   0.58189419   4.1599864   18.39252301   -9.8912613  -40.83834101
##  227 :lr 0.000329 :tot_ene   -27.8186 :dif_ene     0.2879 :dif_cor     0.0163 :   0.           0.06445272   0.58185486   4.15946557  18.39234938  -10.17840786 -40.83834102
##  228 :lr 0.000322 :tot_ene   -28.0968 :dif_ene     0.2781 :dif_cor     0.0159 :   0.           0.06443997   0.58181594   4.15895437  18.39217948  -10.45581642 -40.83834101
##  229 :lr 0.000316 :tot_ene   -28.3657 :dif_ene     0.2689 :dif_cor     0.0154 :   0.           0.06442745   0.58177743   4.15845262  18.39201322  -10.72401373 -40.83834101
##  230 :lr 0.000310 :tot_ene   -28.6259 :dif_ene     0.2602 :dif_cor     0.0150 :   0.           0.06441515   0.58173934   4.15796015  18.39185052  -10.98347535 -40.83834101
##  231 :lr 0.000303 :tot_ene   -28.8777 :dif_ene     0.2519 :dif_cor     0.0146 :   0.           0.06440306   0.58170167   4.1574768   18.39169129  -11.23463324 -40.83834101
##  232 :lr 0.000297 :tot_ene   -29.1216 :dif_ene     0.2439 :dif_cor     0.0143 :   0.           0.06439117   0.58166443   4.15700239  18.39153546  -11.47788195 -40.83834101
##  233 :lr 0.000291 :tot_ene   -29.3580 :dif_ene     0.2364 :dif_cor     0.0139 :   0.           0.0643795    0.58162762   4.15653677  18.39138295  -11.71358377 -40.83834101
##  234 :lr 0.000286 :tot_ene   -29.5871 :dif_ene     0.2291 :dif_cor     0.0136 :   0.           0.06436803   0.58159125   4.15607978  18.39123369  -11.94207295 -40.83834101
##  235 :lr 0.000280 :tot_ene   -29.8094 :dif_ene     0.2222 :dif_cor     0.0133 :   0.           0.06435676   0.58155531   4.15563127  18.39108759  -12.16365914 -40.83834101
##  236 :lr 0.000274 :tot_ene   -30.0250 :dif_ene     0.2156 :dif_cor     0.0129 :   0.           0.06434568   0.58151981   4.15519107  18.3909446  -12.37863034 -40.83834102
##  237 :lr 0.000269 :tot_ene   -30.2342 :dif_ene     0.2092 :dif_cor     0.0126 :   0.           0.0643348    0.58148476   4.15475906  18.39080463  -12.58725537 -40.83834101
##  238 :lr 0.000263 :tot_ene   -30.4373 :dif_ene     0.2031 :dif_cor     0.0123 :   0.           0.06432411   0.58145015   4.15433506  18.39066762  -12.7897859  -40.83834101
##  239 :lr 0.000258 :tot_ene   -30.6346 :dif_ene     0.1973 :dif_cor     0.0120 :   0.           0.06431361   0.58141598   4.15391895  18.3905335  -12.98645825 -40.83834101
##  240 :lr 0.000253 :tot_ene   -30.8262 :dif_ene     0.1916 :dif_cor     0.0117 :   0.           0.06430329   0.58138226   4.15351058  18.39040221  -13.17749489 -40.83834101
##  241 :lr 0.000248 :tot_ene   -31.0124 :dif_ene     0.1862 :dif_cor     0.0115 :   0.           0.06429316   0.58134898   4.15310982  18.39027367  -13.36310572 -40.83834101
##  242 :lr 0.000243 :tot_ene   -31.1934 :dif_ene     0.1809 :dif_cor     0.0112 :   0.           0.0642832    0.58131614   4.15271651  18.39014784  -13.5434892  -40.83834101
##  243 :lr 0.000238 :tot_ene   -31.3693 :dif_ene     0.1759 :dif_cor     0.0109 :   0.           0.06427342   0.58128376   4.15233054  18.39002465  -13.71883334 -40.83834101
##  244 :lr 0.000233 :tot_ene   -31.5403 :dif_ene     0.1710 :dif_cor     0.0107 :   0.           0.06426381   0.58125181   4.15195176  18.38990403  -13.88931653 -40.83834101
##  245 :lr 0.000229 :tot_ene   -31.7066 :dif_ene     0.1663 :dif_cor     0.0104 :   0.           0.06425438   0.58122031   4.15158006  18.38978594  -14.05510832 -40.83834101
##  246 :lr 0.000224 :tot_ene   -31.8684 :dif_ene     0.1618 :dif_cor     0.0102 :   0.           0.06424511   0.58118924   4.1512153   18.38967031  -14.21637007 -40.83834101
##  247 :lr 0.000220 :tot_ene   -32.0258 :dif_ene     0.1574 :dif_cor     0.0100 :   0.           0.064236     0.58115862   4.15085736  18.38955709  -14.37325553 -40.83834101
##  248 :lr 0.000215 :tot_ene   -32.1789 :dif_ene     0.1532 :dif_cor     0.0097 :   0.           0.06422706   0.58112843   4.15050612  18.38944622  -14.5259114  -40.83834101
##  249 :lr 0.000211 :tot_ene   -32.3280 :dif_ene     0.1491 :dif_cor     0.0095 :   0.           0.06421828   0.58109868   4.15016145  18.38933766  -14.67447777 -40.83834101
##  250 :lr 0.000207 :tot_ene   -32.4731 :dif_ene     0.1451 :dif_cor     0.0093 :   0.           0.06420966   0.58106935   4.14982324  18.38923136  -14.8190886  -40.83834102
##  251 :lr 0.000203 :tot_ene   -32.6144 :dif_ene     0.1413 :dif_cor     0.0091 :   0.           0.06420119   0.58104047   4.14949137  18.38912725  -14.95987203 -40.83834101
##  252 :lr 0.000199 :tot_ene   -32.7519 :dif_ene     0.1375 :dif_cor     0.0089 :   0.           0.06419287   0.581012     4.14916573  18.3890253  -15.09695079 -40.83834102
##  253 :lr 0.000195 :tot_ene   -32.8858 :dif_ene     0.1339 :dif_cor     0.0087 :   0.           0.0641847    0.58098396   4.14884621  18.38892546  -15.23044251 -40.83834101
##  254 :lr 0.000191 :tot_ene   -33.0163 :dif_ene     0.1305 :dif_cor     0.0085 :   0.           0.06417668   0.58095635   4.14853269  18.38882767  -15.36046001 -40.83834101
##  255 :lr 0.000187 :tot_ene   -33.1434 :dif_ene     0.1271 :dif_cor     0.0083 :   0.           0.0641688    0.58092915   4.14822507  18.38873191  -15.48711156 -40.83834102
##  256 :lr 0.000183 :tot_ene   -33.2672 :dif_ene     0.1238 :dif_cor     0.0082 :   0.           0.06416106   0.58090236   4.14792324  18.38863811  -15.61050113 -40.83834101
##  257 :lr 0.000179 :tot_ene   -33.3879 :dif_ene     0.1206 :dif_cor     0.0080 :   0.           0.06415347   0.58087599   4.1476271   18.38854625  -15.73072864 -40.83834101
##  258 :lr 0.000176 :tot_ene   -33.5054 :dif_ene     0.1176 :dif_cor     0.0078 :   0.           0.06414601   0.58085002   4.14733654  18.38845627  -15.84789014 -40.83834101
##  259 :lr 0.000172 :tot_ene   -33.6200 :dif_ene     0.1146 :dif_cor     0.0076 :   0.           0.06413869   0.58082446   4.14705147  18.38836814  -15.96207803 -40.83834101
##  260 :lr 0.000169 :tot_ene   -33.7317 :dif_ene     0.1117 :dif_cor     0.0075 :   0.           0.0641315    0.5807993    4.14677178  18.38828181  -16.07338124 -40.83834102
##  261 :lr 0.000166 :tot_ene   -33.8406 :dif_ene     0.1089 :dif_cor     0.0073 :   0.           0.06412444   0.58077454   4.14649737  18.38819725  -16.18188539 -40.83834102
##  262 :lr 0.000162 :tot_ene   -33.9468 :dif_ene     0.1062 :dif_cor     0.0071 :   0.           0.06411751   0.58075017   4.14622816  18.38811442  -16.28767295 -40.83834102
##  263 :lr 0.000159 :tot_ene   -34.0503 :dif_ene     0.1035 :dif_cor     0.0070 :   0.           0.06411071   0.58072619   4.14596405  18.38803329  -16.39082341 -40.83834101
##  264 :lr 0.000156 :tot_ene   -34.1513 :dif_ene     0.1010 :dif_cor     0.0068 :   0.           0.06410403   0.58070259   4.14570494  18.38795381  -16.49141338 -40.83834102
##  265 :lr 0.000153 :tot_ene   -34.2498 :dif_ene     0.0985 :dif_cor     0.0067 :   0.           0.06409747   0.58067937   4.14545074  18.38787595  -16.58951677 -40.83834102
##  266 :lr 0.000150 :tot_ene   -34.3458 :dif_ene     0.0960 :dif_cor     0.0066 :   0.           0.06409104   0.58065653   4.14520137  18.38779968  -16.68520486 -40.83834101
##  267 :lr 0.000147 :tot_ene   -34.4395 :dif_ene     0.0937 :dif_cor     0.0064 :   0.           0.06408472   0.58063406   4.14495673  18.38772496  -16.77854647 -40.83834101
##  268 :lr 0.000144 :tot_ene   -34.5309 :dif_ene     0.0914 :dif_cor     0.0063 :   0.           0.06407851   0.58061196   4.14471675  18.38765176  -16.86960802 -40.83834101
##  269 :lr 0.000141 :tot_ene   -34.6201 :dif_ene     0.0892 :dif_cor     0.0061 :   0.           0.06407242   0.58059023   4.14448132  18.38758005  -16.95845367 -40.83834102
##  270 :lr 0.000138 :tot_ene   -34.7071 :dif_ene     0.0870 :dif_cor     0.0060 :   0.           0.06406645   0.58056885   4.14425039  18.3875098  -17.04514539 -40.83834101
##  271 :lr 0.000135 :tot_ene   -34.7920 :dif_ene     0.0849 :dif_cor     0.0059 :   0.           0.06406058   0.58054782   4.14402385  18.38744097  -17.12974307 -40.83834101
##  272 :lr 0.000133 :tot_ene   -34.8749 :dif_ene     0.0829 :dif_cor     0.0058 :   0.           0.06405482   0.58052715   4.14380163  18.38737354  -17.2123046  -40.83834101
##  273 :lr 0.000130 :tot_ene   -34.9558 :dif_ene     0.0809 :dif_cor     0.0056 :   0.           0.06404917   0.58050683   4.14358365  18.38730748  -17.29288595 -40.83834101
##  274 :lr 0.000127 :tot_ene   -35.0347 :dif_ene     0.0790 :dif_cor     0.0055 :   0.           0.06404363   0.58048684   4.14336983  18.38724275  -17.37154126 -40.83834101
##  275 :lr 0.000125 :tot_ene   -35.1118 :dif_ene     0.0771 :dif_cor     0.0054 :   0.           0.06403818   0.58046719   4.1431601   18.38717934  -17.44832289 -40.83834101
##  276 :lr 0.000122 :tot_ene   -35.1871 :dif_ene     0.0753 :dif_cor     0.0053 :   0.           0.06403284   0.58044788   4.14295438  18.3871172  -17.52328152 -40.83834101
##  277 :lr 0.000120 :tot_ene   -35.2605 :dif_ene     0.0735 :dif_cor     0.0052 :   0.           0.06402759   0.5804289    4.14275259  18.38705633  -17.5964662  -40.83834101
##  278 :lr 0.000117 :tot_ene   -35.3323 :dif_ene     0.0717 :dif_cor     0.0051 :   0.           0.06402245   0.58041023   4.14255467  18.38699668  -17.66792442 -40.83834101
##  279 :lr 0.000115 :tot_ene   -35.4023 :dif_ene     0.0701 :dif_cor     0.0050 :   0.           0.0640174    0.5803919    4.14236055  18.38693824  -17.73770215 -40.83834101
##  280 :lr 0.000113 :tot_ene   -35.4707 :dif_ene     0.0684 :dif_cor     0.0048 :   0.           0.06401244   0.58037387   4.14217014  18.38688098  -17.80584393 -40.83834101
!! cvrg :lr 0.000113 :tot_ene   -35.4707 :dif_ene     0.0684 :dif_cor     0.0048 :   0.           0.06401244   0.58037387   4.14217014  18.38688098  -17.80584393 -40.83834101
