##    0 :lr 0.010000 :tot_ene    95.9533 :dif_ene     0.0000 :dif_cor     0.0000 :   0.           7.26604147  24.82251196  45.45977216  50.56560954    8.6777544  -40.83834102
##    1 :lr 0.012000 :tot_ene    56.3862 :dif_ene    39.5672 :dif_cor     1.7441 :   0.           4.29514385  15.61277049  31.76354483  42.17031649    3.38274135 -40.83834102
##    2 :lr 0.014400 :tot_ene    32.6921 :dif_ene    23.6940 :dif_cor     2.1447 :   0.           3.20015796  11.00599502  23.78092693  38.12906985   -2.58567968 -40.83834102
##    3 :lr 0.007200 :tot_ene    39.6968 :dif_ene    29.0438 :dif_cor     2.8002 :   0.          14.61367814  17.61671212  16.57249283  35.60373933   -3.87143982 -40.83834102
##    4 :lr 0.008640 :tot_ene    12.6048 :dif_ene    27.0921 :dif_cor     0.4565 :   0.           3.01363116   7.59989993  15.90892759  34.01563302   -7.09497606 -40.83834102
##    5 :lr 0.004320 :tot_ene    21.8016 :dif_ene    22.4356 :dif_cor     2.2888 :   0.           2.92004927   6.76619787  13.08571259  31.14675017    8.72120556 -40.83834102
##    6 :lr 0.005184 :tot_ene    13.3310 :dif_ene     8.4706 :dif_cor     0.5531 :   0.           1.09928255   4.76360461  12.26613731  30.15248436    5.88782476 -40.83834102
##    7 :lr 0.006221 :tot_ene     7.2985 :dif_ene     6.0325 :dif_cor     0.5828 :   0.           0.97858328   4.26734794  11.17375112  28.82428482    2.89291637 -40.83834102
##    8 :lr 0.007465 :tot_ene     1.4384 :dif_ene     5.8601 :dif_cor     0.6227 :   0.           0.86365396   3.78040822  10.07588219  27.40238087    0.15441775 -40.83834102
##    9 :lr 0.008958 :tot_ene    -4.3517 :dif_ene     5.7901 :dif_cor     0.6862 :   0.           0.75309989   3.30291842   8.96760964  25.87752644   -2.41452949 -40.83834102
##   10 :lr 0.010750 :tot_ene   -10.0066 :dif_ene     5.6549 :dif_cor     0.7618 :   0.           0.65606183   2.85354442   7.87367432  24.25893448   -4.81047367 -40.83834102
##   11 :lr 0.005375 :tot_ene     1.6960 :dif_ene    22.4898 :dif_cor     1.9945 :   0.           0.62302292   2.39487109   6.27664675  20.95408525   12.28569809 -40.83834102
##   12 :lr 0.006450 :tot_ene    -3.8370 :dif_ene     5.5329 :dif_cor     0.5870 :   0.           0.54696797   2.2103986    5.91641371  19.98489382    8.34270074 -40.83834102
##   13 :lr 0.007740 :tot_ene    -8.6079 :dif_ene     4.7709 :dif_cor     0.6112 :   0.           0.53496998   2.07355154   5.54639542  18.97439316    5.10113131 -40.83834102
##   14 :lr 0.009288 :tot_ene   -12.7989 :dif_ene     4.4092 :dif_cor     0.6396 :   0.           0.64407755   2.03459212   5.20854186  18.06680212    2.08540435 -40.83834102
##   15 :lr 0.011145 :tot_ene   -15.5802 :dif_ene     4.9671 :dif_cor     0.7688 :   0.           1.3566305    2.41493683   4.88797351  17.19399669   -0.59544525 -40.83834102
##   16 :lr 0.005573 :tot_ene   -12.1390 :dif_ene     9.4207 :dif_cor     0.8927 :   0.           5.28802157   4.91450754   4.63365757  16.52804153   -2.66493439 -40.83834102
##   17 :lr 0.006687 :tot_ene   -20.9733 :dif_ene     8.8343 :dif_cor     0.3245 :   0.           0.78187228   1.84262488   4.58429543  16.36612194   -3.70987553 -40.83834102
##   18 :lr 0.003344 :tot_ene    -4.0981 :dif_ene    22.2634 :dif_cor     2.1331 :   0.           0.91034168   1.83168276   4.11857316  14.14867356   15.73092353 -40.83834102
##   19 :lr 0.004012 :tot_ene    -8.6463 :dif_ene     4.5482 :dif_cor     0.4080 :   0.           0.33686283   1.44255919   4.04784998  13.84101841   12.52371315 -40.83834102
##   20 :lr 0.004815 :tot_ene   -11.3561 :dif_ene     2.7098 :dif_cor     0.3337 :   0.           0.30273048   1.39409625   3.96988253  13.52319666   10.29234756 -40.83834102
##   21 :lr 0.005778 :tot_ene   -13.9666 :dif_ene     2.6105 :dif_cor     0.3518 :   0.           0.29003574   1.35656711   3.89206831  13.22451755    8.10859575 -40.83834102
##   22 :lr 0.006933 :tot_ene   -16.5295 :dif_ene     2.5629 :dif_cor     0.3825 :   0.           0.28082366   1.32055486   3.81807785  12.96476298    5.92463421 -40.83834102
##   23 :lr 0.008320 :tot_ene   -19.0932 :dif_ene     2.5637 :dif_cor     0.4244 :   0.           0.27566875   1.28669379   3.74897633  12.75081727    3.68302907 -40.83834102
##   24 :lr 0.009984 :tot_ene   -21.6817 :dif_ene     2.6152 :dif_cor     0.4853 :   0.           0.28897887   1.26064217   3.68638355  12.59261141    1.32802897 -40.83834102
## rjct :lr 0.004992 :tot_ene   -15.7630 :dif_ene    16.8353 :dif_cor     1.8135 :   0.           0.41816839   1.24979702   3.3909568   23.84044034   -3.82400698 -40.83834102
##   26 :lr 0.005990 :tot_ene   -23.0108 :dif_ene     1.3291 :dif_cor     0.2719 :   0.           0.26591039   1.2325419    3.65488257  12.52512283    0.14904326 -40.83834102
## rjct :lr 0.002995 :tot_ene   -16.0671 :dif_ene    14.7627 :dif_cor     1.7272 :   0.           0.24959032   1.15839516   3.37492659  23.37834255   -3.3900545  -40.83834102
##   28 :lr 0.003594 :tot_ene   -23.7369 :dif_ene     0.7260 :dif_cor     0.1511 :   0.           0.24670057   1.21379666   3.63735578  12.49103282   -0.48743056 -40.83834102
## rjct :lr 0.001797 :tot_ene   -16.1394 :dif_ene    13.5546 :dif_cor     1.6792 :   0.           0.23246849   1.15101131   3.36873154  23.0671162   -3.12034091 -40.83834102
##   30 :lr 0.002156 :tot_ene   -24.1327 :dif_ene     0.3958 :dif_cor     0.0826 :   0.           0.24481814   1.20714863   3.62721841  12.47202636   -0.84559803 -40.83834102
##   31 :lr 0.002588 :tot_ene   -24.5962 :dif_ene     0.4635 :dif_cor     0.0985 :   0.           0.24260832   1.19936928   3.61565541  12.45190306   -1.26742532 -40.83834102
## rjct :lr 0.001294 :tot_ene   -16.7079 :dif_ene    13.1897 :dif_cor     1.7003 :   0.           0.22935591   1.13977074   3.34894974  22.9909145   -3.5785718  -40.83834102
##   33 :lr 0.001553 :tot_ene   -24.8620 :dif_ene     0.2658 :dif_cor     0.0577 :   0.           0.24130065   1.19476076   3.60883987  12.44027006   -1.50881527 -40.83834102
## rjct :lr 0.000776 :tot_ene   -16.7157 :dif_ene    12.6851 :dif_cor     1.7051 :   0.           0.22908617   1.13907003   3.34718578  22.85598075   -3.44863941 -40.83834102
## rjct :lr 0.000388 :tot_ene    -7.2250 :dif_ene    20.9833 :dif_cor     2.0365 :   0.           0.23009873   1.13399275   3.38368772  11.06422152   17.80130309 -40.83834102
##   36 :lr 0.000466 :tot_ene   -24.9392 :dif_ene     0.0772 :dif_cor     0.0170 :   0.           0.24091013   1.19338144   3.60678916  12.43672565   -1.57862106 -40.83834102
## rjct :lr 0.000233 :tot_ene    -7.2273 :dif_ene    21.0511 :dif_cor     2.0485 :   0.           0.23000908   1.1336422    3.38296922  11.06156197   17.80284571 -40.83834102
!! cvrg :lr 0.000233 :tot_ene   -24.9851 :dif_ene     0.0459 :dif_cor     0.0102 :   0.           0.24067637   1.19255558   3.60556205  12.43460991   -1.6201463  -40.83834102
