itr_steps: 2 8.130467410438769e-10 0.16950748480166092
itr_steps: 3 8.516717886486447e-11 0.1708909858256159
itr_steps: 4 6.367001370577441e-11 0.1744246933018245
itr_steps: 3 3.903896650392369e-11 0.17416695682712066
itr_steps: 3 7.843071192503714e-10 0.17151679527758035
itr_steps: 2 7.912759336647923e-11 0.17170159424126477
itr_steps: 2 9.731145722557955e-09 0.17231670765454984
itr_steps: 3 1.850170017192454e-11 0.17325098617234846
itr_steps: 3 5.288297855177149e-10 0.17454913944438097
itr_steps: 3 7.230083087783612e-09 0.17621897100792738
itr_steps: 4 2.883804306463844e-14 0.17423362881163232
itr_steps: 2 4.636001110780441e-09 0.1747726085669723
itr_steps: 3 6.484007775142686e-12 0.17562784983059607
itr_steps: 3 2.941848153970028e-10 0.1769167835605002
itr_steps: 3 4.443494183714591e-09 0.17851081930657867
itr_steps: 4 1.0219608492789689e-10 0.18040513787438547
itr_steps: 3 1.4665832437366078e-10 0.18057517163602696
itr_steps: 3 4.4372838736705944e-13 0.17740136410162818
itr_steps: 2 2.523944914178955e-09 0.17768456719673173
itr_steps: 3 4.560518629403987e-13 0.1781557614221608
itr_steps: 3 7.482514607914936e-12 0.1788070860143831
itr_steps: 3 9.171241543981523e-11 0.17965724840950525
itr_steps: 3 8.06949146392455e-10 0.18072109681428675
itr_steps: 3 5.5888125516379006e-09 0.18202946596901928
itr_steps: 3 7.341297014740178e-10 0.18009047795873465
itr_steps: 3 3.1279335233058703e-09 0.1827556384307839
itr_steps: 3 9.72739944149481e-11 0.180147510286061
itr_steps: 3 5.842087924534667e-10 0.18317153214548507
itr_steps: 3 6.179662337402192e-11 0.1801997153508563
itr_steps: 3 5.304311989640098e-10 0.18341309315133306
itr_steps: 3 5.574845030054121e-10 0.18370252249156627
itr_steps: 3 1.1028167268278821e-10 0.18048626541442636
itr_steps: 3 1.0918583537300464e-09 0.18387179399356232
itr_steps: 3 1.033841900976995e-10 0.18051187328171994
itr_steps: 4 4.184957935748912e-12 0.18029495874341475
itr_steps: 3 5.617655507439423e-10 0.1839214322968098
itr_steps: 4 4.203581926986999e-12 0.1802989288811001
itr_steps: 3 3.6935390856918104e-10 0.18395107509127442
