##    0 :lr 0.005000 :tot_ene   129.3264 :dif_ene     0.0000 :dif_cor     0.0000 :  0.          1.05566837  6.10404409 18.50367401 66.91117145 45.81565589  -9.06379179
##    1 :lr 0.004900 :tot_ene   124.1879 :dif_ene     9.8478 :dif_cor     0.1888 :  0.          1.04016242  5.96752546 17.42158316 60.65216469 48.17029957  -9.06379179
##    2 :lr 0.004802 :tot_ene   123.5888 :dif_ene     3.3005 :dif_cor     0.2434 :  0.          1.08066414  6.14455032 17.53865357 61.6682607  46.22050995  -9.06379179
##    3 :lr 0.004706 :tot_ene   123.3030 :dif_ene     3.4968 :dif_cor     0.2498 :  0.          1.12384596  6.32166161 17.62160992 62.97048616 44.32914126  -9.06379179
##    4 :lr 0.004612 :tot_ene   123.2656 :dif_ene     3.6485 :dif_cor     0.2510 :  0.          1.16891378  6.49308147 17.66827128 64.51289703 42.48619045  -9.06379179
##    5 :lr 0.004520 :tot_ene   140.8697 :dif_ene    17.6041 :dif_cor     0.6985 :  0.          1.21536465  6.65461312 17.68015424 66.23943633 58.14388463  -9.06379179
##    6 :lr 0.004429 :tot_ene   134.0759 :dif_ene     7.3462 :dif_cor     0.1532 :  0.          1.23406784  6.71242636 17.6513247  66.43914966 51.10270249  -9.06379179
##    7 :lr 0.004341 :tot_ene   131.0928 :dif_ene     3.9532 :dif_cor     0.1668 :  0.          1.25903731  6.7858601  17.60865943 66.82578548 47.67722044  -9.06379179
##    8 :lr 0.004254 :tot_ene   129.2559 :dif_ene     3.2630 :dif_cor     0.1802 :  0.          1.28852787  6.86620804 17.54804949 67.42897823 45.18790396  -9.06379179
##    9 :lr 0.004169 :tot_ene   127.8616 :dif_ene     3.2088 :dif_cor     0.1825 :  0.          1.31987001  6.94342953 17.47214309 68.22764772 42.96228371  -9.06379179
##   10 :lr 0.004085 :tot_ene   126.7713 :dif_ene     3.1594 :dif_cor     0.1763 :  0.          1.35134416  7.01194209 17.38521976 69.16223201 40.92433884  -9.06379179
##   11 :lr 0.004004 :tot_ene   125.9079 :dif_ene     3.0688 :dif_cor     0.1672 :  0.          1.38227633  7.06988601 17.29019355 70.17607323 39.05330289  -9.06379179
##   12 :lr 0.003924 :tot_ene   125.2051 :dif_ene     2.9555 :dif_cor     0.1585 :  0.          1.41243811  7.11684846 17.18889134 71.22526667 37.32542946  -9.06379179
##   13 :lr 0.003845 :tot_ene   124.6091 :dif_ene     2.8266 :dif_cor     0.1511 :  0.          1.44174313  7.15286977 17.08255575 72.27524477 35.72051394  -9.06379179
##   14 :lr 0.003768 :tot_ene   124.0781 :dif_ene     2.6826 :dif_cor     0.1437 :  0.          1.47014655  7.17814112 16.97206099 73.29733063 34.22420304  -9.06379179
##   15 :lr 0.003693 :tot_ene   123.5791 :dif_ene     2.5226 :dif_cor     0.1363 :  0.          1.49761355  7.19291837 16.85800426 74.26691393 32.82747053  -9.06379179
##   16 :lr 0.003619 :tot_ene   140.7085 :dif_ene    17.3638 :dif_cor     0.5383 :  0.          1.52410954  7.19750241 16.74077281 75.16297469 49.14693723  -9.06379179
##   17 :lr 0.003547 :tot_ene   136.2967 :dif_ene     5.0849 :dif_cor     0.1118 :  0.          1.53899337  7.19569434 16.6738981  75.48463123 44.46727381  -9.06379179
##   18 :lr 0.003476 :tot_ene   149.0167 :dif_ene    21.1623 :dif_cor     0.6637 :  0.          1.44597751  6.63056162 33.22296513 75.87669852 40.90425491  -9.06379179
##   19 :lr 0.003406 :tot_ene   145.3389 :dif_ene     4.2935 :dif_cor     0.1220 :  0.          1.45421452  6.63246356 31.94596898 76.17442161 38.19559395  -9.06379179
##   20 :lr 0.003338 :tot_ene   142.4428 :dif_ene     3.6647 :dif_cor     0.1147 :  0.          1.46589379  6.63911261 30.89639379 76.54039694 35.96477073  -9.06379179
##   21 :lr 0.003271 :tot_ene   140.0265 :dif_ene     3.2408 :dif_cor     0.1081 :  0.          1.47776557  6.64424208 29.94438993 76.93567568 34.08820749  -9.06379179
##   22 :lr 0.003206 :tot_ene   137.9371 :dif_ene     2.9013 :dif_cor     0.1022 :  0.          1.48936428  6.64639406 29.06039811 77.32787302 32.47683013  -9.06379179
##   23 :lr 0.003142 :tot_ene   136.0810 :dif_ene     2.6092 :dif_cor     0.0965 :  0.          1.50059528  6.6450064  28.23473095 77.69320608 31.07129722  -9.06379179
##   24 :lr 0.003079 :tot_ene   134.3972 :dif_ene     2.3517 :dif_cor     0.0917 :  0.          1.51141404  6.63982737 27.46043454 78.01629566 29.83298784  -9.06379179
##   25 :lr 0.003017 :tot_ene   132.8456 :dif_ene     2.1179 :dif_cor     0.0870 :  0.          1.52179812  6.63080068 26.73130098 78.28904181 28.73640509  -9.06379179
##   26 :lr 0.002957 :tot_ene   131.4010 :dif_ene     1.9047 :dif_cor     0.0824 :  0.          1.53174361  6.61800834 26.04192023 78.50914013 27.76396921  -9.06379179
##   27 :lr 0.002898 :tot_ene   130.0481 :dif_ene     1.7107 :dif_cor     0.0781 :  0.          1.54126096  6.60162768 25.38778404 78.67851454 26.90269432  -9.06379179
##   28 :lr 0.002840 :tot_ene   145.9143 :dif_ene    17.1506 :dif_cor     0.4529 :  0.          1.55037041  6.5818986  24.76528369 78.8018509  43.278646  -9.06379179
##   29 :lr 0.002783 :tot_ene   142.0615 :dif_ene     3.9933 :dif_cor     0.0794 :  0.          1.55677702  6.57210813 24.42727081 78.86574527 39.7034162  -9.06379179
##   30 :lr 0.002727 :tot_ene   138.8629 :dif_ene     3.3230 :dif_cor     0.0796 :  0.          1.56345078  6.55989447 24.06921237 78.92122463 36.81288759  -9.06379179
##   31 :lr 0.002673 :tot_ene   136.1651 :dif_ene     2.7953 :dif_cor     0.0771 :  0.          1.57010343  6.54527002 23.70238789 78.96336944 34.44779094  -9.06379179
##   32 :lr 0.002619 :tot_ene   133.8673 :dif_ene     2.3653 :dif_cor     0.0734 :  0.          1.57657867  6.52839632 23.33401247 78.99064738 32.50144908  -9.06379179
##   33 :lr 0.002567 :tot_ene   131.8887 :dif_ene     2.0172 :dif_cor     0.0693 :  0.          1.58281281  6.50949328 22.96829548 79.00371435 30.88819534  -9.06379179
##   34 :lr 0.002516 :tot_ene   130.1660 :dif_ene     1.7359 :dif_cor     0.0653 :  0.          1.58879192  6.48879362 22.60774447 79.00433298 29.54012982  -9.06379179
##   35 :lr 0.002465 :tot_ene   128.6508 :dif_ene     1.5267 :dif_cor     0.0616 :  0.          1.59452561  6.4665231  22.25395851 78.99467813 28.40489637  -9.06379179
##   36 :lr 0.002416 :tot_ene   127.3066 :dif_ene     1.3552 :dif_cor     0.0581 :  0.          1.60003342  6.44289241 21.90802838 78.97694348 27.44247708  -9.06379179
##   37 :lr 0.002368 :tot_ene   126.1056 :dif_ene     1.2116 :dif_cor     0.0551 :  0.          1.60533809  6.41809424 21.57073237 78.95313828 26.62212366  -9.06379179
##   38 :lr 0.002320 :tot_ene   125.0265 :dif_ene     1.0894 :dif_cor     0.0522 :  0.          1.61046229  6.39230275 21.24263598 78.9249979  25.91991052  -9.06379179
##   39 :lr 0.002274 :tot_ene   124.0523 :dif_ene     0.9841 :dif_cor     0.0496 :  0.          1.61542703  6.36567435 20.92414726 78.8939601  25.31692642  -9.06379179
##   40 :lr 0.002229 :tot_ene   123.1695 :dif_ene     0.8925 :dif_cor     0.0472 :  0.          1.62025106  6.33834904 20.61555096 78.86117728 24.79797768  -9.06379179
##   41 :lr 0.002184 :tot_ene   122.3669 :dif_ene     0.8121 :dif_cor     0.0450 :  0.          1.62495056  6.31045206 20.31703156 78.82754675 24.35066597  -9.06379179
##   42 :lr 0.002140 :tot_ene   121.6350 :dif_ene     0.7410 :dif_cor     0.0430 :  0.          1.62953926  6.2820955  20.02869024 78.79374796 23.9647311  -9.06379179
##   43 :lr 0.002097 :tot_ene   120.9660 :dif_ene     0.6780 :dif_cor     0.0411 :  0.          1.63402854  6.25337988 19.75055799 78.76028048 23.63157872  -9.06379179
##   44 :lr 0.002055 :tot_ene   120.3531 :dif_ene     0.6218 :dif_cor     0.0394 :  0.          1.63842764  6.22439553 19.48260607 78.72749931 23.34393695  -9.06379179
##   45 :lr 0.002014 :tot_ene   134.8149 :dif_ene    15.0996 :dif_cor     0.4007 :  0.          1.64274394  6.19522381 19.22475471 78.69564591 38.12032106  -9.06379179
##   46 :lr 0.001974 :tot_ene   132.5481 :dif_ene     2.2728 :dif_cor     0.0465 :  0.          1.64571488  6.17806593 19.0780739  78.67897607 36.0310432  -9.06379179
##   47 :lr 0.001935 :tot_ene   149.3079 :dif_ene    21.5167 :dif_cor     0.7289 :  0.          1.54815144  5.68602701 38.21634893 78.66110234 34.26007473  -9.06379179
##   48 :lr 0.001896 :tot_ene   146.7079 :dif_ene     2.6000 :dif_cor     0.0513 :  0.          1.54408555  5.65990922 37.18935345 78.64556332 32.73278053  -9.06379179
##   49 :lr 0.001858 :tot_ene   144.3765 :dif_ene     2.3314 :dif_cor     0.0491 :  0.          1.5428036   5.63733516 36.21263422 78.62894508 31.41853848  -9.06379179
##   50 :lr 0.001821 :tot_ene   142.2705 :dif_ene     2.1061 :dif_cor     0.0470 :  0.          1.54284927  5.61687708 35.27976657 78.6115159  30.28325321  -9.06379179
##   51 :lr 0.001784 :tot_ene   140.3585 :dif_ene     1.9133 :dif_cor     0.0449 :  0.          1.54353428  5.59783462 34.38843938 78.59353319 29.29894064  -9.06379179
##   52 :lr 0.001749 :tot_ene   138.6165 :dif_ene     1.7440 :dif_cor     0.0430 :  0.          1.544549    5.5798509  33.5382666  78.5752307  28.44237256  -9.06379179
##   53 :lr 0.001714 :tot_ene   137.0252 :dif_ene     1.5937 :dif_cor     0.0412 :  0.          1.54575694  5.56272456 32.72941923 78.55681207 27.69426088  -9.06379179
##   54 :lr 0.001679 :tot_ene   135.5686 :dif_ene     1.4592 :dif_cor     0.0396 :  0.          1.54709661  5.5463243  31.96195128 78.53844864 27.03860362  -9.06379179
##   55 :lr 0.001646 :tot_ene   134.2332 :dif_ene     1.3383 :dif_cor     0.0382 :  0.          1.54853763  5.53055182 31.23554277 78.52027985 26.46211618  -9.06379179
##   56 :lr 0.001613 :tot_ene   133.0072 :dif_ene     1.2291 :dif_cor     0.0368 :  0.          1.55006205  5.51532642 30.54945077 78.50241542 25.95374166  -9.06379179
##   57 :lr 0.001581 :tot_ene   131.8802 :dif_ene     1.1302 :dif_cor     0.0355 :  0.          1.55165678  5.50057864 29.90255008 78.48493856 25.50424005  -9.06379179
##   58 :lr 0.001549 :tot_ene   130.8429 :dif_ene     1.0405 :dif_cor     0.0342 :  0.          1.55331064  5.4862477  29.29340468 78.46790954 25.10585107  -9.06379179
##   59 :lr 0.001518 :tot_ene   129.8872 :dif_ene     0.9591 :dif_cor     0.0330 :  0.          1.55501339  5.47228029 28.72034436 78.45136933 24.75202128  -9.06379179
##   60 :lr 0.001488 :tot_ene   129.0057 :dif_ene     0.8851 :dif_cor     0.0318 :  0.          1.55675547  5.45862995 28.18153616 78.43534313 24.43718489  -9.06379179
##   61 :lr 0.001458 :tot_ene   128.1915 :dif_ene     0.8177 :dif_cor     0.0307 :  0.          1.55852793  5.44525656 27.67504717 78.41984353 24.15658839  -9.06379179
##   62 :lr 0.001429 :tot_ene   127.4386 :dif_ene     0.7565 :dif_cor     0.0296 :  0.          1.56032255  5.43212587 27.19889773 78.40487329 23.90615002  -9.06379179
##   63 :lr 0.001400 :tot_ene   126.7414 :dif_ene     0.7008 :dif_cor     0.0286 :  0.          1.56213184  5.41920904 26.75110561 78.39042769 23.68234706  -9.06379179
##   64 :lr 0.001372 :tot_ene   126.0950 :dif_ene     0.6501 :dif_cor     0.0276 :  0.          1.56394905  5.40648212 26.32972151 78.37649653 23.48212497  -9.06379179
##   65 :lr 0.001345 :tot_ene   125.4946 :dif_ene     0.6040 :dif_cor     0.0266 :  0.          1.56576825  5.39392559 25.93285692 78.36306572 23.30282377  -9.06379179
##   66 :lr 0.001318 :tot_ene   124.9363 :dif_ene     0.5620 :dif_cor     0.0257 :  0.          1.56758422  5.38152384 25.55870497 78.35011859 23.1421181  -9.06379179
##   67 :lr 0.001292 :tot_ene   124.4160 :dif_ene     0.5238 :dif_cor     0.0249 :  0.          1.56939248  5.36926469 25.20555524 78.33763683 22.99796804  -9.06379179
##   68 :lr 0.001266 :tot_ene   123.9305 :dif_ene     0.4891 :dif_cor     0.0240 :  0.          1.57118919  5.35713893 24.87180324 78.32560136 22.86857855  -9.06379179
##   69 :lr 0.001240 :tot_ene   123.4766 :dif_ene     0.4575 :dif_cor     0.0232 :  0.          1.57297113  5.34513989 24.5559556  78.31399281 22.75236571  -9.06379179
##   70 :lr 0.001216 :tot_ene   123.0516 :dif_ene     0.4286 :dif_cor     0.0224 :  0.          1.57473563  5.33326304 24.25663156 78.30279201 22.64792856  -9.06379179
##   71 :lr 0.001191 :tot_ene   122.6528 :dif_ene     0.4023 :dif_cor     0.0217 :  0.          1.5764805   5.32150562 23.97256161 78.29198025 22.55402535  -9.06379179
##   72 :lr 0.001167 :tot_ene   122.2780 :dif_ene     0.3783 :dif_cor     0.0210 :  0.          1.57820398  5.3098663  23.70258399 78.2815395  22.4695534  -9.06379179
##   73 :lr 0.001144 :tot_ene   121.9251 :dif_ene     0.3563 :dif_cor     0.0203 :  0.          1.57990468  5.2983449  23.44563956 78.27145255 22.39353197  -9.06379179
##   74 :lr 0.001121 :tot_ene   135.6586 :dif_ene    14.2656 :dif_cor     0.3922 :  0.          1.58158152  5.28694212 23.20076556 78.26170302 36.39140387  -9.06379179
##   75 :lr 0.001099 :tot_ene   134.4393 :dif_ene     1.2214 :dif_cor     0.0247 :  0.          1.58262843  5.28002108 23.05631502 78.25578049 35.32837159  -9.06379179
##   76 :lr 0.001077 :tot_ene   133.3257 :dif_ene     1.1157 :dif_cor     0.0242 :  0.          1.58368093  5.27297331 22.91260312 78.24985718 34.37041577  -9.06379179
##   77 :lr 0.001055 :tot_ene   132.3045 :dif_ene     1.0233 :dif_cor     0.0237 :  0.          1.58473467  5.26583128 22.77027098 78.24396224 33.50349123  -9.06379179
##   78 :lr 0.001034 :tot_ene   131.3649 :dif_ene     0.9417 :dif_cor     0.0231 :  0.          1.58578613  5.25862338 22.6298225  78.23811912 32.71638187  -9.06379179
##   79 :lr 0.001014 :tot_ene   130.4982 :dif_ene     0.8688 :dif_cor     0.0225 :  0.          1.58683252  5.25137409 22.49164139 78.23234616 31.99984706  -9.06379179
##   80 :lr 0.000993 :tot_ene   129.6969 :dif_ene     0.8034 :dif_cor     0.0218 :  0.          1.58787166  5.24410431 22.35601016 78.22665728 31.34608368  -9.06379179
##   81 :lr 0.000973 :tot_ene   128.9545 :dif_ene     0.7445 :dif_cor     0.0212 :  0.          1.58890189  5.23683168 22.22312863 78.22106269 30.74838399  -9.06379179
##   82 :lr 0.000954 :tot_ene   128.2653 :dif_ene     0.6912 :dif_cor     0.0206 :  0.          1.58992195  5.22957113 22.09313051 78.21556963 30.20091161  -9.06379179
##   83 :lr 0.000935 :tot_ene   127.6243 :dif_ene     0.6430 :dif_cor     0.0199 :  0.          1.5909309   5.2223352  21.96609762 78.21018293 29.69854797  -9.06379179
##   84 :lr 0.000916 :tot_ene   127.0270 :dif_ene     0.5993 :dif_cor     0.0193 :  0.          1.59192806  5.21513443 21.84207158 78.20490555 29.23678086  -9.06379179
##   85 :lr 0.000898 :tot_ene   126.4695 :dif_ene     0.5595 :dif_cor     0.0187 :  0.          1.59291294  5.20797769 21.72106329 78.19973902 28.81161903  -9.06379179
##   86 :lr 0.000880 :tot_ene   125.9482 :dif_ene     0.5232 :dif_cor     0.0181 :  0.          1.59388519  5.20087247 21.60306038 78.19468374 28.41952339  -9.06379179
##   87 :lr 0.000862 :tot_ene   125.4600 :dif_ene     0.4902 :dif_cor     0.0176 :  0.          1.5948446   5.19382503 21.48803315 78.1897393  28.05734993  -9.06379179
##   88 :lr 0.000845 :tot_ene   125.0020 :dif_ene     0.4599 :dif_cor     0.0171 :  0.          1.59579102  5.18684068 21.3759391  78.18490464 27.72230093  -9.06379179
##   89 :lr 0.000828 :tot_ene   124.5716 :dif_ene     0.4322 :dif_cor     0.0165 :  0.          1.59672437  5.17992388 21.26672653 78.1801783  27.41188305  -9.06379179
##   90 :lr 0.000812 :tot_ene   124.1667 :dif_ene     0.4068 :dif_cor     0.0160 :  0.          1.59764465  5.17307838 21.16033721 78.17555847 27.12387074  -9.06379179
##   91 :lr 0.000795 :tot_ene   123.7851 :dif_ene     0.3834 :dif_cor     0.0156 :  0.          1.59855184  5.16630732 21.05670848 78.17104314 26.85627434  -9.06379179
##   92 :lr 0.000779 :tot_ene   123.4250 :dif_ene     0.3619 :dif_cor     0.0151 :  0.          1.59944601  5.15961334 20.95577487 78.16663013 26.60731226  -9.06379179
##   93 :lr 0.000764 :tot_ene   123.0847 :dif_ene     0.3420 :dif_cor     0.0147 :  0.          1.60032719  5.15299865 20.85746928 78.16231722 26.3753865  -9.06379179
##   94 :lr 0.000749 :tot_ene   122.7628 :dif_ene     0.3237 :dif_cor     0.0142 :  0.          1.60119548  5.14646504 20.76172391 78.1581021  26.15906139  -9.06379179
##   95 :lr 0.000734 :tot_ene   122.4578 :dif_ene     0.3067 :dif_cor     0.0138 :  0.          1.60205096  5.14001401 20.66847092 78.15398249 25.95704481  -9.06379179
##   96 :lr 0.000719 :tot_ene   122.1685 :dif_ene     0.2909 :dif_cor     0.0134 :  0.          1.60289372  5.13364676 20.57764299 78.14995609 25.76817185  -9.06379179
##   97 :lr 0.000705 :tot_ene   121.8939 :dif_ene     0.2763 :dif_cor     0.0130 :  0.          1.60372385  5.12736424 20.48917364 78.14602065 25.59139051  -9.06379179
##   98 :lr 0.000690 :tot_ene   121.6328 :dif_ene     0.2627 :dif_cor     0.0127 :  0.          1.60454148  5.12116717 20.40299754 78.14217394 25.42574906  -9.06379179
##   99 :lr 0.000677 :tot_ene   121.3845 :dif_ene     0.2500 :dif_cor     0.0123 :  0.          1.60534669  5.1150561  20.31905069 78.13841381 25.27038509  -9.06379179
##  100 :lr 0.000663 :tot_ene   121.1479 :dif_ene     0.2381 :dif_cor     0.0120 :  0.          1.60613961  5.10903139 20.23727057 78.13473813 25.12451577  -9.06379179
##  101 :lr 0.000650 :tot_ene   120.9224 :dif_ene     0.2271 :dif_cor     0.0116 :  0.          1.60692033  5.10309326 20.15759621 78.13114485 24.98742937  -9.06379179
##  102 :lr 0.000637 :tot_ene   120.7072 :dif_ene     0.2167 :dif_cor     0.0113 :  0.          1.60768899  5.09724178 20.07996822 78.12763194 24.85847775  -9.06379179
##  103 :lr 0.000624 :tot_ene   120.5017 :dif_ene     0.2070 :dif_cor     0.0110 :  0.          1.60844568  5.09147692 20.00432888 78.12419748 24.73706977  -9.06379179
##  104 :lr 0.000612 :tot_ene   120.3053 :dif_ene     0.1979 :dif_cor     0.0107 :  0.          1.60919052  5.08579854 19.93062208 78.12083956 24.62266545  -9.06379179
##  105 :lr 0.000599 :tot_ene   120.1175 :dif_ene     0.1893 :dif_cor     0.0104 :  0.          1.60992363  5.08020639 19.85879336 78.11755634 24.5147708  -9.06379179
##  106 :lr 0.000587 :tot_ene   119.9376 :dif_ene     0.1813 :dif_cor     0.0102 :  0.          1.61064512  5.07470016 19.78878984 78.11434605 24.4129333  -9.06379179
##  107 :lr 0.000576 :tot_ene   119.7653 :dif_ene     0.1737 :dif_cor     0.0099 :  0.          1.61135511  5.06927943 19.72056025 78.11120695 24.31673779  -9.06379179
##  108 :lr 0.000564 :tot_ene   119.6002 :dif_ene     0.1665 :dif_cor     0.0096 :  0.          1.61205372  5.06394375 19.65405483 78.10813735 24.22580292  -9.06379179
##  109 :lr 0.000553 :tot_ene   119.4418 :dif_ene     0.1598 :dif_cor     0.0094 :  0.          1.61274106  5.05869258 19.58922537 78.10513562 24.13977791  -9.06379179
##  110 :lr 0.000542 :tot_ene   119.2897 :dif_ene     0.1534 :dif_cor     0.0092 :  0.          1.61341724  5.05352533 19.5260251  78.10220018 24.0583397  -9.06379179
##  111 :lr 0.000531 :tot_ene   119.1437 :dif_ene     0.1474 :dif_cor     0.0089 :  0.          1.6140824   5.04844137 19.46440868 78.09932947 23.98119042  -9.06379179
##  112 :lr 0.000520 :tot_ene   119.0033 :dif_ene     0.1417 :dif_cor     0.0087 :  0.          1.61473664  5.04344002 19.40433216 78.09652199 23.90805508  -9.06379179
##  113 :lr 0.000510 :tot_ene   118.8683 :dif_ene     0.1363 :dif_cor     0.0085 :  0.          1.61538009  5.03852056 19.34575292 78.09377627 23.83867955  -9.06379179
##  114 :lr 0.000500 :tot_ene   118.7385 :dif_ene     0.1311 :dif_cor     0.0083 :  0.          1.61601287  5.03368224 19.28862967 78.0910909  23.77282869  -9.06379179
##  115 :lr 0.000490 :tot_ene   118.6134 :dif_ene     0.1263 :dif_cor     0.0081 :  0.          1.6166351   5.02892427 19.23292234 78.08846449 23.71028473  -9.06379179
##  116 :lr 0.000480 :tot_ene   118.4930 :dif_ene     0.1216 :dif_cor     0.0079 :  0.          1.6172469   5.02424584 19.1785921  78.08589568 23.65084577  -9.06379179
##  117 :lr 0.000470 :tot_ene   118.3770 :dif_ene     0.1172 :dif_cor     0.0077 :  0.          1.61784839  5.01964611 19.1256013  78.08338316 23.59432443  -9.06379179
##  118 :lr 0.000461 :tot_ene   118.2652 :dif_ene     0.1130 :dif_cor     0.0075 :  0.          1.61843969  5.01512422 19.07391341 78.08092564 23.54054666  -9.06379179
##  119 :lr 0.000452 :tot_ene   118.1573 :dif_ene     0.1090 :dif_cor     0.0073 :  0.          1.61902093  5.01067929 19.02349303 78.07852187 23.48935062  -9.06379179
##  120 :lr 0.000443 :tot_ene   118.0532 :dif_ene     0.1052 :dif_cor     0.0071 :  0.          1.61959224  5.00631043 18.9743058  78.07617063 23.44058573  -9.06379179
##  121 :lr 0.000434 :tot_ene   117.9527 :dif_ene     0.1016 :dif_cor     0.0069 :  0.          1.62015373  5.00201673 18.9263184  78.07387072 23.3941117  -9.06379179
##  122 :lr 0.000425 :tot_ene   117.8556 :dif_ene     0.0982 :dif_cor     0.0068 :  0.          1.62070553  4.99779726 18.87949852 78.07162099 23.34979778  -9.06379179
##  123 :lr 0.000417 :tot_ene   117.7619 :dif_ene     0.0948 :dif_cor     0.0066 :  0.          1.62124777  4.99365109 18.83381478 78.0694203  23.30752197  -9.06379179
##  124 :lr 0.000408 :tot_ene   117.6712 :dif_ene     0.0917 :dif_cor     0.0065 :  0.          1.62178057  4.98957728 18.78923678 78.06726755 23.26717039  -9.06379179
##  125 :lr 0.000400 :tot_ene   117.5836 :dif_ene     0.0887 :dif_cor     0.0063 :  0.          1.62230405  4.98557488 18.74573497 78.06516164 23.22863661  -9.06379179
##  126 :lr 0.000392 :tot_ene   117.4989 :dif_ene     0.0858 :dif_cor     0.0062 :  0.          1.62281834  4.98164294 18.70328073 78.06310153 23.19182111  -9.06379179
##  127 :lr 0.000384 :tot_ene   117.4169 :dif_ene     0.0830 :dif_cor     0.0060 :  0.          1.62332357  4.9777805  18.66184623 78.06108618 23.15663077  -9.06379179
##  128 :lr 0.000377 :tot_ene   117.3375 :dif_ene     0.0804 :dif_cor     0.0059 :  0.          1.62381986  4.97398659 18.62140449 78.05911458 23.1229784  -9.06379179
##  129 :lr 0.000369 :tot_ene   117.2607 :dif_ene     0.0778 :dif_cor     0.0057 :  0.          1.62430733  4.97026027 18.58192931 78.05718576 23.09078227  -9.06379179
##  130 :lr 0.000362 :tot_ene   117.1863 :dif_ene     0.0754 :dif_cor     0.0056 :  0.          1.62478611  4.96660055 18.54339527 78.05529875 23.05996578  -9.06379179
##  131 :lr 0.000354 :tot_ene   117.1142 :dif_ene     0.0730 :dif_cor     0.0055 :  0.          1.62525632  4.96300648 18.50577766 78.05345262 23.03045704  -9.06379179
##  132 :lr 0.000347 :tot_ene   117.0443 :dif_ene     0.0708 :dif_cor     0.0053 :  0.          1.62571809  4.95947711 18.46905251 78.05164644 23.00218856  -9.06379179
##  133 :lr 0.000340 :tot_ene   116.9766 :dif_ene     0.0686 :dif_cor     0.0052 :  0.          1.62617154  4.95601146 18.43319656 78.04987932 22.97509692  -9.06379179
!! cvrg :lr 0.000340 :tot_ene   116.9766 :dif_ene     0.0686 :dif_cor     0.0052 :  0.          1.62617154  4.95601146 18.43319656 78.04987932 22.97509692  -9.06379179
