##    0 :lr 0.010000 :tot_ene   222.6001 :dif_ene     0.0000 :dif_cor     0.0000 :  0.          3.48778544 27.10757606 89.54791868 84.34296775 27.17813634  -9.06425408
##    1 :lr 0.012000 :tot_ene   180.2547 :dif_ene   129.5752 :dif_cor     5.6525 :   0.           1.68197963   6.49567133  26.00532664 103.21774365   51.91821375  -9.06425408
##    2 :lr 0.014400 :tot_ene   157.7168 :dif_ene    22.5379 :dif_cor     0.4669 :  0.          1.32168953  6.37038047 22.58961471 88.79554197 47.70378476  -9.06425408
##    3 :lr 0.017280 :tot_ene   140.8063 :dif_ene    19.2573 :dif_cor     0.5669 :  0.          1.83181181  7.03368368 20.30097024 75.22794209 45.47615955  -9.06425408
## rjct :lr 0.008640 :tot_ene   178.2738 :dif_ene    51.6645 :dif_cor     1.1745 :   0.           5.94616167  11.41592101  30.20119573 101.39709157   38.37766279  -9.06425408
## rjct :lr 0.004320 :tot_ene   155.9002 :dif_ene    29.0632 :dif_cor     0.6925 :  0.          1.32787195  6.55727213 17.82320469 97.30647708 41.9496272  -9.06425408
##    6 :lr 0.005184 :tot_ene   135.0084 :dif_ene     5.7979 :dif_cor     0.1835 :  0.          1.06598372  6.05171895 19.41217517 72.15685838 45.38589943  -9.06425408
## rjct :lr 0.002592 :tot_ene   153.7891 :dif_ene    28.8846 :dif_cor     0.5964 :  0.          0.99764862  5.80202218 17.4569683  95.98950563 42.60718473  -9.06425408
##    8 :lr 0.003110 :tot_ene   133.0719 :dif_ene     2.1194 :dif_cor     0.0737 :  0.          1.04740785  6.06838119 19.11882766 70.44087312 45.46069816  -9.06425408
## rjct :lr 0.001555 :tot_ene   153.2754 :dif_ene    29.1671 :dif_cor     0.6113 :  0.          1.0002707   5.80955098 17.32423169 95.12614455 43.07947208  -9.06425408
##   10 :lr 0.001866 :tot_ene   132.0141 :dif_ene     1.2217 :dif_cor     0.0422 :  0.          1.04736563  6.07810362 18.95301594 69.46694496 45.5329147  -9.06425408
##   11 :lr 0.002239 :tot_ene   130.8148 :dif_ene     1.4389 :dif_cor     0.0499 :  0.          1.05006574  6.08973049 18.75856401 68.3423219  45.63840376  -9.06425408
## rjct :lr 0.001120 :tot_ene   151.8651 :dif_ene    30.0106 :dif_cor     0.6521 :  0.          1.00257524  5.80951219 16.95191005 93.87273767 43.2926122  -9.06425408
##   13 :lr 0.001344 :tot_ene   130.1341 :dif_ene     0.8477 :dif_cor     0.0293 :  0.          1.05242987  6.09631096 18.64405079 67.69261535 45.71294876  -9.06425408
## rjct :lr 0.000672 :tot_ene   151.6577 :dif_ene    30.0579 :dif_cor     0.6605 :  0.          1.00333894  5.81342859 16.89737205 93.48335758 43.52448526  -9.06425408
##   15 :lr 0.000806 :tot_ene   129.7386 :dif_ene     0.5030 :dif_cor     0.0174 :  0.          1.05396443  6.10010799 18.5759821  67.31146151 45.76135255  -9.06425408
## rjct :lr 0.000403 :tot_ene   151.5369 :dif_ene    30.0763 :dif_cor     0.6656 :  0.          1.00379053  5.81585407 16.86514091 93.24872852 43.66762592  -9.06425408
##   17 :lr 0.000484 :tot_ene   129.5058 :dif_ene     0.2997 :dif_cor     0.0104 :  0.          1.0549109   6.10233039 18.53535103 67.08581635 45.79164306  -9.06425408
## rjct :lr 0.000242 :tot_ene   151.4658 :dif_ene    30.0836 :dif_cor     0.6700 :  0.          1.00406202  5.81733604 16.8459912  93.10761837 43.75499862  -9.06425408
##   19 :lr 0.000290 :tot_ene   129.3677 :dif_ene     0.1791 :dif_cor     0.0062 :  0.          1.05548568  6.10364347 18.51104447 66.95151051 45.8102512  -9.06425408
## rjct :lr 0.000145 :tot_ene   151.4236 :dif_ene    30.0868 :dif_cor     0.6731 :  0.          1.00422562  5.81823475 16.83457195 93.02283864 43.80796729  -9.06425408
## rjct :lr 0.000073 :tot_ene   151.4828 :dif_ene    30.0408 :dif_cor     0.6731 :  0.          1.00419616  5.8191942  16.84985909 93.02950689 43.84433708  -9.06425408
!! cvrg :lr 0.000073 :tot_ene   129.3265 :dif_ene     0.0536 :dif_cor     0.0019 :  0.          1.05565879  6.10403266 18.50376435 66.91139608 45.81590822  -9.06425408
