itr_steps: 5 1.0961087593130969e-10 0.26984186625035533
itr_steps: 3 2.09941231066324e-10 0.27019218761063724
itr_steps: 3 1.997413734411424e-09 0.2737995927286507
itr_steps: 4 1.0772216452181738e-11 0.26734717221149973
itr_steps: 3 1.6248730139167833e-10 0.2710104491378284
itr_steps: 3 4.015617838248886e-10 0.2748462682340675
itr_steps: 3 2.6873336889110533e-11 0.27111812899322446
itr_steps: 3 1.5959278343302685e-10 0.27557687790002616
itr_steps: 3 1.4410528326180838e-11 0.2712881966537148
itr_steps: 3 3.109673629708709e-11 0.276015404792791
itr_steps: 3 7.383971212249207e-11 0.27654820499785365
itr_steps: 3 2.8103852578453825e-11 0.27164704899846387
itr_steps: 2 8.811045282275387e-09 0.2768651824907969
itr_steps: 3 3.1730285066089436e-11 0.27173121005366413
itr_steps: 3 2.9877544882594975e-11 0.27705415459510724
itr_steps: 3 3.150413263597329e-11 0.27178332501976615
itr_steps: 3 2.7371604982562303e-11 0.2771670714773422
itr_steps: 3 3.046252139426997e-11 0.27181518457224124
itr_steps: 3 2.0023205316022086e-11 0.27723464453650426
itr_steps: 3 2.94998470096175e-11 0.27183451447154255
itr_steps: 3 2.8196889267917413e-11 0.27182689511470587
itr_steps: 2 5.6806875314840966e-09 0.2772548639061592
