##    0 :lr 0.010000 :tot_ene   163.1181 :dif_ene     0.0000 :dif_cor     0.0000 :  0.         12.02468024 56.34630514 36.58810297 21.45612542 18.75618978  17.94669317
##    1 :lr 0.009800 :tot_ene   168.3285 :dif_ene    22.7120 :dif_cor     1.1487 :  0.          9.91138592 50.03580036 50.5492984  21.1770676  18.70826768  17.94669317
##    2 :lr 0.009604 :tot_ene   165.5193 :dif_ene    14.8081 :dif_cor     0.5906 :  0.         11.23978905 54.70684974 42.11250557 20.84777867 18.66573327  17.94669317
##    3 :lr 0.009412 :tot_ene   165.2093 :dif_ene    10.2051 :dif_cor     0.5683 :  0.         12.69119558 58.20295829 37.14060897 20.59821099 18.62960912  17.94669317
##    4 :lr 0.009224 :tot_ene   167.9134 :dif_ene     4.3796 :dif_cor     0.5337 :  0.         14.06862149 60.36739854 36.53882079 20.3977161  18.59418009  17.94669317
##    5 :lr 0.009039 :tot_ene   165.7340 :dif_ene     3.1650 :dif_cor     0.3191 :  0.         14.43941154 60.48937246 34.02492089 20.26078988 18.57279928  17.94669317
##    6 :lr 0.008858 :tot_ene   166.5189 :dif_ene     0.9774 :dif_cor     0.3089 :  0.         14.92933306 60.78422292 34.12128892 20.18489792 18.55245961  17.94669317
##    7 :lr 0.008681 :tot_ene   165.3315 :dif_ene     1.5728 :dif_cor     0.2436 :  0.         15.11342476 60.79284276 32.82973997 20.11213988 18.53668025  17.94669317
##    8 :lr 0.008508 :tot_ene   165.5828 :dif_ene     0.3246 :dif_cor     0.2423 :  0.         15.28308298 60.81299724 32.92786253 20.08938823 18.52278106  17.94669317
##    9 :lr 0.008337 :tot_ene   165.0725 :dif_ene     0.6758 :dif_cor     0.2122 :  0.         15.36581683 60.79831588 32.41109481 20.04163762 18.50889441  17.94669317
##   10 :lr 0.008171 :tot_ene   164.8629 :dif_ene     0.3049 :dif_cor     0.2162 :  0.         15.41348961 60.78293294 32.18460043 20.03739677 18.49774057  17.94669317
##   11 :lr 0.008007 :tot_ene   165.0042 :dif_ene     0.2681 :dif_cor     0.2000 :  0.         15.44470677 60.76671914 32.35810624 20.00359322 18.48439398  17.94669317
##   12 :lr 0.007847 :tot_ene   164.2945 :dif_ene     0.7213 :dif_cor     0.1958 :  0.         15.4482528  60.75313636 31.6657597  20.00586278 18.47479414  17.94669317
##   13 :lr 0.007690 :tot_ene   165.1147 :dif_ene     0.9250 :dif_cor     0.2032 :  0.         15.45329819 60.73935909 32.53329724 19.98111897 18.46093429  17.94669317
##   14 :lr 0.007536 :tot_ene   163.8438 :dif_ene     1.2771 :dif_cor     0.1784 :  0.         15.44343042 60.73095265 31.28607099 19.98420658 18.45244793  17.94669317
##   15 :lr 0.007386 :tot_ene   164.5899 :dif_ene     0.8480 :dif_cor     0.1854 :  0.         15.43537409 60.7209912  32.08315173 19.96523333 18.43850251  17.94669317
##   16 :lr 0.007238 :tot_ene   164.0062 :dif_ene     0.6025 :dif_cor     0.1784 :  0.         15.4231865  60.71506411 31.51680031 19.97461376 18.4298706  17.94669317
##   17 :lr 0.007093 :tot_ene   164.7829 :dif_ene     0.8739 :dif_cor     0.1843 :  0.         15.41119161 60.70880546 32.34212256 19.95745263 18.41668412  17.94669317
##   18 :lr 0.006951 :tot_ene   163.7165 :dif_ene     1.0759 :dif_cor     0.1661 :  0.         15.40101729 60.7052153  31.29244258 19.96216197 18.40897056  17.94669317
##   19 :lr 0.006812 :tot_ene   164.0602 :dif_ene     0.4269 :dif_cor     0.1538 :  0.         15.39010608 60.70106431 31.67770625 19.94795106 18.39663489  17.94669317
##   20 :lr 0.006676 :tot_ene   164.2609 :dif_ene     0.2443 :dif_cor     0.1768 :  0.         15.38052989 60.69792761 31.87706603 19.97111414 18.38753887  17.94669317
##   21 :lr 0.006543 :tot_ene   164.2137 :dif_ene     0.0472 :dif_cor     0.1573 :  0.         15.37201581 60.69550435 31.87571446 19.9470083  18.37678096  17.94669317
!! cvrg :lr 0.006543 :tot_ene   164.2137 :dif_ene     0.0472 :dif_cor     0.1573 :  0.         15.37201581 60.69550435 31.87571446 19.9470083  18.37678096  17.94669317
