itr_steps: 2 4.463877184557319e-09 0.14539951632308
itr_steps: 3 1.0072553902062964e-10 0.14794518676985688
itr_steps: 3 3.1400644862067395e-09 0.1509349873893962
itr_steps: 4 6.838543620268922e-11 0.15639986920837476
itr_steps: 3 1.908022434493617e-09 0.1529215466520187
itr_steps: 4 2.0972779068983982e-11 0.15508542634324943
itr_steps: 3 5.524831203640446e-09 0.15668564535474586
itr_steps: 3 6.544179365075564e-09 0.1577565287135329
itr_steps: 3 1.2468732157877582e-09 0.15784004895601253
itr_steps: 3 9.071790596504314e-09 0.15964899630891505
itr_steps: 4 3.280858917875662e-11 0.1621541848816338
itr_steps: 3 7.677788127491425e-10 0.16203111616334467
itr_steps: 3 2.9804607393213445e-09 0.16307970121717846
itr_steps: 3 5.117278434330075e-09 0.1647597202355422
itr_steps: 3 7.353811615207206e-09 0.16700232711182764
itr_steps: 3 1.0108772152683798e-09 0.16540096624483383
itr_steps: 3 1.6902829413911746e-09 0.16656101040354765
itr_steps: 3 1.8945643942558377e-09 0.16792780403714822
itr_steps: 3 4.0248387955799103e-10 0.16697837570913054
itr_steps: 3 5.488204890546911e-10 0.16767102623241179
itr_steps: 3 6.723769319094686e-10 0.16853095293472084
itr_steps: 3 9.446720905526007e-10 0.16963771112872728
itr_steps: 3 1.2711069974358224e-09 0.1709410731730391
itr_steps: 4 2.2468554239374328e-09 0.16495177582236
itr_steps: 3 2.36192732039342e-10 0.1649070203523513
itr_steps: 3 2.567145107601476e-10 0.16518845173364408
itr_steps: 3 3.6700137373557595e-10 0.1658160033844421
itr_steps: 3 7.309370331221032e-10 0.16690940606237578
itr_steps: 3 9.936106659669264e-10 0.16799956720367637
itr_steps: 3 1.2492800127716919e-09 0.16911459039985532
itr_steps: 3 2.4133562093187066e-09 0.17088646925759587
itr_steps: 3 5.251065859912529e-09 0.17303276567850293
itr_steps: 3 4.396950303853231e-10 0.17150536812165199
itr_steps: 3 8.479931479232761e-10 0.1726775363014791
itr_steps: 3 1.4111831148078124e-10 0.17192385563790194
itr_steps: 3 2.055310921456055e-10 0.1724708276331608
itr_steps: 3 3.280516414072565e-10 0.17321142210172769
itr_steps: 3 7.131775725532918e-11 0.17275524644804205
itr_steps: 3 1.0129672101122367e-10 0.17312844341438952
itr_steps: 3 2.788366759709504e-11 0.1729114738461374
itr_steps: 3 3.816444382742645e-11 0.17311236441110175
itr_steps: 3 5.3098164753961896e-11 0.17336914683888371
itr_steps: 3 1.5668688568837297e-11 0.17322488888732765
itr_steps: 3 2.1164542340912362e-11 0.17336608099957088
itr_steps: 3 2.8940932983445578e-11 0.17354323664635807
itr_steps: 3 9.012762758331405e-12 0.17344639414150462
itr_steps: 3 1.2032014273799518e-11 0.17354577222485212
itr_steps: 3 1.6229378951848616e-11 0.17366895016367878
itr_steps: 3 5.312916773192455e-12 0.17360306269156847
