##    0 :lr 0.010000 :tot_ene   245.0380 :dif_ene     0.0000 :dif_cor     0.0000 :  0.         24.42096471 69.6765922  68.4168246  33.39061457 31.18635465  17.94669317
##    1 :lr 0.012000 :tot_ene   219.0254 :dif_ene    26.0126 :dif_cor     0.6309 :  0.         21.38036891 66.60883957 63.02280873 29.57511269 20.49159668  17.94669317
##    2 :lr 0.014400 :tot_ene   202.0293 :dif_ene    16.9961 :dif_cor     1.0210 :  0.         16.16101893 61.58222289 57.97514806 28.25302537 20.11116436  17.94669317
##    3 :lr 0.017280 :tot_ene   194.3040 :dif_ene     8.9364 :dif_cor     0.9143 :  0.         14.04630231 58.75153252 54.58975253 28.78233579 20.18742277  17.94669317
## rjct :lr 0.008640 :tot_ene   206.1167 :dif_ene    16.6798 :dif_cor     1.2683 :  0.         13.53031655 58.97244001 52.67221028 39.86263671 23.13244998  17.94669317
##    5 :lr 0.010368 :tot_ene   188.6707 :dif_ene     5.6333 :dif_cor     0.6115 :  0.         13.62590318 58.31367234 51.84494652 27.07400435 19.8654801  17.94669317
##    6 :lr 0.012442 :tot_ene   187.4184 :dif_ene     5.5920 :dif_cor     0.6835 :  0.         13.0442985  57.70226485 49.6158054  28.64604794 20.46329867  17.94669317
##    7 :lr 0.014930 :tot_ene   184.8717 :dif_ene     2.9678 :dif_cor     0.6228 :  0.         12.8467222  57.59067552 47.62402627 28.18973375 20.67385878  17.94669317
##    8 :lr 0.007465 :tot_ene   186.1994 :dif_ene     5.4926 :dif_cor     0.6466 :  0.         12.5962551  57.27297472 46.10976596 30.47096683 21.80275981  17.94669317
##    9 :lr 0.008958 :tot_ene   176.9276 :dif_ene     9.2718 :dif_cor     0.3200 :  0.         12.45001049 57.00968439 45.64210424 24.6054507  19.27364885  17.94669317
##   10 :lr 0.010750 :tot_ene   174.8863 :dif_ene     2.0811 :dif_cor     0.4503 :  0.         12.28574207 56.81413769 43.94071815 24.61020838 19.28881053  17.94669317
##   11 :lr 0.005375 :tot_ene   176.2614 :dif_ene     4.4879 :dif_cor     0.6810 :  0.         12.20515559 56.77726295 42.50177607 26.8979185  19.93262595  17.94669317
##   12 :lr 0.006450 :tot_ene   171.1338 :dif_ene     5.1276 :dif_cor     0.2602 :  0.         12.09963795 56.51606403 41.64320961 23.78397242 19.14425805  17.94669317
##   13 :lr 0.007740 :tot_ene   169.8688 :dif_ene     1.2650 :dif_cor     0.3016 :  0.         12.05957092 56.42317238 40.63878668 23.67100025 19.12960378  17.94669317
##   14 :lr 0.009288 :tot_ene   169.0715 :dif_ene     1.1874 :dif_cor     0.4216 :  0.         12.05761482 56.41213999 39.65939042 23.8369557  19.15869067  17.94669317
## rjct :lr 0.004644 :tot_ene   171.6044 :dif_ene     3.3381 :dif_cor     0.6198 :  0.         12.1069224  56.58624593 39.25678891 26.12981604 19.57790634  17.94669317
##   16 :lr 0.005573 :tot_ene   168.0529 :dif_ene     1.0186 :dif_cor     0.2878 :  0.         12.03757488 56.34399987 39.03830333 23.55509151 19.13119615  17.94669317
##   17 :lr 0.006687 :tot_ene   167.7463 :dif_ene     0.6933 :dif_cor     0.3422 :  0.         12.06523141 56.37882119 38.53837074 23.652707   19.16450997  17.94669317
## rjct :lr 0.003344 :tot_ene   168.3695 :dif_ene     1.2480 :dif_cor     0.4465 :  0.         12.09970671 56.4535792  38.22590735 24.29788312 19.34568392  17.94669317
##   19 :lr 0.004012 :tot_ene   166.6564 :dif_ene     1.0900 :dif_cor     0.2128 :  0.         12.05463932 56.33625319 38.08319237 23.15474183 19.08085647  17.94669317
##   20 :lr 0.004815 :tot_ene   166.2501 :dif_ene     0.4907 :dif_cor     0.1857 :  0.         12.07372498 56.3594061  37.74752772 23.05548072 19.06727413  17.94669317
##   21 :lr 0.005778 :tot_ene   165.8564 :dif_ene     0.5328 :dif_cor     0.2011 :  0.         12.10035703 56.40230407 37.37887324 22.97022271 19.0579554  17.94669317
##   22 :lr 0.006933 :tot_ene   165.5573 :dif_ene     0.5893 :dif_cor     0.2395 :  0.         12.15085337 56.4969125  37.01907374 22.89042779 19.05332483  17.94669317
##   23 :lr 0.008320 :tot_ene   165.3346 :dif_ene     0.6518 :dif_cor     0.2862 :  0.         12.22035089 56.6337665  36.64254408 22.82972447 19.06149816  17.94669317
##   24 :lr 0.004160 :tot_ene   172.5758 :dif_ene    17.3715 :dif_cor     1.1077 :  0.         11.00522332 53.27895722 48.90071305 22.3345088  19.10967506  17.94669317
##   25 :lr 0.004992 :tot_ene   168.9166 :dif_ene     3.7108 :dif_cor     0.1904 :  0.         10.96075294 53.30477716 45.83434731 21.93257362 18.93746789  17.94669317
##   26 :lr 0.005990 :tot_ene   166.7914 :dif_ene     2.5498 :dif_cor     0.1403 :  0.         10.97420745 53.50356787 43.54761066 21.89394531 18.92532587  17.94669317
##   27 :lr 0.007188 :tot_ene   165.2236 :dif_ene     2.3843 :dif_cor     0.1584 :  0.         11.04557572 53.8405012  41.59174106 21.88316565 18.91593633  17.94669317
##   28 :lr 0.008626 :tot_ene   164.4686 :dif_ene     1.9706 :dif_cor     0.2076 :  0.         11.18244142 54.31141371 40.24538203 21.8788205  18.90382065  17.94669317
##   29 :lr 0.010351 :tot_ene   164.0572 :dif_ene     1.3273 :dif_cor     0.2280 :  0.         11.2934309  54.65834861 39.43265828 21.84066823 18.88535359  17.94669317
##   30 :lr 0.012421 :tot_ene   163.5162 :dif_ene     1.3013 :dif_cor     0.2593 :  0.         11.39836998 54.93358301 38.60015215 21.77582165 18.86162538  17.94669317
##   31 :lr 0.014906 :tot_ene   163.4065 :dif_ene     1.5182 :dif_cor     0.3259 :  0.         11.61328954 55.42284927 37.86107484 21.72287833 18.83966913  17.94669317
## rjct :lr 0.007453 :tot_ene   163.4929 :dif_ene     1.5065 :dif_cor     0.4035 :  0.         11.86245769 55.94556346 37.18934037 21.68459189 18.86428647  17.94669317
##   33 :lr 0.008943 :tot_ene   163.2133 :dif_ene     0.8090 :dif_cor     0.1714 :  0.         11.70417249 55.63989    37.4359339  21.66115046 18.82542986  17.94669317
## rjct :lr 0.004472 :tot_ene   163.3780 :dif_ene     0.8705 :dif_cor     0.2305 :  0.         11.86380576 55.98548553 37.11733987 21.6268578  18.83782971  17.94669317
##   35 :lr 0.005366 :tot_ene   163.1770 :dif_ene     0.4802 :dif_cor     0.1033 :  0.         11.77136179 55.79465909 37.23471732 21.62066688 18.80889718  17.94669317
##   36 :lr 0.006439 :tot_ene   163.1601 :dif_ene     0.5193 :dif_cor     0.1161 :  0.         11.84938107 55.96783423 37.02247304 21.57870549 18.79499397  17.94669317
## rjct :lr 0.003220 :tot_ene   163.2039 :dif_ene     0.5752 :dif_cor     0.1423 :  0.         11.9487456  56.17798537 36.8143464  21.53449075 18.78165389  17.94669317
##   38 :lr 0.003864 :tot_ene   163.1439 :dif_ene     0.2977 :dif_cor     0.0657 :  0.         11.89319785 56.06479676 36.90592779 21.5492292  18.78409146  17.94669317
## rjct :lr 0.001932 :tot_ene   163.1450 :dif_ene     0.3372 :dif_cor     0.0766 :  0.         11.94709111 56.1800541  36.77979676 21.517424   18.77398506  17.94669317
##   40 :lr 0.002318 :tot_ene   163.1338 :dif_ene     0.1697 :dif_cor     0.0366 :  0.         11.91813373 56.11965214 36.83916461 21.53137227 18.7787666  17.94669317
##   41 :lr 0.002782 :tot_ene   163.1289 :dif_ene     0.1980 :dif_cor     0.0440 :  0.         11.94873368 56.18559071 36.76449921 21.5108385  18.77254342  17.94669317
## rjct :lr 0.001391 :tot_ene   163.1311 :dif_ene     0.2306 :dif_cor     0.0533 :  0.         11.98620155 56.26455242 36.68134946 21.48717292 18.76516849  17.94669317
##   43 :lr 0.001669 :tot_ene   163.1246 :dif_ene     0.1157 :dif_cor     0.0257 :  0.         11.96643284 56.22360519 36.72112337 21.49799578 18.76873774  17.94669317
##   44 :lr 0.002003 :tot_ene   163.1225 :dif_ene     0.1363 :dif_cor     0.0310 :  0.         11.98795764 56.26919406 36.67143954 21.48297906 18.76420585  17.94669317
## rjct :lr 0.001001 :tot_ene   163.1237 :dif_ene     0.1603 :dif_cor     0.0374 :  0.         12.0141398  56.32378591 36.61481609 21.46544993 18.75880899  17.94669317
##   46 :lr 0.001202 :tot_ene   163.1203 :dif_ene     0.0803 :dif_cor     0.0182 :  0.         12.00051514 56.29571988 36.64223025 21.47368794 18.76144651  17.94669317
##   47 :lr 0.001442 :tot_ene   163.1191 :dif_ene     0.0952 :dif_cor     0.0219 :  0.         12.01571902 56.32752552 36.60828681 21.46273465 18.75815228  17.94669317
## rjct :lr 0.000721 :tot_ene   163.1195 :dif_ene     0.1126 :dif_cor     0.0264 :  0.         12.03413921 56.36563463 36.56900755 21.44984644 18.75422066  17.94669317
!! cvrg :lr 0.000721 :tot_ene   163.1179 :dif_ene     0.0564 :dif_cor     0.0130 :  0.         12.02465342 56.34617702 36.58819405 21.45601644 18.75615503  17.94669317
