##    0 :lr 0.010000 :tot_ene    93.4518 :dif_ene     0.0000 :dif_cor     0.0000 :  0.          2.76681064 12.46421362 36.43843449 30.38573582  8.7275868   2.66904432
##    1 :lr 0.009800 :tot_ene    91.2919 :dif_ene    10.3185 :dif_cor     0.5726 :  0.          2.46126779 10.89861259 32.07037206 33.44013688  9.75243895   2.66904432
##    2 :lr 0.009604 :tot_ene    96.2684 :dif_ene     9.1137 :dif_cor     0.6970 :  0.          2.81848038 13.22154063 36.43534568 31.49911602  9.62485545   2.66904432
##    3 :lr 0.009412 :tot_ene   102.0399 :dif_ene     6.3940 :dif_cor     0.7165 :  0.          3.10119386 16.07825188 38.72461312 31.1878502  10.2789336   2.66904432
##    4 :lr 0.009224 :tot_ene    98.7719 :dif_ene     4.6825 :dif_cor     0.5703 :  0.          3.21324285 16.04192654 39.31982633 28.08657487  9.44128164   2.66904432
##    5 :lr 0.009039 :tot_ene    98.2417 :dif_ene     2.3698 :dif_cor     0.4767 :  0.          3.3244806  16.39536273 39.77495553 27.3123309   8.76550578   2.66904432
##    6 :lr 0.008858 :tot_ene   101.1919 :dif_ene     3.3532 :dif_cor     0.5298 :  0.          3.46414704 18.32466758 40.06363825 27.11085886  9.5595928   2.66904432
##    7 :lr 0.008681 :tot_ene    95.5843 :dif_ene     5.6076 :dif_cor     0.3993 :  0.          3.44054504 15.87213339 40.04318568 25.98056008  7.57886759   2.66904432
##    8 :lr 0.008508 :tot_ene   100.8682 :dif_ene     5.2839 :dif_cor     0.4515 :  0.          3.652275   18.17881123 40.32181565 27.78977908  8.25647764   2.66904432
##    9 :lr 0.008337 :tot_ene    95.9472 :dif_ene     4.9210 :dif_cor     0.3953 :  0.          3.56546492 16.25283258 40.14544044 25.96929438  7.34514904   2.66904432
##   10 :lr 0.008171 :tot_ene    96.1499 :dif_ene     0.5853 :dif_cor     0.2790 :  0.          3.62289356 16.55922472 40.17457606 25.77797271  7.34613885   2.66904432
##   11 :lr 0.008007 :tot_ene    98.3495 :dif_ene     2.1997 :dif_cor     0.3476 :  0.          3.70572875 17.13244294 40.21962008 27.2245493   7.3981574   2.66904432
##   12 :lr 0.007847 :tot_ene    94.8820 :dif_ene     3.4675 :dif_cor     0.2630 :  0.          3.65444274 16.50711096 40.13652343 24.65588751  7.25901926   2.66904432
##   13 :lr 0.007690 :tot_ene    96.7869 :dif_ene     1.9048 :dif_cor     0.2858 :  0.          3.78995236 17.57693711 40.17724394 25.1698162   7.40386909   2.66904432
##   14 :lr 0.007536 :tot_ene    98.5446 :dif_ene     1.7578 :dif_cor     0.3726 :  0.          3.89286254 18.56016866 40.18327811 25.69872005  7.54056582   2.66904432
##   15 :lr 0.007386 :tot_ene    96.0902 :dif_ene     2.4544 :dif_cor     0.2997 :  0.          3.76421953 16.92151614 40.12048523 25.09690158  7.51804635   2.66904432
##   16 :lr 0.007238 :tot_ene    99.1499 :dif_ene     3.0597 :dif_cor     0.3354 :  0.          3.94727894 18.07646307 40.14230305 26.56954482  7.74529999   2.66904432
##   17 :lr 0.007093 :tot_ene    97.8920 :dif_ene     1.4176 :dif_cor     0.3198 :  0.          3.84941451 17.21349145 40.10638625 26.22853986  7.82513885   2.66904432
##   18 :lr 0.006951 :tot_ene    97.6877 :dif_ene     0.4884 :dif_cor     0.2520 :  0.          3.84858527 17.16235875 40.0925135  25.94797437  7.96718614   2.66904432
##   19 :lr 0.006812 :tot_ene   100.6080 :dif_ene     2.9204 :dif_cor     0.3423 :  0.          4.00894763 17.98212515 40.09547379 27.58708944  8.26536556   2.66904432
##   20 :lr 0.006676 :tot_ene    95.6887 :dif_ene     4.9193 :dif_cor     0.8128 :  0.          3.86808354 17.19217243 40.07048742 24.65536242  7.2335956   2.66904432
##   21 :lr 0.006543 :tot_ene    95.5614 :dif_ene     0.5530 :dif_cor     0.2034 :  0.          3.90903953 17.36403669 40.06201793 24.35489199  7.2023755   2.66904432
##   22 :lr 0.006412 :tot_ene    96.9939 :dif_ene     1.4854 :dif_cor     0.2587 :  0.          4.12454423 18.55175639 40.05740356 24.41061325  7.1805741   2.66904432
##   23 :lr 0.006283 :tot_ene    94.9957 :dif_ene     1.9982 :dif_cor     0.2043 :  0.          3.88775657 17.07383281 40.04428014 24.19535681  7.12544472   2.66904432
##   24 :lr 0.006158 :tot_ene    95.4750 :dif_ene     0.5303 :dif_cor     0.1664 :  0.          3.9894153  17.45195613 40.03703031 24.22037076  7.10717554   2.66904432
##   25 :lr 0.006035 :tot_ene    95.7207 :dif_ene     0.2757 :dif_cor     0.1975 :  0.          4.04262676 17.60421425 40.03071396 24.2756024   7.09846738   2.66904432
##   26 :lr 0.005914 :tot_ene    96.4187 :dif_ene     0.7411 :dif_cor     0.2428 :  0.          4.17422141 18.09771983 40.02515421 24.37006254  7.08246936   2.66904432
##   27 :lr 0.005796 :tot_ene    95.0530 :dif_ene     1.3657 :dif_cor     0.1967 :  0.          3.95853236 17.20578044 40.0186083  24.14629151  7.0547552   2.66904432
##   28 :lr 0.005680 :tot_ene    98.9030 :dif_ene     4.9763 :dif_cor     0.8053 :  0.          3.4091143  21.55657544 40.01318494 24.20864372  7.04639876   2.66904432
##   29 :lr 0.005566 :tot_ene    96.0162 :dif_ene     2.8868 :dif_cor     0.1742 :  0.          3.27633892 18.90452458 40.01012749 24.11418836  7.04196267   2.66904432
##   30 :lr 0.005455 :tot_ene    94.5669 :dif_ene     1.5548 :dif_cor     0.1294 :  0.          3.30531728 17.40539743 40.00722074 24.13450284  7.04546455   2.66904432
##   31 :lr 0.005346 :tot_ene    94.2000 :dif_ene     0.5977 :dif_cor     0.1238 :  0.          3.35871951 16.92685107 40.00344488 24.18545816  7.05645188   2.66904432
##   32 :lr 0.005239 :tot_ene    94.1837 :dif_ene     0.1458 :dif_cor     0.0796 :  0.          3.38222142 16.84931364 39.99994981 24.21831365  7.06489537   2.66904432
##   33 :lr 0.005134 :tot_ene    94.1869 :dif_ene     0.1478 :dif_cor     0.0694 :  0.          3.39473508 16.78031026 39.99666524 24.26604029  7.08013885   2.66904432
##   34 :lr 0.005031 :tot_ene    94.1842 :dif_ene     0.1319 :dif_cor     0.0687 :  0.          3.40750017 16.71605083 39.99362075 24.30390501  7.09409222   2.66904432
##   35 :lr 0.004931 :tot_ene    94.2148 :dif_ene     0.1523 :dif_cor     0.0682 :  0.          3.41910281 16.65801356 39.99076686 24.3615125   7.11631785   2.66904432
##   36 :lr 0.004832 :tot_ene    94.2499 :dif_ene     0.1357 :dif_cor     0.0670 :  0.          3.43325479 16.61034838 39.98811514 24.41164047  7.13745386   2.66904432
##   37 :lr 0.004735 :tot_ene    94.3206 :dif_ene     0.1575 :dif_cor     0.0668 :  0.          3.44631232 16.56942577 39.98563339 24.48277756  7.16737344   2.66904432
##   38 :lr 0.004641 :tot_ene    94.3906 :dif_ene     0.1397 :dif_cor     0.0654 :  0.          3.46026357 16.53688901 39.98336214 24.54546483  7.19561716   2.66904432
##   39 :lr 0.004548 :tot_ene    94.4945 :dif_ene     0.1636 :dif_cor     0.0633 :  0.          3.47353601 16.5091482  39.9812221  24.62928153  7.23227735   2.66904432
##   40 :lr 0.004457 :tot_ene    94.5961 :dif_ene     0.1500 :dif_cor     0.0605 :  0.          3.4870636  16.48691647 39.97927071 24.70668706  7.26711662   2.66904432
##   41 :lr 0.004368 :tot_ene    94.7264 :dif_ene     0.1712 :dif_cor     0.0576 :  0.          3.50032556 16.46830146 39.97743042 24.80244788  7.30881622   2.66904432
##   42 :lr 0.004281 :tot_ene    94.8576 :dif_ene     0.1648 :dif_cor     0.0540 :  0.          3.51383231 16.45322272 39.9757365  24.89620611  7.3495406   2.66904432
##   43 :lr 0.004195 :tot_ene    95.0100 :dif_ene     0.1798 :dif_cor     0.0514 :  0.          3.5271507  16.44113079 39.97414095 25.0034027   7.39512472   2.66904432
##   44 :lr 0.004111 :tot_ene    95.1658 :dif_ene     0.1779 :dif_cor     0.0476 :  0.          3.54041881 16.43155874 39.97265966 25.11144937  7.44066145   2.66904432
##   45 :lr 0.004029 :tot_ene    95.3351 :dif_ene     0.1863 :dif_cor     0.0461 :  0.          3.55335322 16.42443462 39.97126647 25.22782372  7.48917522   2.66904432
##   46 :lr 0.003948 :tot_ene    95.5083 :dif_ene     0.1863 :dif_cor     0.0446 :  0.          3.56595295 16.41918332 39.96996501 25.34611662  7.53807889   2.66904432
##   47 :lr 0.003869 :tot_ene    95.6891 :dif_ene     0.1899 :dif_cor     0.0437 :  0.          3.57810481 16.41578939 39.96874191 25.46891594  7.5884576   2.66904432
##   48 :lr 0.003792 :tot_ene    95.8727 :dif_ene     0.1899 :dif_cor     0.0428 :  0.          3.58979869 16.4137861  39.9675952  25.5933818   7.63909176   2.66904432
##   49 :lr 0.003716 :tot_ene    96.0596 :dif_ene     0.1904 :dif_cor     0.0419 :  0.          3.6010146  16.41312343 39.96651763 25.71978766  7.6901029   2.66904432
##   50 :lr 0.003642 :tot_ene    96.2475 :dif_ene     0.1899 :dif_cor     0.0409 :  0.          3.61175411 16.41350435 39.96550564 25.84678075  7.74089254   2.66904432
##   51 :lr 0.003569 :tot_ene    96.4355 :dif_ene     0.1900 :dif_cor     0.0399 :  0.          3.62202579 16.41484748 39.96455458 25.9738134   7.79124416   2.66904432
##   52 :lr 0.003497 :tot_ene    96.6223 :dif_ene     0.1886 :dif_cor     0.0388 :  0.          3.63183835 16.41697488 39.96366092 26.10000202  7.84078696   2.66904432
##   53 :lr 0.003428 :tot_ene    96.8067 :dif_ene     0.1861 :dif_cor     0.0376 :  0.          3.6412055  16.41979409 39.96282118 26.22462782  7.88924359   2.66904432
##   54 :lr 0.003359 :tot_ene    96.9877 :dif_ene     0.1825 :dif_cor     0.0364 :  0.          3.65013949 16.42318867 39.9620323  26.34696092  7.9363329   2.66904432
##   55 :lr 0.003292 :tot_ene    97.1642 :dif_ene     0.1780 :dif_cor     0.0352 :  0.          3.65865452 16.42707242 39.96129142 26.46632852  7.98180954   2.66904432
##   56 :lr 0.003226 :tot_ene    97.3353 :dif_ene     0.1725 :dif_cor     0.0339 :  0.          3.66676426 16.43135995 39.96059594 26.58210987  8.02545478   2.66904432
##   57 :lr 0.003161 :tot_ene    97.5003 :dif_ene     0.1662 :dif_cor     0.0326 :  0.          3.67448283 16.43597851 39.95994342 26.69374294  8.06708091   2.66904432
##   58 :lr 0.003098 :tot_ene    97.6583 :dif_ene     0.1593 :dif_cor     0.0312 :  0.          3.68182414 16.44086152 39.95933162 26.80073159  8.10653177   2.66904432
##   59 :lr 0.003036 :tot_ene    97.8089 :dif_ene     0.1517 :dif_cor     0.0299 :  0.          3.68880204 16.44595007 39.95875842 26.90264736  8.14368276   2.66904432
##   60 :lr 0.002976 :tot_ene    97.9515 :dif_ene     0.1436 :dif_cor     0.0285 :  0.          3.69543016 16.45119148 39.95822183 26.99913192  8.17844039   2.66904432
##   61 :lr 0.002916 :tot_ene    98.0857 :dif_ene     0.1352 :dif_cor     0.0271 :  0.          3.7017219  16.45653898 39.95771997 27.08989687  8.21074111   2.66904432
##   62 :lr 0.002858 :tot_ene    98.2112 :dif_ene     0.1265 :dif_cor     0.0258 :  0.          3.70769039 16.46195117 39.95725107 27.17472253  8.24054963   2.66904432
##   63 :lr 0.002801 :tot_ene    98.3279 :dif_ene     0.1176 :dif_cor     0.0244 :  0.          3.71334847 16.46739156 39.95681342 27.25345528  8.26785686   2.66904432
##   64 :lr 0.002745 :tot_ene    98.4357 :dif_ene     0.1086 :dif_cor     0.0231 :  0.          3.71870869 16.47282814 39.95640539 27.32600393  8.29267751   2.66904432
##   65 :lr 0.002690 :tot_ene    98.5345 :dif_ene     0.0996 :dif_cor     0.0219 :  0.          3.72378327 16.47823303 39.95602543 27.3923353   8.31504753   2.66904432
##   66 :lr 0.002636 :tot_ene    98.6244 :dif_ene     0.0906 :dif_cor     0.0207 :  0.          3.72858413 16.48358211 39.95567203 27.45246912  8.33502142   2.66904432
##   67 :lr 0.002583 :tot_ene    98.7055 :dif_ene     0.0818 :dif_cor     0.0196 :  0.          3.73312286 16.48885469 39.95534374 27.50647258  8.35266949   2.66904432
##   68 :lr 0.002531 :tot_ene    98.7781 :dif_ene     0.0732 :dif_cor     0.0186 :  0.          3.73741074 16.49403319 39.95503917 27.55445471  8.36807528   2.66904432
##   69 :lr 0.002481 :tot_ene    98.8423 :dif_ene     0.0648 :dif_cor     0.0177 :  0.          3.74145872 16.49910289 39.95475696 27.59656069  8.38133295   2.66904432
!! cvrg :lr 0.002481 :tot_ene    98.8423 :dif_ene     0.0648 :dif_cor     0.0177 :  0.          3.74145872 16.49910289 39.95475696 27.59656069  8.38133295   2.66904432
