##    0 :lr 0.010000 :tot_ene   172.8302 :dif_ene     0.0000 :dif_cor     0.0000 :  0.         15.46504138 45.53363613 57.20943103 39.15121654 12.80187704   2.66904432
##    1 :lr 0.012000 :tot_ene   147.3236 :dif_ene    25.5067 :dif_cor     0.7050 :  0.          8.48878008 38.47646908 52.32054844 34.18898905 11.17973686   2.66904432
##    2 :lr 0.014400 :tot_ene   131.3564 :dif_ene    15.9671 :dif_cor     0.6137 :  0.          4.64693726 31.57923344 49.40076239 32.31511334 10.74534402   2.66904432
##    3 :lr 0.017280 :tot_ene   120.5267 :dif_ene    10.8297 :dif_cor     0.6298 :  0.          4.12247759 24.75946746 47.01102969 31.44640107 10.51830837   2.66904432
##    4 :lr 0.020736 :tot_ene   113.0954 :dif_ene     9.2311 :dif_cor     0.7658 :  0.          3.97267388 18.88327111 44.70582755 31.71400331 11.15055599   2.66904432
## rjct :lr 0.010368 :tot_ene   144.0798 :dif_ene    30.9844 :dif_cor     1.2264 :  0.          4.88852064 27.31365725 46.47238597 32.94617759 29.78997516   2.66904432
##    6 :lr 0.005184 :tot_ene   114.3665 :dif_ene     3.9794 :dif_cor     0.5714 :  0.          4.02376285 18.22653547 44.00846138 31.88034986 13.55838841   2.66904432
##    7 :lr 0.006221 :tot_ene   109.3220 :dif_ene     5.0445 :dif_cor     0.2163 :  0.          3.74070393 17.33968402 43.34537491 31.68480013 10.54242794   2.66904432
##    8 :lr 0.007465 :tot_ene   108.1595 :dif_ene     1.1909 :dif_cor     0.2365 :  0.          3.60631653 16.805096   42.85463093 31.66780919 10.55657972   2.66904432
##    9 :lr 0.008958 :tot_ene   107.1954 :dif_ene     1.2085 :dif_cor     0.2899 :  0.          3.51528012 16.30153407 42.36296005 31.733627   10.61297038   2.66904432
##   10 :lr 0.004479 :tot_ene   107.7791 :dif_ene     1.1579 :dif_cor     0.4318 :  0.          3.64594768 16.27758094 42.09981421 32.24883354 10.83791707   2.66904432
##   11 :lr 0.005375 :tot_ene   105.1538 :dif_ene     2.6254 :dif_cor     0.2647 :  0.          3.28903455 15.41083651 41.5105983  31.67093457 10.60332781   2.66904432
##   12 :lr 0.006450 :tot_ene   104.5231 :dif_ene     0.6662 :dif_cor     0.1845 :  0.          3.22707779 15.12893546 41.20599472 31.67673948 10.61527991   2.66904432
##   13 :lr 0.007740 :tot_ene   103.9627 :dif_ene     0.7285 :dif_cor     0.2328 :  0.          3.20271816 14.86734695 40.84753092 31.73913216 10.63696939   2.66904432
##   14 :lr 0.003870 :tot_ene   104.4572 :dif_ene     1.1786 :dif_cor     0.3239 :  0.          3.50385494 15.01071461 40.50546466 32.07421992 10.69387043   2.66904432
##   15 :lr 0.004644 :tot_ene   102.4865 :dif_ene     1.9707 :dif_cor     0.1856 :  0.          3.00596946 14.25930853 40.26434355 31.67164772 10.6162036   2.66904432
##   16 :lr 0.005573 :tot_ene   102.0227 :dif_ene     0.4638 :dif_cor     0.1366 :  0.          2.96372917 14.08132612 40.04095032 31.65938147 10.6083037   2.66904432
##   17 :lr 0.006687 :tot_ene   101.5122 :dif_ene     0.5206 :dif_cor     0.1587 :  0.          2.92592598 13.88559535 39.77257977 31.66442128 10.5946377   2.66904432
##   18 :lr 0.008024 :tot_ene   101.0921 :dif_ene     0.5561 :dif_cor     0.2018 :  0.          2.94014182 13.72080568 39.46610407 31.71821609 10.57781785   2.66904432
##   19 :lr 0.004012 :tot_ene   101.3439 :dif_ene     1.0361 :dif_cor     0.2775 :  0.          3.25946979 13.71969634 39.10762295 32.04281326 10.54523794   2.66904432
##   20 :lr 0.004815 :tot_ene   100.2477 :dif_ene     1.0962 :dif_cor     0.2002 :  0.          2.95461622 13.43666492 38.99472448 31.67739878 10.5152606   2.66904432
##   21 :lr 0.005778 :tot_ene    99.8430 :dif_ene     0.4047 :dif_cor     0.1719 :  0.          2.9179115  13.30525595 38.81383035 31.65694532 10.48005091   2.66904432
##   22 :lr 0.006933 :tot_ene    99.8035 :dif_ene     0.4831 :dif_cor     0.2085 :  0.          3.11059962 13.27204617 38.61698912 31.68602815 10.44874937   2.66904432
##   23 :lr 0.003467 :tot_ene   100.6630 :dif_ene     1.3738 :dif_cor     0.2997 :  0.          3.93884911 13.36338108 38.36569389 31.88312916 10.44294814   2.66904432
##   24 :lr 0.004160 :tot_ene    98.5959 :dif_ene     2.0671 :dif_cor     0.1519 :  0.          2.71485466 12.9657692  38.32934203 31.56547556 10.35141961   2.66904432
##   25 :lr 0.004992 :tot_ene    98.3461 :dif_ene     0.2498 :dif_cor     0.0815 :  0.          2.70315017 12.90798788 38.21381422 31.54168649 10.31038708   2.66904432
##   26 :lr 0.005990 :tot_ene    98.0568 :dif_ene     0.2893 :dif_cor     0.0935 :  0.          2.69179035 12.8421284  38.07321325 31.52205092 10.25856625   2.66904432
##   27 :lr 0.007188 :tot_ene    97.7429 :dif_ene     0.3138 :dif_cor     0.1104 :  0.          2.68245154 12.77547596 37.91673157 31.50132374 10.1979164   2.66904432
##   28 :lr 0.008626 :tot_ene    97.3992 :dif_ene     0.3437 :dif_cor     0.1371 :  0.          2.67440362 12.70199623 37.73544853 31.49033157 10.12800658   2.66904432
##   29 :lr 0.010351 :tot_ene    97.3230 :dif_ene     0.2688 :dif_cor     0.1979 :  0.          2.68008384 12.65181151 37.61309699 31.56511122 10.14383168   2.66904432
## rjct :lr 0.005176 :tot_ene   100.3591 :dif_ene     3.0473 :dif_cor     0.3707 :  0.          2.78801772 12.64623803 38.33434205 32.57328247 11.34821912   2.66904432
##   31 :lr 0.006211 :tot_ene    97.1440 :dif_ene     0.1790 :dif_cor     0.1757 :  0.          2.67694214 12.6028776  37.5284313  31.529255   10.13746218   2.66904432
## rjct :lr 0.003105 :tot_ene    97.7343 :dif_ene     0.5951 :dif_cor     0.2372 :  0.          2.70760158 12.60044522 37.66381974 31.63985773 10.45352658   2.66904432
##   33 :lr 0.003726 :tot_ene    96.6156 :dif_ene     0.5284 :dif_cor     0.1146 :  0.          2.66467758 12.57814778 37.39717864 31.37179701  9.93476041   2.66904432
##   34 :lr 0.004472 :tot_ene    96.4233 :dif_ene     0.1924 :dif_cor     0.0673 :  0.          2.66130747 12.55442667 37.32801289 31.33729576  9.87316301   2.66904432
##   35 :lr 0.005366 :tot_ene    96.2455 :dif_ene     0.1777 :dif_cor     0.0697 :  0.          2.66080618 12.53487145 37.26076131 31.30142867  9.81860877   2.66904432
##   36 :lr 0.006439 :tot_ene    96.0434 :dif_ene     0.2036 :dif_cor     0.0789 :  0.          2.66151829 12.51228097 37.17959775 31.26342216  9.75748902   2.66904432
##   37 :lr 0.007727 :tot_ene    95.8560 :dif_ene     0.1973 :dif_cor     0.0999 :  0.          2.66649776 12.49407359 37.09831755 31.21867878  9.70936646   2.66904432
##   38 :lr 0.009273 :tot_ene    95.8185 :dif_ene     0.1917 :dif_cor     0.1366 :  0.          2.68345722 12.47750349 37.04492531 31.17408718  9.76950503   2.66904432
## rjct :lr 0.004636 :tot_ene    97.6316 :dif_ene     1.8130 :dif_cor     0.2594 :  0.          2.80218668 12.51529664 37.47050443 31.2238661  10.95065253   2.66904432
##   40 :lr 0.005564 :tot_ene    95.6243 :dif_ene     0.1962 :dif_cor     0.1190 :  0.          2.68440246 12.46721551 36.99175897 31.12323194  9.68860089   2.66904432
##   41 :lr 0.002782 :tot_ene    95.6614 :dif_ene     0.1642 :dif_cor     0.1369 :  0.          2.69883682 12.46166093 36.97919743 31.07782942  9.77481453   2.66904432
##   42 :lr 0.003338 :tot_ene    95.1311 :dif_ene     0.5303 :dif_cor     0.0824 :  0.          2.67555395 12.44562335 36.86016273 31.04533014  9.43541182   2.66904432
##   43 :lr 0.004006 :tot_ene    95.0240 :dif_ene     0.1086 :dif_cor     0.0374 :  0.          2.6762909  12.43955332 36.83291353 31.01341101  9.39278754   2.66904432
##   44 :lr 0.004807 :tot_ene    94.9121 :dif_ene     0.1169 :dif_cor     0.0405 :  0.          2.67880828 12.43477441 36.80229592 30.97744452  9.34972068   2.66904432
##   45 :lr 0.005768 :tot_ene    94.7862 :dif_ene     0.1339 :dif_cor     0.0474 :  0.          2.68278249 12.43120782 36.76617501 30.93733348  9.29962697   2.66904432
##   46 :lr 0.006922 :tot_ene    94.6475 :dif_ene     0.1505 :dif_cor     0.0566 :  0.          2.68872703 12.42955144 36.72395012 30.89284084  9.24340353   2.66904432
##   47 :lr 0.008306 :tot_ene    94.4986 :dif_ene     0.1704 :dif_cor     0.0698 :  0.          2.69750607 12.4315486  36.67631522 30.84382992  9.18038555   2.66904432
##   48 :lr 0.009968 :tot_ene    94.3662 :dif_ene     0.1765 :dif_cor     0.0915 :  0.          2.71115662 12.43995526 36.62174824 30.79386699  9.13046438   2.66904432
##   49 :lr 0.004984 :tot_ene    94.5893 :dif_ene     0.2839 :dif_cor     0.1413 :  0.          2.74708522 12.50897402 36.59133709 30.82078116  9.25210551   2.66904432
##   50 :lr 0.005981 :tot_ene    94.4350 :dif_ene     0.1556 :dif_cor     0.1332 :  0.          2.74769564 12.49864436 36.55129755 30.78248843  9.18581661   2.66904432
## rjct :lr 0.002990 :tot_ene    94.9610 :dif_ene     0.5260 :dif_cor     0.1738 :  0.          2.77869465 12.6230468  36.57889543 30.88704283  9.42425059   2.66904432
##   52 :lr 0.003588 :tot_ene    94.0108 :dif_ene     0.4242 :dif_cor     0.0856 :  0.          2.73057779 12.44411466 36.53536871 30.65397689  8.97774911   2.66904432
##   53 :lr 0.004306 :tot_ene    93.9071 :dif_ene     0.1048 :dif_cor     0.0414 :  0.          2.73111671 12.43406497 36.52041067 30.62155564  8.93090138   2.66904432
##   54 :lr 0.005167 :tot_ene    93.8280 :dif_ene     0.0855 :dif_cor     0.0363 :  0.          2.73435341 12.4332208  36.50934453 30.58578179  8.89627505   2.66904432
##   55 :lr 0.006201 :tot_ene    93.7482 :dif_ene     0.0911 :dif_cor     0.0418 :  0.          2.73905916 12.43417404 36.49238417 30.54987021  8.86371333   2.66904432
##   56 :lr 0.007441 :tot_ene    93.6846 :dif_ene     0.1002 :dif_cor     0.0535 :  0.          2.74664735 12.44484296 36.47902293 30.51230158  8.83270661   2.66904432
##   57 :lr 0.003720 :tot_ene    93.6891 :dif_ene     0.0824 :dif_cor     0.0823 :  0.          2.75692588 12.4704737  36.45992651 30.49244205  8.84027243   2.66904432
##   58 :lr 0.004464 :tot_ene    93.5575 :dif_ene     0.1345 :dif_cor     0.0646 :  0.          2.75836438 12.45691638 36.45445609 30.44362699  8.77508744   2.66904432
##   59 :lr 0.005357 :tot_ene    93.4813 :dif_ene     0.0815 :dif_cor     0.0510 :  0.          2.76098172 12.4519969  36.43902976 30.41467781  8.74552587   2.66904432
!! cvrg :lr 0.005357 :tot_ene    93.4518 :dif_ene     0.0653 :dif_cor     0.0577 :  0.          2.76679704 12.46411222 36.43873287 30.38586611  8.7272624   2.66904432
