itr_steps: 2 9.048939361711028e-09 0.12159262390476894
itr_steps: 3 1.8783724575754945e-12 0.12304780923458923
itr_steps: 3 2.3109847369084946e-12 0.12491076898819829
itr_steps: 3 5.340280717636148e-10 0.1286077612679538
itr_steps: 4 2.5462787434094025e-10 0.12975506913164334
itr_steps: 3 1.904613966541291e-10 0.130197509488705
itr_steps: 2 1.8539064450262543e-09 0.12987827988088393
itr_steps: 2 7.525059964041958e-09 0.1303207574564734
itr_steps: 2 2.7553602455210324e-09 0.13093870544111075
itr_steps: 3 2.303990331853356e-11 0.1317567808258954
itr_steps: 3 1.2062850718308482e-12 0.13177376987664918
itr_steps: 3 1.5476508963274682e-12 0.13209661990791896
itr_steps: 3 2.0253243526724418e-13 0.13253107191484573
itr_steps: 3 2.9156399516949705e-12 0.13316502893556012
itr_steps: 3 1.4615531007677873e-12 0.13312771253644182
itr_steps: 3 3.0014324359228794e-12 0.13337758889088047
itr_steps: 3 3.407385484877068e-12 0.1336767873861909
itr_steps: 3 2.935651721713839e-12 0.13411494787891112
itr_steps: 3 1.3099521467552222e-12 0.13460406009471787
itr_steps: 3 2.6675606168424792e-12 0.13471565664439497
itr_steps: 3 3.4899860779091796e-12 0.13491199037663235
itr_steps: 3 4.113875906597286e-12 0.13526702030614204
itr_steps: 3 2.9839186677094176e-12 0.13568185133916802
itr_steps: 3 1.2436718321851004e-12 0.13564960048793612
itr_steps: 3 2.7402247138041957e-12 0.13584772432794942
itr_steps: 3 3.1943336864515004e-12 0.1360859522161316
itr_steps: 3 3.5520753005613415e-12 0.1364210013454087
itr_steps: 3 3.655159508397787e-12 0.13682401016150875
itr_steps: 3 4.326344837934926e-12 0.13743081364825385
itr_steps: 3 8.298917109073045e-14 0.13820918649637123
itr_steps: 3 1.9545198792769725e-12 0.13760383539432874
itr_steps: 3 2.2927493237290264e-12 0.13804588423628397
itr_steps: 3 9.626466290768576e-13 0.13773164769098162
itr_steps: 3 1.165983976036955e-12 0.13787860257507378
itr_steps: 3 1.5525636332114345e-12 0.13809290412428513
itr_steps: 3 1.946387495621593e-12 0.13836282532860442
itr_steps: 3 2.784245056730583e-12 0.1387263682968273
itr_steps: 3 3.71927488806989e-12 0.13920541176602308
itr_steps: 3 5.256572954692729e-12 0.13998954243728542
itr_steps: 3 1.555228168470535e-12 0.13939285045185065
itr_steps: 3 1.7023049636577525e-12 0.13969031423671266
itr_steps: 2 3.291720090947692e-09 0.13973468158917104
itr_steps: 2 4.954123056233328e-09 0.13986220964975027
itr_steps: 2 9.409396983794949e-09 0.1400302977848163
itr_steps: 3 3.421818384197195e-12 0.14025145031104258
itr_steps: 3 7.741973728769835e-12 0.140535392618678
itr_steps: 3 1.839559060634599e-11 0.14090639494943447
itr_steps: 3 4.887035220946245e-11 0.14137250518827285
itr_steps: 3 1.632640134197061e-10 0.14206398366734158
itr_steps: 3 2.914410379695198e-11 0.14214006710442664
itr_steps: 3 6.203851321551213e-11 0.1425207653121194
itr_steps: 2 4.800497194201725e-09 0.14218753201774811
itr_steps: 3 7.437522819842002e-12 0.14226651837384888
itr_steps: 3 2.1437962516301923e-11 0.1424019863243801
itr_steps: 3 5.78190828548486e-11 0.1425735579415274
itr_steps: 3 1.2746120825468665e-10 0.1428252543895526
itr_steps: 3 2.9101437926115636e-10 0.1431328564942377
itr_steps: 2 1.8639503274187064e-09 0.14321982596036678
itr_steps: 3 5.488834387001873e-11 0.14331711818405768
itr_steps: 3 1.3226802986210373e-10 0.14349970361863837
