itr_steps: 3 2.2531976284767552e-13 0.26993009494260095
itr_steps: 3 1.9105056425772204e-10 0.27138365003698856
itr_steps: 3 2.3963328543707973e-09 0.2731166012032324
itr_steps: 4 9.319545135610952e-11 0.2767249511748506
itr_steps: 3 5.368771149871776e-09 0.2764446163314744
itr_steps: 4 4.079150905944573e-10 0.2804256381126957
itr_steps: 4 9.608641660108219e-11 0.2802960823260772
itr_steps: 3 2.3508285318385447e-09 0.27920344639484995
itr_steps: 4 1.5358180283087108e-09 0.2828162130158383
itr_steps: 4 8.559687958431539e-10 0.28357709985670615
itr_steps: 3 8.29552604386663e-09 0.28257827991211454
itr_steps: 4 1.7678188357628244e-09 0.28538422123615687
itr_steps: 4 8.843841825534327e-09 0.28923504647585435
itr_steps: 4 5.85966442034902e-10 0.29005425339798313
itr_steps: 4 2.4314008584269686e-09 0.2924994542179524
itr_steps: 4 4.15879553017362e-10 0.2823835088048372
itr_steps: 4 4.901202776963487e-10 0.29397687445885295
itr_steps: 4 4.875883585775398e-10 0.2826003563121555
itr_steps: 4 3.5163444378483177e-10 0.28201105675716504
itr_steps: 4 7.79049658117259e-10 0.29448794513434856
itr_steps: 4 3.559117445206539e-10 0.28202081744390367
itr_steps: 4 3.277347837560285e-10 0.2818950069023639
itr_steps: 4 3.626856592831018e-10 0.29464585671085186
itr_steps: 4 3.2864488908046496e-10 0.28190153155147407
itr_steps: 4 2.2986273995329043e-10 0.2947409341120313
itr_steps: 4 3.291358297019542e-10 0.28190580965800294
itr_steps: 4 3.246478641472095e-10 0.28188680769009095
itr_steps: 4 3.22444182465631e-10 0.28187753695849094
itr_steps: 4 3.213521670986097e-10 0.28187295924664074
itr_steps: 3 1.3230320727863898e-09 0.2947479589030938
