##    0 :lr 0.010000 :tot_ene   247.8796 :dif_ene     0.0000 :dif_cor     0.0000 :   0.          73.31515223 126.90227854  55.91589229  17.62190818   -7.64062988 -18.23498223
##    1 :lr 0.012000 :tot_ene   199.3208 :dif_ene    48.5588 :dif_cor     0.5730 :   0.          68.6949704  110.14944488  42.08204498   7.99925579  -11.36989625 -18.23498223
##    2 :lr 0.014400 :tot_ene   169.3473 :dif_ene    29.9736 :dif_cor     0.5949 :   0.          62.20853657 106.9845324   33.45630527  -0.21978786  -14.84731843 -18.23498223
##    3 :lr 0.017280 :tot_ene   139.9760 :dif_ene    29.3713 :dif_cor     0.7075 :   0.          55.59451334 104.9900825   22.22021236  -7.94297349  -16.65089187 -18.23498223
##    4 :lr 0.020736 :tot_ene   131.8698 :dif_ene    15.5482 :dif_cor     0.7478 :   0.          52.96168339 108.41404412  15.28030315 -10.1974015  -16.35380665 -18.23498223
##    5 :lr 0.024883 :tot_ene   124.3992 :dif_ene    10.3898 :dif_cor     0.6307 :   0.          50.29139048 109.87359749  10.67418734 -11.59433402  -16.61070056 -18.23498223
##    6 :lr 0.029860 :tot_ene   124.0009 :dif_ene     6.8556 :dif_cor     0.8293 :   0.          49.8847184  106.65333894  11.18384537 -10.10596467  -15.38007621 -18.23498223
## rjct :lr 0.014930 :tot_ene   138.9534 :dif_ene    19.2214 :dif_cor     0.9247 :   0.          47.75027714 118.85131186  14.92915207  -9.62973797  -14.71264442 -18.23498223
##    8 :lr 0.017916 :tot_ene    96.0349 :dif_ene    27.9660 :dif_cor     0.4671 :   0.          48.52500005  90.48400478   6.04483697 -13.35975195  -17.42425599 -18.23498223
##    9 :lr 0.021499 :tot_ene    94.9390 :dif_ene     3.7099 :dif_cor     0.5422 :   0.          48.27740082  88.50873949   7.35190901 -13.49652204  -17.46749512 -18.23498223
## rjct :lr 0.010750 :tot_ene   103.8518 :dif_ene    11.3297 :dif_cor     0.6298 :   0.          47.30409076  92.99632836  12.98551923 -13.70835118  -17.49082392 -18.23498223
##   11 :lr 0.012899 :tot_ene    82.7329 :dif_ene    12.2061 :dif_cor     0.3037 :   0.          47.79379253  79.38695714   4.94701154 -13.64441161  -17.51543382 -18.23498223
##   12 :lr 0.015479 :tot_ene    77.5433 :dif_ene     8.5481 :dif_cor     0.4190 :   0.          48.42116565  72.62089732   5.9988856  -13.71236148  -17.55026154 -18.23498223
##   13 :lr 0.007740 :tot_ene    86.9524 :dif_ene    17.1022 :dif_cor     0.7320 :   0.          49.13139766  68.86636722  18.54425577 -13.79148795  -17.56315347 -18.23498223
##   14 :lr 0.009288 :tot_ene    62.1518 :dif_ene    26.4841 :dif_cor     0.2774 :   0.          49.97317042  56.9134829    4.93059704 -13.81673388  -17.61373054 -18.23498223
##   15 :lr 0.011145 :tot_ene    56.8042 :dif_ene     9.0798 :dif_cor     0.3468 :   0.          51.83406174  49.83105536   4.81640879 -13.81152179  -17.63084943 -18.23498223
## rjct :lr 0.005573 :tot_ene    91.4270 :dif_ene    46.1792 :dif_cor     1.2780 :   0.          49.24847389  90.23206557   2.36587164 -14.47163531  -17.71282853 -18.23498223
##   17 :lr 0.006687 :tot_ene    52.5092 :dif_ene     7.0252 :dif_cor     0.2309 :   0.          53.19918985  44.98824595   4.02235403 -13.82211501  -17.64349363 -18.23498223
## rjct :lr 0.003344 :tot_ene    82.3107 :dif_ene    45.9326 :dif_cor     1.2471 :   0.          50.04343044  82.85529206  -0.14999423 -14.48632284  -17.71673684 -18.23498223
## rjct :lr 0.001672 :tot_ene    84.3880 :dif_ene    50.0984 :dif_cor     1.2703 :   0.          49.32830659  85.97686878  -0.50350902 -14.47079323  -17.70788573 -18.23498223
##   20 :lr 0.002006 :tot_ene    51.1704 :dif_ene     2.4556 :dif_cor     0.0724 :   0.          53.7575484   43.45844253   3.66113217 -13.82434452  -17.64743032 -18.23498223
## rjct :lr 0.001003 :tot_ene    84.2679 :dif_ene    51.5875 :dif_cor     1.3125 :   0.          49.49687292  85.80096167  -0.60795542 -14.47752165  -17.70947551 -18.23498223
## rjct :lr 0.000502 :tot_ene    85.0250 :dif_ene    52.6687 :dif_cor     1.3247 :   0.          49.22181978  86.72010159  -0.50715093 -14.4684788  -17.70634267 -18.23498223
##   23 :lr 0.000602 :tot_ene    50.8112 :dif_ene     0.7306 :dif_cor     0.0219 :   0.          53.9432736   42.9794566    3.59752319 -13.82538488  -17.64870382 -18.23498223
## rjct :lr 0.000301 :tot_ene    84.9621 :dif_ene    53.1584 :dif_cor     1.3382 :   0.          49.26016611  86.63410625  -0.52065411 -14.46983248  -17.70669475 -18.23498223
##   25 :lr 0.000361 :tot_ene    50.6003 :dif_ene     0.4370 :dif_cor     0.0131 :   0.          54.05632419  42.69193227   3.56251265 -13.82602688  -17.64947091 -18.23498223
## rjct :lr 0.000181 :tot_ene    84.9243 :dif_ene    53.4586 :dif_cor     1.3462 :   0.          49.28151235  86.58320998  -0.52800997 -14.47056755  -17.70689148 -18.23498223
## rjct :lr 0.000090 :tot_ene    85.0576 :dif_ene    53.6517 :dif_cor     1.3485 :   0.          49.22807379  86.74645226  -0.50691477 -14.46870691  -17.70630935 -18.23498223
## rjct :lr 0.000045 :tot_ene    85.1246 :dif_ene    53.7486 :dif_cor     1.3496 :   0.          49.20117162  86.82841356  -0.4962153  -14.46776172  -17.70601709 -18.23498223
## rjct :lr 0.000023 :tot_ene    85.1582 :dif_ene    53.7972 :dif_cor     1.3502 :   0.          49.18767477  86.86947979  -0.49082763 -14.4672854  -17.70587066 -18.23498223
!! cvrg :lr 0.000023 :tot_ene    50.5847 :dif_ene     0.0326 :dif_cor     0.0010 :   0.          54.06483932  42.67048218   3.55997697 -13.82607937  -17.64952844 -18.23498223
