##    0 :lr 0.010000 :tot_ene    30.9461 :dif_ene     0.0000 :dif_cor     0.0000 :   0.           1.08591655   4.14626349   9.76148975  39.19594208   11.14197656 -34.38548771
##    1 :lr 0.009800 :tot_ene   144.8366 :dif_ene   127.8293 :dif_cor     1.7588 :   0.           0.99907343   3.83075094   9.21546149  33.17488592  132.00188621 -34.38548771
##    2 :lr 0.009604 :tot_ene   105.6860 :dif_ene    39.1506 :dif_cor     0.2076 :   0.           0.9883671    3.79276697   9.18324349  33.00894354   93.09818194 -34.38548771
##    3 :lr 0.009412 :tot_ene    84.8111 :dif_ene    20.8749 :dif_cor     0.1896 :   0.           0.97355443   3.73922332   9.14107436  32.80023909   72.54250096 -34.38548771
##    4 :lr 0.009224 :tot_ene    71.7705 :dif_ene    13.0406 :dif_cor     0.2471 :   0.           0.95020183   3.65421769   9.08087358  32.49850623   59.97222891 -34.38548771
##    5 :lr 0.009039 :tot_ene    63.5088 :dif_ene     8.2617 :dif_cor     0.3456 :   0.           0.91188034   3.51402468   8.9974479   32.01512854   52.45584107 -34.38548771
##    6 :lr 0.008858 :tot_ene    56.7005 :dif_ene     6.8083 :dif_cor     0.3759 :   0.           0.8674413    3.35068039   8.92723717  31.52131135   46.41933133 -34.38548771
##    7 :lr 0.008681 :tot_ene    50.7920 :dif_ene     5.9085 :dif_cor     0.3678 :   0.           0.82567751   3.19673496   8.89607986  31.22799531   41.03103264 -34.38548771
##    8 :lr 0.008508 :tot_ene    45.7336 :dif_ene     5.0845 :dif_cor     0.3806 :   0.           0.7855486    3.04875352   8.90913665  31.17210969   36.20355754 -34.38548771
##    9 :lr 0.008337 :tot_ene    41.3928 :dif_ene     4.9009 :dif_cor     0.4057 :   0.           0.74538495   2.90093709   8.97575969  31.38552941   31.77064017 -34.38548771
##   10 :lr 0.008171 :tot_ene    37.8029 :dif_ene     4.9718 :dif_cor     0.4346 :   0.           0.7062875    2.75764357   9.10860821  31.94360766   27.67219868 -34.38548771
##   11 :lr 0.008007 :tot_ene   115.0429 :dif_ene    77.6087 :dif_cor     1.5073 :   0.           0.66671719   2.61290253   9.32563291  32.94994054  103.87319964 -34.38548771
##   12 :lr 0.007847 :tot_ene    92.7095 :dif_ene    22.3809 :dif_cor     0.1545 :   0.           0.65956266   2.5879003    9.34934445  32.6891254   81.80900611 -34.38548771
##   13 :lr 0.007690 :tot_ene    77.5922 :dif_ene    15.2029 :dif_cor     0.1907 :   0.           0.6490292    2.54939378   9.39219732  32.37152754   67.01556277 -34.38548771
##   14 :lr 0.007536 :tot_ene    68.5845 :dif_ene     9.1671 :dif_cor     0.2481 :   0.           0.63241416   2.48840677   9.47185966  31.99657566   58.38072741 -34.38548771
##   15 :lr 0.007386 :tot_ene    61.6741 :dif_ene     7.2129 :dif_cor     0.3531 :   0.           0.60567029   2.39099208   9.62313365  31.62982546   51.80999809 -34.38548771
##   16 :lr 0.007238 :tot_ene    57.3388 :dif_ene     4.6333 :dif_cor     0.2820 :   0.           0.58430152   2.31375787   9.76524968  31.63670932   47.42428345 -34.38548771
##   17 :lr 0.007093 :tot_ene    53.8394 :dif_ene     4.3500 :dif_cor     0.2603 :   0.           0.56460947   2.24332336   9.916263    31.91100905   43.58968557 -34.38548771
##   18 :lr 0.006951 :tot_ene    50.9334 :dif_ene     4.3108 :dif_cor     0.2560 :   0.           0.54572981   2.17668701  10.08235843  32.44732589   40.06682289 -34.38548771
##   19 :lr 0.006812 :tot_ene    48.5687 :dif_ene     4.3763 :dif_cor     0.2590 :   0.           0.52751844   2.11350486  10.26597993  33.26944862   36.77768943 -34.38548771
##   20 :lr 0.006676 :tot_ene    46.6995 :dif_ene     4.6117 :dif_cor     0.2684 :   0.           0.50959084   2.05261263  10.47208993  34.43458135   33.61607924 -34.38548771
##   21 :lr 0.006543 :tot_ene    45.3346 :dif_ene     5.0092 :dif_cor     0.2813 :   0.           0.49179702   1.99379582  10.70506639  36.0237905   30.50563807 -34.38548771
##   22 :lr 0.006412 :tot_ene   106.3517 :dif_ene    61.1673 :dif_cor     1.2175 :   0.           0.47389928   1.93658436  10.97024777  38.15967357   89.19676853 -34.38548771
##   23 :lr 0.006283 :tot_ene    91.8772 :dif_ene    14.6930 :dif_cor     0.1270 :   0.           0.47023795   1.9250092   11.02723371  38.21194313   74.62822568 -34.38548771
##   24 :lr 0.006158 :tot_ene    81.9602 :dif_ene    10.4948 :dif_cor     0.1792 :   0.           0.46384617   1.90511946  11.13165904  38.3964342   64.44862674 -34.38548771
##   25 :lr 0.006035 :tot_ene    73.7119 :dif_ene     9.7543 :dif_cor     0.2954 :   0.           0.45238332   1.87033696  11.32915552  38.95191899   55.49354378 -34.38548771
##   26 :lr 0.005914 :tot_ene    69.0210 :dif_ene     6.8240 :dif_cor     0.2796 :   0.           0.44077292   1.83601983  11.53577038  39.8118803   49.78200985 -34.38548771
##   27 :lr 0.005796 :tot_ene    65.8717 :dif_ene     5.6071 :dif_cor     0.2391 :   0.           0.43053539   1.80646131  11.72007731  40.85648601   45.44365097 -34.38548771
##   28 :lr 0.005680 :tot_ene    63.4899 :dif_ene     5.1996 :dif_cor     0.2199 :   0.           0.42092944   1.77930192  11.89216265  42.09327194   41.68968221 -34.38548771
##   29 :lr 0.005566 :tot_ene    61.6437 :dif_ene     5.0223 :dif_cor     0.2063 :   0.           0.41177022   1.75397406  12.05482619  43.51866798   38.28990958 -34.38548771
##   30 :lr 0.005455 :tot_ene    60.2089 :dif_ene     4.9806 :dif_cor     0.1976 :   0.           0.40291115   1.73001675  12.2097203   45.13670447   35.11501188 -34.38548771
##   31 :lr 0.005346 :tot_ene    59.1138 :dif_ene     5.0192 :dif_cor     0.1913 :   0.           0.39425831   1.70713766  12.35768953  46.95079776   32.08942152 -34.38548771
##   32 :lr 0.005239 :tot_ene    58.3108 :dif_ene     5.1106 :dif_cor     0.1885 :   0.           0.38573321   1.6850859   12.49909154  48.96318152   29.16320851 -34.38548771
##   33 :lr 0.005134 :tot_ene    57.7637 :dif_ene     5.2345 :dif_cor     0.1889 :   0.           0.37726554   1.6636291   12.63391646  51.17206534   26.30231169 -34.38548771
##   34 :lr 0.005031 :tot_ene    57.4397 :dif_ene     5.3727 :dif_cor     0.1926 :   0.           0.36878644   1.64252719  12.76179048  53.56858027   23.48354514 -34.38548771
##   35 :lr 0.004931 :tot_ene    57.3032 :dif_ene     5.5055 :dif_cor     0.1972 :   0.           0.36022367   1.62151042  12.88192658  56.13288918   20.69210046 -34.38548771
##   36 :lr 0.004832 :tot_ene   100.8481 :dif_ene    43.6049 :dif_cor     1.0245 :   0.           0.35149753   1.60025485  12.9929978   58.82925657   61.45958507 -34.38548771
##   37 :lr 0.004735 :tot_ene    91.9745 :dif_ene     9.9878 :dif_cor     0.1428 :   0.           0.34840776   1.5953824   13.06367498  59.31569656   52.03682467 -34.38548771
##   38 :lr 0.004641 :tot_ene    84.3972 :dif_ene     9.9955 :dif_cor     0.2527 :   0.           0.34236365   1.5860718   13.19644277  60.39206602   43.26576881 -34.38548771
##   39 :lr 0.004548 :tot_ene    79.9438 :dif_ene     6.7040 :dif_cor     0.1898 :   0.           0.33728352   1.5778993   13.29542614  61.41841272   37.70030507 -34.38548771
##   40 :lr 0.004457 :tot_ene    76.4800 :dif_ene     5.7044 :dif_cor     0.1740 :   0.           0.33230779   1.5694375   13.37963599  62.45446708   33.12961959 -34.38548771
##   41 :lr 0.004368 :tot_ene    73.6766 :dif_ene     4.9571 :dif_cor     0.1610 :   0.           0.32742293   1.5605574   13.44902946  63.4619174   29.26317285 -34.38548771
##   42 :lr 0.004281 :tot_ene    71.3278 :dif_ene     4.3840 :dif_cor     0.1505 :   0.           0.32258085   1.55111744  13.50459515  64.42395895   25.9110788  -34.38548771
##   43 :lr 0.004195 :tot_ene    69.3064 :dif_ene     3.9168 :dif_cor     0.1416 :   0.           0.31774941   1.54103967  13.54731549  65.32892787   22.95685766 -34.38548771
##   44 :lr 0.004111 :tot_ene    67.5282 :dif_ene     3.5184 :dif_cor     0.1339 :   0.           0.31290577   1.53027955  13.57809604  66.16820014   20.32416059 -34.38548771
##   45 :lr 0.004029 :tot_ene    65.9344 :dif_ene     3.1670 :dif_cor     0.1272 :   0.           0.30803225   1.51880958  13.5977442   66.93516515   17.96014523 -34.38548771
##   46 :lr 0.003948 :tot_ene    64.4823 :dif_ene     2.8493 :dif_cor     0.1212 :   0.           0.30311425   1.50661025  13.60695923  67.62457722   15.82654222 -34.38548771
##   47 :lr 0.003869 :tot_ene    63.1393 :dif_ene     2.5582 :dif_cor     0.1158 :   0.           0.29813912   1.49366505  13.60632938  68.23213843   13.89446924 -34.38548771
##   48 :lr 0.003792 :tot_ene    61.8794 :dif_ene     2.3041 :dif_cor     0.1109 :   0.           0.29309579   1.4799581   13.59633482  68.75423991   12.14126457 -34.38548771
##   49 :lr 0.003716 :tot_ene    60.6816 :dif_ene     2.0650 :dif_cor     0.1065 :   0.           0.2879746    1.46547325  13.57735605  69.18786473   10.54846246 -34.38548771
##   50 :lr 0.003642 :tot_ene    59.5283 :dif_ene     1.8388 :dif_cor     0.1024 :   0.           0.28276762   1.45019486  13.54968797  69.53060213    9.10051476 -34.38548771
##   51 :lr 0.003569 :tot_ene    58.4044 :dif_ene     1.6242 :dif_cor     0.0986 :   0.           0.27746923   1.43410986  13.51355985  69.78077931    7.78399222 -34.38548771
##   52 :lr 0.003497 :tot_ene    57.2978 :dif_ene     1.4205 :dif_cor     0.0958 :   0.           0.2720768    1.41721103  13.46916202  69.93769145    6.58712249 -34.38548771
##   53 :lr 0.003428 :tot_ene    56.1987 :dif_ene     1.2275 :dif_cor     0.0932 :   0.           0.26659163   1.39950145  13.4166794   70.001908    5.4995568  -34.38548771
##   54 :lr 0.003359 :tot_ene    55.1007 :dif_ene     1.0980 :dif_cor     0.0911 :   0.           0.26101987   1.38099962  13.35633074  69.97561531    4.51227154 -34.38548771
##   55 :lr 0.003292 :tot_ene    54.0005 :dif_ene     1.1003 :dif_cor     0.0890 :   0.           0.2553733    1.36174495  13.28841084  69.86293071    3.61752137 -34.38548771
##   56 :lr 0.003226 :tot_ene    52.8982 :dif_ene     1.1023 :dif_cor     0.0873 :   0.           0.24966973   1.34180209  13.2133294   69.67010627    2.80876089 -34.38548771
##   57 :lr 0.003161 :tot_ene    79.1498 :dif_ene    26.9967 :dif_cor     0.7677 :   0.           0.24393275   1.32126325  13.13163872  69.40552947   29.43290484 -34.38548771
##   58 :lr 0.003098 :tot_ene    74.2990 :dif_ene     4.8508 :dif_cor     0.0864 :   0.           0.2413848    1.31244384  13.09683985  69.16615801   24.8676448  -34.38548771
##   59 :lr 0.003036 :tot_ene    70.6088 :dif_ene     3.6901 :dif_cor     0.0774 :   0.           0.23892201   1.30382749  13.06198873  68.93488521   21.45470848 -34.38548771
##   60 :lr 0.002976 :tot_ene    67.5333 :dif_ene     3.0755 :dif_cor     0.0721 :   0.           0.23649259   1.29523695  13.02643339  68.70606635   18.65457447 -34.38548771
##   61 :lr 0.002916 :tot_ene    64.8891 :dif_ene     2.6442 :dif_cor     0.0680 :   0.           0.2340797    1.28661207  12.98995379  68.47754799   16.28639732 -34.38548771
##   62 :lr 0.002858 :tot_ene    62.5800 :dif_ene     2.3091 :dif_cor     0.0646 :   0.           0.23167633   1.27792768  12.95246622  68.24841064   14.25497352 -34.38548771
##   63 :lr 0.002801 :tot_ene    60.5434 :dif_ene     2.0366 :dif_cor     0.0617 :   0.           0.22927916   1.26917329  12.91394923  68.01832013   12.49815752 -34.38548771
##   64 :lr 0.002745 :tot_ene    58.7342 :dif_ene     1.8092 :dif_cor     0.0591 :   0.           0.22688645   1.26034588  12.87441509  67.7872634   10.97072911 -34.38548771
##   65 :lr 0.002690 :tot_ene    57.1175 :dif_ene     1.6166 :dif_cor     0.0567 :   0.           0.22449726   1.2514467   12.83389575  67.55541803    9.63776835 -34.38548771
##   66 :lr 0.002636 :tot_ene    55.6659 :dif_ene     1.4516 :dif_cor     0.0545 :   0.           0.22211114   1.24247975  12.79243536  67.32308266    8.47130339 -34.38548771
##   67 :lr 0.002583 :tot_ene    54.3568 :dif_ene     1.3091 :dif_cor     0.0525 :   0.           0.21972792   1.23345076  12.75008479  67.09062905    7.44839329 -34.38548771
##   68 :lr 0.002531 :tot_ene    53.1715 :dif_ene     1.1853 :dif_cor     0.0506 :   0.           0.21734774   1.22436666  12.70689865  66.8584738    6.54988945 -34.38548771
##   69 :lr 0.002481 :tot_ene    52.0943 :dif_ene     1.0772 :dif_cor     0.0489 :   0.           0.21497094   1.21523517  12.66293324  66.62705838    5.75959261 -34.38548771
##   70 :lr 0.002431 :tot_ene    51.1119 :dif_ene     0.9824 :dif_cor     0.0473 :   0.           0.21259807   1.20606461  12.61824528  66.39683471    5.06366345 -34.38548771
##   71 :lr 0.002383 :tot_ene    50.2129 :dif_ene     0.8990 :dif_cor     0.0458 :   0.           0.21022993   1.19686371  12.57289132  66.1682559    4.45017086 -34.38548771
##   72 :lr 0.002335 :tot_ene    49.3875 :dif_ene     0.8254 :dif_cor     0.0444 :   0.           0.20786753   1.18764153  12.52692738  65.94176838    3.90876423 -34.38548771
##   73 :lr 0.002288 :tot_ene    48.6271 :dif_ene     0.7604 :dif_cor     0.0430 :   0.           0.20551209   1.17840731  12.48040892  65.71780626    3.43041892 -34.38548771
##   74 :lr 0.002242 :tot_ene    47.9243 :dif_ene     0.7028 :dif_cor     0.0418 :   0.           0.20316506   1.16917053  12.43339093  65.49678671    3.0072383  -34.38548771
##   75 :lr 0.002198 :tot_ene    47.2726 :dif_ene     0.6517 :dif_cor     0.0406 :   0.           0.20082809   1.15994075  12.38592818  65.27910605    2.63229741 -34.38548771
##   76 :lr 0.002154 :tot_ene    46.6665 :dif_ene     0.6061 :dif_cor     0.0395 :   0.           0.198503     1.15072764  12.33807539  65.06513633    2.29951762 -34.38548771
##   77 :lr 0.002111 :tot_ene    46.1009 :dif_ene     0.5656 :dif_cor     0.0385 :   0.           0.19619179   1.1415409   12.28988746  64.85522213    2.00356437 -34.38548771
##   78 :lr 0.002068 :tot_ene    45.5717 :dif_ene     0.5293 :dif_cor     0.0376 :   0.           0.1938966    1.13239022  12.24141961  64.64967784    1.73976196 -34.38548771
##   79 :lr 0.002027 :tot_ene    45.0750 :dif_ene     0.4967 :dif_cor     0.0367 :   0.           0.19161968   1.12328522  12.19272746  64.44878514    1.50402088 -34.38548771
##   80 :lr 0.001986 :tot_ene    44.6075 :dif_ene     0.4674 :dif_cor     0.0359 :   0.           0.18936335   1.11423537  12.14386701  64.25279105    1.29277452 -34.38548771
##   81 :lr 0.001947 :tot_ene    44.1666 :dif_ene     0.4409 :dif_cor     0.0350 :   0.           0.18712996   1.10524992  12.09489449  64.06190642    1.10292265 -34.38548771
##   82 :lr 0.001908 :tot_ene    43.7497 :dif_ene     0.4169 :dif_cor     0.0341 :   0.           0.18492187   1.09633787  12.04586621  63.87630505    0.93178019 -34.38548771
##   83 :lr 0.001870 :tot_ene    43.3548 :dif_ene     0.3950 :dif_cor     0.0333 :   0.           0.18274137   1.08750781  11.99683824  63.69612351    0.77703016 -34.38548771
##   84 :lr 0.001832 :tot_ene    42.9799 :dif_ene     0.3749 :dif_cor     0.0325 :   0.           0.18059069   1.07876794  11.94786614  63.52146156    0.63668018 -34.38548771
##   85 :lr 0.001796 :tot_ene    42.6235 :dif_ene     0.3564 :dif_cor     0.0316 :   0.           0.17847192   1.07012595  11.89900452  63.35238329    0.50902221 -34.38548771
##   86 :lr 0.001760 :tot_ene    42.2843 :dif_ene     0.3392 :dif_cor     0.0309 :   0.           0.17638703   1.06158898  11.8503067   63.18891882    0.39259548 -34.38548771
##   87 :lr 0.001725 :tot_ene    41.9611 :dif_ene     0.3233 :dif_cor     0.0302 :   0.           0.17433778   1.05316359  11.80182434  63.03106653    0.28615253 -34.38548771
##   88 :lr 0.001690 :tot_ene    41.6527 :dif_ene     0.3083 :dif_cor     0.0295 :   0.           0.17232577   1.04485571  11.75360703  62.87879571    0.18862851 -34.38548771
##   89 :lr 0.001656 :tot_ene    41.3584 :dif_ene     0.2943 :dif_cor     0.0288 :   0.           0.17035237   1.03667063  11.70570201  62.7320495    0.0991137  -34.38548771
##   90 :lr 0.001623 :tot_ene    41.0773 :dif_ene     0.2811 :dif_cor     0.0282 :  0.00000000e+00  1.68418748e-01  1.02861301e+00  1.16581539e+01   6.25907479e+01  1.68291063e-02 -3.43854877e+01
##   91 :lr 0.001591 :tot_ene    40.8086 :dif_ene     0.2686 :dif_cor     0.0275 :  0.00000000e+00  1.66525856e-01  1.02068684e+00  1.16110044e+01   6.24547912e+01 -5.88946468e-02 -3.43854877e+01
##   92 :lr 0.001559 :tot_ene    40.5518 :dif_ene     0.2568 :dif_cor     0.0268 :   0.           0.16467443   1.01289549  11.56429222  62.32406256   -0.12863566 -34.38548771
##   93 :lr 0.001528 :tot_ene    40.3062 :dif_ene     0.2456 :dif_cor     0.0261 :   0.           0.16286502   1.00524172  11.51805293  62.19843161   -0.19289626 -34.38548771
##   94 :lr 0.001497 :tot_ene    40.0713 :dif_ene     0.2349 :dif_cor     0.0254 :   0.           0.16109795   0.9977277   11.47231889  62.07775689   -0.25211612 -34.38548771
##   95 :lr 0.001467 :tot_ene    39.8466 :dif_ene     0.2247 :dif_cor     0.0248 :   0.           0.15937339   0.99035508  11.42711925  61.96188853   -0.30668304 -34.38548771
##   96 :lr 0.001438 :tot_ene    39.6315 :dif_ene     0.2150 :dif_cor     0.0241 :   0.           0.15769133   0.98312497  11.38248003  61.85067059   -0.35694194 -34.38548771
##   97 :lr 0.001409 :tot_ene    39.4258 :dif_ene     0.2058 :dif_cor     0.0235 :   0.           0.15605162   0.97603801  11.33842414  61.74394314   -0.40320212 -34.38548771
##   98 :lr 0.001381 :tot_ene    39.2295 :dif_ene     0.1962 :dif_cor     0.0228 :   0.           0.15445955   0.96911866  11.29512377  61.6419011   -0.44559482 -34.38548771
##   99 :lr 0.001353 :tot_ene    39.0427 :dif_ene     0.1869 :dif_cor     0.0222 :   0.           0.15291713   0.96237763  11.25266779  61.54451696   -0.48434061 -34.38548771
##  100 :lr 0.001326 :tot_ene    38.8646 :dif_ene     0.1781 :dif_cor     0.0215 :   0.           0.15142263   0.95580971  11.2110448   61.45153252   -0.51973537 -34.38548771
##  101 :lr 0.001300 :tot_ene    38.6948 :dif_ene     0.1698 :dif_cor     0.0209 :   0.           0.14997439   0.94940985  11.17024318  61.36270576   -0.55204389 -34.38548771
##  102 :lr 0.001274 :tot_ene    38.5328 :dif_ene     0.1620 :dif_cor     0.0203 :   0.           0.14857079   0.94317319  11.13025104  61.2778098   -0.58150475 -34.38548771
##  103 :lr 0.001248 :tot_ene    38.3782 :dif_ene     0.1546 :dif_cor     0.0197 :   0.           0.14721029   0.93709503  11.09105633  61.19663196   -0.60833414 -34.38548771
##  104 :lr 0.001223 :tot_ene    38.2305 :dif_ene     0.1477 :dif_cor     0.0191 :   0.           0.14589137   0.93117084  11.05264682  61.11897282   -0.63272897 -34.38548771
##  105 :lr 0.001199 :tot_ene    38.0893 :dif_ene     0.1412 :dif_cor     0.0185 :   0.           0.14461257   0.92539622  11.01501015  61.04464535   -0.65486934 -34.38548771
##  106 :lr 0.001175 :tot_ene    37.9543 :dif_ene     0.1350 :dif_cor     0.0180 :   0.           0.14337249   0.91976694  10.97813384  60.97347406   -0.67492056 -34.38548771
##  107 :lr 0.001151 :tot_ene    37.8252 :dif_ene     0.1291 :dif_cor     0.0175 :   0.           0.14216977   0.9142789   10.94200536  60.90529424   -0.69303482 -34.38548771
##  108 :lr 0.001128 :tot_ene    37.7017 :dif_ene     0.1236 :dif_cor     0.0170 :   0.           0.14100312   0.90892813  10.90661209  60.83995121   -0.70935261 -34.38548771
##  109 :lr 0.001106 :tot_ene    37.5833 :dif_ene     0.1183 :dif_cor     0.0165 :   0.           0.13987127   0.90371079  10.87194137  60.77729966   -0.72400385 -34.38548771
##  110 :lr 0.001084 :tot_ene    37.4700 :dif_ene     0.1133 :dif_cor     0.0161 :   0.           0.13877301   0.89862316  10.83798056  60.717203   -0.73710891 -34.38548771
##  111 :lr 0.001062 :tot_ene    37.3614 :dif_ene     0.1086 :dif_cor     0.0157 :   0.           0.13770718   0.89366164  10.80471701  60.65953279   -0.74877946 -34.38548771
##  112 :lr 0.001041 :tot_ene    37.2572 :dif_ene     0.1042 :dif_cor     0.0152 :   0.           0.13667265   0.88882275  10.77213809  60.60416818   -0.75911921 -34.38548771
##  113 :lr 0.001020 :tot_ene    37.1573 :dif_ene     0.0999 :dif_cor     0.0148 :   0.           0.13566835   0.88410309  10.74023124  60.55099538   -0.76822458 -34.38548771
##  114 :lr 0.000999 :tot_ene    37.0614 :dif_ene     0.0959 :dif_cor     0.0144 :   0.           0.13469324   0.87949941  10.70898394  60.49990726   -0.77618526 -34.38548771
##  115 :lr 0.000979 :tot_ene    36.9694 :dif_ene     0.0920 :dif_cor     0.0141 :   0.           0.13374633   0.87500851  10.67838377  60.45080284   -0.78308474 -34.38548771
##  116 :lr 0.000960 :tot_ene    36.8810 :dif_ene     0.0884 :dif_cor     0.0137 :   0.           0.13282664   0.87062732  10.64841839  60.40358693   -0.78900077 -34.38548771
##  117 :lr 0.000941 :tot_ene    36.7960 :dif_ene     0.0849 :dif_cor     0.0133 :   0.           0.13193326   0.86635285  10.61907557  60.35816973   -0.79400578 -34.38548771
##  118 :lr 0.000922 :tot_ene    36.7144 :dif_ene     0.0816 :dif_cor     0.0130 :   0.           0.13106531   0.86218221  10.5903432   60.31446649   -0.79816727 -34.38548771
##  119 :lr 0.000903 :tot_ene    36.6359 :dif_ene     0.0785 :dif_cor     0.0126 :   0.           0.13022192   0.85811259  10.56220931  60.27239722   -0.80154813 -34.38548771
##  120 :lr 0.000885 :tot_ene    36.5604 :dif_ene     0.0755 :dif_cor     0.0123 :   0.           0.12940228   0.85414127  10.53466205  60.23188633   -0.80420703 -34.38548771
##  121 :lr 0.000868 :tot_ene    36.4877 :dif_ene     0.0727 :dif_cor     0.0120 :   0.           0.1286056    0.8502656   10.50768973  60.19286237   -0.80619863 -34.38548771
##  122 :lr 0.000850 :tot_ene    36.4178 :dif_ene     0.0699 :dif_cor     0.0117 :   0.           0.12783112   0.84648301  10.4812808   60.15525783   -0.8075739  -34.38548771
!! cvrg :lr 0.000850 :tot_ene    36.4178 :dif_ene     0.0699 :dif_cor     0.0117 :   0.           0.12783112   0.84648301  10.4812808   60.15525783   -0.8075739  -34.38548771
