##    0 :lr 0.010000 :tot_ene   218.1496 :dif_ene     0.0000 :dif_cor     0.0000 :   0.           4.80907676  18.61445684  80.12209138 107.6264105   41.36292898 -34.38531862
##    1 :lr 0.012000 :tot_ene   138.1909 :dif_ene   201.7754 :dif_cor    13.0544 :   0.           2.31898241   6.94979233  13.91463495  47.12153843  102.27128276 -34.38531862
##    2 :lr 0.014400 :tot_ene    92.6848 :dif_ene    45.5061 :dif_cor     0.5073 :   0.           1.5354484    5.250411    11.57815632  42.41540419   66.29066261 -34.38531862
##    3 :lr 0.017280 :tot_ene    53.6190 :dif_ene    39.0658 :dif_cor     0.7022 :   0.           1.17594804   4.35707367  10.08510675  39.6389131   32.74725424 -34.38531862
## rjct :lr 0.008640 :tot_ene   140.8344 :dif_ene   112.7720 :dif_cor     2.1805 :   0.           1.04116204   3.77942975   8.92298773  28.73518017  132.74096911 -34.38531862
##    5 :lr 0.010368 :tot_ene    38.4627 :dif_ene    15.1563 :dif_cor     0.4035 :   0.           1.11760294   4.23036733   9.84771051  39.30033711   18.3519544  -34.38531862
## rjct :lr 0.005184 :tot_ene   145.5672 :dif_ene   136.5243 :dif_cor     2.5542 :   0.           0.96956411   3.67122932   8.60306532  26.54226847  140.16639052 -34.38531862
## rjct :lr 0.002592 :tot_ene   142.2275 :dif_ene   128.6940 :dif_cor     2.4507 :   0.           0.99784675   3.79577566   8.80459151  28.43318573  134.58137777 -34.38531862
##    8 :lr 0.003110 :tot_ene    34.1830 :dif_ene     4.2797 :dif_cor     0.1394 :   0.           1.09956026   4.18671264   9.79785222  39.22833179   14.25585712 -34.38531862
## rjct :lr 0.001555 :tot_ene   142.1040 :dif_ene   132.6496 :dif_cor     2.5391 :   0.           0.99440644   3.78501812   8.78292011  28.3858321  134.54114993 -34.38531862
##   10 :lr 0.001866 :tot_ene    32.0728 :dif_ene     2.1101 :dif_cor     0.0810 :   0.           1.09077379   4.16105228   9.77397837  39.20614137   12.22621935 -34.38531862
## rjct :lr 0.000933 :tot_ene   142.9260 :dif_ene   136.2719 :dif_cor     2.6132 :   0.           0.99150009   3.77213484   8.75968609  27.99925698  135.78873856 -34.38531862
## rjct :lr 0.000467 :tot_ene   142.2898 :dif_ene   134.6869 :dif_cor     2.5935 :   0.           0.99853314   3.79614596   8.80149165  28.40079245  134.67814538 -34.38531862
##   13 :lr 0.000560 :tot_ene    31.4712 :dif_ene     0.6016 :dif_cor     0.0244 :   0.           1.0881965    4.15324276   9.76729939  39.20053758   11.64729095 -34.38531862
## rjct :lr 0.000280 :tot_ene   142.2641 :dif_ene   135.2404 :dif_cor     2.6108 :   0.           0.99788559   3.79424947   8.79800141  28.39537236  134.66392084 -34.38531862
##   15 :lr 0.000336 :tot_ene    31.1156 :dif_ene     0.3556 :dif_cor     0.0147 :   0.           1.08665556   4.14853242   9.76339098  39.19742002   11.30496375 -34.38531862
## rjct :lr 0.000168 :tot_ene   142.4129 :dif_ene   135.8713 :dif_cor     2.6247 :   0.           0.99736253   3.79200783   8.79411984  28.32549136  134.88923662 -34.38531862
## rjct :lr 0.000084 :tot_ene   142.2964 :dif_ene   135.5784 :dif_cor     2.6212 :   0.           0.9986456    3.79640396   8.80184157  28.40029814  134.68450499 -34.38531862
##   18 :lr 0.000101 :tot_ene    31.0097 :dif_ene     0.1059 :dif_cor     0.0044 :   0.           1.0861935    4.14711359   9.76222975  39.19649611   11.20301858 -34.38531862
## rjct :lr 0.000050 :tot_ene   142.2917 :dif_ene   135.6755 :dif_cor     2.6244 :   0.           0.99853018   3.79607188   8.80124026  28.3994205  134.68174419 -34.38531862
!! cvrg :lr 0.000050 :tot_ene    30.9463 :dif_ene     0.0634 :dif_cor     0.0027 :   0.           1.08591635   4.14626136   9.76153596  39.19594814   11.14200426 -34.38531862
