itr_steps: 10 2.0681795165344852e-10 0.4533245423638485
itr_steps: 3 4.653711194180232e-09 0.4505081039911302
itr_steps: 4 1.6282808434908702e-10 0.45257792003784364
itr_steps: 4 3.5060221392768653e-10 0.43847341193441774
itr_steps: 3 7.674068103202814e-09 0.45538679110844765
itr_steps: 3 1.478794864340216e-10 0.4375478299054349
itr_steps: 4 3.314588603586799e-10 0.4380053060803886
itr_steps: 4 1.968749607783593e-10 0.4565548933823705
itr_steps: 4 3.378562984934774e-10 0.4380707286299617
itr_steps: 3 9.571475390046658e-09 0.45728970690511317
itr_steps: 3 2.8876034896541114e-10 0.4378692602008705
itr_steps: 4 3.3012953482014495e-10 0.43797305844596884
itr_steps: 3 3.1207916806330616e-09 0.45751625314507144
itr_steps: 4 3.3131686283383033e-10 0.437986964138092
itr_steps: 3 1.9755934665965924e-09 0.45765358766253134
itr_steps: 3 3.221058975100277e-10 0.43795041987690264
itr_steps: 4 3.298847306432151e-10 0.43796992829452414
itr_steps: 3 6.033844535124899e-10 0.45769499830734045
itr_steps: 4 3.3009539546213773e-10 0.4379724398767009
itr_steps: 3 3.6561564886739006e-10 0.45771989125581
