##    0 :lr 0.000100 :tot_ene   115.4848 :dif_ene     0.0000 :dif_cor     0.0000 :  0.          2.12847108 27.85959132 27.61926369 21.60987559 18.62732114  17.64030574
##    1 :lr 0.000098 :tot_ene   115.4320 :dif_ene     0.0680 :dif_cor     0.0141 :  0.          2.12665938 27.80096336 27.62489048 21.6114713  18.627699  17.64030574
##    2 :lr 0.000096 :tot_ene   115.4797 :dif_ene     0.0645 :dif_cor     0.0134 :  0.          2.12841785 27.85530838 27.61841778 21.60987412 18.62732785  17.64030574
##    3 :lr 0.000094 :tot_ene   115.5265 :dif_ene     0.0633 :dif_cor     0.0131 :  0.          2.13014464 27.90867612 27.61209669 21.60830765 18.62696365  17.64030574
##    4 :lr 0.000092 :tot_ene   115.5725 :dif_ene     0.0622 :dif_cor     0.0129 :  0.          2.13184024 27.96108279 27.60592209 21.60677121 18.62660627  17.64030574
##    5 :lr 0.000090 :tot_ene   115.6178 :dif_ene     0.0610 :dif_cor     0.0126 :  0.          2.13350511 28.01254441 27.59988914 21.60526415 18.62625558  17.64030574
##    6 :lr 0.000089 :tot_ene   115.6622 :dif_ene     0.0599 :dif_cor     0.0124 :  0.          2.13513975 28.0630768  27.59399331 21.60378585 18.62591144  17.64030574
##    7 :lr 0.000087 :tot_ene   115.7059 :dif_ene     0.0588 :dif_cor     0.0122 :  0.          2.13674462 28.11269556 27.58823035 21.60233569 18.62557371  17.64030574
##    8 :lr 0.000085 :tot_ene   115.7488 :dif_ene     0.0577 :dif_cor     0.0119 :  0.          2.13832021 28.16141605 27.58259621 21.6009131  18.62524228  17.64030574
##    9 :lr 0.000083 :tot_ene   115.7909 :dif_ene     0.0566 :dif_cor     0.0117 :  0.          2.13986699 28.20925341 27.57708709 21.59951753 18.62491703  17.64030574
##   10 :lr 0.000082 :tot_ene   115.8324 :dif_ene     0.0556 :dif_cor     0.0115 :  0.          2.14138542 28.25622252 27.57169938 21.59814842 18.62459784  17.64030574
##   11 :lr 0.000080 :tot_ene   115.8730 :dif_ene     0.0545 :dif_cor     0.0112 :  0.          2.14287598 28.30233802 27.56642964 21.59680526 18.62428459  17.64030574
##   12 :lr 0.000078 :tot_ene   115.9130 :dif_ene     0.0535 :dif_cor     0.0110 :  0.          2.14433911 28.34761435 27.56127459 21.59548753 18.62397719  17.64030574
##   13 :lr 0.000077 :tot_ene   115.9522 :dif_ene     0.0525 :dif_cor     0.0108 :  0.          2.14577528 28.39206569 27.55623114 21.59419474 18.6236755  17.64030573
##   14 :lr 0.000075 :tot_ene   115.9908 :dif_ene     0.0515 :dif_cor     0.0106 :  0.          2.14718494 28.43570599 27.55129628 21.59292641 18.62337945  17.64030574
##   15 :lr 0.000074 :tot_ene   116.0287 :dif_ene     0.0506 :dif_cor     0.0104 :  0.          2.14856853 28.47854899 27.54646718 21.59168207 18.62308891  17.64030574
##   16 :lr 0.000072 :tot_ene   116.0658 :dif_ene     0.0496 :dif_cor     0.0102 :  0.          2.14992648 28.52060821 27.54174109 21.59046128 18.62280379  17.64030574
##   17 :lr 0.000071 :tot_ene   116.1024 :dif_ene     0.0487 :dif_cor     0.0100 :  0.          2.15125924 28.56189696 27.53711541 21.58926357 18.622524  17.64030574
##   18 :lr 0.000070 :tot_ene   116.1382 :dif_ene     0.0478 :dif_cor     0.0098 :  0.          2.15256724 28.60242832 27.53258761 21.58808852 18.62224943  17.64030574
##   19 :lr 0.000068 :tot_ene   116.1734 :dif_ene     0.0469 :dif_cor     0.0096 :  0.          2.15385089 28.6422152  27.52815526 21.58693569 18.62197999  17.64030574
##   20 :lr 0.000067 :tot_ene   116.2080 :dif_ene     0.0460 :dif_cor     0.0094 :  0.          2.15511062 28.68127027 27.52381604 21.58580469 18.62171559  17.64030574
##   21 :lr 0.000065 :tot_ene   116.2420 :dif_ene     0.0452 :dif_cor     0.0093 :  0.          2.15634683 28.71960605 27.51956769 21.58469509 18.62145613  17.64030574
##   22 :lr 0.000064 :tot_ene   116.2753 :dif_ene     0.0443 :dif_cor     0.0091 :  0.          2.15755994 28.75723481 27.51540805 21.58360651 18.62120154  17.64030574
##   23 :lr 0.000063 :tot_ene   116.3081 :dif_ene     0.0435 :dif_cor     0.0089 :  0.          2.15875034 28.79416867 27.51133501 21.58253854 18.62095172  17.64030574
##   24 :lr 0.000062 :tot_ene   116.3402 :dif_ene     0.0427 :dif_cor     0.0087 :  0.          2.15991843 28.83041957 27.50734654 21.58149082 18.62070659  17.64030574
##   25 :lr 0.000060 :tot_ene   116.3717 :dif_ene     0.0419 :dif_cor     0.0086 :  0.          2.16106459 28.86599924 27.50344069 21.58046296 18.62046606  17.64030574
##   26 :lr 0.000059 :tot_ene   116.4027 :dif_ene     0.0411 :dif_cor     0.0084 :  0.          2.16218921 28.90091924 27.49961556 21.5794546  18.62023005  17.64030574
##   27 :lr 0.000058 :tot_ene   116.4331 :dif_ene     0.0403 :dif_cor     0.0082 :  0.          2.16329268 28.93519096 27.49586929 21.57846538 18.61999847  17.64030574
##   28 :lr 0.000057 :tot_ene   116.4630 :dif_ene     0.0396 :dif_cor     0.0081 :  0.          2.16437535 28.96882561 27.49220012 21.57749494 18.61977126  17.64030574
##   29 :lr 0.000056 :tot_ene   116.4923 :dif_ene     0.0388 :dif_cor     0.0079 :  0.          2.16543761 29.00183423 27.48860631 21.57654295 18.61954833  17.64030574
##   30 :lr 0.000055 :tot_ene   116.5210 :dif_ene     0.0381 :dif_cor     0.0078 :  0.          2.16647981 29.0342277  27.48508618 21.57560906 18.6193296  17.64030574
##   31 :lr 0.000053 :tot_ene   116.5493 :dif_ene     0.0374 :dif_cor     0.0076 :  0.          2.1675023  29.06601673 27.48163808 21.57469294 18.61911499  17.64030574
##   32 :lr 0.000052 :tot_ene   116.5770 :dif_ene     0.0367 :dif_cor     0.0075 :  0.          2.16850544 29.09721184 27.47826045 21.57379425 18.61890445  17.64030574
##   33 :lr 0.000051 :tot_ene   116.6042 :dif_ene     0.0360 :dif_cor     0.0073 :  0.          2.16948957 29.12782344 27.47495172 21.57291269 18.61869788  17.64030574
##   34 :lr 0.000050 :tot_ene   116.6309 :dif_ene     0.0353 :dif_cor     0.0072 :  0.          2.17045504 29.15786173 27.47171041 21.57204793 18.61849522  17.64030574
##   35 :lr 0.000049 :tot_ene   116.6571 :dif_ene     0.0346 :dif_cor     0.0071 :  0.          2.17140217 29.18733678 27.46853505 21.57119967 18.6182964  17.64030574
##   36 :lr 0.000048 :tot_ene   116.6828 :dif_ene     0.0340 :dif_cor     0.0069 :  0.          2.1723313  29.2162585  27.46542421 21.5703676  18.61810135  17.64030574
##   37 :lr 0.000047 :tot_ene   116.7080 :dif_ene     0.0333 :dif_cor     0.0068 :  0.          2.17324275 29.24463665 27.46237652 21.56955142 18.61791  17.64030574
##   38 :lr 0.000046 :tot_ene   116.7328 :dif_ene     0.0327 :dif_cor     0.0067 :  0.          2.17413684 29.27248083 27.45939062 21.56875084 18.61772229  17.64030574
##   39 :lr 0.000045 :tot_ene   116.7571 :dif_ene     0.0321 :dif_cor     0.0065 :  0.          2.17501389 29.29980049 27.45646519 21.56796557 18.61753814  17.64030574
##   40 :lr 0.000045 :tot_ene   116.7809 :dif_ene     0.0315 :dif_cor     0.0064 :  0.          2.1758742  29.32660494 27.45359896 21.56719533 18.61735749  17.64030574
##   41 :lr 0.000044 :tot_ene   116.8043 :dif_ene     0.0309 :dif_cor     0.0063 :  0.          2.17671808 29.35290335 27.45079067 21.56643985 18.61718028  17.64030574
##   42 :lr 0.000043 :tot_ene   116.8273 :dif_ene     0.0303 :dif_cor     0.0062 :  0.          2.17754583 29.37870472 27.4480391  21.56569884 18.61700645  17.64030573
##   43 :lr 0.000042 :tot_ene   116.8498 :dif_ene     0.0297 :dif_cor     0.0060 :  0.          2.17835773 29.40401794 27.44534307 21.56497204 18.61683594  17.64030574
##   44 :lr 0.000041 :tot_ene   116.8719 :dif_ene     0.0292 :dif_cor     0.0059 :  0.          2.17915409 29.42885174 27.4427014  21.56425918 18.61666868  17.64030574
##   45 :lr 0.000040 :tot_ene   116.8936 :dif_ene     0.0286 :dif_cor     0.0058 :  0.          2.17993518 29.45321471 27.44011297 21.56356002 18.61650461  17.64030574
##   46 :lr 0.000039 :tot_ene   116.9149 :dif_ene     0.0280 :dif_cor     0.0057 :  0.          2.18070129 29.47711532 27.43757666 21.56287429 18.61634368  17.64030573
##   47 :lr 0.000039 :tot_ene   116.9358 :dif_ene     0.0275 :dif_cor     0.0056 :  0.          2.18145269 29.50056187 27.4350914  21.56220174 18.61618583  17.64030574
##   48 :lr 0.000038 :tot_ene   116.9563 :dif_ene     0.0270 :dif_cor     0.0055 :  0.          2.18218965 29.52356257 27.43265612 21.56154214 18.616031  17.64030574
##   49 :lr 0.000037 :tot_ene   116.9764 :dif_ene     0.0265 :dif_cor     0.0054 :  0.          2.18291244 29.54612548 27.4302698  21.56089523 18.61587914  17.64030574
##   50 :lr 0.000036 :tot_ene   116.9961 :dif_ene     0.0260 :dif_cor     0.0053 :  0.          2.18362132 29.5682585  27.42793142 21.56026079 18.61573019  17.64030574
##   51 :lr 0.000036 :tot_ene   117.0155 :dif_ene     0.0255 :dif_cor     0.0052 :  0.          2.18431655 29.58996945 27.42564    21.55963857 18.61558409  17.64030574
##   52 :lr 0.000035 :tot_ene   117.0344 :dif_ene     0.0250 :dif_cor     0.0051 :  0.          2.18499837 29.611266   27.42339457 21.55902836 18.61544081  17.64030574
##   53 :lr 0.000034 :tot_ene   117.0531 :dif_ene     0.0245 :dif_cor     0.0050 :  0.          2.18566705 29.63215568 27.4211942  21.55842992 18.61530027  17.64030574
##   54 :lr 0.000034 :tot_ene   117.0713 :dif_ene     0.0240 :dif_cor     0.0049 :  0.          2.18632282 29.65264592 27.41903795 21.55784304 18.61516244  17.64030574
##   55 :lr 0.000033 :tot_ene   117.0892 :dif_ene     0.0236 :dif_cor     0.0048 :  0.          2.18696592 29.67274402 27.41692493 21.5572675  18.61502727  17.64030574
##   56 :lr 0.000032 :tot_ene   117.1068 :dif_ene     0.0231 :dif_cor     0.0047 :  0.          2.18759659 29.69245715 27.41485425 21.55670309 18.61489469  17.64030574
##   57 :lr 0.000032 :tot_ene   117.1241 :dif_ene     0.0227 :dif_cor     0.0046 :  0.          2.18821506 29.71179238 27.41282505 21.5561496  18.61476467  17.64030574
##   58 :lr 0.000031 :tot_ene   117.1410 :dif_ene     0.0222 :dif_cor     0.0045 :  0.          2.18882157 29.73075663 27.41083649 21.55560682 18.61463716  17.64030574
##   59 :lr 0.000030 :tot_ene   117.1576 :dif_ene     0.0218 :dif_cor     0.0044 :  0.          2.18941632 29.74935674 27.40888775 21.55507455 18.61451211  17.64030574
##   60 :lr 0.000030 :tot_ene   117.1738 :dif_ene     0.0214 :dif_cor     0.0043 :  0.          2.18999955 29.76759942 27.40697801 21.5545526  18.61438947  17.64030574
##   61 :lr 0.000029 :tot_ene   117.1898 :dif_ene     0.0210 :dif_cor     0.0043 :  0.          2.19057147 29.78549125 27.40510648 21.55404077 18.6142692  17.64030574
##   62 :lr 0.000029 :tot_ene   117.2054 :dif_ene     0.0206 :dif_cor     0.0042 :  0.          2.1911323  29.80303873 27.40327239 21.55353887 18.61415126  17.64030574
##   63 :lr 0.000028 :tot_ene   117.2208 :dif_ene     0.0202 :dif_cor     0.0041 :  0.          2.19168223 29.82024824 27.40147498 21.55304671 18.6140356  17.64030574
##   64 :lr 0.000027 :tot_ene   117.2359 :dif_ene     0.0198 :dif_cor     0.0040 :  0.          2.19222149 29.83712602 27.39971352 21.55256411 18.61392218  17.64030574
##   65 :lr 0.000027 :tot_ene   117.2506 :dif_ene     0.0194 :dif_cor     0.0039 :  0.          2.19275026 29.85367826 27.39798726 21.55209089 18.61381095  17.64030574
##   66 :lr 0.000026 :tot_ene   117.2651 :dif_ene     0.0190 :dif_cor     0.0039 :  0.          2.19326875 29.86991099 27.39629552 21.55162687 18.61370189  17.64030573
##   67 :lr 0.000026 :tot_ene   117.2793 :dif_ene     0.0186 :dif_cor     0.0038 :  0.          2.19377714 29.88583016 27.39463758 21.55117187 18.61359493  17.64030574
##   68 :lr 0.000025 :tot_ene   117.2933 :dif_ene     0.0183 :dif_cor     0.0037 :  0.          2.19427564 29.90144164 27.39301277 21.55072573 18.61349005  17.64030574
##   69 :lr 0.000025 :tot_ene   117.3069 :dif_ene     0.0179 :dif_cor     0.0036 :  0.          2.19476443 29.91675115 27.39142043 21.55028828 18.61338721  17.64030574
##   70 :lr 0.000024 :tot_ene   117.3203 :dif_ene     0.0176 :dif_cor     0.0036 :  0.          2.1952437  29.93176436 27.38985989 21.54985935 18.61328637  17.64030574
##   71 :lr 0.000024 :tot_ene   117.3335 :dif_ene     0.0172 :dif_cor     0.0035 :  0.          2.19571362 29.94648679 27.38833052 21.54943878 18.61318749  17.64030574
##   72 :lr 0.000023 :tot_ene   117.3464 :dif_ene     0.0169 :dif_cor     0.0034 :  0.          2.19617437 29.96092392 27.38683169 21.5490264  18.61309053  17.64030574
##   73 :lr 0.000023 :tot_ene   117.3590 :dif_ene     0.0166 :dif_cor     0.0034 :  0.          2.19662612 29.97508108 27.38536279 21.54862208 18.61299545  17.64030573
##   74 :lr 0.000022 :tot_ene   117.3714 :dif_ene     0.0163 :dif_cor     0.0033 :  0.          2.19706906 29.98896355 27.38392322 21.54822564 18.61290223  17.64030574
##   75 :lr 0.000022 :tot_ene   117.3835 :dif_ene     0.0159 :dif_cor     0.0032 :  0.          2.19750334 30.00257649 27.38251239 21.54783695 18.61281082  17.64030574
##   76 :lr 0.000022 :tot_ene   117.3955 :dif_ene     0.0156 :dif_cor     0.0032 :  0.          2.19792913 30.01592498 27.38112973 21.54745585 18.61272119  17.64030574
##   77 :lr 0.000021 :tot_ene   117.4072 :dif_ene     0.0153 :dif_cor     0.0031 :  0.          2.1983466  30.02901402 27.37977467 21.54708219 18.61263332  17.64030574
##   78 :lr 0.000021 :tot_ene   117.4186 :dif_ene     0.0150 :dif_cor     0.0030 :  0.          2.1987559  30.04184849 27.37844665 21.54671584 18.61254715  17.64030574
##   79 :lr 0.000020 :tot_ene   117.4299 :dif_ene     0.0147 :dif_cor     0.0030 :  0.          2.19915718 30.05443322 27.37714514 21.54635666 18.61246267  17.64030574
##   80 :lr 0.000020 :tot_ene   117.4409 :dif_ene     0.0144 :dif_cor     0.0029 :  0.          2.19955061 30.06677292 27.3758696  21.54600451 18.61237983  17.64030574
##   81 :lr 0.000019 :tot_ene   117.4517 :dif_ene     0.0142 :dif_cor     0.0029 :  0.          2.19993634 30.07887225 27.37461952 21.54565925 18.61229862  17.64030574
##   82 :lr 0.000019 :tot_ene   117.4623 :dif_ene     0.0139 :dif_cor     0.0028 :  0.          2.2003145  30.09073577 27.37339438 21.54532075 18.61221899  17.64030574
##   83 :lr 0.000019 :tot_ene   117.4727 :dif_ene     0.0136 :dif_cor     0.0028 :  0.          2.20068525 30.10236794 27.37219369 21.54498888 18.61214092  17.64030574
##   84 :lr 0.000018 :tot_ene   117.4829 :dif_ene     0.0133 :dif_cor     0.0027 :  0.          2.20104873 30.11377317 27.37101696 21.54466352 18.61206437  17.64030574
##   85 :lr 0.000018 :tot_ene   117.4929 :dif_ene     0.0131 :dif_cor     0.0026 :  0.          2.20140508 30.12495578 27.36986371 21.54434453 18.61198933  17.64030574
##   86 :lr 0.000018 :tot_ene   117.5027 :dif_ene     0.0128 :dif_cor     0.0026 :  0.          2.20175443 30.13592001 27.36873347 21.5440318  18.61191575  17.64030574
##   87 :lr 0.000017 :tot_ene   117.5123 :dif_ene     0.0126 :dif_cor     0.0025 :  0.          2.20209693 30.14667002 27.36762577 21.54372521 18.61184361  17.64030574
##   88 :lr 0.000017 :tot_ene   117.5217 :dif_ene     0.0123 :dif_cor     0.0025 :  0.          2.20243269 30.1572099  27.36654018 21.54342464 18.61177289  17.64030574
##   89 :lr 0.000017 :tot_ene   117.5309 :dif_ene     0.0121 :dif_cor     0.0024 :  0.          2.20276186 30.16754366 27.36547625 21.54312997 18.61170355  17.64030574
##   90 :lr 0.000016 :tot_ene   117.5400 :dif_ene     0.0119 :dif_cor     0.0024 :  0.          2.20308456 30.17767524 27.36443354 21.54284108 18.61163557  17.64030574
##   91 :lr 0.000016 :tot_ene   117.5489 :dif_ene     0.0116 :dif_cor     0.0023 :  0.          2.20340091 30.18760852 27.36341164 21.54255788 18.61156893  17.64030574
##   92 :lr 0.000016 :tot_ene   117.5576 :dif_ene     0.0114 :dif_cor     0.0023 :  0.          2.20371105 30.19734729 27.36241012 21.54228023 18.61150359  17.64030574
##   93 :lr 0.000015 :tot_ene   117.5661 :dif_ene     0.0112 :dif_cor     0.0023 :  0.          2.20401508 30.20689529 27.36142858 21.54200805 18.61143954  17.64030574
##   94 :lr 0.000015 :tot_ene   117.5745 :dif_ene     0.0110 :dif_cor     0.0022 :  0.          2.20431312 30.21625616 27.36046663 21.54174122 18.61137674  17.64030574
##   95 :lr 0.000015 :tot_ene   117.5827 :dif_ene     0.0107 :dif_cor     0.0022 :  0.          2.2046053  30.2254335  27.35952387 21.54147964 18.61131518  17.64030574
##   96 :lr 0.000014 :tot_ene   117.5907 :dif_ene     0.0105 :dif_cor     0.0021 :  0.          2.20489172 30.23443085 27.35859991 21.54122321 18.61125483  17.64030574
##   97 :lr 0.000014 :tot_ene   117.5986 :dif_ene     0.0103 :dif_cor     0.0021 :  0.          2.2051725  30.24325166 27.35769439 21.54097182 18.61119566  17.64030574
##   98 :lr 0.000014 :tot_ene   117.6063 :dif_ene     0.0101 :dif_cor     0.0020 :  0.          2.20544775 30.25189933 27.35680693 21.54072539 18.61113766  17.64030574
##   99 :lr 0.000014 :tot_ene   117.6139 :dif_ene     0.0099 :dif_cor     0.0020 :  0.          2.20571757 30.2603772  27.35593718 21.54048381 18.61108079  17.64030574
##  100 :lr 0.000013 :tot_ene   117.6213 :dif_ene     0.0097 :dif_cor     0.0020 :  0.          2.20598207 30.26868853 27.35508478 21.54024699 18.61102505  17.64030574
##  101 :lr 0.000013 :tot_ene   117.6286 :dif_ene     0.0095 :dif_cor     0.0019 :  0.          2.20624136 30.27683655 27.35424938 21.54001484 18.6109704  17.64030573
##  102 :lr 0.000013 :tot_ene   117.6358 :dif_ene     0.0093 :dif_cor     0.0019 :  0.          2.20649553 30.28482441 27.35343065 21.53978727 18.61091683  17.64030574
##  103 :lr 0.000012 :tot_ene   117.6428 :dif_ene     0.0092 :dif_cor     0.0019 :  0.          2.20674468 30.29265519 27.35262826 21.53956418 18.61086432  17.64030574
##  104 :lr 0.000012 :tot_ene   117.6496 :dif_ene     0.0090 :dif_cor     0.0018 :  0.          2.20698892 30.30033194 27.35184188 21.53934549 18.61081283  17.64030574
##  105 :lr 0.000012 :tot_ene   117.6564 :dif_ene     0.0088 :dif_cor     0.0018 :  0.          2.20722833 30.30785764 27.35107118 21.53913112 18.61076237  17.64030573
##  106 :lr 0.000012 :tot_ene   117.6630 :dif_ene     0.0086 :dif_cor     0.0017 :  0.          2.20746302 30.31523521 27.35031586 21.53892098 18.6107129  17.64030574
##  107 :lr 0.000012 :tot_ene   117.6694 :dif_ene     0.0085 :dif_cor     0.0017 :  0.          2.20769307 30.32246752 27.34957562 21.53871499 18.6106644  17.64030574
##  108 :lr 0.000011 :tot_ene   117.6758 :dif_ene     0.0083 :dif_cor     0.0017 :  0.          2.20791857 30.32955738 27.34885014 21.53851307 18.61061686  17.64030574
##  109 :lr 0.000011 :tot_ene   117.6820 :dif_ene     0.0081 :dif_cor     0.0016 :  0.          2.20813962 30.33650757 27.34813914 21.53831513 18.61057026  17.64030574
##  110 :lr 0.000011 :tot_ene   117.6881 :dif_ene     0.0080 :dif_cor     0.0016 :  0.          2.20835629 30.34332078 27.34744232 21.5381211  18.61052458  17.64030574
##  111 :lr 0.000011 :tot_ene   117.6940 :dif_ene     0.0078 :dif_cor     0.0016 :  0.          2.20856869 30.34999969 27.34675941 21.53793091 18.61047979  17.64030574
##  112 :lr 0.000010 :tot_ene   117.6999 :dif_ene     0.0077 :dif_cor     0.0015 :  0.          2.20877688 30.35654689 27.34609013 21.53774448 18.6104359  17.64030574
##  113 :lr 0.000010 :tot_ene   117.7056 :dif_ene     0.0075 :dif_cor     0.0015 :  0.          2.20898095 30.36296495 27.3454342  21.53756173 18.61039287  17.64030574
##  114 :lr 0.000010 :tot_ene   117.7113 :dif_ene     0.0074 :dif_cor     0.0015 :  0.          2.20918099 30.36925639 27.34479136 21.5373826  18.61035069  17.64030573
##  115 :lr 0.000010 :tot_ene   117.7168 :dif_ene     0.0072 :dif_cor     0.0015 :  0.          2.20937706 30.37542366 27.34416135 21.53720701 18.61030934  17.64030574
##  116 :lr 0.000010 :tot_ene   117.7222 :dif_ene     0.0071 :dif_cor     0.0014 :  0.          2.20956926 30.38146919 27.34354391 21.53703489 18.61026881  17.64030574
##  117 :lr 0.000009 :tot_ene   117.7275 :dif_ene     0.0069 :dif_cor     0.0014 :  0.          2.20975765 30.38739535 27.34293879 21.53686618 18.61022909  17.64030574
!! cvrg :lr 0.000009 :tot_ene   117.7275 :dif_ene     0.0069 :dif_cor     0.0014 :  0.          2.20975765 30.38739535 27.34293879 21.53686618 18.61022909  17.64030574
