##    0 :lr 0.003000 :tot_ene   139.0306 :dif_ene     0.0000 :dif_cor     0.0000 :  0.          3.64163714 46.25501317 31.44390364 21.4610371  18.5887053  17.64030574
##    1 :lr 0.003600 :tot_ene   137.6937 :dif_ene     1.3691 :dif_cor     0.3497 :  0.          3.44939097 45.85379284 30.68434486 21.47441233 18.59141395  17.64030573
##    2 :lr 0.004320 :tot_ene   136.3233 :dif_ene     1.3980 :dif_cor     0.3921 :  0.          3.24200571 45.32880464 30.03254303 21.4858331  18.59380398  17.64030574
##    3 :lr 0.005184 :tot_ene   134.9500 :dif_ene     1.3921 :dif_cor     0.4171 :  0.          3.03642242 44.67717371 29.50705566 21.49356294 18.59550967  17.64030574
##    4 :lr 0.006221 :tot_ene   133.5373 :dif_ene     1.4255 :dif_cor     0.4470 :  0.          2.84256931 43.88225009 29.07670582 21.49875416 18.59673673  17.64030574
##    5 :lr 0.007465 :tot_ene   132.1595 :dif_ene     1.3941 :dif_cor     0.4914 :  0.          2.72474371 42.96530524 28.72551042 21.50520939 18.59842187  17.64030573
##    6 :lr 0.003732 :tot_ene   133.3847 :dif_ene     3.3871 :dif_cor     0.6999 :  0.          4.67212737 41.88435388 28.90077273 21.655101   18.63203058  17.64030574
##    7 :lr 0.004479 :tot_ene   130.3276 :dif_ene     3.0571 :dif_cor     0.2429 :  0.          2.52644209 41.65792765 28.39788252 21.50612871 18.59889519  17.64030574
##    8 :lr 0.005375 :tot_ene   129.9067 :dif_ene     0.8518 :dif_cor     0.3263 :  0.          2.73643544 41.09061772 28.32888821 21.50957954 18.60092218  17.64030574
##    9 :lr 0.002687 :tot_ene   131.0083 :dif_ene     2.4735 :dif_cor     0.4205 :  0.          4.28566894 40.40463937 28.52536215 21.54033963 18.61194136  17.64030574
##   10 :lr 0.003225 :tot_ene   128.9026 :dif_ene     2.1056 :dif_cor     0.1510 :  0.          2.58156403 40.36077656 28.20856055 21.5109148  18.60050977  17.64030574
##   11 :lr 0.003870 :tot_ene   128.9009 :dif_ene     0.7152 :dif_cor     0.2656 :  0.          2.93803305 40.05612869 28.1563762  21.50927912 18.60081084  17.64030574
##   12 :lr 0.004644 :tot_ene   128.3043 :dif_ene     0.6027 :dif_cor     0.2301 :  0.          2.79391607 39.65526195 28.10183553 21.51234347 18.60067911  17.64030574
##   13 :lr 0.002322 :tot_ene   128.7066 :dif_ene     1.0302 :dif_cor     0.2745 :  0.          3.5101541  39.4136934  28.03437018 21.50795052 18.6000945  17.64030574
##   14 :lr 0.002786 :tot_ene   127.3447 :dif_ene     1.3642 :dif_cor     0.1035 :  0.          2.35900024 39.2269777  28.00954834 21.5090833  18.59976116  17.64030574
##   15 :lr 0.003344 :tot_ene   126.9270 :dif_ene     0.4669 :dif_cor     0.1804 :  0.          2.37947813 38.81328513 27.98094014 21.5124171  18.6005503  17.64030573
##   16 :lr 0.004012 :tot_ene   126.7134 :dif_ene     0.5989 :dif_cor     0.2186 :  0.          2.57205728 38.45730008 27.93142038 21.51171835 18.6006221  17.64030574
##   17 :lr 0.004815 :tot_ene   126.6921 :dif_ene     1.0772 :dif_cor     0.2610 :  0.          3.08790124 37.9080816  27.93276427 21.52035954 18.60273109  17.64030574
##   18 :lr 0.005778 :tot_ene   126.4376 :dif_ene     0.2545 :dif_cor     0.2372 :  0.          3.03174077 37.78103451 27.86883745 21.51439204 18.60133794  17.64030574
##   19 :lr 0.002889 :tot_ene   126.5672 :dif_ene     1.2830 :dif_cor     0.2820 :  0.          3.70944741 37.20430671 27.88435984 21.52505539 18.60372022  17.64030573
##   20 :lr 0.003467 :tot_ene   125.0662 :dif_ene     1.5010 :dif_cor     0.1218 :  0.          2.27721174 37.18306797 27.84317081 21.52007093 18.60240416  17.64030573
##   21 :lr 0.004160 :tot_ene   124.7475 :dif_ene     0.4972 :dif_cor     0.1917 :  0.          2.36555973 36.81079787 27.80747365 21.52073743 18.60264345  17.64030574
##   22 :lr 0.004992 :tot_ene   124.7369 :dif_ene     1.3323 :dif_cor     0.2807 :  0.          3.01471646 36.13977277 27.80702684 21.53016584 18.6048936  17.64030573
##   23 :lr 0.005990 :tot_ene   124.6964 :dif_ene     0.2867 :dif_cor     0.2262 :  0.          3.13781582 36.03027406 27.75875811 21.52538551 18.60388247  17.64030574
##   24 :lr 0.007188 :tot_ene   124.6774 :dif_ene     1.1474 :dif_cor     0.2704 :  0.          3.66186603 35.44703888 27.78490121 21.53678941 18.60648533  17.64030574
##   25 :lr 0.003594 :tot_ene   125.2750 :dif_ene     0.7895 :dif_cor     0.2823 :  0.          4.35543561 35.41772892 27.72679967 21.52973232 18.60498208  17.64030574
##   26 :lr 0.004313 :tot_ene   122.8717 :dif_ene     2.4407 :dif_cor     0.1324 :  0.          2.20203694 35.14915076 27.73933242 21.53478008 18.60611229  17.64030574
##   27 :lr 0.005176 :tot_ene   122.3557 :dif_ene     0.5648 :dif_cor     0.2153 :  0.          2.21940014 34.62002968 27.72804633 21.54039901 18.60750713  17.64030574
##   28 :lr 0.006211 :tot_ene   122.1797 :dif_ene     0.7949 :dif_cor     0.2784 :  0.          2.52374123 34.15617938 27.70647704 21.54439116 18.60865461  17.64030574
##   29 :lr 0.003105 :tot_ene   123.8589 :dif_ene     2.7600 :dif_cor     0.3821 :  0.          4.67619969 33.61574041 27.7532964  21.56058282 18.61278139  17.64030573
##   30 :lr 0.003726 :tot_ene   121.3101 :dif_ene     2.5488 :dif_cor     0.1324 :  0.          2.43801344 33.35571557 27.70992312 21.55498305 18.61118456  17.64030573
##   31 :lr 0.001863 :tot_ene   121.6092 :dif_ene     0.6905 :dif_cor     0.2274 :  0.          2.93278372 33.18700889 27.68373013 21.55417225 18.61115616  17.64030574
##   32 :lr 0.002236 :tot_ene   120.6721 :dif_ene     0.9537 :dif_cor     0.0855 :  0.          2.19640726 32.97804292 27.68853276 21.55706628 18.61177916  17.64030573
##   33 :lr 0.002683 :tot_ene   120.3934 :dif_ene     0.2881 :dif_cor     0.1170 :  0.          2.18204587 32.70900077 27.68895028 21.56051382 18.6126308  17.64030574
##   34 :lr 0.003220 :tot_ene   120.1613 :dif_ene     0.2498 :dif_cor     0.1290 :  0.          2.1883986  32.47650904 27.68046216 21.56245038 18.61316767  17.64030574
##   35 :lr 0.003864 :tot_ene   119.8306 :dif_ene     0.4158 :dif_cor     0.1640 :  0.          2.22106765 32.10324058 27.6837366  21.56771337 18.61448871  17.64030574
##   36 :lr 0.004636 :tot_ene   119.7759 :dif_ene     0.5039 :dif_cor     0.2048 :  0.          2.44310042 31.83801062 27.66967632 21.56971248 18.61510299  17.64030574
##   37 :lr 0.002318 :tot_ene   120.2040 :dif_ene     1.5143 :dif_cor     0.2743 :  0.          3.3722882  31.29486718 27.69785016 21.58084045 18.61781721  17.64030574
##   38 :lr 0.002782 :tot_ene   119.0223 :dif_ene     1.1816 :dif_cor     0.0944 :  0.          2.23509645 31.27327494 27.67852769 21.5779534  18.61717731  17.64030574
##   39 :lr 0.003338 :tot_ene   118.9045 :dif_ene     0.2222 :dif_cor     0.1467 :  0.          2.28646228 31.11568749 27.6660862  21.578514   18.61742052  17.64030574
##   40 :lr 0.004006 :tot_ene   118.7848 :dif_ene     0.7416 :dif_cor     0.2040 :  0.          2.57201848 30.68506205 27.68205392 21.58609318 18.61931083  17.64030574
##   41 :lr 0.002003 :tot_ene   119.0301 :dif_ene     0.3593 :dif_cor     0.1967 :  0.          2.87428712 30.65568235 27.65723684 21.58371476 18.61888687  17.64030573
##   42 :lr 0.002403 :tot_ene   118.1383 :dif_ene     0.9172 :dif_cor     0.0864 :  0.          2.15859601 30.46687093 27.66608756 21.58682225 18.61964482  17.64030573
##   43 :lr 0.002884 :tot_ene   117.9251 :dif_ene     0.2227 :dif_cor     0.1077 :  0.          2.15567493 30.25182497 27.6672361  21.58963536 18.62040065  17.64030573
##   44 :lr 0.003461 :tot_ene   117.7457 :dif_ene     0.2002 :dif_cor     0.1217 :  0.          2.1637799  30.06698283 27.66231442 21.5913876  18.62093282  17.64030574
##   45 :lr 0.004153 :tot_ene   117.4884 :dif_ene     0.3467 :dif_cor     0.1559 :  0.          2.19819613 29.76495549 27.66701575 21.59579806 18.62211351  17.64030574
##   46 :lr 0.002077 :tot_ene   117.5413 :dif_ene     0.4048 :dif_cor     0.1915 :  0.          2.42556289 29.60045952 27.65557115 21.59683788 18.62254189  17.64030573
##   47 :lr 0.002492 :tot_ene   117.0934 :dif_ene     0.4746 :dif_cor     0.1101 :  0.          2.19237005 29.37244444 27.66457581 21.60032079 18.6234293  17.64030574
##   48 :lr 0.002990 :tot_ene   116.9907 :dif_ene     0.1029 :dif_cor     0.1057 :  0.          2.18600889 29.28508544 27.65553924 21.60021391 18.62351432  17.64030574
##   49 :lr 0.003588 :tot_ene   116.7882 :dif_ene     0.2888 :dif_cor     0.1317 :  0.          2.21874464 29.03945729 27.66136379 21.60380539 18.62448983  17.64030574
##   50 :lr 0.001794 :tot_ene   116.8440 :dif_ene     0.2665 :dif_cor     0.1563 :  0.          2.37988722 28.94823623 27.64784128 21.60324731 18.62452107  17.64030573
##   51 :lr 0.002153 :tot_ene   116.4609 :dif_ene     0.4053 :dif_cor     0.0937 :  0.          2.16392585 28.77000739 27.65536941 21.60604861 18.62525227  17.64030574
##   52 :lr 0.002584 :tot_ene   116.3706 :dif_ene     0.0904 :dif_cor     0.0789 :  0.          2.14882469 28.70172293 27.64856265 21.60584982 18.62530219  17.64030574
##   53 :lr 0.003100 :tot_ene   116.2151 :dif_ene     0.1611 :dif_cor     0.0920 :  0.          2.14575996 28.5465112  27.64916275 21.60754047 18.62581701  17.64030574
## rjct :lr 0.001550 :tot_ene   146.4992 :dif_ene    30.9643 :dif_cor     4.8434 :  0.          2.2396629  57.61158555 29.11438146 21.33833071 18.55495684  17.64030573
##   55 :lr 0.001860 :tot_ene   116.1484 :dif_ene     0.0668 :dif_cor     0.0513 :  0.          2.13619412 28.49351159 27.64502602 21.6074711  18.62587027  17.64030574
##   56 :lr 0.002232 :tot_ene   116.0593 :dif_ene     0.0906 :dif_cor     0.0572 :  0.          2.13497241 28.4069901  27.6429232  21.60800408 18.62607984  17.64030574
##   57 :lr 0.002679 :tot_ene   115.9596 :dif_ene     0.1011 :dif_cor     0.0673 :  0.          2.13416223 28.31027452 27.64003869 21.60851327 18.62630143  17.64030574
## rjct :lr 0.001339 :tot_ene   146.4671 :dif_ene    31.1931 :dif_cor     4.9153 :  0.          2.26598125 57.41814504 29.2506261  21.33745    18.55457583  17.64030574
##   59 :lr 0.001607 :tot_ene   115.9013 :dif_ene     0.0589 :dif_cor     0.0392 :  0.          2.13349537 28.25436774 27.6380089  21.60871094 18.62640856  17.64030573
##   60 :lr 0.001929 :tot_ene   115.8329 :dif_ene     0.0691 :dif_cor     0.0467 :  0.          2.13280147 28.18866618 27.6356333  21.60893763 18.62653501  17.64030573
## rjct :lr 0.000964 :tot_ene   146.4990 :dif_ene    31.3526 :dif_cor     4.9500 :  0.          2.28301977 57.34174377 29.34165489 21.33767473 18.55455162  17.64030573
##   62 :lr 0.001157 :tot_ene   115.7933 :dif_ene     0.0398 :dif_cor     0.0275 :  0.          2.13235035 28.15107415 27.63396937 21.60899918 18.62659308  17.64030574
##   63 :lr 0.001389 :tot_ene   115.7461 :dif_ene     0.0475 :dif_cor     0.0329 :  0.          2.13182429 28.10620377 27.6320537  21.60907936 18.62666444  17.64030573
## rjct :lr 0.000694 :tot_ene   146.5212 :dif_ene    31.4620 :dif_cor     4.9736 :  0.          2.29585554 57.28671301 29.40605572 21.3377879  18.55452616  17.64030574
##   65 :lr 0.000833 :tot_ene   115.7186 :dif_ene     0.0277 :dif_cor     0.0194 :  0.          2.13149132 28.08019092 27.63078375 21.60908981 18.62669823  17.64030574
##   66 :lr 0.001000 :tot_ene   115.6856 :dif_ene     0.0330 :dif_cor     0.0233 :  0.          2.1310997  28.04908251 27.62930267 21.609106   18.62673974  17.64030574
## rjct :lr 0.000500 :tot_ene   146.5380 :dif_ene    31.5394 :dif_cor     4.9901 :  0.          2.30505264 57.24827193 29.45205263 21.33784244 18.55450278  17.64030574
##   68 :lr 0.000600 :tot_ene   115.6662 :dif_ene     0.0194 :dif_cor     0.0138 :  0.          2.13085589 28.03087447 27.62835272 21.60909656 18.62676005  17.64030573
##   69 :lr 0.000720 :tot_ene   115.6431 :dif_ene     0.0232 :dif_cor     0.0166 :  0.          2.13056745 28.00907449 27.62723524 21.60908724 18.62678495  17.64030574
##   70 :lr 0.000864 :tot_ene   115.6153 :dif_ene     0.0278 :dif_cor     0.0199 :  0.          2.13022713 27.98298808 27.62592583 21.60907883 18.62681555  17.64030574
## rjct :lr 0.000432 :tot_ene   146.5667 :dif_ene    31.6399 :dif_cor     5.0105 :  0.          2.3110933  57.22556663 29.49811536 21.33732017 18.55432252  17.64030573
##   72 :lr 0.000518 :tot_ene   115.5990 :dif_ene     0.0164 :dif_cor     0.0118 :  0.          2.1300163  27.96767193 27.62509429 21.60905959 18.62683051  17.64030574
##   73 :lr 0.000622 :tot_ene   115.5794 :dif_ene     0.0196 :dif_cor     0.0142 :  0.          2.12976635 27.94932721 27.62411299 21.60903803 18.62684885  17.64030574
## rjct :lr 0.000311 :tot_ene   146.5777 :dif_ene    31.6868 :dif_cor     5.0203 :  0.          2.31679739 57.20252734 29.52646901 21.3373314  18.55430406  17.64030574
##   75 :lr 0.000373 :tot_ene   115.5678 :dif_ene     0.0116 :dif_cor     0.0084 :  0.          2.12961298 27.93849103 27.62350071 21.60901782 18.62685811  17.64030574
##   76 :lr 0.000448 :tot_ene   115.5539 :dif_ene     0.0139 :dif_cor     0.0101 :  0.          2.12943052 27.92550426 27.62277463 21.60899439 18.62686943  17.64030573
##   77 :lr 0.000537 :tot_ene   115.5372 :dif_ene     0.0167 :dif_cor     0.0121 :  0.          2.12921381 27.90994428 27.62191563 21.60896744 18.62688332  17.64030574
## rjct :lr 0.000269 :tot_ene   146.5958 :dif_ene    31.7480 :dif_cor     5.0326 :  0.          2.32050798 57.18911961 29.55473337 21.33698372 18.55418805  17.64030574
##   79 :lr 0.000322 :tot_ene   115.5273 :dif_ene     0.0099 :dif_cor     0.0072 :  0.          2.12908124 27.90073441 27.62138268 21.60894585 18.62689035  17.64030574
##   80 :lr 0.000387 :tot_ene   115.5155 :dif_ene     0.0119 :dif_cor     0.0087 :  0.          2.12892333 27.88969445 27.62074953 21.60892058 18.62689895  17.64030574
## rjct :lr 0.000193 :tot_ene   146.6029 :dif_ene    31.7767 :dif_cor     5.0385 :  0.          2.32404829 57.17511081 29.5722692  21.33698219 18.55417509  17.64030574
##   82 :lr 0.000232 :tot_ene   115.5084 :dif_ene     0.0071 :dif_cor     0.0052 :  0.          2.12882727 27.88313505 27.62036062 21.60890263 18.62690344  17.64030574
##   83 :lr 0.000279 :tot_ene   115.5000 :dif_ene     0.0085 :dif_cor     0.0062 :  0.          2.12871261 27.87526964 27.61989725 21.60888142 18.62690892  17.64030573
##   84 :lr 0.000334 :tot_ene   115.4898 :dif_ene     0.0101 :dif_cor     0.0075 :  0.          2.12857589 27.8658395  27.619346   21.60885643 18.62691561  17.64030573
## rjct :lr 0.000167 :tot_ene   146.6142 :dif_ene    31.8142 :dif_cor     5.0459 :  0.          2.32633746 57.16703796 29.58970027 21.33675731 18.55410146  17.64030574
!! cvrg :lr 0.000201 :tot_ene   115.4838 :dif_ene     0.0061 :dif_cor     0.0045 :  0.          2.12849288 27.86022931 27.61900851 21.60883937 18.62691912  17.64030574
