##    0 :lr 0.010000 :tot_ene  2101.0568 :dif_ene     0.0000 :dif_cor     0.0000 :   0.         133.61176826 469.51592351 751.01319936 557.49189536  171.78371448  17.64030574
##    1 :lr 0.012000 :tot_ene  1483.0146 :dif_ene   618.0422 :dif_cor     1.0130 :   0.         119.69384002 357.31531159 470.18081655 371.92319138  146.26110486  17.64030574
##    2 :lr 0.014400 :tot_ene   989.3811 :dif_ene   493.6335 :dif_cor     1.6852 :   0.          97.06580289 236.03786155 289.01964411 238.02557008  111.59191422  17.64030574
##    3 :lr 0.017280 :tot_ene   720.5736 :dif_ene   268.8075 :dif_cor     2.1991 :   0.          74.47456358 167.98630108 204.98349754 171.25594991   84.23295624  17.64030574
##    4 :lr 0.020736 :tot_ene   533.4702 :dif_ene   187.1034 :dif_cor     3.2303 :   0.          57.11227019 125.67662699 147.53708729 123.733832   61.77005878  17.64030574
##    5 :lr 0.024883 :tot_ene   415.2767 :dif_ene   118.1935 :dif_cor     4.5003 :   0.          45.87524866 102.77711322 115.97622555  93.01980945   39.98796138  17.64030574
##    6 :lr 0.029860 :tot_ene   406.8698 :dif_ene    22.4894 :dif_cor     4.8591 :   0.          52.57220137 101.43903975 110.8464362   84.03952294   40.33224937  17.64030574
## rjct :lr 0.014930 :tot_ene   552.3841 :dif_ene   145.5143 :dif_cor     5.8085 :   0.         100.53951411 123.21263919 127.94837681  99.34048774   83.70276441  17.64030574
##    8 :lr 0.017916 :tot_ene   345.1625 :dif_ene    61.7072 :dif_cor     2.8916 :  0.         40.77473521 90.35430819 97.78481583 72.08711267 26.52126539  17.64030574
## rjct :lr 0.008958 :tot_ene   383.0592 :dif_ene    39.9674 :dif_cor     3.6661 :  0.         60.01751673 95.34675623 98.39691903 71.05172304 40.60593403  17.64030574
##   10 :lr 0.010750 :tot_ene   331.4950 :dif_ene    13.6675 :dif_cor     1.8276 :  0.         40.45078964 87.37944291 93.29194366 67.34990455 25.38260985  17.64030574
##   11 :lr 0.012899 :tot_ene   327.4442 :dif_ene    14.1720 :dif_cor     2.0865 :  0.         44.04152221 85.92854943 89.915011   63.0663622  26.85248847  17.64030574
##   12 :lr 0.015479 :tot_ene   308.9944 :dif_ene    18.4499 :dif_cor     1.4633 :  0.         39.09696038 82.60914265 87.62225409 59.29083797 22.73485666  17.64030574
##   13 :lr 0.007740 :tot_ene   316.8807 :dif_ene    26.9449 :dif_cor     1.9222 :  0.         53.86091685 80.87124989 84.55427772 54.567396   25.38650802  17.64030574
##   14 :lr 0.009288 :tot_ene   289.3075 :dif_ene    27.5732 :dif_cor     0.4867 :  0.         32.56695324 80.06608883 84.10669171 53.19320519 21.73423862  17.64030574
##   15 :lr 0.011145 :tot_ene   284.3253 :dif_ene    10.3920 :dif_cor     1.4386 :  0.         33.76022068 78.73106125 81.92685    49.02096794 23.24591342  17.64030574
##   16 :lr 0.005573 :tot_ene   291.7876 :dif_ene    19.1726 :dif_cor     1.9183 :  0.         41.63286015 78.63989524 79.92779257 45.25603854 28.69071644  17.64030574
##   17 :lr 0.006687 :tot_ene   267.6845 :dif_ene    24.1031 :dif_cor     0.5533 :  0.         28.76769774 76.98519444 79.56551036 43.4528772  21.27287374  17.64030574
##   18 :lr 0.008024 :tot_ene   261.4092 :dif_ene     6.3498 :dif_cor     1.0930 :  0.         27.92106906 75.95496813 78.30666673 40.27602768 21.31015418  17.64030574
##   19 :lr 0.009629 :tot_ene   258.7107 :dif_ene     7.4189 :dif_cor     1.3623 :  0.         28.5605233  75.71183001 76.88200602 36.88512735 23.03088511  17.64030574
##   20 :lr 0.004815 :tot_ene   277.0492 :dif_ene    31.0973 :dif_cor     3.0774 :  0.         51.16168804 75.91639883 74.79867603 32.58906113 24.94309468  17.64030574
##   21 :lr 0.005778 :tot_ene   263.2272 :dif_ene    13.8221 :dif_cor     0.4761 :  0.         44.30185801 74.7673504  74.53266802 31.47691604 20.50806195  17.64030574
##   22 :lr 0.006933 :tot_ene   255.7634 :dif_ene     7.4638 :dif_cor     0.7576 :  0.         40.6939513  74.08999504 73.76026046 29.89176433 19.68711609  17.64030574
##   23 :lr 0.008320 :tot_ene   249.5990 :dif_ene     6.7777 :dif_cor     0.8521 :  0.         37.77368274 73.36064963 72.70425061 28.12635997 19.99376282  17.64030574
##   24 :lr 0.004160 :tot_ene   277.4117 :dif_ene    38.8620 :dif_cor     2.6946 :  0.         34.26880711 71.97284359 72.07228766 58.64083808 22.81659732  17.64030574
##   25 :lr 0.004992 :tot_ene   265.0790 :dif_ene    12.3326 :dif_cor     0.5622 :  0.         32.75374971 71.35698143 71.76470927 52.5310554  19.03223307  17.64030574
##   26 :lr 0.005990 :tot_ene   259.7559 :dif_ene     5.3231 :dif_cor     0.4383 :  0.         31.63314381 70.92368021 71.28775286 49.29738845 18.97361928  17.64030574
##   27 :lr 0.007188 :tot_ene   254.1727 :dif_ene     5.5832 :dif_cor     0.4696 :  0.         30.35427552 70.43724185 70.7403872  46.05474181 18.94578495  17.64030574
##   28 :lr 0.008626 :tot_ene   247.7989 :dif_ene     6.3738 :dif_cor     0.5494 :  0.         28.88701046 69.88634103 70.08127053 42.38371575 18.92028851  17.64030574
##   29 :lr 0.010351 :tot_ene   240.3979 :dif_ene     7.4010 :dif_cor     0.6685 :  0.         27.16598085 69.23671676 69.2969451  38.15989673 18.89804468  17.64030574
##   30 :lr 0.012421 :tot_ene   231.8973 :dif_ene     8.5006 :dif_cor     0.8412 :  0.         25.26313357 68.49288072 68.30190704 33.30656981 18.89247931  17.64030574
##   31 :lr 0.014906 :tot_ene   225.0142 :dif_ene     7.4134 :dif_cor     1.2356 :  0.         25.16178956 67.51828211 67.04635005 28.48984687 19.15761544  17.64030574
##   32 :lr 0.007453 :tot_ene   239.5576 :dif_ene    20.4445 :dif_cor     1.2442 :  0.         41.17830924 67.21670054 66.04832916 26.83889243 20.63506484  17.64030574
##   33 :lr 0.008943 :tot_ene   217.0543 :dif_ene    22.5033 :dif_cor     0.3306 :  0.         20.9598006  66.77646769 65.9548681  26.27759396 19.44522213  17.64030574
## rjct :lr 0.004472 :tot_ene   243.1183 :dif_ene    31.6991 :dif_cor     2.7263 :  0.         47.44948414 67.61080065 64.13598173 25.27895404 21.00279818  17.64030574
##   35 :lr 0.005366 :tot_ene   213.8314 :dif_ene     3.2229 :dif_cor     0.5169 :  0.         19.68752908 66.29728239 65.64756446 25.63508852 18.92360124  17.64030574
## rjct :lr 0.002683 :tot_ene   241.3737 :dif_ene    33.8375 :dif_cor     2.7136 :  0.         49.70893897 66.8755068  63.81191952 24.32313216 19.01386096  17.64030574
##   37 :lr 0.003220 :tot_ene   211.5889 :dif_ene     2.2425 :dif_cor     0.3170 :  0.         18.57063358 66.01780186 65.32741848 25.21977767 18.81293322  17.64030574
## rjct :lr 0.001610 :tot_ene   239.7924 :dif_ene    34.0140 :dif_cor     2.7205 :  0.         48.96339379 66.73382052 63.5944423  24.09922221 18.76119441  17.64030574
##   39 :lr 0.001932 :tot_ene   210.2049 :dif_ene     1.3839 :dif_cor     0.2070 :  0.         17.93385443 65.77391477 65.09421967 24.96220022 18.80045488  17.64030574
## rjct :lr 0.000966 :tot_ene   239.7729 :dif_ene    34.5877 :dif_cor     2.7864 :  0.         49.09628291 66.68929208 63.53674001 24.0585924  18.75168482  17.64030574
##   41 :lr 0.001159 :tot_ene   209.4334 :dif_ene     0.7716 :dif_cor     0.1154 :  0.         17.59284693 65.63233116 64.95056588 24.81987912 18.79745733  17.64030574
## rjct :lr 0.000580 :tot_ene   239.7271 :dif_ene    34.8499 :dif_cor     2.8275 :  0.         49.12807275 66.66890686 63.50277006 24.03603368 18.75099484  17.64030574
##   43 :lr 0.000695 :tot_ene   208.9770 :dif_ene     0.4564 :dif_cor     0.0688 :  0.         17.39009719 65.54662617 64.86495448 24.73933784 18.79570035  17.64030574
## rjct :lr 0.000348 :tot_ene   239.6990 :dif_ene    35.0119 :dif_cor     2.8539 :  0.         49.14692572 66.65677099 63.48228542 24.02215743 18.75058726  17.64030574
## rjct :lr 0.000174 :tot_ene   239.8829 :dif_ene    34.9823 :dif_cor     2.8532 :  0.         49.18044096 66.70037504 63.54608879 24.06395184 18.75175096  17.64030574
##   46 :lr 0.000209 :tot_ene   208.8410 :dif_ene     0.1360 :dif_cor     0.0206 :  0.         17.32950832 65.5208327  64.83930807 24.7158915  18.79517694  17.64030574
## rjct :lr 0.000104 :tot_ene   239.8745 :dif_ene    35.0319 :dif_cor     2.8612 :  0.         49.18623376 66.69679337 63.53992099 24.05957875 18.75162872  17.64030574
##   48 :lr 0.000125 :tot_ene   208.7596 :dif_ene     0.0814 :dif_cor     0.0123 :  0.         17.29319518 65.50534199 64.82392632 24.70195727 18.7948637  17.64030574
##   49 :lr 0.000150 :tot_ene   208.6620 :dif_ene     0.0976 :dif_cor     0.0148 :  0.         17.24964584 65.48674101 64.80547521 24.68534679 18.7944887  17.64030574
## rjct :lr 0.000075 :tot_ene   239.7971 :dif_ene    35.1083 :dif_cor     2.8720 :  0.         49.18174151 66.6763397  63.50882973 24.03882812 18.75104809  17.64030574
!! cvrg :lr 0.000075 :tot_ene   208.6035 :dif_ene     0.0585 :dif_cor     0.0089 :  0.         17.22353741 65.47557307 64.79440716 24.67544799 18.7942641  17.64030574
