itr_steps: 2 1.5326628854950286e-13 0.2625213390633318
itr_steps: 2 1.1172895941768957e-11 0.2634308951948172
itr_steps: 2 6.099265537073961e-11 0.2649530478991931
itr_steps: 2 5.004723857560123e-10 0.26750108740237855
itr_steps: 3 3.788080960021034e-13 0.27222741900040476
itr_steps: 3 1.0933037808413815e-10 0.2783472603155999
itr_steps: 3 1.681600414471518e-10 0.28052125909067155
itr_steps: 3 3.4770519796722965e-12 0.27781801170332665
itr_steps: 3 4.668295194854011e-10 0.28199261015347915
itr_steps: 3 1.28941857191478e-11 0.2792458348610143
itr_steps: 3 4.67365035561329e-11 0.2803146977835796
itr_steps: 3 1.2201684107537858e-11 0.28133576488543505
itr_steps: 3 2.444144886482036e-10 0.28293511244613934
itr_steps: 2 1.903644464285037e-09 0.28294148888544435
itr_steps: 3 2.2069496230514574e-10 0.2849702318980009
itr_steps: 3 4.890646221333839e-10 0.28674666646002706
itr_steps: 3 1.4486745136821355e-11 0.28683852017385736
itr_steps: 3 1.8318518923976512e-10 0.288417129038335
itr_steps: 3 5.390330404253518e-10 0.29016793887724307
itr_steps: 3 1.772109681219547e-10 0.2922699969722818
itr_steps: 3 6.384964779115876e-10 0.29359935574508755
itr_steps: 3 1.7897805459909932e-10 0.29383023491080074
itr_steps: 3 1.6891666954066409e-09 0.296027943740357
itr_steps: 3 4.0340281115547327e-10 0.29692015059071014
itr_steps: 3 5.414004244919113e-10 0.2984312600856241
itr_steps: 3 1.0704972464026241e-09 0.2993313002196896
itr_steps: 3 7.882093311373239e-10 0.3004965353576983
itr_steps: 3 1.5098315375716709e-09 0.2997580778473482
itr_steps: 4 1.0422657181763384e-10 0.3024447598338493
itr_steps: 3 4.88737988968424e-09 0.30339642552865614
itr_steps: 3 4.329154201787588e-09 0.303500586227546
itr_steps: 3 1.321601494908009e-09 0.30496044449504417
itr_steps: 3 4.677659981577875e-09 0.3051638026692856
itr_steps: 4 1.6841089633956585e-10 0.30620553721048815
itr_steps: 4 1.7430323850931018e-10 0.3065045241101489
itr_steps: 4 2.8752944469800923e-10 0.30753465445237205
itr_steps: 4 1.355008327763585e-10 0.30753917970263206
itr_steps: 4 3.702235185087943e-10 0.3081160354147898
itr_steps: 4 4.3744063926709487e-10 0.3088960639137614
itr_steps: 4 4.163681066593483e-10 0.3091186315376859
itr_steps: 4 5.413965942224763e-10 0.30997384247544707
itr_steps: 4 2.702492118977773e-10 0.3099170807704344
itr_steps: 4 6.880134240105917e-10 0.31039331015053684
itr_steps: 3 3.5612085502734203e-10 0.2979957004358586
itr_steps: 4 4.172166501170693e-10 0.3107539610615972
itr_steps: 4 5.986484641340439e-10 0.3110332302648955
itr_steps: 3 3.19831106043722e-10 0.2982459287327173
itr_steps: 4 3.5521907637559025e-10 0.3112921232396642
itr_steps: 4 4.661034891384475e-10 0.3115043920350388
