##    0 :lr 0.010000 :tot_ene    61.8092 :dif_ene     0.0000 :dif_cor     0.0000 :   0.           5.36474155  18.09047897  31.31777125  24.32107428   -1.98281621 -15.30200414
##    1 :lr 0.009800 :tot_ene    61.6488 :dif_ene     4.6023 :dif_cor     0.2444 :   0.           5.03697998  17.20682962  30.14778399  25.70981428   -1.15063028 -15.30200414
##    2 :lr 0.009604 :tot_ene    64.3002 :dif_ene     4.9612 :dif_cor     0.2667 :   0.           5.34584613  18.07737471  31.28818866  24.55493293    0.33586123 -15.30200414
##    3 :lr 0.009412 :tot_ene    65.7774 :dif_ene     3.1385 :dif_cor     0.2136 :   0.           5.4566307   18.32367803  31.60321562  23.72429623    1.97157148 -15.30200414
##    4 :lr 0.009224 :tot_ene    62.7542 :dif_ene     3.8163 :dif_cor     0.1505 :   0.           5.50942086  18.46331617  31.80738321  23.68700846   -1.41088193 -15.30200414
##    5 :lr 0.009039 :tot_ene    66.6554 :dif_ene     5.7420 :dif_cor     0.2269 :   0.           5.64329578  18.80678351  32.18248631  22.76658035    2.55827813 -15.30200414
##    6 :lr 0.008858 :tot_ene    61.9260 :dif_ene     5.2617 :dif_cor     0.1494 :   0.           5.68210974  18.91212527  32.30442474  22.74818523   -2.41888653 -15.30200414
##    7 :lr 0.008681 :tot_ene    66.4724 :dif_ene     6.0132 :dif_cor     0.2471 :   0.           5.8433122   19.32953233  32.67789173  22.01481994    1.90885643 -15.30200414
##    8 :lr 0.008508 :tot_ene    61.4528 :dif_ene     5.3157 :dif_cor     0.1558 :   0.           5.86761397  19.3978376   32.73335965  21.75000416   -2.99396557 -15.30200414
##    9 :lr 0.008337 :tot_ene    65.4214 :dif_ene     3.9686 :dif_cor     0.2228 :   0.           5.98879301  19.71403716  32.94519345  21.97675234    0.09863578 -15.30200414
##   10 :lr 0.008171 :tot_ene    61.5939 :dif_ene     4.0029 :dif_cor     0.1703 :   0.           6.00391706  19.76226265  32.96955327  21.24154605   -3.08133727 -15.30200414
##   11 :lr 0.008007 :tot_ene    67.3531 :dif_ene     5.7591 :dif_cor     0.2302 :   0.           6.07288067  19.94683198  33.06477077  23.31127219    0.25932118 -15.30200414
##   12 :lr 0.007847 :tot_ene    61.3944 :dif_ene     6.0295 :dif_cor     0.1918 :   0.           6.07869336  19.97269053  33.06851002  21.09815369   -3.52164821 -15.30200414
##   13 :lr 0.007690 :tot_ene    63.3904 :dif_ene     1.9960 :dif_cor     0.1631 :   0.           6.11655157  20.08140132  33.1108829   22.39564292   -3.01206874 -15.30200414
##   14 :lr 0.007536 :tot_ene    61.3240 :dif_ene     2.1633 :dif_cor     0.1415 :   0.           6.12459371  20.11262945  33.12005988  20.94911373   -3.68044167 -15.30200414
##   15 :lr 0.007386 :tot_ene    62.3349 :dif_ene     1.0110 :dif_cor     0.1432 :   0.           6.14905619  20.18910684  33.14363738  21.649199   -3.49405657 -15.30200414
##   16 :lr 0.007238 :tot_ene    61.2115 :dif_ene     1.2071 :dif_cor     0.1282 :   0.           6.15536895  20.21743771  33.15086321  20.77230677   -3.78243757 -15.30200414
##   17 :lr 0.007093 :tot_ene    61.7502 :dif_ene     0.5386 :dif_cor     0.1326 :   0.           6.17156253  20.2745769   33.16494209  21.13179087   -3.69070729 -15.30200414
##   18 :lr 0.006951 :tot_ene    61.0690 :dif_ene     0.7482 :dif_cor     0.1209 :   0.           6.17564932  20.29885656  33.17012061  20.58009641   -3.85367734 -15.30200414
##   19 :lr 0.006812 :tot_ene    61.3740 :dif_ene     0.3049 :dif_cor     0.1259 :   0.           6.18599026  20.34281436  33.17884857  20.75539208   -3.78708683 -15.30200414
##   20 :lr 0.006676 :tot_ene    60.9174 :dif_ene     0.5078 :dif_cor     0.1163 :   0.           6.18787116  20.36297862  33.18242555  20.38823596   -3.90208873 -15.30200414
##   21 :lr 0.006543 :tot_ene    61.1152 :dif_ene     0.1978 :dif_cor     0.1214 :   0.           6.19373641  20.39722855  33.18796052  20.46804341   -3.82971501 -15.30200414
##   22 :lr 0.006412 :tot_ene    60.7713 :dif_ene     0.3816 :dif_cor     0.1132 :   0.           6.1936026   20.41359941  33.19038368  20.20761447   -3.93194391 -15.30200414
##   23 :lr 0.006283 :tot_ene    60.9307 :dif_ene     0.1595 :dif_cor     0.1183 :   0.           6.195887    20.44034221  33.19394445  20.23929602   -3.83675542 -15.30200414
##   24 :lr 0.006158 :tot_ene    60.6383 :dif_ene     0.3217 :dif_cor     0.1111 :   0.           6.1939822   20.4533738   33.19556922  20.04392212   -3.94649408 -15.30200414
##   25 :lr 0.006035 :tot_ene    60.7964 :dif_ene     0.1593 :dif_cor     0.1163 :   0.           6.19332687  20.47412801  33.19788006  20.05117211   -3.81814138 -15.30200414
##   26 :lr 0.005914 :tot_ene    60.5215 :dif_ene     0.2973 :dif_cor     0.1098 :   0.           6.18989382  20.48428374  33.19896368  19.8991738   -3.94880662 -15.30200414
##   27 :lr 0.005796 :tot_ene    60.6971 :dif_ene     0.1942 :dif_cor     0.1150 :   0.           6.18679199  20.50016563  33.20047077  19.89294866   -3.78129576 -15.30200414
##   28 :lr 0.005680 :tot_ene    60.4204 :dif_ene     0.2936 :dif_cor     0.1088 :   0.           6.1820517   20.50786615  33.20119124  19.77327108   -3.94202389 -15.30200414
##   29 :lr 0.005566 :tot_ene    60.6219 :dif_ene     0.2422 :dif_cor     0.1139 :   0.           6.17690173  20.51973302  33.20217662  19.75811661   -3.73302038 -15.30200414
##   30 :lr 0.005455 :tot_ene    60.3328 :dif_ene     0.3012 :dif_cor     0.1080 :   0.           6.17104852  20.52534088  33.20265455  19.66510906   -3.92930209 -15.30200414
##   31 :lr 0.005346 :tot_ene    60.5621 :dif_ene     0.2880 :dif_cor     0.1130 :   0.           6.16418247  20.53386974  33.20329958  19.64260614   -3.67987068 -15.30200414
##   32 :lr 0.005239 :tot_ene    60.1301 :dif_ene     0.4400 :dif_cor     0.1038 :   0.           6.15759017  20.53757573  33.20360214  19.50757788   -3.97424823 -15.30200414
##   33 :lr 0.005134 :tot_ene    60.5678 :dif_ene     0.4551 :dif_cor     0.1104 :   0.           6.14886825  20.54364779  33.20405352  19.59198729   -3.61875601 -15.30200414
##   34 :lr 0.005031 :tot_ene    59.8598 :dif_ene     0.7124 :dif_cor     0.0980 :   0.           6.14192778  20.54567245  33.20423224  19.34803625   -4.07807242 -15.30200414
##   35 :lr 0.004931 :tot_ene    60.5091 :dif_ene     0.6711 :dif_cor     0.1039 :   0.           6.13102277  20.54958528  33.20455745  19.56368805   -3.63776614 -15.30200414
##   36 :lr 0.004832 :tot_ene    59.7221 :dif_ene     0.7887 :dif_cor     0.0937 :   0.           6.1236091   20.55035022  33.20466817  19.27744919   -4.13193109 -15.30200414
##   37 :lr 0.004735 :tot_ene    60.3196 :dif_ene     0.6222 :dif_cor     0.0966 :   0.           6.11124742  20.55185072  33.20488096  19.49134342   -3.73773424 -15.30200414
##   38 :lr 0.004641 :tot_ene    59.6638 :dif_ene     0.6559 :dif_cor     0.0886 :   0.           6.1032248   20.55161695  33.20495421  19.2498368   -4.14381128 -15.30200414
##   39 :lr 0.004548 :tot_ene    60.1472 :dif_ene     0.5110 :dif_cor     0.0912 :   0.           6.09009738  20.55096155  33.20508699  19.41466471   -3.81159122 -15.30200414
##   40 :lr 0.004457 :tot_ene    59.5955 :dif_ene     0.5518 :dif_cor     0.0830 :   0.           6.08163861  20.54984319  33.20513473  19.21755387   -4.15663159 -15.30200414
##   41 :lr 0.004368 :tot_ene    60.0270 :dif_ene     0.4642 :dif_cor     0.0866 :   0.           6.0676936   20.547393    33.2052198   19.35874486   -3.85009532 -15.30200414
##   42 :lr 0.004281 :tot_ene    59.5170 :dif_ene     0.5100 :dif_cor     0.0779 :   0.           6.05900903  20.54550339  33.20525001  19.1838736   -4.17462519 -15.30200414
##   43 :lr 0.004195 :tot_ene    59.9292 :dif_ene     0.4500 :dif_cor     0.0819 :   0.           6.04415233  20.54143141  33.20530563  19.31719591   -3.8769019  -15.30200414
##   44 :lr 0.004111 :tot_ene    59.4467 :dif_ene     0.4825 :dif_cor     0.0733 :   0.           6.03535705  20.53888193  33.20532449  19.1593903   -4.19026651 -15.30200414
##   45 :lr 0.004029 :tot_ene    59.7548 :dif_ene     0.3492 :dif_cor     0.0748 :   0.           6.02022366  20.53349652  33.2053596   19.24531249   -3.94757093 -15.30200414
##   46 :lr 0.003948 :tot_ene    59.4104 :dif_ene     0.3445 :dif_cor     0.0676 :   0.           6.01111981  20.53027883  33.20537215  19.1529223   -4.18733812 -15.30200414
##   47 :lr 0.003869 :tot_ene    59.6218 :dif_ene     0.2539 :dif_cor     0.0694 :   0.           5.99623957  20.52393459  33.2053939   19.19020779   -3.99195329 -15.30200414
##   48 :lr 0.003792 :tot_ene    59.3634 :dif_ene     0.2584 :dif_cor     0.0620 :   0.           5.98702765  20.52013611  33.20540215  19.14413913   -4.19127837 -15.30200414
##   49 :lr 0.003716 :tot_ene    59.4949 :dif_ene     0.1748 :dif_cor     0.0631 :   0.           5.97248266  20.51305158  33.2054158   19.14465274   -4.03867875 -15.30200414
##   50 :lr 0.003642 :tot_ene    59.3229 :dif_ene     0.1720 :dif_cor     0.0561 :   0.           5.96316196  20.50868249  33.20542133  19.1415965   -4.19397091 -15.30200414
##   51 :lr 0.003569 :tot_ene    59.3957 :dif_ene     0.1633 :dif_cor     0.0574 :   0.           5.94910658  20.50105588  33.20542997  19.11802129   -4.07590476 -15.30200414
##   52 :lr 0.003497 :tot_ene    59.2818 :dif_ene     0.1634 :dif_cor     0.0507 :   0.           5.93978381  20.49617383  33.20543368  19.1427622   -4.20034228 -15.30200414
##   53 :lr 0.003428 :tot_ene    59.3115 :dif_ene     0.1466 :dif_cor     0.0518 :   0.           5.92630152  20.4881506   33.2054392   19.10582166   -4.11221564 -15.30200414
##   54 :lr 0.003359 :tot_ene    59.2427 :dif_ene     0.1535 :dif_cor     0.0457 :   0.           5.91701633  20.48278106  33.20544172  19.14816359   -4.20872217 -15.30200414
##   55 :lr 0.003292 :tot_ene    59.2411 :dif_ene     0.1269 :dif_cor     0.0469 :   0.           5.90419586  20.47448901  33.20544528  19.1050152   -4.14604807 -15.30200414
##   56 :lr 0.003226 :tot_ene    59.2026 :dif_ene     0.1400 :dif_cor     0.0413 :   0.           5.89501862  20.46867403  33.20544701  19.1557764   -4.22032824 -15.30200414
##   57 :lr 0.003161 :tot_ene    59.1780 :dif_ene     0.1065 :dif_cor     0.0425 :   0.           5.88292359  20.46021636  33.20544933  19.11078576   -4.17941295 -15.30200414
##   58 :lr 0.003098 :tot_ene    59.1601 :dif_ene     0.1241 :dif_cor     0.0375 :   0.           5.87391213  20.45399002  33.20545052  19.16392058   -4.23513582 -15.30200414
##   59 :lr 0.003036 :tot_ene    59.1172 :dif_ene     0.0860 :dif_cor     0.0384 :   0.           5.86262702  20.44547929  33.20545204  19.1192139   -4.21360655 -15.30200414
##   60 :lr 0.002976 :tot_ene    59.1139 :dif_ene     0.1067 :dif_cor     0.0341 :   0.           5.85382608  20.43886285  33.20545287  19.17092397   -4.25317342 -15.30200414
##   61 :lr 0.002916 :tot_ene    59.0547 :dif_ene     0.0652 :dif_cor     0.0347 :   0.           5.84347807  20.43045085  33.20545387  19.12749897   -4.25013407 -15.30200414
!! cvrg :lr 0.002916 :tot_ene    59.0547 :dif_ene     0.0652 :dif_cor     0.0347 :   0.           5.84347807  20.43045085  33.20545387  19.12749897   -4.25013407 -15.30200414
