##    0 :lr 0.000200 :tot_ene    29.2184 :dif_ene     0.0000 :dif_cor     0.0000 : 0.         1.63654083 5.14939973 7.42864059 6.83472016 4.63702104  3.53210195
##    1 :lr 0.000196 :tot_ene    29.2176 :dif_ene     0.0020 :dif_cor     0.0029 : 0.         1.63620257 5.14864417 7.42834686 6.83511381 4.63723657  3.53210195
##    2 :lr 0.000192 :tot_ene    29.2183 :dif_ene     0.0020 :dif_cor     0.0027 : 0.         1.63652998 5.14938142 7.42862279 6.83471211 4.63699719  3.53210195
##    3 :lr 0.000188 :tot_ene    29.2190 :dif_ene     0.0019 :dif_cor     0.0026 : 0.         1.63685054 5.15010307 7.42889284 6.83431885 4.636763  3.53210195
##    4 :lr 0.000184 :tot_ene    29.2197 :dif_ene     0.0019 :dif_cor     0.0026 : 0.         1.63716436 5.15080941 7.42915694 6.83393383 4.63653385  3.53210195
##    5 :lr 0.000181 :tot_ene    29.2204 :dif_ene     0.0019 :dif_cor     0.0025 : 0.         1.63747156 5.15150076 7.42941521 6.83355688 4.6363096  3.53210195
##    6 :lr 0.000177 :tot_ene    29.2210 :dif_ene     0.0018 :dif_cor     0.0025 : 0.         1.6377723  5.15217746 7.42966778 6.83318783 4.63609015  3.53210195
##    7 :lr 0.000174 :tot_ene    29.2216 :dif_ene     0.0018 :dif_cor     0.0024 : 0.         1.63806671 5.15283982 7.42991477 6.8328265  4.63587538  3.53210195
##    8 :lr 0.000170 :tot_ene    29.2222 :dif_ene     0.0017 :dif_cor     0.0024 : 0.         1.63835494 5.15348818 7.43015632 6.83247274 4.63566518  3.53210195
##    9 :lr 0.000167 :tot_ene    29.2228 :dif_ene     0.0017 :dif_cor     0.0023 : 0.         1.63863712 5.15412284 7.43039256 6.83212637 4.63545946  3.53210195
##   10 :lr 0.000163 :tot_ene    29.2234 :dif_ene     0.0017 :dif_cor     0.0023 : 0.         1.63891339 5.15474411 7.43062361 6.83178723 4.6352581  3.53210195
##   11 :lr 0.000160 :tot_ene    29.2240 :dif_ene     0.0016 :dif_cor     0.0022 : 0.         1.63918387 5.15535229 7.43084961 6.83145517 4.63506102  3.53210195
##   12 :lr 0.000157 :tot_ene    29.2246 :dif_ene     0.0016 :dif_cor     0.0022 : 0.         1.6394487  5.15594766 7.43107066 6.83113004 4.63486812  3.53210195
##   13 :lr 0.000154 :tot_ene    29.2251 :dif_ene     0.0016 :dif_cor     0.0021 : 0.         1.63970799 5.1565305  7.43128688 6.83081167 4.6346793  3.53210195
##   14 :lr 0.000151 :tot_ene    29.2257 :dif_ene     0.0015 :dif_cor     0.0021 : 0.         1.63996187 5.1571011  7.43149839 6.83049994 4.63449447  3.53210195
##   15 :lr 0.000148 :tot_ene    29.2262 :dif_ene     0.0015 :dif_cor     0.0020 : 0.         1.64021046 5.15765973 7.4317053  6.83019469 4.63431355  3.53210195
##   16 :lr 0.000145 :tot_ene    29.2267 :dif_ene     0.0015 :dif_cor     0.0020 : 0.         1.64045386 5.15820664 7.43190772 6.82989579 4.63413644  3.53210195
##   17 :lr 0.000142 :tot_ene    29.2272 :dif_ene     0.0014 :dif_cor     0.0020 : 0.         1.6406922  5.15874209 7.43210574 6.82960309 4.63396307  3.53210195
##   18 :lr 0.000139 :tot_ene    29.2277 :dif_ene     0.0014 :dif_cor     0.0019 : 0.         1.64092558 5.15926634 7.43229947 6.82931647 4.63379334  3.53210195
##   19 :lr 0.000136 :tot_ene    29.2282 :dif_ene     0.0014 :dif_cor     0.0019 : 0.         1.64115411 5.15977963 7.43248902 6.8290358  4.63362719  3.53210195
##   20 :lr 0.000134 :tot_ene    29.2287 :dif_ene     0.0013 :dif_cor     0.0018 : 0.         1.64137789 5.16028219 7.43267447 6.82876094 4.63346453  3.53210195
##   21 :lr 0.000131 :tot_ene    29.2291 :dif_ene     0.0013 :dif_cor     0.0018 : 0.         1.64159702 5.16077426 7.43285592 6.82849177 4.63330528  3.53210195
##   22 :lr 0.000128 :tot_ene    29.2296 :dif_ene     0.0013 :dif_cor     0.0018 : 0.         1.64181162 5.16125607 7.43303347 6.82822817 4.63314937  3.53210195
##   23 :lr 0.000126 :tot_ene    29.2300 :dif_ene     0.0013 :dif_cor     0.0017 : 0.         1.64202177 5.16172784 7.4332072  6.82797003 4.63299673  3.53210195
##   24 :lr 0.000123 :tot_ene    29.2305 :dif_ene     0.0012 :dif_cor     0.0017 : 0.         1.64222756 5.16218979 7.4333772  6.82771722 4.63284728  3.53210195
##   25 :lr 0.000121 :tot_ene    29.2309 :dif_ene     0.0012 :dif_cor     0.0017 : 0.         1.6424291  5.16264212 7.43354356 6.82746964 4.63270096  3.53210195
##   26 :lr 0.000118 :tot_ene    29.2313 :dif_ene     0.0012 :dif_cor     0.0016 : 0.         1.64262647 5.16308506 7.43370635 6.82722716 4.63255769  3.53210195
##   27 :lr 0.000116 :tot_ene    29.2317 :dif_ene     0.0012 :dif_cor     0.0016 : 0.         1.64281976 5.16351879 7.43386566 6.82698969 4.63241742  3.53210195
##   28 :lr 0.000114 :tot_ene    29.2321 :dif_ene     0.0011 :dif_cor     0.0016 : 0.         1.64300906 5.16394352 7.43402157 6.82675712 4.63228007  3.53210195
##   29 :lr 0.000111 :tot_ene    29.2325 :dif_ene     0.0011 :dif_cor     0.0015 : 0.         1.64319445 5.16435944 7.43417416 6.82652933 4.63214558  3.53210195
##   30 :lr 0.000109 :tot_ene    29.2329 :dif_ene     0.0011 :dif_cor     0.0015 : 0.         1.64337602 5.16476674 7.43432349 6.82630624 4.6320139  3.53210195
##   31 :lr 0.000107 :tot_ene    29.2333 :dif_ene     0.0011 :dif_cor     0.0015 : 0.         1.64355385 5.1651656  7.43446965 6.82608774 4.63188495  3.53210195
##   32 :lr 0.000105 :tot_ene    29.2336 :dif_ene     0.0010 :dif_cor     0.0014 : 0.         1.64372801 5.16555621 7.4346127  6.82587373 4.63175869  3.53210195
##   33 :lr 0.000103 :tot_ene    29.2340 :dif_ene     0.0010 :dif_cor     0.0014 : 0.         1.64389859 5.16593874 7.43475271 6.82566413 4.63163505  3.53210195
##   34 :lr 0.000101 :tot_ene    29.2343 :dif_ene     0.0010 :dif_cor     0.0014 : 0.         1.64406566 5.16631337 7.43488976 6.82545882 4.63151397  3.53210195
##   35 :lr 0.000099 :tot_ene    29.2347 :dif_ene     0.0010 :dif_cor     0.0013 : 0.         1.64422929 5.16668025 7.4350239  6.82525774 4.63139541  3.53210195
##   36 :lr 0.000097 :tot_ene    29.2350 :dif_ene     0.0010 :dif_cor     0.0013 : 0.         1.64438956 5.16703957 7.43515521 6.82506079 4.6312793  3.53210195
##   37 :lr 0.000095 :tot_ene    29.2354 :dif_ene     0.0009 :dif_cor     0.0013 : 0.         1.64454654 5.16739147 7.43528374 6.82486787 4.6311656  3.53210195
##   38 :lr 0.000093 :tot_ene    29.2357 :dif_ene     0.0009 :dif_cor     0.0013 : 0.         1.64470029 5.16773611 7.43540956 6.82467891 4.63105425  3.53210195
##   39 :lr 0.000091 :tot_ene    29.2360 :dif_ene     0.0009 :dif_cor     0.0012 : 0.         1.64485089 5.16807365 7.43553272 6.82449382 4.6309452  3.53210195
##   40 :lr 0.000089 :tot_ene    29.2363 :dif_ene     0.0009 :dif_cor     0.0012 : 0.         1.6449984  5.16840425 7.43565329 6.82431253 4.63083841  3.53210195
##   41 :lr 0.000087 :tot_ene    29.2366 :dif_ene     0.0009 :dif_cor     0.0012 : 0.         1.64514289 5.16872804 7.43577133 6.82413495 4.63073383  3.53210195
##   42 :lr 0.000086 :tot_ene    29.2369 :dif_ene     0.0009 :dif_cor     0.0012 : 0.         1.64528441 5.16904516 7.43588688 6.823961   4.6306314  3.53210195
##   43 :lr 0.000084 :tot_ene    29.2372 :dif_ene     0.0008 :dif_cor     0.0011 : 0.         1.64542304 5.16935577 7.436      6.82379061 4.63053108  3.53210195
##   44 :lr 0.000082 :tot_ene    29.2375 :dif_ene     0.0008 :dif_cor     0.0011 : 0.         1.64555883 5.16966    7.43611076 6.8236237  4.63043284  3.53210195
##   45 :lr 0.000081 :tot_ene    29.2378 :dif_ene     0.0008 :dif_cor     0.0011 : 0.         1.64569184 5.16995798 7.43621919 6.82346021 4.63033662  3.53210195
##   46 :lr 0.000079 :tot_ene    29.2380 :dif_ene     0.0008 :dif_cor     0.0011 : 0.         1.64582214 5.17024985 7.43632535 6.82330006 4.63024238  3.53210195
##   47 :lr 0.000077 :tot_ene    29.2383 :dif_ene     0.0008 :dif_cor     0.0010 : 0.         1.64594977 5.17053572 7.43642928 6.82314317 4.63015008  3.53210195
##   48 :lr 0.000076 :tot_ene    29.2386 :dif_ene     0.0008 :dif_cor     0.0010 : 0.         1.64607479 5.17081574 7.43653105 6.82298949 4.63005968  3.53210195
##   49 :lr 0.000074 :tot_ene    29.2388 :dif_ene     0.0007 :dif_cor     0.0010 : 0.         1.64619725 5.17109002 7.43663069 6.82283895 4.62997113  3.53210195
##   50 :lr 0.000073 :tot_ene    29.2391 :dif_ene     0.0007 :dif_cor     0.0010 : 0.         1.64631722 5.17135867 7.43672824 6.82269147 4.62988441  3.53210195
##   51 :lr 0.000071 :tot_ene    29.2393 :dif_ene     0.0007 :dif_cor     0.0010 : 0.         1.64643474 5.17162183 7.43682377 6.822547   4.62979947  3.53210195
##   52 :lr 0.000070 :tot_ene    29.2396 :dif_ene     0.0007 :dif_cor     0.0009 : 0.         1.64654986 5.1718796  7.4369173  6.82240548 4.62971627  3.53210195
##   53 :lr 0.000069 :tot_ene    29.2398 :dif_ene     0.0007 :dif_cor     0.0009 : 0.         1.64666263 5.1721321  7.43700889 6.82226684 4.62963478  3.53210195
##   54 :lr 0.000067 :tot_ene    29.2400 :dif_ene     0.0007 :dif_cor     0.0009 : 0.         1.64677311 5.17237944 7.43709857 6.82213103 4.62955495  3.53210195
##   55 :lr 0.000066 :tot_ene    29.2403 :dif_ene     0.0006 :dif_cor     0.0009 : 0.         1.64688133 5.17262172 7.43718639 6.82199798 4.62947677  3.53210195
##   56 :lr 0.000065 :tot_ene    29.2405 :dif_ene     0.0006 :dif_cor     0.0009 : 0.         1.64698735 5.17285906 7.43727239 6.82186763 4.62940018  3.53210195
##   57 :lr 0.000063 :tot_ene    29.2407 :dif_ene     0.0006 :dif_cor     0.0008 : 0.         1.64709121 5.17309154 7.43735659 6.82173994 4.62932516  3.53210195
##   58 :lr 0.000062 :tot_ene    29.2409 :dif_ene     0.0006 :dif_cor     0.0008 : 0.         1.64719296 5.17331928 7.43743906 6.82161485 4.62925168  3.53210195
##   59 :lr 0.000061 :tot_ene    29.2411 :dif_ene     0.0006 :dif_cor     0.0008 : 0.         1.64729263 5.17354238 7.43751981 6.8214923  4.6291797  3.53210195
##   60 :lr 0.000060 :tot_ene    29.2413 :dif_ene     0.0006 :dif_cor     0.0008 : 0.         1.64739028 5.17376092 7.43759889 6.82137224 4.6291092  3.53210195
##   61 :lr 0.000058 :tot_ene    29.2415 :dif_ene     0.0006 :dif_cor     0.0008 : 0.         1.64748594 5.17397501 7.43767633 6.82125462 4.62904013  3.53210195
##   62 :lr 0.000057 :tot_ene    29.2417 :dif_ene     0.0006 :dif_cor     0.0008 : 0.         1.64757966 5.17418474 7.43775218 6.82113939 4.62897248  3.53210195
##   63 :lr 0.000056 :tot_ene    29.2419 :dif_ene     0.0006 :dif_cor     0.0008 : 0.         1.64767148 5.17439019 7.43782645 6.82102649 4.6289062  3.53210195
##   64 :lr 0.000055 :tot_ene    29.2421 :dif_ene     0.0005 :dif_cor     0.0007 : 0.         1.64776143 5.17459146 7.43789919 6.82091589 4.62884128  3.53210195
##   65 :lr 0.000054 :tot_ene    29.2423 :dif_ene     0.0005 :dif_cor     0.0007 : 0.         1.64784955 5.17478864 7.43797043 6.82080754 4.62877768  3.53210195
##   66 :lr 0.000053 :tot_ene    29.2425 :dif_ene     0.0005 :dif_cor     0.0007 : 0.         1.64793588 5.17498179 7.4380402  6.82070138 4.62871538  3.53210195
##   67 :lr 0.000052 :tot_ene    29.2427 :dif_ene     0.0005 :dif_cor     0.0007 : 0.         1.64802046 5.17517103 7.43810853 6.82059738 4.62865435  3.53210195
##   68 :lr 0.000051 :tot_ene    29.2428 :dif_ene     0.0005 :dif_cor     0.0007 : 0.         1.64810333 5.17535641 7.43817545 6.82049548 4.62859457  3.53210195
##   69 :lr 0.000050 :tot_ene    29.2430 :dif_ene     0.0005 :dif_cor     0.0007 : 0.         1.64818451 5.17553802 7.43824099 6.82039565 4.628536  3.53210195
##   70 :lr 0.000049 :tot_ene    29.2432 :dif_ene     0.0005 :dif_cor     0.0006 : 0.         1.64826405 5.17571594 7.43830519 6.82029785 4.62847863  3.53210195
##   71 :lr 0.000048 :tot_ene    29.2433 :dif_ene     0.0005 :dif_cor     0.0006 : 0.         1.64834198 5.17589025 7.43836806 6.82020202 4.62842242  3.53210195
##   72 :lr 0.000047 :tot_ene    29.2435 :dif_ene     0.0005 :dif_cor     0.0006 : 0.         1.64841832 5.17606102 7.43842964 6.82010814 4.62836735  3.53210195
##   73 :lr 0.000046 :tot_ene    29.2436 :dif_ene     0.0004 :dif_cor     0.0006 : 0.         1.64849312 5.17622832 7.43848996 6.82001615 4.62831341  3.53210195
##   74 :lr 0.000045 :tot_ene    29.2438 :dif_ene     0.0004 :dif_cor     0.0006 : 0.         1.64856641 5.17639223 7.43854904 6.81992603 4.62826056  3.53210195
##   75 :lr 0.000044 :tot_ene    29.2439 :dif_ene     0.0004 :dif_cor     0.0006 : 0.         1.64863821 5.1765528  7.4386069  6.81983773 4.62820879  3.53210195
##   76 :lr 0.000043 :tot_ene    29.2441 :dif_ene     0.0004 :dif_cor     0.0006 : 0.         1.64870856 5.17671013 7.43866358 6.81975122 4.62815807  3.53210195
##   77 :lr 0.000042 :tot_ene    29.2442 :dif_ene     0.0004 :dif_cor     0.0006 : 0.         1.64877748 5.17686426 7.4387191  6.81966646 4.62810838  3.53210195
##   78 :lr 0.000041 :tot_ene    29.2444 :dif_ene     0.0004 :dif_cor     0.0006 : 0.         1.64884501 5.17701526 7.43877348 6.81958342 4.6280597  3.53210195
##   79 :lr 0.000041 :tot_ene    29.2445 :dif_ene     0.0004 :dif_cor     0.0005 : 0.         1.64891117 5.17716321 7.43882674 6.81950205 4.62801201  3.53210195
##   80 :lr 0.000040 :tot_ene    29.2447 :dif_ene     0.0004 :dif_cor     0.0005 : 0.         1.64897599 5.17730816 7.43887892 6.81942233 4.62796528  3.53210195
##   81 :lr 0.000039 :tot_ene    29.2448 :dif_ene     0.0004 :dif_cor     0.0005 : 0.         1.6490395  5.17745017 7.43893002 6.81934422 4.62791951  3.53210195
##   82 :lr 0.000038 :tot_ene    29.2449 :dif_ene     0.0004 :dif_cor     0.0005 : 0.         1.64910173 5.1775893  7.43898008 6.81926769 4.62787466  3.53210195
##   83 :lr 0.000037 :tot_ene    29.2450 :dif_ene     0.0004 :dif_cor     0.0005 : 0.         1.6491627  5.17772562 7.43902912 6.8191927  4.62783072  3.53210195
##   84 :lr 0.000037 :tot_ene    29.2452 :dif_ene     0.0004 :dif_cor     0.0005 : 0.         1.64922244 5.17785918 7.43907715 6.81911923 4.62778767  3.53210195
##   85 :lr 0.000036 :tot_ene    29.2453 :dif_ene     0.0004 :dif_cor     0.0005 : 0.         1.64928097 5.17799003 7.43912421 6.81904725 4.6277455  3.53210195
##   86 :lr 0.000035 :tot_ene    29.2454 :dif_ene     0.0003 :dif_cor     0.0005 : 0.         1.64933832 5.17811824 7.4391703  6.81897671 4.62770418  3.53210195
##   87 :lr 0.000034 :tot_ene    29.2455 :dif_ene     0.0003 :dif_cor     0.0005 : 0.         1.64939451 5.17824385 7.43921545 6.81890761 4.62766369  3.53210195
##   88 :lr 0.000034 :tot_ene    29.2456 :dif_ene     0.0003 :dif_cor     0.0004 : 0.         1.64944957 5.17836693 7.43925968 6.81883989 4.62762403  3.53210195
##   89 :lr 0.000033 :tot_ene    29.2458 :dif_ene     0.0003 :dif_cor     0.0004 : 0.         1.64950351 5.17848751 7.43930301 6.81877354 4.62758517  3.53210195
##   90 :lr 0.000032 :tot_ene    29.2459 :dif_ene     0.0003 :dif_cor     0.0004 : 0.         1.64955637 5.17860566 7.43934545 6.81870853 4.6275471  3.53210195
##   91 :lr 0.000032 :tot_ene    29.2460 :dif_ene     0.0003 :dif_cor     0.0004 : 0.         1.64960815 5.17872142 7.43938703 6.81864484 4.62750979  3.53210195
##   92 :lr 0.000031 :tot_ene    29.2461 :dif_ene     0.0003 :dif_cor     0.0004 : 0.         1.6496589  5.17883484 7.43942777 6.81858242 4.62747324  3.53210195
##   93 :lr 0.000031 :tot_ene    29.2462 :dif_ene     0.0003 :dif_cor     0.0004 : 0.         1.64970862 5.17894597 7.43946767 6.81852127 4.62743744  3.53210195
##   94 :lr 0.000030 :tot_ene    29.2463 :dif_ene     0.0003 :dif_cor     0.0004 : 0.         1.64975734 5.17905485 7.43950676 6.81846135 4.62740235  3.53210195
##   95 :lr 0.000029 :tot_ene    29.2464 :dif_ene     0.0003 :dif_cor     0.0004 : 0.         1.64980507 5.17916153 7.43954505 6.81840264 4.62736797  3.53210195
##   96 :lr 0.000029 :tot_ene    29.2465 :dif_ene     0.0003 :dif_cor     0.0004 : 0.         1.64985184 5.17926607 7.43958257 6.81834511 4.62733429  3.53210195
##   97 :lr 0.000028 :tot_ene    29.2466 :dif_ene     0.0003 :dif_cor     0.0004 : 0.         1.64989767 5.17936849 7.43961932 6.81828874 4.62730129  3.53210195
##   98 :lr 0.000028 :tot_ene    29.2467 :dif_ene     0.0003 :dif_cor     0.0004 : 0.         1.64994258 5.17946884 7.43965533 6.8182335  4.62726896  3.53210195
##   99 :lr 0.000027 :tot_ene    29.2468 :dif_ene     0.0003 :dif_cor     0.0004 : 0.         1.64998658 5.17956717 7.4396906  6.81817938 4.62723728  3.53210195
##  100 :lr 0.000027 :tot_ene    29.2469 :dif_ene     0.0003 :dif_cor     0.0004 : 0.         1.65002969 5.17966352 7.43972516 6.81812635 4.62720624  3.53210195
##  101 :lr 0.000026 :tot_ene    29.2469 :dif_ene     0.0003 :dif_cor     0.0003 : 0.         1.65007193 5.17975792 7.43975902 6.81807439 4.62717582  3.53210195
##  102 :lr 0.000025 :tot_ene    29.2470 :dif_ene     0.0002 :dif_cor     0.0003 : 0.         1.65011333 5.17985041 7.43979218 6.81802347 4.62714602  3.53210195
##  103 :lr 0.000025 :tot_ene    29.2471 :dif_ene     0.0002 :dif_cor     0.0003 : 0.         1.65015389 5.17994105 7.43982468 6.81797358 4.62711683  3.53210195
##  104 :lr 0.000024 :tot_ene    29.2472 :dif_ene     0.0002 :dif_cor     0.0003 : 0.         1.65019363 5.18002985 7.43985651 6.81792469 4.62708822  3.53210195
##  105 :lr 0.000024 :tot_ene    29.2473 :dif_ene     0.0002 :dif_cor     0.0003 : 0.         1.65023257 5.18011687 7.4398877  6.81787679 4.62706019  3.53210195
##  106 :lr 0.000023 :tot_ene    29.2474 :dif_ene     0.0002 :dif_cor     0.0003 : 0.         1.65027073 5.18020213 7.43991826 6.81782985 4.62703272  3.53210195
##  107 :lr 0.000023 :tot_ene    29.2474 :dif_ene     0.0002 :dif_cor     0.0003 : 0.         1.65030812 5.18028567 7.4399482  6.81778386 4.62700581  3.53210195
##  108 :lr 0.000023 :tot_ene    29.2475 :dif_ene     0.0002 :dif_cor     0.0003 : 0.         1.65034476 5.18036753 7.43997753 6.81773879 4.62697944  3.53210195
##  109 :lr 0.000022 :tot_ene    29.2476 :dif_ene     0.0002 :dif_cor     0.0003 : 0.         1.65038066 5.18044774 7.44000626 6.81769463 4.6269536  3.53210195
##  110 :lr 0.000022 :tot_ene    29.2477 :dif_ene     0.0002 :dif_cor     0.0003 : 0.         1.65041584 5.18052633 7.44003442 6.81765136 4.62692829  3.53210195
##  111 :lr 0.000021 :tot_ene    29.2477 :dif_ene     0.0002 :dif_cor     0.0003 : 0.         1.65045031 5.18060334 7.440062   6.81760896 4.62690348  3.53210195
##  112 :lr 0.000021 :tot_ene    29.2478 :dif_ene     0.0002 :dif_cor     0.0003 : 0.         1.65048409 5.1806788  7.44008903 6.81756741 4.62687917  3.53210195
##  113 :lr 0.000020 :tot_ene    29.2479 :dif_ene     0.0002 :dif_cor     0.0003 : 0.         1.65051718 5.18075274 7.4401155  6.81752669 4.62685536  3.53210195
##  114 :lr 0.000020 :tot_ene    29.2479 :dif_ene     0.0002 :dif_cor     0.0003 : 0.         1.65054961 5.1808252  7.44014145 6.8174868  4.62683202  3.53210195
##  115 :lr 0.000020 :tot_ene    29.2480 :dif_ene     0.0002 :dif_cor     0.0003 : 0.         1.65058139 5.18089619 7.44016686 6.8174477  4.62680915  3.53210195
##  116 :lr 0.000019 :tot_ene    29.2481 :dif_ene     0.0002 :dif_cor     0.0003 : 0.         1.65061253 5.18096575 7.44019177 6.8174094  4.62678675  3.53210195
##  117 :lr 0.000019 :tot_ene    29.2481 :dif_ene     0.0002 :dif_cor     0.0002 : 0.         1.65064305 5.18103392 7.44021617 6.81737186 4.62676479  3.53210195
##  118 :lr 0.000018 :tot_ene    29.2482 :dif_ene     0.0002 :dif_cor     0.0002 : 0.         1.65067295 5.18110071 7.44024007 6.81733508 4.62674328  3.53210195
##  119 :lr 0.000018 :tot_ene    29.2483 :dif_ene     0.0002 :dif_cor     0.0002 : 0.         1.65070225 5.18116616 7.44026349 6.81729904 4.6267222  3.53210195
##  120 :lr 0.000018 :tot_ene    29.2483 :dif_ene     0.0002 :dif_cor     0.0002 : 0.         1.65073096 5.1812303  7.44028644 6.81726372 4.62670155  3.53210195
##  121 :lr 0.000017 :tot_ene    29.2484 :dif_ene     0.0002 :dif_cor     0.0002 : 0.         1.65075909 5.18129314 7.44030893 6.81722911 4.62668131  3.53210195
##  122 :lr 0.000017 :tot_ene    29.2484 :dif_ene     0.0002 :dif_cor     0.0002 : 0.         1.65078666 5.18135472 7.44033096 6.81719519 4.62666148  3.53210195
##  123 :lr 0.000017 :tot_ene    29.2485 :dif_ene     0.0002 :dif_cor     0.0002 : 0.         1.65081367 5.18141506 7.44035255 6.81716196 4.62664204  3.53210195
##  124 :lr 0.000016 :tot_ene    29.2485 :dif_ene     0.0002 :dif_cor     0.0002 : 0.         1.65084014 5.18147418 7.4403737  6.8171294  4.626623  3.53210195
##  125 :lr 0.000016 :tot_ene    29.2486 :dif_ene     0.0002 :dif_cor     0.0002 : 0.         1.65086608 5.18153212 7.44039442 6.81709749 4.62660434  3.53210195
##  126 :lr 0.000016 :tot_ene    29.2486 :dif_ene     0.0002 :dif_cor     0.0002 : 0.         1.6508915  5.1815889  7.44041473 6.81706622 4.62658606  3.53210195
##  127 :lr 0.000015 :tot_ene    29.2487 :dif_ene     0.0001 :dif_cor     0.0002 : 0.         1.65091641 5.18164453 7.44043462 6.81703558 4.62656814  3.53210195
##  128 :lr 0.000015 :tot_ene    29.2488 :dif_ene     0.0001 :dif_cor     0.0002 : 0.         1.65094081 5.18169904 7.44045411 6.81700555 4.62655059  3.53210195
##  129 :lr 0.000015 :tot_ene    29.2488 :dif_ene     0.0001 :dif_cor     0.0002 : 0.         1.65096473 5.18175246 7.44047321 6.81697613 4.62653339  3.53210195
##  130 :lr 0.000014 :tot_ene    29.2489 :dif_ene     0.0001 :dif_cor     0.0002 : 0.         1.65098817 5.1818048  7.44049193 6.8169473  4.62651653  3.53210195
##  131 :lr 0.000014 :tot_ene    29.2489 :dif_ene     0.0001 :dif_cor     0.0002 : 0.         1.65101113 5.1818561  7.44051027 6.81691904 4.62650001  3.53210195
##  132 :lr 0.000014 :tot_ene    29.2489 :dif_ene     0.0001 :dif_cor     0.0002 : 0.         1.65103364 5.18190636 7.44052823 6.81689136 4.62648383  3.53210195
##  133 :lr 0.000014 :tot_ene    29.2490 :dif_ene     0.0001 :dif_cor     0.0002 : 0.         1.65105569 5.18195561 7.44054584 6.81686423 4.62646797  3.53210195
##  134 :lr 0.000013 :tot_ene    29.2490 :dif_ene     0.0001 :dif_cor     0.0002 : 0.         1.6510773  5.18200388 7.44056309 6.81683764 4.62645243  3.53210195
##  135 :lr 0.000013 :tot_ene    29.2491 :dif_ene     0.0001 :dif_cor     0.0002 : 0.         1.65109848 5.18205117 7.44057999 6.81681159 4.6264372  3.53210195
##  136 :lr 0.000013 :tot_ene    29.2491 :dif_ene     0.0001 :dif_cor     0.0002 : 0.         1.65111923 5.18209751 7.44059656 6.81678606 4.62642227  3.53210195
##  137 :lr 0.000013 :tot_ene    29.2492 :dif_ene     0.0001 :dif_cor     0.0002 : 0.         1.65113956 5.18214293 7.44061278 6.81676104 4.62640765  3.53210195
##  138 :lr 0.000012 :tot_ene    29.2492 :dif_ene     0.0001 :dif_cor     0.0002 : 0.         1.65115949 5.18218743 7.44062868 6.81673652 4.62639332  3.53210195
##  139 :lr 0.000012 :tot_ene    29.2492 :dif_ene     0.0001 :dif_cor     0.0002 : 0.         1.65117902 5.18223104 7.44064426 6.8167125  4.62637928  3.53210195
##  140 :lr 0.000012 :tot_ene    29.2493 :dif_ene     0.0001 :dif_cor     0.0002 : 0.         1.65119815 5.18227377 7.44065953 6.81668896 4.62636552  3.53210195
##  141 :lr 0.000012 :tot_ene    29.2493 :dif_ene     0.0001 :dif_cor     0.0002 : 0.         1.6512169  5.18231564 7.44067449 6.81666589 4.62635204  3.53210195
##  142 :lr 0.000011 :tot_ene    29.2494 :dif_ene     0.0001 :dif_cor     0.0001 : 0.         1.65123528 5.18235667 7.44068915 6.81664329 4.62633883  3.53210195
##  143 :lr 0.000011 :tot_ene    29.2494 :dif_ene     0.0001 :dif_cor     0.0001 : 0.         1.65125328 5.18239688 7.44070351 6.81662113 4.62632588  3.53210195
##  144 :lr 0.000011 :tot_ene    29.2494 :dif_ene     0.0001 :dif_cor     0.0001 : 0.         1.65127093 5.18243629 7.44071759 6.81659942 4.62631319  3.53210195
##  145 :lr 0.000011 :tot_ene    29.2495 :dif_ene     0.0001 :dif_cor     0.0001 : 0.         1.65128822 5.1824749  7.44073138 6.81657815 4.62630076  3.53210195
##  146 :lr 0.000010 :tot_ene    29.2495 :dif_ene     0.0001 :dif_cor     0.0001 : 0.         1.65130516 5.18251274 7.44074489 6.81655731 4.62628858  3.53210195
##  147 :lr 0.000010 :tot_ene    29.2495 :dif_ene     0.0001 :dif_cor     0.0001 : 0.         1.65132177 5.18254981 7.44075813 6.81653688 4.62627664  3.53210195
!! cvrg :lr 0.000010 :tot_ene    29.2495 :dif_ene     0.0001 :dif_cor     0.0001 : 0.         1.65132177 5.18254981 7.44075813 6.81653688 4.62627664  3.53210195
