##    0 :lr 0.001000 :tot_ene    29.6393 :dif_ene     0.0000 :dif_cor     0.0000 : 0.         1.73230765 5.2708931  7.53413871 6.89106426 4.6787262  3.53212108
##    1 :lr 0.000500 :tot_ene    29.7440 :dif_ene     0.1311 :dif_cor     0.1895 : 0.         1.77835851 5.32429062 7.52094325 6.89662577 4.69164316  3.53212108
##    2 :lr 0.000600 :tot_ene    29.5158 :dif_ene     0.2282 :dif_cor     0.0755 : 0.         1.70080837 5.22708437 7.50900878 6.87585339 4.67088198  3.53212108
##    3 :lr 0.000720 :tot_ene    29.4810 :dif_ene     0.0347 :dif_cor     0.0700 : 0.         1.69296363 5.21558415 7.4998757  6.87131021 4.66919455  3.53212108
##    4 :lr 0.000864 :tot_ene    29.4571 :dif_ene     0.0240 :dif_cor     0.0824 : 0.         1.68892853 5.20928909 7.49107262 6.86750644 4.668149  3.53212108
##    5 :lr 0.000432 :tot_ene    29.4733 :dif_ene     0.0308 :dif_cor     0.1088 : 0.         1.69869506 5.21945574 7.48381929 6.86787278 4.67135053  3.53212108
##    6 :lr 0.000518 :tot_ene    29.3931 :dif_ene     0.0802 :dif_cor     0.0702 : 0.         1.67243464 5.18714301 7.47787119 6.85964511 4.66387184  3.53212108
##    7 :lr 0.000622 :tot_ene    29.3775 :dif_ene     0.0156 :dif_cor     0.0324 : 0.         1.66902428 5.18223617 7.47358689 6.8575248  4.66300383  3.53212108
##    8 :lr 0.000746 :tot_ene    29.3622 :dif_ene     0.0153 :dif_cor     0.0336 : 0.         1.66577228 5.17774879 7.46913365 6.85536408 4.66203793  3.53212108
##    9 :lr 0.000896 :tot_ene    29.3472 :dif_ene     0.0150 :dif_cor     0.0383 : 0.         1.66265676 5.17341446 7.46454682 6.85329292 4.66114467  3.53212108
##   10 :lr 0.001075 :tot_ene    29.3362 :dif_ene     0.0110 :dif_cor     0.0495 : 0.         1.66065882 5.17121399 7.46022589 6.85167214 4.66028956  3.53212108
##   11 :lr 0.000537 :tot_ene    29.3541 :dif_ene     0.0226 :dif_cor     0.0768 : 0.         1.66661559 5.18196966 7.45789932 6.85407335 4.66146619  3.53212108
##   12 :lr 0.000645 :tot_ene    29.3313 :dif_ene     0.0228 :dif_cor     0.0772 : 0.         1.66049907 5.17305255 7.45507173 6.85103445 4.65956291  3.53212108
##   13 :lr 0.000774 :tot_ene    29.3302 :dif_ene     0.0024 :dif_cor     0.0700 : 0.         1.66035834 5.17359887 7.45351036 6.85111569 4.65946626  3.53212108
## rjct :lr 0.000387 :tot_ene    29.3618 :dif_ene     0.0317 :dif_cor     0.0944 : 0.         1.66854611 5.1902529  7.4546067  6.8557485  4.66056356  3.53212108
##   15 :lr 0.000464 :tot_ene    29.3006 :dif_ene     0.0296 :dif_cor     0.0472 : 0.         1.65279938 5.16077206 7.45052946 6.8469054  4.65748572  3.53212108
##   16 :lr 0.000557 :tot_ene    29.2953 :dif_ene     0.0054 :dif_cor     0.0210 : 0.         1.65161851 5.15903597 7.44921806 6.84618785 4.65708073  3.53212108
##   17 :lr 0.000669 :tot_ene    29.2909 :dif_ene     0.0044 :dif_cor     0.0186 : 0.         1.6506855  5.15797035 7.44792183 6.84559708 4.65661181  3.53212108
##   18 :lr 0.000802 :tot_ene    29.2865 :dif_ene     0.0044 :dif_cor     0.0199 : 0.         1.64973039 5.15688319 7.44653992 6.84504219 4.65615074  3.53212108
##   19 :lr 0.000963 :tot_ene    29.2826 :dif_ene     0.0039 :dif_cor     0.0247 : 0.         1.64887583 5.15624636 7.44517088 6.84457406 4.65558375  3.53212108
##   20 :lr 0.000481 :tot_ene    29.2826 :dif_ene     0.0029 :dif_cor     0.0354 : 0.         1.64879416 5.15738295 7.44417681 6.84489423 4.65522104  3.53212108
##   21 :lr 0.000578 :tot_ene    29.2761 :dif_ene     0.0064 :dif_cor     0.0301 : 0.         1.64742028 5.15500881 7.44308478 6.84384906 4.65466155  3.53212108
##   22 :lr 0.000693 :tot_ene    29.2732 :dif_ene     0.0029 :dif_cor     0.0232 : 0.         1.64676604 5.15417693 7.44229786 6.84350356 4.65434493  3.53212108
##   23 :lr 0.000832 :tot_ene    29.2717 :dif_ene     0.0017 :dif_cor     0.0263 : 0.         1.6463644  5.15426433 7.4416506  6.84340298 4.65390887  3.53212108
##   24 :lr 0.000416 :tot_ene    29.2744 :dif_ene     0.0034 :dif_cor     0.0357 : 0.         1.64667369 5.15619289 7.441498   6.84424323 4.65370042  3.53212108
##   25 :lr 0.000499 :tot_ene    29.2657 :dif_ene     0.0087 :dif_cor     0.0280 : 0.         1.64506111 5.15258752 7.44019432 6.84261053 4.65315775  3.53212108
##   26 :lr 0.000599 :tot_ene    29.2635 :dif_ene     0.0022 :dif_cor     0.0152 : 0.         1.64459508 5.15193101 7.43965822 6.84231482 4.65290101  3.53212108
##   27 :lr 0.000719 :tot_ene    29.2618 :dif_ene     0.0017 :dif_cor     0.0141 : 0.         1.64419745 5.15165925 7.43916503 6.84212495 4.65255804  3.53212108
##   28 :lr 0.000863 :tot_ene    29.2603 :dif_ene     0.0016 :dif_cor     0.0162 : 0.         1.64380078 5.15144208 7.4386697  6.84201439 4.65222515  3.53212108
##   29 :lr 0.001035 :tot_ene    29.2601 :dif_ene     0.0018 :dif_cor     0.0230 : 0.         1.6435757  5.15204871 7.43837777 6.84223372 4.65179052  3.53212108
## rjct :lr 0.000518 :tot_ene    29.2708 :dif_ene     0.0109 :dif_cor     0.0411 : 0.         1.64477977 5.15736089 7.43981504 6.84504322 4.65167874  3.53212108
##   31 :lr 0.000621 :tot_ene    29.2576 :dif_ene     0.0026 :dif_cor     0.0205 : 0.         1.64309439 5.15113599 7.43783285 6.84181301 4.65155681  3.53212108
##   32 :lr 0.000745 :tot_ene    29.2564 :dif_ene     0.0012 :dif_cor     0.0191 : 0.         1.6427924  5.15105647 7.43749041 6.84170962 4.6512195  3.53212108
##   33 :lr 0.000373 :tot_ene    29.2565 :dif_ene     0.0012 :dif_cor     0.0229 : 0.         1.64262443 5.15144922 7.43735347 6.84196292 4.65095499  3.53212108
##   34 :lr 0.000447 :tot_ene    29.2529 :dif_ene     0.0036 :dif_cor     0.0155 : 0.         1.64210236 5.1501206  7.43665532 6.84118154 4.65069147  3.53212108
##   35 :lr 0.000537 :tot_ene    29.2519 :dif_ene     0.0009 :dif_cor     0.0071 : 0.         1.64189569 5.14993804 7.43640551 6.84106942 4.65049821  3.53212108
##   36 :lr 0.000644 :tot_ene    29.2510 :dif_ene     0.0010 :dif_cor     0.0065 : 0.         1.64167043 5.14981359 7.4361423  6.84097201 4.65025495  3.53212108
##   37 :lr 0.000773 :tot_ene    29.2499 :dif_ene     0.0011 :dif_cor     0.0074 : 0.         1.64141493 5.14966538 7.43584606 6.84086554 4.64998011  3.53212108
##   38 :lr 0.000927 :tot_ene    29.2487 :dif_ene     0.0012 :dif_cor     0.0087 : 0.         1.64112629 5.14953479 7.43551709 6.84075285 4.64964527  3.53212108
##   39 :lr 0.001113 :tot_ene    29.2475 :dif_ene     0.0012 :dif_cor     0.0116 : 0.         1.64081586 5.14942539 7.43518304 6.84066657 4.64927528  3.53212108
##   40 :lr 0.000556 :tot_ene    29.2475 :dif_ene     0.0015 :dif_cor     0.0185 : 0.         1.64057429 5.14991286 7.43511389 6.84095075 4.64881558  3.53212108
##   41 :lr 0.000668 :tot_ene    29.2462 :dif_ene     0.0013 :dif_cor     0.0176 : 0.         1.64036025 5.14954772 7.43480582 6.84072043 4.64862972  3.53212108
##   42 :lr 0.000801 :tot_ene    29.2459 :dif_ene     0.0008 :dif_cor     0.0184 : 0.         1.64019821 5.14972651 7.43471704 6.84080062 4.64833844  3.53212108
## rjct :lr 0.000401 :tot_ene    29.2480 :dif_ene     0.0025 :dif_cor     0.0252 : 0.         1.64019807 5.15070474 7.43521685 6.84159315 4.64812229  3.53212108
##   44 :lr 0.000481 :tot_ene    29.2438 :dif_ene     0.0021 :dif_cor     0.0126 : 0.         1.63997181 5.14901109 7.43420799 6.84027504 4.64819737  3.53212108
##   45 :lr 0.000577 :tot_ene    29.2431 :dif_ene     0.0007 :dif_cor     0.0070 : 0.         1.63983288 5.14892617 7.43402656 6.84017904 4.64800578  3.53212108
##   46 :lr 0.000692 :tot_ene    29.2424 :dif_ene     0.0007 :dif_cor     0.0065 : 0.         1.63968486 5.14885107 7.43385076 6.84010138 4.64780007  3.53212108
##   47 :lr 0.000831 :tot_ene    29.2417 :dif_ene     0.0007 :dif_cor     0.0075 : 0.         1.63951374 5.1488052  7.43365776 6.84002802 4.6475416  3.53212108
##   48 :lr 0.000997 :tot_ene    29.2409 :dif_ene     0.0007 :dif_cor     0.0097 : 0.         1.63933117 5.14877461 7.43347724 6.83997833 4.64725972  3.53212108
## rjct :lr 0.000498 :tot_ene    29.2410 :dif_ene     0.0011 :dif_cor     0.0153 : 0.         1.63916025 5.14909568 7.43351564 6.84020918 4.64689745  3.53212108
##   50 :lr 0.000598 :tot_ene    29.2403 :dif_ene     0.0007 :dif_cor     0.0076 : 0.         1.63920927 5.14869747 7.43330242 6.83987553 4.64707278  3.53212108
##   51 :lr 0.000718 :tot_ene    29.2397 :dif_ene     0.0006 :dif_cor     0.0071 : 0.         1.63908412 5.14863863 7.43315021 6.8398009  4.64687688  3.53212108
##   52 :lr 0.000861 :tot_ene    29.2391 :dif_ene     0.0006 :dif_cor     0.0084 : 0.         1.63893805 5.14862934 7.43299659 6.83974916 4.6466247  3.53212108
##   53 :lr 0.001033 :tot_ene    29.2387 :dif_ene     0.0006 :dif_cor     0.0116 : 0.         1.63879659 5.14869766 7.4329329  6.83979083 4.6463608  3.53212108
## rjct :lr 0.000517 :tot_ene    29.2408 :dif_ene     0.0030 :dif_cor     0.0207 : 0.         1.63872335 5.14964886 7.43362446 6.84068772 4.64600741  3.53212108
##   55 :lr 0.000620 :tot_ene    29.2379 :dif_ene     0.0008 :dif_cor     0.0103 : 0.         1.63868104 5.14858506 7.43271694 6.83963566 4.64617227  3.53212108
##   56 :lr 0.000744 :tot_ene    29.2374 :dif_ene     0.0005 :dif_cor     0.0096 : 0.         1.63857881 5.14854271 7.43259705 6.83957097 4.64599096  3.53212108
##   57 :lr 0.000893 :tot_ene    29.2371 :dif_ene     0.0006 :dif_cor     0.0119 : 0.         1.63845987 5.1486423  7.43255817 6.8396248  4.64573992  3.53212108
## rjct :lr 0.000446 :tot_ene    29.2385 :dif_ene     0.0019 :dif_cor     0.0185 : 0.         1.63840392 5.14917221 7.43305319 6.84019774 4.64551184  3.53212108
##   59 :lr 0.000536 :tot_ene    29.2362 :dif_ene     0.0009 :dif_cor     0.0093 : 0.         1.63837461 5.14843362 7.43229369 6.83938099 4.64561708  3.53212108
##   60 :lr 0.000643 :tot_ene    29.2357 :dif_ene     0.0005 :dif_cor     0.0068 : 0.         1.63828528 5.14840114 7.43216218 6.83930398 4.64544435  3.53212108
##   61 :lr 0.000771 :tot_ene    29.2352 :dif_ene     0.0005 :dif_cor     0.0069 : 0.         1.63819469 5.14837602 7.43205067 6.83923889 4.64526118  3.53212108
##   62 :lr 0.000926 :tot_ene    29.2348 :dif_ene     0.0005 :dif_cor     0.0089 : 0.         1.63808462 5.14840614 7.43196178 6.83921963 4.6450236  3.53212108
## rjct :lr 0.000463 :tot_ene    29.2351 :dif_ene     0.0009 :dif_cor     0.0135 : 0.         1.63799746 5.14861372 7.43213905 6.83943606 4.64478379  3.53212108
##   64 :lr 0.000555 :tot_ene    29.2343 :dif_ene     0.0005 :dif_cor     0.0068 : 0.         1.63802181 5.14832592 7.431811   6.83909292 4.64490026  3.53212108
##   65 :lr 0.000667 :tot_ene    29.2338 :dif_ene     0.0004 :dif_cor     0.0057 : 0.         1.63794549 5.14830953 7.43170226 6.83902867 4.64473531  3.53212108
##   66 :lr 0.000800 :tot_ene    29.2334 :dif_ene     0.0004 :dif_cor     0.0062 : 0.         1.63786674 5.14829475 7.4316018  6.83896344 4.64455564  3.53212108
##   67 :lr 0.000960 :tot_ene    29.2330 :dif_ene     0.0005 :dif_cor     0.0081 : 0.         1.63776961 5.1483183  7.4315182  6.83893345 4.64432669  3.53212108
## rjct :lr 0.000480 :tot_ene    29.2332 :dif_ene     0.0008 :dif_cor     0.0125 : 0.         1.63769087 5.14848794 7.4316881  6.83911207 4.64409101  3.53212108
##   69 :lr 0.000576 :tot_ene    29.2325 :dif_ene     0.0005 :dif_cor     0.0062 : 0.         1.6377179  5.14826773 7.43139368 6.83882731 4.64420632  3.53212108
##   70 :lr 0.000691 :tot_ene    29.2321 :dif_ene     0.0004 :dif_cor     0.0056 : 0.         1.63765131 5.14825914 7.43129658 6.83876636 4.64404648  3.53212108
##   71 :lr 0.000829 :tot_ene    29.2318 :dif_ene     0.0004 :dif_cor     0.0063 : 0.         1.63758473 5.14825502 7.43121332 6.83870502 4.64387294  3.53212108
##   72 :lr 0.000995 :tot_ene    29.2314 :dif_ene     0.0004 :dif_cor     0.0086 : 0.         1.63749988 5.14829718 7.4311702  6.83870005 4.64364988  3.53212108
## rjct :lr 0.000498 :tot_ene    29.2322 :dif_ene     0.0013 :dif_cor     0.0141 : 0.         1.63744445 5.1485655  7.43157236 6.83905128 4.6434271  3.53212108
##   74 :lr 0.000597 :tot_ene    29.2310 :dif_ene     0.0005 :dif_cor     0.0071 : 0.         1.63745759 5.14824732 7.4310373  6.83857845 4.64353543  3.53212108
##   75 :lr 0.000716 :tot_ene    29.2306 :dif_ene     0.0004 :dif_cor     0.0064 : 0.         1.63739829 5.14824548 7.43094941 6.83852107 4.64337855  3.53212108
##   76 :lr 0.000860 :tot_ene    29.2303 :dif_ene     0.0003 :dif_cor     0.0075 : 0.         1.63734529 5.14826018 7.43090653 6.83848028 4.64321407  3.53212108
## rjct :lr 0.000430 :tot_ene    29.2304 :dif_ene     0.0006 :dif_cor     0.0109 : 0.         1.63727202 5.14837341 7.43101684 6.83860041 4.64299339  3.53212108
##   78 :lr 0.000516 :tot_ene    29.2299 :dif_ene     0.0004 :dif_cor     0.0054 : 0.         1.63730201 5.14822367 7.43076954 6.83837567 4.6431022  3.53212108
##   79 :lr 0.000619 :tot_ene    29.2296 :dif_ene     0.0003 :dif_cor     0.0040 : 0.         1.63726412 5.14821847 7.43070002 6.83831409 4.64298391  3.53212108
##   80 :lr 0.000743 :tot_ene    29.2293 :dif_ene     0.0003 :dif_cor     0.0043 : 0.         1.63721489 5.14822017 7.43062394 6.83825574 4.64283585  3.53212108
##   81 :lr 0.000891 :tot_ene    29.2289 :dif_ene     0.0004 :dif_cor     0.0051 : 0.         1.63716488 5.14822563 7.43055115 6.83818821 4.64266962  3.53212108
##   82 :lr 0.001070 :tot_ene    29.2286 :dif_ene     0.0004 :dif_cor     0.0071 : 0.         1.63710008 5.14825352 7.4305035  6.8381532  4.64246201  3.53212108
## rjct :lr 0.000535 :tot_ene    29.2291 :dif_ene     0.0010 :dif_cor     0.0120 : 0.         1.63705549 5.14842749 7.43083332 6.83838306 4.64224686  3.53212108
##   84 :lr 0.000642 :tot_ene    29.2283 :dif_ene     0.0003 :dif_cor     0.0060 : 0.         1.63707191 5.14824311 7.43042094 6.8380687  4.64235261  3.53212108
##   85 :lr 0.000770 :tot_ene    29.2280 :dif_ene     0.0003 :dif_cor     0.0062 : 0.         1.63702683 5.14825326 7.4303605  6.83802233 4.64220541  3.53212108
##   86 :lr 0.000924 :tot_ene    29.2278 :dif_ene     0.0003 :dif_cor     0.0078 : 0.         1.63699232 5.14829019 7.43037577 6.83800623 4.64205219  3.53212108
## rjct :lr 0.000462 :tot_ene    29.2284 :dif_ene     0.0011 :dif_cor     0.0124 : 0.         1.63693501 5.14846605 7.43074394 6.83830054 4.64184159  3.53212108
##   88 :lr 0.000555 :tot_ene    29.2274 :dif_ene     0.0005 :dif_cor     0.0062 : 0.         1.63695719 5.14825759 7.43021879 6.83788778 4.64194513  3.53212108
##   89 :lr 0.000665 :tot_ene    29.2271 :dif_ene     0.0003 :dif_cor     0.0049 : 0.         1.63693293 5.14826036 7.43015881 6.8378205  4.64183654  3.53212108
##   90 :lr 0.000799 :tot_ene    29.2269 :dif_ene     0.0003 :dif_cor     0.0054 : 0.         1.63689462 5.14827255 7.43010512 6.83777226 4.641695  3.53212108
##   91 :lr 0.000958 :tot_ene    29.2267 :dif_ene     0.0003 :dif_cor     0.0070 : 0.         1.63686524 5.14830696 7.43011347 6.83774385 4.64154447  3.53212108
## rjct :lr 0.000479 :tot_ene    29.2272 :dif_ene     0.0010 :dif_cor     0.0114 : 0.         1.63681387 5.14844784 7.43044536 6.83798614 4.64134138  3.53212108
##   93 :lr 0.000575 :tot_ene    29.2263 :dif_ene     0.0004 :dif_cor     0.0057 : 0.         1.63683546 5.14829005 7.42998977 6.83764998 4.64144155  3.53212108
##   94 :lr 0.000690 :tot_ene    29.2261 :dif_ene     0.0002 :dif_cor     0.0048 : 0.         1.63681606 5.1482987  7.42993974 6.8375861  4.64133615  3.53212108
##   95 :lr 0.000828 :tot_ene    29.2259 :dif_ene     0.0003 :dif_cor     0.0055 : 0.         1.63678259 5.14831499 7.42989904 6.83754326 4.6411983  3.53212108
##   96 :lr 0.000994 :tot_ene    29.2258 :dif_ene     0.0003 :dif_cor     0.0075 : 0.         1.63676102 5.1483622  7.42995406 6.83753784 4.64105376  3.53212108
## rjct :lr 0.000497 :tot_ene    29.2268 :dif_ene     0.0015 :dif_cor     0.0130 : 0.         1.63671456 5.14855929 7.43056584 6.83796456 4.64085372  3.53212108
##   98 :lr 0.000596 :tot_ene    29.2254 :dif_ene     0.0004 :dif_cor     0.0065 : 0.         1.636733   5.14834311 7.42981072 6.83743243 4.64095202  3.53212108
##   99 :lr 0.000715 :tot_ene    29.2252 :dif_ene     0.0002 :dif_cor     0.0057 : 0.         1.63671991 5.148357   7.42977128 6.8373689  4.64085197  3.53212108
##  100 :lr 0.000858 :tot_ene    29.2250 :dif_ene     0.0002 :dif_cor     0.0068 : 0.         1.63668891 5.14838246 7.42976966 6.83735262 4.64071566  3.53212108
## rjct :lr 0.000429 :tot_ene    29.2254 :dif_ene     0.0006 :dif_cor     0.0099 : 0.         1.63667963 5.14847699 7.43002602 6.83746733 4.64058163  3.53212108
##  102 :lr 0.000515 :tot_ene    29.2247 :dif_ene     0.0003 :dif_cor     0.0049 : 0.         1.6366821  5.14837089 7.42964538 6.83723708 4.64064764  3.53212108
##  103 :lr 0.000618 :tot_ene    29.2245 :dif_ene     0.0002 :dif_cor     0.0035 : 0.         1.63666356 5.1483787  7.42959573 6.83718717 4.64055474  3.53212108
##  104 :lr 0.000742 :tot_ene    29.2243 :dif_ene     0.0002 :dif_cor     0.0036 : 0.         1.63664963 5.14839518 7.42955959 6.83713044 4.6404524  3.53212108
##  105 :lr 0.000890 :tot_ene    29.2241 :dif_ene     0.0003 :dif_cor     0.0044 : 0.         1.63662671 5.14841368 7.42952237 6.83707829 4.64032415  3.53212108
##  106 :lr 0.001068 :tot_ene    29.2240 :dif_ene     0.0003 :dif_cor     0.0061 : 0.         1.63661255 5.14845394 7.42954944 6.83704259 4.64018486  3.53212108
## rjct :lr 0.000534 :tot_ene    29.2246 :dif_ene     0.0011 :dif_cor     0.0110 : 0.         1.63657654 5.14857792 7.43002002 6.83731926 4.63999892  3.53212108
##  108 :lr 0.000641 :tot_ene    29.2237 :dif_ene     0.0003 :dif_cor     0.0055 : 0.         1.63659273 5.1484552  7.42946904 6.83697717 4.64009077  3.53212108
##  109 :lr 0.000769 :tot_ene    29.2236 :dif_ene     0.0002 :dif_cor     0.0054 : 0.         1.63658687 5.14847959 7.4294567  6.83692513 4.63999628  3.53212108
##  110 :lr 0.000923 :tot_ene    29.2235 :dif_ene     0.0003 :dif_cor     0.0071 : 0.         1.63656274 5.14851282 7.42951011 6.83693546 4.63986682  3.53212108
## rjct :lr 0.000461 :tot_ene    29.2244 :dif_ene     0.0011 :dif_cor     0.0115 : 0.         1.63656768 5.14865401 7.43007288 6.83720806 4.63974513  3.53212108
##  112 :lr 0.000554 :tot_ene    29.2232 :dif_ene     0.0003 :dif_cor     0.0057 : 0.         1.63656315 5.14850838 7.42936541 6.83680545 4.63980473  3.53212108
##  113 :lr 0.000664 :tot_ene    29.2230 :dif_ene     0.0002 :dif_cor     0.0044 : 0.         1.63654801 5.14851739 7.42931523 6.83675483 4.63971523  3.53212108
##  114 :lr 0.000797 :tot_ene    29.2228 :dif_ene     0.0002 :dif_cor     0.0047 : 0.         1.63654359 5.14854322 7.42930483 6.83670358 4.63962176  3.53212108
##  115 :lr 0.000957 :tot_ene    29.2228 :dif_ene     0.0002 :dif_cor     0.0063 : 0.         1.636524   5.14857352 7.42934572 6.83669859 4.63949714  3.53212108
## rjct :lr 0.000478 :tot_ene    29.2235 :dif_ene     0.0010 :dif_cor     0.0104 : 0.         1.63653028 5.14869412 7.4298438  6.83691559 4.63937685  3.53212108
##  117 :lr 0.000574 :tot_ene    29.2225 :dif_ene     0.0003 :dif_cor     0.0052 : 0.         1.63652589 5.14858001 7.42924119 6.83659609 4.63943598  3.53212108
##  118 :lr 0.000689 :tot_ene    29.2223 :dif_ene     0.0002 :dif_cor     0.0044 : 0.         1.63651304 5.14859137 7.42920013 6.83654945 4.63934895  3.53212108
##  119 :lr 0.000827 :tot_ene    29.2222 :dif_ene     0.0002 :dif_cor     0.0048 : 0.         1.63651187 5.14862109 7.42920331 6.8365026  4.63925858  3.53212108
## rjct :lr 0.000413 :tot_ene    29.2222 :dif_ene     0.0003 :dif_cor     0.0068 : 0.         1.63649411 5.14865606 7.42929055 6.83652151 4.63913634  3.53212108
##  121 :lr 0.000496 :tot_ene    29.2220 :dif_ene     0.0002 :dif_cor     0.0034 : 0.         1.63650268 5.1486223  7.42912432 6.83644147 4.63919704  3.53212108
##  122 :lr 0.000595 :tot_ene    29.2219 :dif_ene     0.0002 :dif_cor     0.0024 : 0.         1.63650023 5.14863928 7.42910148 6.83639695 4.63913145  3.53212108
##  123 :lr 0.000714 :tot_ene    29.2217 :dif_ene     0.0002 :dif_cor     0.0025 : 0.         1.63649344 5.14865657 7.42907587 6.83635132 4.63905001  3.53212108
##  124 :lr 0.000857 :tot_ene    29.2216 :dif_ene     0.0002 :dif_cor     0.0029 : 0.         1.63648991 5.1486813  7.42905396 6.83629521 4.63895739  3.53212108
##  125 :lr 0.001028 :tot_ene    29.2214 :dif_ene     0.0002 :dif_cor     0.0039 : 0.         1.6364809  5.14870714 7.42903467 6.83624029 4.63884348  3.53212108
##  126 :lr 0.001234 :tot_ene    29.2214 :dif_ene     0.0003 :dif_cor     0.0058 : 0.         1.63648247 5.14875882 7.42911531 6.83621324 4.63871972  3.53212108
## rjct :lr 0.000617 :tot_ene    29.2230 :dif_ene     0.0019 :dif_cor     0.0123 : 0.         1.63645823 5.1489072  7.4301724  6.83674147 4.63855093  3.53212108
##  128 :lr 0.000740 :tot_ene    29.2213 :dif_ene     0.0002 :dif_cor     0.0062 : 0.         1.63646944 5.14877091 7.42909564 6.83618162 4.63863406  3.53212108
## rjct :lr 0.000370 :tot_ene    29.2214 :dif_ene     0.0003 :dif_cor     0.0076 : 0.         1.63648008 5.14882555 7.42924792 6.83619838 4.63855545  3.53212108
##  130 :lr 0.000444 :tot_ene    29.2210 :dif_ene     0.0003 :dif_cor     0.0038 : 0.         1.63647439 5.14877475 7.42895603 6.83607517 4.63859426  3.53212108
##  131 :lr 0.000533 :tot_ene    29.2209 :dif_ene     0.0001 :dif_cor     0.0020 : 0.         1.63647123 5.14878765 7.42893456 6.83604035 4.63853894  3.53212108
##  132 :lr 0.000640 :tot_ene    29.2208 :dif_ene     0.0001 :dif_cor     0.0019 : 0.         1.63647083 5.14880682 7.42891912 6.8359993  4.63847603  3.53212108
##  133 :lr 0.000768 :tot_ene    29.2207 :dif_ene     0.0002 :dif_cor     0.0022 : 0.         1.63646859 5.14882752 7.42889973 6.83595291 4.63839987  3.53212108
##  134 :lr 0.000921 :tot_ene    29.2205 :dif_ene     0.0002 :dif_cor     0.0026 : 0.         1.63646874 5.14885481 7.42888149 6.83589643 4.63831201  3.53212108
##  135 :lr 0.001105 :tot_ene    29.2204 :dif_ene     0.0002 :dif_cor     0.0034 : 0.         1.63646579 5.14888391 7.42886378 6.83583653 4.6382056  3.53212108
##  136 :lr 0.001327 :tot_ene    29.2203 :dif_ene     0.0003 :dif_cor     0.0051 : 0.         1.63647171 5.14893358 7.42891962 6.83579003 4.63808811  3.53212108
## rjct :lr 0.000663 :tot_ene    29.2215 :dif_ene     0.0016 :dif_cor     0.0109 : 0.         1.63645557 5.14904066 7.42981291 6.83617297 4.63793128  3.53212108
##  138 :lr 0.000796 :tot_ene    29.2202 :dif_ene     0.0001 :dif_cor     0.0054 : 0.         1.63646335 5.1489504  7.4289328  6.8357697  4.63800869  3.53212108
## rjct :lr 0.000398 :tot_ene    29.2205 :dif_ene     0.0004 :dif_cor     0.0074 : 0.         1.63647808 5.14901091 7.42914867 6.83580651 4.63793532  3.53212108
##  140 :lr 0.000478 :tot_ene    29.2200 :dif_ene     0.0003 :dif_cor     0.0037 : 0.         1.63647051 5.14896212 7.42881637 6.83567993 4.63797154  3.53212108
##  141 :lr 0.000573 :tot_ene    29.2199 :dif_ene     0.0001 :dif_cor     0.0022 : 0.         1.63646898 5.14897568 7.42879439 6.83564463 4.63791907  3.53212108
##  142 :lr 0.000688 :tot_ene    29.2198 :dif_ene     0.0001 :dif_cor     0.0021 : 0.         1.63647214 5.14899795 7.42878369 6.83560299 4.63786082  3.53212108
##  143 :lr 0.000825 :tot_ene    29.2197 :dif_ene     0.0002 :dif_cor     0.0025 : 0.         1.6364722  5.14901999 7.42876987 6.83555853 4.63778879  3.53212108
##  144 :lr 0.000990 :tot_ene    29.2196 :dif_ene     0.0002 :dif_cor     0.0031 : 0.         1.63647786 5.14905287 7.42876958 6.83550556 4.63770814  3.53212108
##  145 :lr 0.001188 :tot_ene    29.2196 :dif_ene     0.0002 :dif_cor     0.0048 : 0.         1.63647557 5.14908508 7.42882066 6.83547901 4.63760584  3.53212108
## rjct :lr 0.000594 :tot_ene    29.2206 :dif_ene     0.0012 :dif_cor     0.0095 : 0.         1.63649804 5.14919743 7.4295456  6.83571197 4.63750619  3.53212108
##  147 :lr 0.000713 :tot_ene    29.2195 :dif_ene     0.0001 :dif_cor     0.0047 : 0.         1.63648661 5.1491159  7.42881553 6.83542956 4.63755519  3.53212108
##  148 :lr 0.000856 :tot_ene    29.2195 :dif_ene     0.0002 :dif_cor     0.0055 : 0.         1.63648035 5.14913474 7.42886927 6.8354248  4.63747978  3.53212108
## rjct :lr 0.000428 :tot_ene    29.2200 :dif_ene     0.0007 :dif_cor     0.0084 : 0.         1.63650105 5.14921065 7.42927154 6.83552948 4.63741328  3.53212108
##  150 :lr 0.000513 :tot_ene    29.2193 :dif_ene     0.0003 :dif_cor     0.0042 : 0.         1.63649053 5.1491505  7.42873549 6.83532929 4.63744598  3.53212108
##  151 :lr 0.000616 :tot_ene    29.2192 :dif_ene     0.0001 :dif_cor     0.0027 : 0.         1.63648936 5.1491631  7.42870826 6.83529295 4.63739536  3.53212108
##  152 :lr 0.000739 :tot_ene    29.2191 :dif_ene     0.0001 :dif_cor     0.0026 : 0.         1.63649629 5.1491892  7.42870491 6.83525114 4.63734185  3.53212108
##  153 :lr 0.000887 :tot_ene    29.2190 :dif_ene     0.0001 :dif_cor     0.0033 : 0.         1.63649657 5.14921091 7.42870713 6.8352151  4.63727232  3.53212108
## rjct :lr 0.000444 :tot_ene    29.2191 :dif_ene     0.0002 :dif_cor     0.0048 : 0.         1.6365096  5.14925629 7.42879671 6.83519197 4.63720019  3.53212108
##  155 :lr 0.000532 :tot_ene    29.2189 :dif_ene     0.0001 :dif_cor     0.0024 : 0.         1.63650309 5.14923002 7.42868026 6.83517322 4.63723597  3.53212108
##  156 :lr 0.000639 :tot_ene    29.2189 :dif_ene     0.0001 :dif_cor     0.0020 : 0.         1.63650457 5.14924623 7.42866816 6.83514041 4.63718794  3.53212108
##  157 :lr 0.000766 :tot_ene    29.2188 :dif_ene     0.0001 :dif_cor     0.0021 : 0.         1.63651084 5.14927124 7.42866406 6.8350998  4.63713448  3.53212108
##  158 :lr 0.000920 :tot_ene    29.2187 :dif_ene     0.0001 :dif_cor     0.0026 : 0.         1.63651374 5.14929502 7.42865975 6.83505803 4.63706776  3.53212108
##  159 :lr 0.001104 :tot_ene    29.2187 :dif_ene     0.0002 :dif_cor     0.0037 : 0.         1.63652521 5.14933489 7.42869703 6.83501524 4.63699524  3.53212108
## rjct :lr 0.000552 :tot_ene    29.2190 :dif_ene     0.0005 :dif_cor     0.0068 : 0.         1.63652209 5.14937508 7.42900068 6.83509029 4.63689735  3.53212108
##  161 :lr 0.000662 :tot_ene    29.2186 :dif_ene     0.0001 :dif_cor     0.0034 : 0.         1.63652369 5.14934626 7.42866789 6.83497999 4.63694586  3.53212108
##  162 :lr 0.000795 :tot_ene    29.2186 :dif_ene     0.0001 :dif_cor     0.0035 : 0.         1.63653469 5.14937786 7.42868514 6.83494233 4.63689721  3.53212108
## rjct :lr 0.000397 :tot_ene    29.2186 :dif_ene     0.0002 :dif_cor     0.0048 : 0.         1.63653289 5.14939919 7.4287574  6.83493724 4.63682841  3.53212108
##  164 :lr 0.000477 :tot_ene    29.2184 :dif_ene     0.0001 :dif_cor     0.0024 : 0.         1.63653382 5.14938433 7.4286288  6.83490338 4.63686259  3.53212108
!! cvrg :lr 0.000477 :tot_ene    29.2184 :dif_ene     0.0001 :dif_cor     0.0015 : 0.         1.63653933 5.14940319 7.42862336 6.83487293 4.63682647  3.53212108
