##    0 :lr 0.010000 :tot_ene    81.1598 :dif_ene     0.0000 :dif_cor     0.0000 :  0.         22.44177295 36.24556949 12.03312415  5.40235066  3.14633734   1.89064558
##    1 :lr 0.009800 :tot_ene    85.5085 :dif_ene     8.3940 :dif_cor     1.0089 :  0.         23.6697191  35.01048232 17.17650862  4.74318414  3.01794377   1.89064558
##    2 :lr 0.009604 :tot_ene    85.8656 :dif_ene     4.2426 :dif_cor     0.4054 :  0.         22.96794549 35.87359865 15.93554112  5.49996832  3.69787651   1.89064558
##    3 :lr 0.009412 :tot_ene   107.0522 :dif_ene    21.1867 :dif_cor     0.6068 :  0.         23.49076376 36.70320699 23.20743848 12.67248955  9.08769256   1.89064558
##    4 :lr 0.009224 :tot_ene    84.5668 :dif_ene    22.5578 :dif_cor     0.3866 :  0.         21.80501533 36.73936912 15.12461151  5.96113128  3.04601338   1.89064558
##    5 :lr 0.009039 :tot_ene    91.4540 :dif_ene     8.1081 :dif_cor     0.3565 :  0.         21.19458646 37.27062897 15.99216384 11.5436026   3.56235538   1.89064558
##    6 :lr 0.008858 :tot_ene    84.4122 :dif_ene     7.1608 :dif_cor     0.2213 :  0.         20.97478346 37.33012915 15.16317618  6.04439998  3.00904415   1.89064558
##    7 :lr 0.008681 :tot_ene    89.3411 :dif_ene     5.9361 :dif_cor     0.2748 :  0.         20.47119102 37.63371394 15.48535765 10.61967669  3.24050485   1.89064558
##    8 :lr 0.008508 :tot_ene    84.2982 :dif_ene     5.1973 :dif_cor     0.1779 :  0.         20.30648723 37.7109113  15.28730008  6.11466198  2.98816936   1.89064558
##    9 :lr 0.008337 :tot_ene    88.0799 :dif_ene     4.5641 :dif_cor     0.2341 :  0.         19.91528586 37.89287949 15.4692161   9.81448805  3.09736977   1.89064558
##   10 :lr 0.008171 :tot_ene    84.1439 :dif_ene     4.0409 :dif_cor     0.1542 :  0.         19.77602241 37.94534266 15.38928075  6.16843938  2.97419722   1.89064558
##   11 :lr 0.008007 :tot_ene    87.1408 :dif_ene     3.5944 :dif_cor     0.2064 :  0.         19.47728024 38.05355145 15.56596354  9.12322651  3.03015012   1.89064558
##   12 :lr 0.007847 :tot_ene    83.9610 :dif_ene     3.2468 :dif_cor     0.1487 :  0.         19.36068777 38.08702129 15.45311943  6.20641387  2.96306984   1.89064558
##   13 :lr 0.007690 :tot_ene    86.3451 :dif_ene     2.8372 :dif_cor     0.1889 :  0.         19.13417286 38.15101435 15.64308496  8.53212329  2.99408438   1.89064558
##   14 :lr 0.007536 :tot_ene    83.7731 :dif_ene     2.6136 :dif_cor     0.1435 :  0.         19.03708675 38.17177593 15.48933265  6.23094362  2.95327749   1.89064558
##   15 :lr 0.007386 :tot_ene    85.6535 :dif_ene     2.2232 :dif_cor     0.1746 :  0.         18.86568227 38.20945815 15.68964376  8.02644557  2.97160173   1.89064558
##   16 :lr 0.007238 :tot_ene    83.5971 :dif_ene     2.0816 :dif_cor     0.1384 :  0.         18.78495876 38.22206172 15.51056912  6.24452174  2.94430034   1.89064558
##   17 :lr 0.007093 :tot_ene    85.0574 :dif_ene     1.7198 :dif_cor     0.1631 :  0.         18.65522794 38.244139   15.71831782  7.59336519  2.9556931   1.89064558
##   18 :lr 0.006951 :tot_ene    83.4418 :dif_ene     1.6305 :dif_cor     0.1337 :  0.         18.58807567 38.25160553 15.52636504  6.24916105  2.93598028   1.89064558
##   19 :lr 0.006812 :tot_ene    84.5507 :dif_ene     1.3055 :dif_cor     0.1541 :  0.         18.4897932  38.2644467  15.74026256  7.22221566  2.94338278   1.89064558
##   20 :lr 0.006676 :tot_ene    83.3114 :dif_ene     1.2479 :dif_cor     0.1299 :  0.         18.4338471  38.26871926 15.54349341  6.24635956  2.92830137   1.89064558
##   21 :lr 0.006543 :tot_ene    84.1265 :dif_ene     0.9642 :dif_cor     0.1470 :  0.         18.35932997 38.27610237 15.76300891  6.90412217  2.93332204   1.89064558
##   22 :lr 0.006412 :tot_ene    83.2074 :dif_ene     0.9238 :dif_cor     0.1269 :  0.         18.31262447 38.2784167  15.5671489   6.23722727  2.92132048   1.89064558
##   23 :lr 0.006283 :tot_ene    83.7777 :dif_ene     0.6833 :dif_cor     0.1417 :  0.         18.25612673 38.28257759 15.79187755  6.63161621  2.92487589   1.89064558
##   24 :lr 0.006158 :tot_ene    83.1312 :dif_ene     0.6488 :dif_cor     0.1247 :  0.         18.21704098 38.28371707 15.60204841  6.22261642  2.91515541   1.89064558
##   25 :lr 0.006035 :tot_ene    83.4983 :dif_ene     0.4527 :dif_cor     0.1378 :  0.         18.17427007 38.28597508 15.83135223  6.3983358   2.91775878   1.89064558
##   26 :lr 0.005914 :tot_ene    83.0853 :dif_ene     0.4140 :dif_cor     0.1236 :  0.         18.14147074 38.28643681 15.65348643  6.20322453  2.9100017   1.89064558
##   27 :lr 0.005796 :tot_ene    83.2843 :dif_ene     0.2724 :dif_cor     0.1355 :  0.         18.1092197  38.28756678 15.88622729  6.19880116  2.91188579   1.89064558
##   28 :lr 0.005680 :tot_ene    83.0744 :dif_ene     0.2102 :dif_cor     0.1235 :  0.         18.08160964 38.28766814 15.72861602  6.17967426  2.9061742   1.89064558
##   29 :lr 0.005566 :tot_ene    83.1347 :dif_ene     0.4114 :dif_cor     0.1348 :  0.         18.05748412 38.28812062 15.96284796  6.02824277  2.90731816   1.89064558
##   30 :lr 0.005455 :tot_ene    83.1081 :dif_ene     0.2752 :dif_cor     0.1248 :  0.         18.03415923 38.2880678  15.8384576   6.15258241  2.9041831   1.89064558
##   31 :lr 0.005346 :tot_ene    83.0528 :dif_ene     0.5205 :dif_cor     0.1363 :  0.         18.0163783  38.28809881 16.0709901   5.88246143  2.9042592   1.89064558
##   32 :lr 0.005239 :tot_ene    83.2042 :dif_ene     0.3302 :dif_cor     0.1278 :  0.         17.99659294 38.28803179 16.00140163  6.12263037  2.9048704   1.89064558
##   33 :lr 0.005134 :tot_ene    83.0501 :dif_ene     0.6054 :dif_cor     0.1402 :  0.         17.98384668 38.28777819 16.22707443  5.75770474  2.90308742   1.89064558
##   34 :lr 0.005031 :tot_ene    83.3964 :dif_ene     0.3800 :dif_cor     0.1330 :  0.         17.96698749 38.2878021  16.25062602  6.0906659   2.9096653   1.89064558
##   35 :lr 0.004931 :tot_ene    88.0926 :dif_ene     5.9989 :dif_cor     0.9798 :  0.         17.95865292 38.28713583 21.59817534  5.56159221  2.79641938   1.89064558
##   36 :lr 0.004832 :tot_ene    86.5250 :dif_ene     1.5677 :dif_cor     0.1398 :  0.         17.93816376 38.28719834 20.28297333  5.33830009  2.78774573   1.89064558
##   37 :lr 0.004735 :tot_ene    85.3366 :dif_ene     1.1893 :dif_cor     0.1394 :  0.         17.91754559 38.28761569 19.20061683  5.25983375  2.78033165   1.89064558
##   38 :lr 0.004641 :tot_ene    84.4741 :dif_ene     0.9507 :dif_cor     0.1199 :  0.         17.8996006  38.28765224 18.31193203  5.30131118  2.78291532   1.89064558
##   39 :lr 0.004548 :tot_ene    83.7033 :dif_ene     0.7709 :dif_cor     0.1203 :  0.         17.8834749  38.28770966 17.72324193  5.14203193  2.77620592   1.89064558
##   40 :lr 0.004457 :tot_ene    83.3847 :dif_ene     0.7360 :dif_cor     0.1076 :  0.         17.86873795 38.28767406 17.2107284   5.34286494  2.78405463   1.89064558
##   41 :lr 0.004368 :tot_ene    82.8326 :dif_ene     0.5521 :dif_cor     0.1052 :  0.         17.85702049 38.28747436 16.96439301  5.058223    2.77487078   1.89064558
##   42 :lr 0.004281 :tot_ene    82.8866 :dif_ene     0.6119 :dif_cor     0.0970 :  0.         17.84542111 38.28739181 16.69714826  5.37803069  2.78799527   1.89064558
##   43 :lr 0.004195 :tot_ene    82.4035 :dif_ene     0.4832 :dif_cor     0.0921 :  0.         17.83718931 38.28705059 16.61803034  4.99566354  2.77487294   1.89064558
##   44 :lr 0.004111 :tot_ene    82.6599 :dif_ene     0.5759 :dif_cor     0.0887 :  0.         17.82840146 38.28695782 16.46721431  5.39143799  2.79526727   1.89064558
##   45 :lr 0.004029 :tot_ene    82.1677 :dif_ene     0.4922 :dif_cor     0.0843 :  0.         17.82275218 38.28654642 16.44333021  4.94808448  2.77631924   1.89064558
##   46 :lr 0.003948 :tot_ene    82.5184 :dif_ene     0.5845 :dif_cor     0.0840 :  0.         17.81637517 38.28647244 16.33290701  5.38399188  2.80799186   1.89064558
##   47 :lr 0.003869 :tot_ene    81.9955 :dif_ene     0.5229 :dif_cor     0.0798 :  0.         17.8126254  38.28602847 16.31543432  4.91052248  2.78025698   1.89064558
##   48 :lr 0.003792 :tot_ene    82.3993 :dif_ene     0.5983 :dif_cor     0.0827 :  0.         17.80824371 38.28599178 16.22259886  5.36212475  2.82965796   1.89064558
##   49 :lr 0.003716 :tot_ene    81.8448 :dif_ene     0.5545 :dif_cor     0.0814 :  0.         17.80590799 38.28553396 16.19421204  4.87995957  2.78849477   1.89064558
##   50 :lr 0.003642 :tot_ene    82.2140 :dif_ene     0.5080 :dif_cor     0.0837 :  0.         17.80311681 38.28549498 16.12766143  5.25545329  2.85158949   1.89064558
##   51 :lr 0.003569 :tot_ene    81.7738 :dif_ene     0.4402 :dif_cor     0.0855 :  0.         17.80177612 38.28511135 16.08193451  4.90340341  2.8109065   1.89064558
##   52 :lr 0.003497 :tot_ene    82.1338 :dif_ene     0.4205 :dif_cor     0.0907 :  0.         17.80014661 38.28506461 16.05336276  5.22052135  2.88406006   1.89064558
##   53 :lr 0.003428 :tot_ene    81.6745 :dif_ene     0.4593 :dif_cor     0.0897 :  0.         17.7996228  38.28470539 15.98821818  4.88163828  2.82970291   1.89064558
##   54 :lr 0.003359 :tot_ene    81.9669 :dif_ene     0.2943 :dif_cor     0.0928 :  0.         17.79873057 38.28462459 15.99395417  5.10190876  2.89701034   1.89064558
##   55 :lr 0.003292 :tot_ene    81.7089 :dif_ene     0.2581 :dif_cor     0.0954 :  0.         17.79877966 38.28438189 15.93810227  4.92340299  2.87358103   1.89064558
##   56 :lr 0.003226 :tot_ene    81.9690 :dif_ene     0.2610 :dif_cor     0.1030 :  0.         17.79841211 38.28428172 15.97236348  5.09537222  2.92790196   1.89064558
##   57 :lr 0.003161 :tot_ene    81.6390 :dif_ene     0.3309 :dif_cor     0.0991 :  0.         17.79885847 38.28404813 15.89466199  4.88670074  2.88404392   1.89064558
##   58 :lr 0.003098 :tot_ene    81.8101 :dif_ene     0.1716 :dif_cor     0.1022 :  0.         17.7987508  38.28393334 15.92817954  4.99218695  2.91640368   1.89064558
##   59 :lr 0.003036 :tot_ene    81.4871 :dif_ene     0.3240 :dif_cor     0.0938 :  0.         17.79927663 38.28374117 15.82919987  4.8217348   2.86252549   1.89064558
##   60 :lr 0.002976 :tot_ene    81.5333 :dif_ene     0.0465 :dif_cor     0.0921 :  0.         17.79924636 38.28362214 15.8292983   4.863501    2.8669911   1.89064558
!! cvrg :lr 0.002976 :tot_ene    81.5333 :dif_ene     0.0465 :dif_cor     0.0921 :  0.         17.79924636 38.28362214 15.8292983   4.863501    2.8669911   1.89064558
