itr_steps: 9 9.817066604078661e-11 0.22634142632564455
itr_steps: 3 3.827163586045401e-11 0.22426083137413363
itr_steps: 3 8.831019249200267e-12 0.2260673859773199
itr_steps: 2 8.570588350131914e-09 0.2243268385747276
itr_steps: 3 9.493572594720945e-12 0.2244396744731351
itr_steps: 3 2.7505497879332097e-12 0.22574156677781124
itr_steps: 3 7.026740300730694e-12 0.22557243221643805
itr_steps: 2 5.709357736582987e-09 0.22568178133922823
itr_steps: 3 4.3135384153458745e-11 0.22686933572456783
itr_steps: 3 1.3597312165103403e-10 0.22872408529788749
itr_steps: 3 3.2970245977814727e-10 0.23196324331854942
itr_steps: 3 5.68339819650987e-12 0.23158754004753357
itr_steps: 3 1.6319515183660371e-10 0.23263101752653567
itr_steps: 3 1.2934014970156227e-11 0.23312126863687774
itr_steps: 3 7.468164975321656e-11 0.23384684767182976
itr_steps: 3 1.2190151665869564e-10 0.23484961476585509
itr_steps: 3 1.8770790477518062e-10 0.23583828366220613
itr_steps: 3 3.166737427839905e-10 0.2377533467913687
itr_steps: 3 5.563743910030894e-12 0.23753280245857453
itr_steps: 3 1.1365824947873193e-10 0.23829762488624537
itr_steps: 3 1.4712309148734448e-10 0.2390760511427629
itr_steps: 3 2.1424950702453316e-10 0.2403974315639816
itr_steps: 3 3.390476788212027e-11 0.24047207054215822
itr_steps: 3 7.618139452603145e-11 0.24137131569260295
itr_steps: 3 6.920769513030223e-12 0.24134641963619222
itr_steps: 5 7.16187942284563e-11 0.23163529405129632
itr_steps: 3 3.937933312769815e-12 0.2414947229577676
itr_steps: 5 6.998734924934524e-11 0.2316418036834953
itr_steps: 5 6.970835020325694e-11 0.23158772085449983
itr_steps: 2 1.103400842916713e-09 0.2415375402956225
