##    0 :lr 0.010000 :tot_ene   183.6013 :dif_ene     0.0000 :dif_cor     0.0000 :  0.          9.18381383 27.75152012 49.49450817 61.7110503  33.56987179   1.89056164
##    1 :lr 0.012000 :tot_ene   134.6499 :dif_ene   128.1206 :dif_cor     8.5444 :  0.         30.08980974 46.43011201 35.5447108  15.94860499  4.74612999   1.89056164
##    2 :lr 0.014400 :tot_ene   130.4594 :dif_ene    19.2624 :dif_cor     0.7293 :  0.         28.14544214 42.84608307 31.44522468 13.85003262 12.28205088   1.89056164
##    3 :lr 0.007200 :tot_ene   134.8155 :dif_ene    13.3036 :dif_cor     0.7154 :  0.         27.44191278 41.50625558 29.01484047 14.44222637 20.51970169   1.89056164
##    4 :lr 0.008640 :tot_ene   110.1993 :dif_ene    24.6162 :dif_cor     0.3738 :  0.         26.42682226 41.0278986  27.25530095  9.03336649  4.56537551   1.89056164
##    5 :lr 0.010368 :tot_ene   109.1545 :dif_ene    11.8376 :dif_cor     0.4398 :  0.         25.25296108 39.7300441  24.21433025  8.10485133  9.96173083   1.89056164
##    6 :lr 0.012442 :tot_ene   107.3584 :dif_ene     4.0152 :dif_cor     0.3509 :  0.         24.9225369  39.2133361  22.55242036  7.7082409  11.071308   1.89056164
##    7 :lr 0.006221 :tot_ene   109.4083 :dif_ene     7.9082 :dif_cor     0.4339 :  0.         24.17893056 38.7421078  20.95762114  7.58874362 16.05033038   1.89056164
##    8 :lr 0.007465 :tot_ene    95.8910 :dif_ene    13.5173 :dif_cor     0.1748 :  0.         24.01816261 38.63474408 20.53473626  7.43873868  3.37402741   1.89056164
##    9 :lr 0.008958 :tot_ene    92.8811 :dif_ene     3.0193 :dif_cor     0.2165 :  0.         23.46975419 38.19447613 18.73073733  7.21686023  3.3787434   1.89056164
##   10 :lr 0.010750 :tot_ene    90.3524 :dif_ene     2.8671 :dif_cor     0.2650 :  0.         22.9672136  37.78199661 16.95923493  7.20550071  3.54793649   1.89056164
##   11 :lr 0.005375 :tot_ene    95.9252 :dif_ene     8.1487 :dif_cor     0.4030 :  0.         23.13970106 37.38582689 16.06740644 11.16543422  6.2762224   1.89056164
##   12 :lr 0.006450 :tot_ene    87.3545 :dif_ene     8.5706 :dif_cor     0.2551 :  0.         22.52556735 37.34540912 15.21386212  6.59029502  3.78883244   1.89056164
##   13 :lr 0.003225 :tot_ene    88.9198 :dif_ene     2.7241 :dif_cor     0.2359 :  0.         22.37151217 37.2120487  15.06433159  6.44785508  5.93352723   1.89056164
##   14 :lr 0.003870 :tot_ene    85.4478 :dif_ene     3.4774 :dif_cor     0.1098 :  0.         22.37418687 37.1356845  14.34827509  6.38807701  3.31098796   1.89056164
##   15 :lr 0.004644 :tot_ene    84.9029 :dif_ene     0.5448 :dif_cor     0.0798 :  0.         22.32728623 37.04590525 14.04125896  6.29084942  3.3070636   1.89056164
##   16 :lr 0.005573 :tot_ene    84.3159 :dif_ene     0.6298 :dif_cor     0.0904 :  0.         22.30518695 36.93323589 13.68829538  6.17016881  3.32846781   1.89056164
##   17 :lr 0.006687 :tot_ene    83.9271 :dif_ene     0.8177 :dif_cor     0.1238 :  0.         22.24992131 36.83367408 13.3647923   6.04521811  3.54293632   1.89056164
##   18 :lr 0.003344 :tot_ene    85.2988 :dif_ene     3.0573 :dif_cor     0.1812 :  0.         22.34481279 36.65840621 12.88306969  5.85943207  5.66252544   1.89056164
##   19 :lr 0.004012 :tot_ene    82.7935 :dif_ene     2.5356 :dif_cor     0.1097 :  0.         22.25773789 36.65900711 12.89760489  5.84763135  3.24091965   1.89056164
##   20 :lr 0.004815 :tot_ene    82.4597 :dif_ene     0.3931 :dif_cor     0.0647 :  0.         22.28740982 36.57890992 12.70433391  5.75976522  3.23874337   1.89056164
##   21 :lr 0.005778 :tot_ene    82.1835 :dif_ene     0.4009 :dif_cor     0.0878 :  0.         22.29468584 36.50769874 12.52809199  5.668679    3.29377867   1.89056164
##   22 :lr 0.002889 :tot_ene    82.3709 :dif_ene     1.0995 :dif_cor     0.1229 :  0.         22.38371834 36.41784927 12.28188749  5.54871126  3.8481813   1.89056164
##   23 :lr 0.003467 :tot_ene    81.9784 :dif_ene     0.3925 :dif_cor     0.1085 :  0.         22.35094668 36.39047084 12.25130776  5.51777487  3.57730955   1.89056164
##   24 :lr 0.001733 :tot_ene    82.0334 :dif_ene     0.7047 :dif_cor     0.1136 :  0.         22.45049634 36.30828572 12.08318546  5.44326133  3.85762292   1.89056164
##   25 :lr 0.002080 :tot_ene    81.2311 :dif_ene     0.8023 :dif_cor     0.0629 :  0.         22.42339789 36.26907005 12.07156562  5.42448429  3.15203881   1.89056164
## rjct :lr 0.001040 :tot_ene    88.8012 :dif_ene    11.6159 :dif_cor     0.8933 :  0.         20.82613274 37.46088251 20.47273712  5.0577981   3.09308542   1.89056164
##   27 :lr 0.001248 :tot_ene    81.1761 :dif_ene     0.0829 :dif_cor     0.0130 :  0.         22.43735667 36.25107584 12.04185698  5.40749148  3.14775242   1.89056164
## rjct :lr 0.000624 :tot_ene    88.7846 :dif_ene    11.6466 :dif_cor     0.8982 :  0.         20.82925287 37.45825914 20.46222249  5.05380643  3.09045904   1.89056164
## rjct :lr 0.000312 :tot_ene    88.8250 :dif_ene    11.6682 :dif_cor     0.8991 :  0.         20.82765737 37.4616942  20.48980381  5.06320079  3.09210915   1.89056164
!! cvrg :lr 0.000312 :tot_ene    81.1601 :dif_ene     0.0249 :dif_cor     0.0038 :  0.         22.44177155 36.24563385 12.03308111  5.40248521  3.14652252   1.89056164
