##    0 :lr 0.010000 :tot_ene   300.6554 :dif_ene     0.0000 :dif_cor     0.0000 :  0.         10.99682929 45.73178255 83.4641978  75.667659   47.37768957  37.41727735
##    1 :lr 0.009800 :tot_ene   297.1571 :dif_ene     8.7948 :dif_cor     0.2602 :  0.         10.18305614 42.80313729 81.06004891 77.5661593  48.12746604  37.41727735
##    2 :lr 0.009604 :tot_ene   301.5416 :dif_ene    11.2500 :dif_cor     0.3369 :  0.         11.2826657  46.6589057  83.92189779 75.13261407 47.12820573  37.41727735
##    3 :lr 0.009412 :tot_ene   304.4253 :dif_ene     7.7263 :dif_cor     0.2513 :  0.         12.18726999 49.6046922  85.376514   73.37204375 46.46750937  37.41727735
##    4 :lr 0.009224 :tot_ene   306.4945 :dif_ene     5.4204 :dif_cor     0.1927 :  0.         12.93754624 51.87709598 86.09862493 72.13076033 46.03318318  37.41727735
##    5 :lr 0.009039 :tot_ene   308.1635 :dif_ene     3.9686 :dif_cor     0.1539 :  0.         13.57760156 53.69492323 86.45957446 71.26209615 45.75204007  37.41727735
##    6 :lr 0.008858 :tot_ene   309.6460 :dif_ene     3.0380 :dif_cor     0.1289 :  0.         14.13835294 55.21164761 86.64230389 70.65824346 45.57812842  37.41727735
##    7 :lr 0.008681 :tot_ene   311.0446 :dif_ene     2.4193 :dif_cor     0.1127 :  0.         14.63877392 56.52614269 86.73634151 70.24380524 45.48222233  37.41727735
##    8 :lr 0.008508 :tot_ene   312.4037 :dif_ene     1.9804 :dif_cor     0.1036 :  0.         15.08820816 57.69746848 86.78536467 69.96944736 45.445935  37.41727735
##    9 :lr 0.008337 :tot_ene   313.7333 :dif_ene     1.6632 :dif_cor     0.0988 :  0.         15.48935954 58.75570748 86.81118235 69.80263112 45.45714227  37.41727735
##   10 :lr 0.008171 :tot_ene   315.0257 :dif_ene     1.4526 :dif_cor     0.0957 :  0.         15.84115631 59.71236661 86.82482637 69.72249175 45.50753793  37.41727735
##   11 :lr 0.008007 :tot_ene   316.2634 :dif_ene     1.2515 :dif_cor     0.0934 :  0.         16.14080493 60.56678107 86.83199345 69.71561552 45.59093504  37.41727735
##   12 :lr 0.007847 :tot_ene   317.4265 :dif_ene     1.1631 :dif_cor     0.0906 :  0.         16.38568125 61.31231619 86.83567016 69.77334541 45.7021881  37.41727735
##   13 :lr 0.007690 :tot_ene   318.4959 :dif_ene     1.0694 :dif_cor     0.0872 :  0.         16.57446591 61.94051278 86.83744868 69.8897407  45.83646455  37.41727735
##   14 :lr 0.007536 :tot_ene   319.4566 :dif_ene     0.9607 :dif_cor     0.0838 :  0.         16.70788005 62.44438444 86.83819008 70.06006904 45.98875996  37.41727735
##   15 :lr 0.007386 :tot_ene   320.2980 :dif_ene     0.8414 :dif_cor     0.0804 :  0.         16.78884113 62.82025845 86.83836647 70.27963956 46.15362377  37.41727735
##   16 :lr 0.007238 :tot_ene   321.0144 :dif_ene     0.7166 :dif_cor     0.0790 :  0.         16.82226631 63.06860239 86.83823979 70.54292374 46.32507161  37.41727735
##   17 :lr 0.007093 :tot_ene   321.6034 :dif_ene     0.6049 :dif_cor     0.0789 :  0.         16.81460791 63.19394727 86.8379567  70.84296872 46.49668013  37.41727735
##   18 :lr 0.006951 :tot_ene   322.0654 :dif_ene     0.5453 :dif_cor     0.0790 :  0.         16.7732929  63.20427917 86.83759979 71.1711408  46.66184324  37.41727735
##   19 :lr 0.006812 :tot_ene   322.4022 :dif_ene     0.6600 :dif_cor     0.0793 :  0.         16.70617096 63.1101684  86.83721548 71.51723375 46.81414863  37.41727735
##   20 :lr 0.006676 :tot_ene   322.6168 :dif_ene     0.7582 :dif_cor     0.0790 :  0.         16.62104699 62.92386818 86.83682952 71.86993243 46.94780792  37.41727735
##   21 :lr 0.006543 :tot_ene   322.7132 :dif_ene     0.8193 :dif_cor     0.0780 :  0.         16.52532745 62.65851621 86.8364557  72.21755112 47.05805974  37.41727735
##   22 :lr 0.006412 :tot_ene   322.6970 :dif_ene     0.8457 :dif_cor     0.0762 :  0.         16.42578027 62.32750172 86.83610076 72.54889825 47.14146918  37.41727735
##   23 :lr 0.006283 :tot_ene   322.5756 :dif_ene     0.8410 :dif_cor     0.0742 :  0.         16.3283905  61.9440071  86.83576731 72.85408871 47.19607277  37.41727735
##   24 :lr 0.006158 :tot_ene   322.3582 :dif_ene     0.8101 :dif_cor     0.0718 :  0.         16.23828709 61.52070199 86.83545552 73.12514935 47.22135652  37.41727735
##   25 :lr 0.006035 :tot_ene   322.0561 :dif_ene     0.7645 :dif_cor     0.0692 :  0.         16.15971649 61.06955974 86.83516418 73.35633365 47.2180922  37.41727735
##   26 :lr 0.005914 :tot_ene   321.6822 :dif_ene     0.7496 :dif_cor     0.0666 :  0.         16.09604342 60.60175942 86.83489135 73.54414381 47.18808111  37.41727735
##   27 :lr 0.005796 :tot_ene   321.2503 :dif_ene     0.7178 :dif_cor     0.0651 :  0.         16.04976462 60.12764415 86.83463486 73.68712284 47.13386091  37.41727735
##   28 :lr 0.005680 :tot_ene   320.7748 :dif_ene     0.6722 :dif_cor     0.0646 :  0.         16.02252694 59.65671065 86.83439255 73.78550736 47.05842175  37.41727735
##   29 :lr 0.005566 :tot_ene   320.2700 :dif_ene     0.6155 :dif_cor     0.0646 :  0.         16.01514616 59.19761133 86.83416252 73.84082891 46.96496245  37.41727735
##   30 :lr 0.005455 :tot_ene   319.7492 :dif_ene     0.5751 :dif_cor     0.0651 :  0.         16.02762696 58.7581557  86.83394324 73.85552921 46.85670018  37.41727735
##   31 :lr 0.005346 :tot_ene   319.2249 :dif_ene     0.5875 :dif_cor     0.0670 :  0.         16.05918732 58.3453022  86.83373355 73.83262782 46.73673516  37.41727735
##   32 :lr 0.005239 :tot_ene   318.7077 :dif_ene     0.6154 :dif_cor     0.0700 :  0.         16.10829268 57.96513577 86.83353267 73.77545785 46.60796366  37.41727735
##   33 :lr 0.005134 :tot_ene   318.2067 :dif_ene     0.6298 :dif_cor     0.0728 :  0.         16.17270601 57.62282993 86.83334015 73.6874697  46.47302957  37.41727735
##   34 :lr 0.005031 :tot_ene   317.7290 :dif_ene     0.6314 :dif_cor     0.0754 :  0.         16.24955946 57.32259536 86.83315577 73.57209411 46.3343045  37.41727735
##   35 :lr 0.004931 :tot_ene   317.2799 :dif_ene     0.6209 :dif_cor     0.0777 :  0.         16.33545163 57.06761984 86.83297947 73.43265272 46.19388729  37.41727735
##   36 :lr 0.004832 :tot_ene   316.8626 :dif_ene     0.5995 :dif_cor     0.0797 :  0.         16.42657168 56.86000747 86.83281124 73.27230499 46.05361579  37.41727735
##   37 :lr 0.004735 :tot_ene   316.4786 :dif_ene     0.5685 :dif_cor     0.0812 :  0.         16.51884768 56.70072721 86.8326511  73.09401849 45.91508578  37.41727735
##   38 :lr 0.004641 :tot_ene   316.1277 :dif_ene     0.5294 :dif_cor     0.0823 :  0.         16.60811326 56.58958127 86.83249903 72.90055838 45.7796732  37.41727735
##   39 :lr 0.004548 :tot_ene   315.8082 :dif_ene     0.4839 :dif_cor     0.0829 :  0.         16.69028163 56.5252067  86.83235494 72.69448647 45.64855732  37.41727735
##   40 :lr 0.004457 :tot_ene   315.5170 :dif_ene     0.4336 :dif_cor     0.0830 :  0.         16.76151599 56.50511786 86.83221868 72.47816717 45.52274349  37.41727735
##   41 :lr 0.004368 :tot_ene   315.2504 :dif_ene     0.4217 :dif_cor     0.0826 :  0.         16.81838266 56.52579751 86.83209005 72.25377728 45.40308444  37.41727735
##   42 :lr 0.004281 :tot_ene   315.0037 :dif_ene     0.4400 :dif_cor     0.0818 :  0.         16.85797561 56.58283731 86.8319688  72.02331782 45.2903  37.41727735
##   43 :lr 0.004195 :tot_ene   314.7719 :dif_ene     0.4484 :dif_cor     0.0806 :  0.         16.87800392 56.67112261 86.83185463 71.7886267  45.18499481  37.41727735
##   44 :lr 0.004111 :tot_ene   314.5500 :dif_ene     0.4498 :dif_cor     0.0790 :  0.         16.87683793 56.78505025 86.83174721 71.55139179 45.08767411  37.41727735
##   45 :lr 0.004029 :tot_ene   314.3331 :dif_ene     0.4843 :dif_cor     0.0771 :  0.         16.85351448 56.91876357 86.83164623 71.31316388 44.99875759  37.41727735
##   46 :lr 0.003948 :tot_ene   314.1169 :dif_ene     0.5115 :dif_cor     0.0748 :  0.         16.80770552 57.06638625 86.83155133 71.07536925 44.91859144  37.41727735
##   47 :lr 0.003869 :tot_ene   313.8974 :dif_ene     0.5312 :dif_cor     0.0724 :  0.         16.7396578  57.22223743 86.83146219 70.83932167 44.8474584  37.41727735
##   48 :lr 0.003792 :tot_ene   313.6716 :dif_ene     0.5434 :dif_cor     0.0698 :  0.         16.65011226 57.38101381 86.83137849 70.60623363 44.78558625  37.41727735
##   49 :lr 0.003716 :tot_ene   313.4371 :dif_ene     0.5483 :dif_cor     0.0670 :  0.         16.54021257 57.53792932 86.8312999  70.37722658 44.73315446  37.41727735
##   50 :lr 0.003642 :tot_ene   313.1924 :dif_ene     0.5465 :dif_cor     0.0641 :  0.         16.41141078 57.68880872 86.83122612 70.15334006 44.6902994  37.41727735
##   51 :lr 0.003569 :tot_ene   312.9366 :dif_ene     0.5384 :dif_cor     0.0611 :  0.         16.26537663 57.83013639 86.83115687 69.93553973 44.65711809  37.41727735
##   52 :lr 0.003497 :tot_ene   312.6697 :dif_ene     0.5247 :dif_cor     0.0581 :  0.         16.1039152  57.95906564 86.83109186 69.72472402 44.63367061  37.41727735
##   53 :lr 0.003428 :tot_ene   312.3923 :dif_ene     0.5061 :dif_cor     0.0552 :  0.         15.9288955  58.07339611 86.83103084 69.52172971 44.61998151  37.41727735
##   54 :lr 0.003359 :tot_ene   312.1053 :dif_ene     0.4832 :dif_cor     0.0527 :  0.         15.7421914  58.1715277  86.83097355 69.32733636 44.61604041  37.41727735
##   55 :lr 0.003292 :tot_ene   311.8103 :dif_ene     0.4683 :dif_cor     0.0510 :  0.         15.54563479 58.25239918 86.83091976 69.14226905 44.62180083  37.41727735
##   56 :lr 0.003226 :tot_ene   311.5089 :dif_ene     0.4582 :dif_cor     0.0497 :  0.         15.34098019 58.3154188  86.83086925 68.96720125 44.63718031  37.41727735
##   57 :lr 0.003161 :tot_ene   311.2032 :dif_ene     0.4454 :dif_cor     0.0485 :  0.         15.12987959 58.36039242 86.83082179 68.80275571 44.66205836  37.41727735
##   58 :lr 0.003098 :tot_ene   310.8952 :dif_ene     0.4306 :dif_cor     0.0475 :  0.         14.91386591 58.38745367 86.8307772  68.64950506 44.69627492  37.41727735
##   59 :lr 0.003036 :tot_ene   310.5870 :dif_ene     0.4140 :dif_cor     0.0467 :  0.         14.69434362 58.39699877 86.83073527 68.50797161 44.7396286  37.41727735
##   60 :lr 0.002976 :tot_ene   315.4582 :dif_ene     5.3296 :dif_cor     0.4743 :  0.         14.47258505 58.38962801 86.83069584 70.83783466 47.51021089  37.41727735
##   61 :lr 0.002916 :tot_ene   314.7735 :dif_ene     0.6847 :dif_cor     0.0504 :  0.         14.24961234 58.36564468 86.83066058 70.71868294 47.19166546  37.41727735
##   62 :lr 0.002858 :tot_ene   314.2357 :dif_ene     0.5379 :dif_cor     0.0448 :  0.         14.02655351 58.32634104 86.83062774 70.60632149 47.02854244  37.41727735
##   63 :lr 0.002801 :tot_ene   313.7470 :dif_ene     0.4887 :dif_cor     0.0411 :  0.         13.80430442 58.27266934 86.83059709 70.50333017 46.91877267  37.41727735
##   64 :lr 0.002745 :tot_ene   313.2778 :dif_ene     0.4691 :dif_cor     0.0383 :  0.         13.58364522 58.20561834 86.83056843 70.40921905 46.83147477  37.41727735
##   65 :lr 0.002690 :tot_ene   312.8180 :dif_ene     0.4598 :dif_cor     0.0360 :  0.         13.3652491  58.12619036 86.83054157 70.32300023 46.75572325  37.41727735
##   66 :lr 0.002636 :tot_ene   312.3637 :dif_ene     0.4543 :dif_cor     0.0341 :  0.         13.1496917  58.03538419 86.83051636 70.24373855 46.68704222  37.41727735
##   67 :lr 0.002583 :tot_ene   311.9134 :dif_ene     0.4503 :dif_cor     0.0324 :  0.         12.93745981 57.93417953 86.83049264 70.17063769 46.62331762  37.41727735
##   68 :lr 0.002531 :tot_ene   311.4667 :dif_ene     0.4467 :dif_cor     0.0309 :  0.         12.72896044 57.82352765 86.83047029 70.1030254  46.5634138  37.41727735
##   69 :lr 0.002481 :tot_ene   311.0236 :dif_ene     0.4431 :dif_cor     0.0296 :  0.         12.52452925 57.70434342 86.83044919 70.04032595 46.50665256  37.41727735
##   70 :lr 0.002431 :tot_ene   310.5843 :dif_ene     0.4393 :dif_cor     0.0287 :  0.         12.3244384  57.57750004 86.83042924 69.98203814 46.45259427  37.41727735
##   71 :lr 0.002383 :tot_ene   310.1491 :dif_ene     0.4352 :dif_cor     0.0279 :  0.         12.12890393 57.44382567 86.83041034 69.92772035 46.40093547  37.41727735
##   72 :lr 0.002335 :tot_ene   309.7183 :dif_ene     0.4308 :dif_cor     0.0272 :  0.         11.93809251 57.30410148 86.83039241 69.87698042 46.3514558  37.41727735
##   73 :lr 0.002288 :tot_ene   309.2923 :dif_ene     0.4260 :dif_cor     0.0265 :  0.         11.7521276  57.15906104 86.83037537 69.82946885 46.30398822  37.41727735
##   74 :lr 0.002242 :tot_ene   308.8714 :dif_ene     0.4209 :dif_cor     0.0258 :  0.         11.571095   57.0093904  86.83035917 69.78487361 46.25840117  37.41727735
##   75 :lr 0.002198 :tot_ene   308.4559 :dif_ene     0.4155 :dif_cor     0.0252 :  0.         11.39504787 56.85572898 86.83034373 69.74291608 46.21458733  37.41727735
##   76 :lr 0.002154 :tot_ene   308.0461 :dif_ene     0.4098 :dif_cor     0.0245 :  0.         11.22401118 56.69867092 86.83032902 69.70334768 46.17245634  37.41727735
##   77 :lr 0.002111 :tot_ene   307.6422 :dif_ene     0.4039 :dif_cor     0.0239 :  0.         11.05798574 56.53876678 86.83031497 69.66594675 46.13192999  37.41727735
##   78 :lr 0.002068 :tot_ene   307.2445 :dif_ene     0.3977 :dif_cor     0.0234 :  0.         10.89695171 56.37652542 86.83030156 69.63051591 46.09293886  37.41727735
##   79 :lr 0.002027 :tot_ene   306.8532 :dif_ene     0.3914 :dif_cor     0.0228 :  0.         10.74087171 56.21241616 86.83028872 69.59687952 46.0554201  37.41727735
##   80 :lr 0.001986 :tot_ene   306.4683 :dif_ene     0.3848 :dif_cor     0.0222 :  0.         10.58969362 56.04687085 86.83027644 69.56488138 46.01931585  37.41727735
##   81 :lr 0.001947 :tot_ene   306.0901 :dif_ene     0.3782 :dif_cor     0.0217 :  0.         10.44335294 55.88028611 86.83026468 69.53438271 45.98457214  37.41727735
##   82 :lr 0.001908 :tot_ene   305.7187 :dif_ene     0.3714 :dif_cor     0.0212 :  0.         10.30177498 55.71302546 86.8302534  69.50526019 45.95113808  37.41727735
##   83 :lr 0.001870 :tot_ene   305.3542 :dif_ene     0.3645 :dif_cor     0.0206 :  0.         10.16487662 55.54542146 86.83024259 69.47740428 45.91896535  37.41727735
##   84 :lr 0.001832 :tot_ene   304.9966 :dif_ene     0.3576 :dif_cor     0.0202 :  0.         10.03256801 55.37777778 86.83023221 69.45071764 45.88800775  37.41727735
##   85 :lr 0.001796 :tot_ene   304.6460 :dif_ene     0.3506 :dif_cor     0.0197 :  0.          9.9047539  55.2103711  86.83022224 69.42511371 45.85822098  37.41727735
##   86 :lr 0.001760 :tot_ene   304.3024 :dif_ene     0.3436 :dif_cor     0.0193 :  0.          9.78133489 55.04345311 86.83021266 69.4005155  45.82956238  37.41727735
##   87 :lr 0.001725 :tot_ene   303.9658 :dif_ene     0.3366 :dif_cor     0.0188 :  0.          9.66220845 54.87725218 86.83020345 69.37685444 45.80199078  37.41727735
##   88 :lr 0.001690 :tot_ene   303.6363 :dif_ene     0.3295 :dif_cor     0.0184 :  0.          9.54726985 54.71197514 86.83019459 69.35406936 45.77546644  37.41727735
##   89 :lr 0.001656 :tot_ene   303.3137 :dif_ene     0.3225 :dif_cor     0.0180 :  0.          9.43641291 54.54780881 86.83018607 69.33210562 45.7499509  37.41727735
##   90 :lr 0.001623 :tot_ene   302.9982 :dif_ene     0.3155 :dif_cor     0.0176 :  0.          9.32953067 54.38492153 86.83017786 69.31091434 45.72540698  37.41727735
##   91 :lr 0.001591 :tot_ene   302.6897 :dif_ene     0.3086 :dif_cor     0.0172 :  0.          9.22651596 54.22346455 86.83016996 69.29045166 45.7017987  37.41727735
##   92 :lr 0.001559 :tot_ene   302.3880 :dif_ene     0.3016 :dif_cor     0.0168 :  0.          9.12726185 54.06357329 86.83016235 69.27067816 45.67909122  37.41727735
##   93 :lr 0.001528 :tot_ene   302.0933 :dif_ene     0.2948 :dif_cor     0.0164 :  0.          9.03166209 53.90536862 86.83015501 69.2515583  45.65725084  37.41727735
##   94 :lr 0.001497 :tot_ene   301.8053 :dif_ene     0.2880 :dif_cor     0.0161 :  0.          8.93961142 53.74895796 86.83014794 69.23305993 45.63624497  37.41727735
##   95 :lr 0.001467 :tot_ene   301.5241 :dif_ene     0.2812 :dif_cor     0.0157 :  0.          8.85100585 53.59443632 86.83014111 69.2151539  45.61604209  37.41727735
##   96 :lr 0.001438 :tot_ene   301.2495 :dif_ene     0.2746 :dif_cor     0.0154 :  0.          8.76574292 53.44188727 86.83013453 69.19781369 45.59661173  37.41727735
##   97 :lr 0.001409 :tot_ene   300.9815 :dif_ene     0.2680 :dif_cor     0.0150 :  0.          8.68372182 53.29138375 86.83012818 69.18101499 45.57792436  37.41727735
##   98 :lr 0.001381 :tot_ene   300.7199 :dif_ene     0.2615 :dif_cor     0.0147 :  0.          8.60484369 53.14298933 86.83012204 69.16473564 45.55995164  37.41727735
##   99 :lr 0.001353 :tot_ene   300.4648 :dif_ene     0.2551 :dif_cor     0.0144 :  0.          8.52901157 52.9967585  86.83011612 69.14895518 45.54266609  37.41727735
##  100 :lr 0.001326 :tot_ene   300.2160 :dif_ene     0.2488 :dif_cor     0.0141 :  0.          8.45613057 52.85273756 86.83011039 69.1336547  45.52604121  37.41727735
##  101 :lr 0.001300 :tot_ene   299.9733 :dif_ene     0.2426 :dif_cor     0.0138 :  0.          8.38610793 52.71096532 86.83010486 69.11881665 45.51005144  37.41727735
##  102 :lr 0.001274 :tot_ene   299.7368 :dif_ene     0.2365 :dif_cor     0.0135 :  0.          8.31885307 52.57147367 86.83009952 69.10442471 45.49467213  37.41727735
##  103 :lr 0.001248 :tot_ene   299.5063 :dif_ene     0.2305 :dif_cor     0.0133 :  0.          8.25427762 52.43428818 86.83009435 69.09046356 45.47987951  37.41727735
##  104 :lr 0.001223 :tot_ene   299.2817 :dif_ene     0.2246 :dif_cor     0.0130 :  0.          8.19229545 52.2994286  86.83008935 69.07691888 45.46565069  37.41727735
##  105 :lr 0.001199 :tot_ene   299.0628 :dif_ene     0.2188 :dif_cor     0.0128 :  0.          8.13282265 52.16690939 86.83008452 69.06377713 45.45196359  37.41727735
##  106 :lr 0.001175 :tot_ene   298.8497 :dif_ene     0.2131 :dif_cor     0.0125 :  0.          8.07577754 52.03674011 86.83007984 69.05102552 45.438797  37.41727735
##  107 :lr 0.001151 :tot_ene   298.6421 :dif_ene     0.2076 :dif_cor     0.0123 :  0.          8.02108066 51.9089259  86.83007532 69.03865192 45.42613045  37.41727735
##  108 :lr 0.001128 :tot_ene   298.4401 :dif_ene     0.2021 :dif_cor     0.0121 :  0.          7.96865474 51.7834678  86.83007094 69.02664477 45.41394427  37.41727735
##  109 :lr 0.001106 :tot_ene   298.2433 :dif_ene     0.1967 :dif_cor     0.0118 :  0.          7.91842465 51.66036315 86.83006669 69.01499306 45.40221954  37.41727735
##  110 :lr 0.001084 :tot_ene   298.0519 :dif_ene     0.1915 :dif_cor     0.0116 :  0.          7.87031741 51.53960592 86.83006259 69.00368621 45.39093805  37.41727735
##  111 :lr 0.001062 :tot_ene   297.8656 :dif_ene     0.1863 :dif_cor     0.0114 :  0.          7.82426213 51.42118696 86.83005861 68.9927141  45.38008229  37.41727735
##  112 :lr 0.001041 :tot_ene   297.6843 :dif_ene     0.1813 :dif_cor     0.0112 :  0.          7.78018997 51.30509436 86.83005475 68.98206697 45.36963543  37.41727735
##  113 :lr 0.001020 :tot_ene   297.5080 :dif_ene     0.1763 :dif_cor     0.0110 :  0.          7.73803409 51.19131363 86.83005101 68.97173544 45.3595813  37.41727735
##  114 :lr 0.000999 :tot_ene   297.3365 :dif_ene     0.1715 :dif_cor     0.0108 :  0.          7.69772962 51.07982799 86.83004739 68.96171044 45.34990435  37.41727735
##  115 :lr 0.000979 :tot_ene   311.1032 :dif_ene    13.8048 :dif_cor     0.6398 :  0.         15.88460306 56.67872758 86.83004388 68.95198319 45.34058965  37.41727735
##  116 :lr 0.000960 :tot_ene   310.9228 :dif_ene     0.1804 :dif_cor     0.0154 :  0.         15.72486353 56.67663844 86.8300404  68.94244226 45.33157735  37.41727735
##  117 :lr 0.000941 :tot_ene   310.7649 :dif_ene     0.1579 :dif_cor     0.0145 :  0.         15.58845781 56.67307112 86.83003704 68.93318561 45.32290188  37.41727735
##  118 :lr 0.000922 :tot_ene   310.6230 :dif_ene     0.1419 :dif_cor     0.0136 :  0.         15.46861536 56.6683564  86.83003377 68.92420582 45.3145504  37.41727735
##  119 :lr 0.000903 :tot_ene   310.4929 :dif_ene     0.1301 :dif_cor     0.0129 :  0.         15.36088425 56.66269934 86.8300306  68.91549554 45.30651045  37.41727735
##  120 :lr 0.000885 :tot_ene   310.3716 :dif_ene     0.1213 :dif_cor     0.0123 :  0.         15.26227577 56.65623102 86.83002753 68.90704754 45.29877002  37.41727735
##  121 :lr 0.000868 :tot_ene   310.2573 :dif_ene     0.1144 :dif_cor     0.0117 :  0.         15.17074095 56.64903927 86.83002455 68.89885465 45.29131746  37.41727735
##  122 :lr 0.000850 :tot_ene   310.1484 :dif_ene     0.1089 :dif_cor     0.0112 :  0.         15.08484515 56.64118667 86.83002166 68.89090984 45.28414152  37.41727735
##  123 :lr 0.000833 :tot_ene   310.0440 :dif_ene     0.1044 :dif_cor     0.0108 :  0.         15.00356264 56.63272124 86.83001886 68.88320617 45.27723137  37.41727735
##  124 :lr 0.000817 :tot_ene   309.9434 :dif_ene     0.1006 :dif_cor     0.0104 :  0.         14.92614492 56.62368262 86.83001614 68.87573683 45.27057654  37.41727735
##  125 :lr 0.000800 :tot_ene   309.8461 :dif_ene     0.0973 :dif_cor     0.0100 :  0.         14.85203473 56.61410566 86.83001349 68.86849512 45.26416696  37.41727735
##  126 :lr 0.000784 :tot_ene   309.7516 :dif_ene     0.0945 :dif_cor     0.0097 :  0.         14.78080916 56.60402244 86.83001093 68.8614745  45.25799293  37.41727735
##  127 :lr 0.000769 :tot_ene   309.6596 :dif_ene     0.0920 :dif_cor     0.0094 :  0.         14.7121413  56.59346344 86.83000844 68.85466854 45.25204513  37.41727735
##  128 :lr 0.000753 :tot_ene   309.5699 :dif_ene     0.0897 :dif_cor     0.0091 :  0.         14.64577395 56.58245809 86.83000602 68.84807094 45.24631459  37.41727735
##  129 :lr 0.000738 :tot_ene   309.4823 :dif_ene     0.0876 :dif_cor     0.0088 :  0.         14.58150135 56.5710351  86.83000367 68.84167557 45.24079271  37.41727735
##  130 :lr 0.000723 :tot_ene   309.3966 :dif_ene     0.0857 :dif_cor     0.0085 :  0.         14.51915628 56.55922253 86.83000139 68.83547641 45.23547121  37.41727735
##  131 :lr 0.000709 :tot_ene   309.3127 :dif_ene     0.0839 :dif_cor     0.0083 :  0.         14.45860077 56.54704784 86.82999917 68.82946762 45.23034214  37.41727735
##  132 :lr 0.000695 :tot_ene   309.2306 :dif_ene     0.0822 :dif_cor     0.0080 :  0.         14.39971938 56.53453787 86.82999702 68.82364345 45.2253979  37.41727735
##  133 :lr 0.000681 :tot_ene   309.1500 :dif_ene     0.0805 :dif_cor     0.0078 :  0.         14.34241421 56.52171881 86.82999492 68.81799834 45.22063117  37.41727735
##  134 :lr 0.000667 :tot_ene   309.0710 :dif_ene     0.0790 :dif_cor     0.0076 :  0.         14.28660119 56.50861609 86.82999289 68.81252686 45.21603494  37.41727735
##  135 :lr 0.000654 :tot_ene   308.9936 :dif_ene     0.0775 :dif_cor     0.0074 :  0.         14.2322073  56.49525443 86.82999091 68.80722371 45.21160248  37.41727735
##  136 :lr 0.000641 :tot_ene   308.9175 :dif_ene     0.0761 :dif_cor     0.0072 :  0.         14.17916837 56.48165771 86.82998899 68.80208373 45.20732735  37.41727735
##  137 :lr 0.000628 :tot_ene   308.8428 :dif_ene     0.0747 :dif_cor     0.0070 :  0.         14.12742746 56.46784898 86.82998711 68.79710191 45.20320336  37.41727735
##  138 :lr 0.000615 :tot_ene   308.7695 :dif_ene     0.0733 :dif_cor     0.0068 :  0.         14.07693357 56.45385046 86.82998529 68.79227336 45.19922458  37.41727735
##  139 :lr 0.000603 :tot_ene   308.6976 :dif_ene     0.0720 :dif_cor     0.0066 :  0.         14.02764056 56.43968347 86.82998352 68.78759336 45.19538534  37.41727735
##  140 :lr 0.000591 :tot_ene   308.6269 :dif_ene     0.0707 :dif_cor     0.0065 :  0.         13.97950641 56.42536843 86.8299818  68.78305727 45.19168018  37.41727735
##  141 :lr 0.000579 :tot_ene   308.5574 :dif_ene     0.0694 :dif_cor     0.0063 :  0.         13.93249237 56.4109252  86.82998012 68.7786606  45.18810388  37.41727735
!! cvrg :lr 0.000579 :tot_ene   308.5574 :dif_ene     0.0694 :dif_cor     0.0063 :  0.         13.93249237 56.4109252  86.82998012 68.7786606  45.18810388  37.41727735
