itr_steps: 2 3.179894375593406e-09 0.13582176588145198
itr_steps: 2 6.6770033946284e-09 0.13619527688703256
itr_steps: 3 3.0520030946945553e-13 0.13666135627973788
itr_steps: 3 2.1736674959971225e-09 0.13714428143336513
itr_steps: 4 5.811390257903781e-11 0.13818189290413208
itr_steps: 3 7.522593659103904e-13 0.13777648597515982
itr_steps: 3 3.102740286919925e-12 0.1381881995673445
itr_steps: 3 4.600209102534336e-11 0.13892468229624752
itr_steps: 2 7.43702455174855e-09 0.1385972923578387
itr_steps: 2 3.3992905990043454e-09 0.1388389765897671
itr_steps: 2 3.705225848360527e-09 0.13916567766678223
itr_steps: 3 4.16922052437485e-12 0.13962559496451052
itr_steps: 3 2.4947571786171352e-11 0.14021766746917244
itr_steps: 4 6.882550085407502e-12 0.14103128775846116
itr_steps: 4 1.539007254969249e-10 0.14212628171616437
itr_steps: 3 1.4516177149204168e-10 0.1412722177130342
itr_steps: 3 4.741884385150996e-10 0.14186210348008746
itr_steps: 3 1.6674875646938148e-09 0.14252346078200087
itr_steps: 3 2.0937926392683437e-10 0.14188695857223946
itr_steps: 3 5.055802720921321e-10 0.14216973313193754
itr_steps: 3 1.108151487239084e-09 0.14245293874989726
itr_steps: 3 2.9041291316200812e-09 0.142933405850137
itr_steps: 3 8.072843615813952e-09 0.1435722858132335
itr_steps: 3 1.6467132935016338e-09 0.14356810133580178
itr_steps: 3 3.3887132822041366e-09 0.14368893991208323
itr_steps: 3 6.293700394177648e-09 0.14391602295695405
itr_steps: 3 7.175575134077405e-10 0.14369677347943308
itr_steps: 3 1.4856213204073043e-09 0.14375625368962006
itr_steps: 3 4.5558029571068914e-11 0.1436978833206938
