##    0 :lr 0.010000 :tot_ene   329.9932 :dif_ene     0.0000 :dif_cor     0.0000 :  0.         14.37139957 52.02816539 90.65529411 83.85846814 51.66259453  37.41727735
##    1 :lr 0.012000 :tot_ene   316.5004 :dif_ene    13.4928 :dif_cor     0.6109 :  0.         13.36894222 49.06038047 85.95122419 79.91326514 50.78935817  37.41727735
##    2 :lr 0.014400 :tot_ene   313.7129 :dif_ene     2.7875 :dif_cor     0.2972 :  0.         12.89391908 48.29746989 85.38249441 79.3668571  50.35488901  37.41727735
##    3 :lr 0.017280 :tot_ene   311.9926 :dif_ene     1.7203 :dif_cor     0.2409 :  0.         12.74597449 47.72823788 84.89885904 79.01915339 50.18312538  37.41727735
##    4 :lr 0.020736 :tot_ene   310.9203 :dif_ene     1.6840 :dif_cor     0.2818 :  0.         13.05182459 47.37492896 84.54479246 78.59439823 49.93710479  37.41727735
##    5 :lr 0.010368 :tot_ene   311.6658 :dif_ene     3.2703 :dif_cor     0.4070 :  0.         15.05969899 46.60420421 84.25460552 78.50090502 49.82909659  37.41727735
##    6 :lr 0.012442 :tot_ene   308.8047 :dif_ene     3.5895 :dif_cor     0.2593 :  0.         12.86115137 46.96836727 84.06494038 77.9998484  49.49306967  37.41727735
##    7 :lr 0.014930 :tot_ene   308.0260 :dif_ene     0.7787 :dif_cor     0.2040 :  0.         12.68256024 46.87650964 83.91396461 77.80922002 49.32643251  37.41727735
##    8 :lr 0.007465 :tot_ene   308.7442 :dif_ene     1.4941 :dif_cor     0.2850 :  0.         12.94628561 47.71894676 83.85887619 77.66497465 49.13780176  37.41727735
##    9 :lr 0.008958 :tot_ene   306.3476 :dif_ene     2.3966 :dif_cor     0.1641 :  0.         12.07349967 46.71642256 83.79449175 77.36704144 48.97885529  37.41727735
##   10 :lr 0.010750 :tot_ene   305.8845 :dif_ene     0.4631 :dif_cor     0.0807 :  0.         12.00466168 46.62902878 83.74948275 77.22783761 48.85617257  37.41727735
##   11 :lr 0.012899 :tot_ene   305.3772 :dif_ene     0.5073 :dif_cor     0.0890 :  0.         11.91835256 46.55591466 83.70417808 77.07033389 48.71113671  37.41727735
##   12 :lr 0.015479 :tot_ene   304.7621 :dif_ene     0.6150 :dif_cor     0.1044 :  0.         11.80576821 46.45513308 83.65174454 76.89405296 48.53816755  37.41727735
##   13 :lr 0.018575 :tot_ene   304.1028 :dif_ene     0.6594 :dif_cor     0.1288 :  0.         11.67983634 46.37690531 83.60741808 76.68922472 48.33210646  37.41727735
##   14 :lr 0.022290 :tot_ene   303.5708 :dif_ene     0.5374 :dif_cor     0.1671 :  0.         11.68256669 46.29178951 83.56251633 76.50144307 48.11522317  37.41727735
## rjct :lr 0.011145 :tot_ene   305.7230 :dif_ene     2.7257 :dif_cor     0.2953 :  0.         13.71634227 46.4036135  83.85582969 76.42160807 47.90828488  37.41727735
##   16 :lr 0.013374 :tot_ene   303.2073 :dif_ene     0.3749 :dif_cor     0.1465 :  0.         11.65612857 46.20474588 83.56822194 76.36252588 47.99842643  37.41727735
##   17 :lr 0.016049 :tot_ene   302.9065 :dif_ene     0.7064 :dif_cor     0.1628 :  0.         11.85890255 45.91930775 83.52468736 76.29304706 47.89327135  37.41727735
## rjct :lr 0.008024 :tot_ene   303.8828 :dif_ene     2.0642 :dif_cor     0.2186 :  0.         13.33691323 45.59678796 83.56694224 76.20212267 47.76275578  37.41727735
##   19 :lr 0.009629 :tot_ene   302.1963 :dif_ene     0.7101 :dif_cor     0.1153 :  0.         11.36927001 45.91125929 83.5164878  76.1677179  47.81433385  37.41727735
##   20 :lr 0.011555 :tot_ene   301.7819 :dif_ene     0.4145 :dif_cor     0.0691 :  0.         11.21625248 45.79507372 83.48604423 76.11323822 47.75397259  37.41727735
##   21 :lr 0.013866 :tot_ene   301.5374 :dif_ene     0.2490 :dif_cor     0.0699 :  0.         11.17434217 45.77466247 83.48831104 76.01468996 47.66810625  37.41727735
##   22 :lr 0.016640 :tot_ene   301.2193 :dif_ene     0.3181 :dif_cor     0.0835 :  0.         11.16293947 45.67148085 83.44646795 75.93896862 47.58218599  37.41727735
##   23 :lr 0.008320 :tot_ene   301.5286 :dif_ene     0.7842 :dif_cor     0.1399 :  0.         11.32266288 46.0584888  83.40219239 75.84788829 47.4800924  37.41727735
##   24 :lr 0.009984 :tot_ene   300.8677 :dif_ene     0.7265 :dif_cor     0.1089 :  0.         11.01530713 45.78551427 83.43499421 75.77556518 47.43901078  37.41727735
##   25 :lr 0.011980 :tot_ene   300.7863 :dif_ene     0.1575 :dif_cor     0.0800 :  0.         10.99982333 45.80558791 83.45297715 75.71256781 47.39804111  37.41727735
## rjct :lr 0.005990 :tot_ene   300.8314 :dif_ene     0.2340 :dif_cor     0.0859 :  0.         11.00284808 45.9418424  83.4532604  75.65733918 47.35880819  37.41727735
##   27 :lr 0.007188 :tot_ene   300.6442 :dif_ene     0.1580 :dif_cor     0.0400 :  0.         10.99168054 45.71120924 83.46095737 75.68058494 47.38253194  37.41727735
## rjct :lr 0.003594 :tot_ene   300.6518 :dif_ene     0.0999 :dif_cor     0.0226 :  0.         11.00148282 45.75079489 83.46531896 75.65030641 47.36661539  37.41727735
!! cvrg :lr 0.003594 :tot_ene   300.6555 :dif_ene     0.0466 :dif_cor     0.0110 :  0.         10.99682831 45.73170701 83.46426873 75.66785899 47.37759548  37.41727735
