##    0 :lr 0.010000 :tot_ene   349.2347 :dif_ene     0.0000 :dif_cor     0.0000 :   0.          35.54117882 130.14992764  61.95168536  43.85149703   39.34751148  38.39286761
##    1 :lr 0.009800 :tot_ene   362.1632 :dif_ene    49.1173 :dif_cor     1.6034 :   0.          30.54254373 117.56754559  92.9745966   43.4013303   39.284341    38.39286761
##    2 :lr 0.009604 :tot_ene   356.0955 :dif_ene    22.0808 :dif_cor     0.5805 :   0.          33.13174735 122.984902    79.20749022  43.12754223   39.25095284  38.39286761
##    3 :lr 0.009412 :tot_ene   357.7645 :dif_ene    20.9628 :dif_cor     0.5456 :   0.          37.05557677 130.37695626  69.77268722  42.94236418   39.22403536  38.39286761
##    4 :lr 0.009224 :tot_ene   364.2826 :dif_ene    20.7732 :dif_cor     0.5023 :   0.          41.88816963 139.19002163  62.80210892  42.80659384   39.20283242  38.3928676 
##    5 :lr 0.009039 :tot_ene   391.4300 :dif_ene    37.5436 :dif_cor     1.4588 :   0.          63.95353288 149.47019847  57.81467994  42.62426818   39.17448237  38.39286761
##    6 :lr 0.008858 :tot_ene   384.2190 :dif_ene     7.2111 :dif_cor     0.4839 :   0.          63.91670104 144.90545145  55.40820224  42.44881455   39.14694254  38.39286761
##    7 :lr 0.008681 :tot_ene   386.6826 :dif_ene    12.2157 :dif_cor     0.5693 :   0.          59.0406975  149.76295163  57.51150145  42.78000595   39.19461823  38.39286761
##    8 :lr 0.008508 :tot_ene   380.2967 :dif_ene     9.4350 :dif_cor     0.4810 :   0.          60.56521904 144.23195636  55.37195797  42.5718913   39.16281481  38.39286761
##    9 :lr 0.008337 :tot_ene   383.4120 :dif_ene    11.2480 :dif_cor     0.5259 :   0.          56.49884517 149.08290572  57.32635469  42.90060926   39.21040287  38.39286761
##   10 :lr 0.008171 :tot_ene   378.2073 :dif_ene     9.4143 :dif_cor     0.4733 :   0.          58.60362906 144.06420173  55.29270992  42.67708333   39.17676369  38.39286761
##   11 :lr 0.008007 :tot_ene   381.2156 :dif_ene    10.3625 :dif_cor     0.5023 :   0.          54.92655517 148.53619285  57.12980947  43.00594159   39.22423822  38.39286761
##   12 :lr 0.007847 :tot_ene   376.9172 :dif_ene     9.2522 :dif_cor     0.4646 :   0.          57.4034648  143.95346796  55.20157302  42.77579268   39.19007719  38.39286761
##   13 :lr 0.007690 :tot_ene   379.8651 :dif_ene     9.8073 :dif_cor     0.4843 :   0.          53.97378168 148.21166118  56.94471878  43.10481026   39.23729849  38.39286761
##   14 :lr 0.007536 :tot_ene   376.3597 :dif_ene     8.6563 :dif_cor     0.4308 :   0.          56.54922535 144.11755944  55.21071072  42.88434044   39.20500498  38.39286761
##   15 :lr 0.007386 :tot_ene   399.1559 :dif_ene    30.0786 :dif_cor     1.3405 :   0.          53.31481943 147.80478523  77.96091204  42.54116521   39.1413706   38.39286761
##   16 :lr 0.007238 :tot_ene   393.0558 :dif_ene    10.9930 :dif_cor     0.4340 :   0.          55.7612855  147.21922478  70.30010397  42.2710426   39.1113197   38.39286761
##   17 :lr 0.007093 :tot_ene   387.3889 :dif_ene     6.1660 :dif_cor     0.5841 :   0.          52.21768696 145.77907447  69.36736135  42.48511464   39.14676342  38.39286761
##   18 :lr 0.006951 :tot_ene   385.8521 :dif_ene    10.6341 :dif_cor     0.3859 :   0.          55.16275107 147.38269966  63.39219693  42.39015075   39.13147175  38.39286761
##   19 :lr 0.006812 :tot_ene   380.5291 :dif_ene     6.9904 :dif_cor     0.5847 :   0.          51.76424429 144.6244605   63.81750067  42.7437841   39.18620055  38.39286761
##   20 :lr 0.006676 :tot_ene   382.6426 :dif_ene    10.4106 :dif_cor     0.3490 :   0.          54.65896541 147.99179873  59.76540108  42.66150333   39.1720677   38.39286761
##   21 :lr 0.006543 :tot_ene   377.8703 :dif_ene    10.3830 :dif_cor     0.3125 :   0.          57.46433859 143.45931144  56.82409535  42.57169218   39.15800784  38.39286761
##   22 :lr 0.006412 :tot_ene   380.3993 :dif_ene     7.9530 :dif_cor     0.4646 :   0.          54.75230073 146.80687858  58.3563855   42.88606845   39.2047506   38.39286761
##   23 :lr 0.006283 :tot_ene   378.4136 :dif_ene     6.1803 :dif_cor     0.4166 :   0.          52.27771778 145.19846109  60.07923904  43.21398305   39.25130142  38.39286761
##   24 :lr 0.006158 :tot_ene   380.9470 :dif_ene     7.1699 :dif_cor     0.3170 :   0.          54.8606275  147.46723674  57.89026945  43.10156127   39.23447931  38.39286761
##   25 :lr 0.006035 :tot_ene   378.2984 :dif_ene     7.6573 :dif_cor     0.2815 :   0.          57.3649567  144.16928067  56.18394686  42.97179533   39.21557997  38.39286761
##   26 :lr 0.005914 :tot_ene   401.4515 :dif_ene    28.3775 :dif_cor     1.2151 :   0.          55.15070095 146.65439176  79.46407963  42.64298144   39.14644026  38.39286761
##   27 :lr 0.005796 :tot_ene   396.9970 :dif_ene     4.5683 :dif_cor     0.4254 :   0.          52.63411846 146.70727408  77.5791998   42.53308704   39.15047506  38.39286761
##   28 :lr 0.005680 :tot_ene   393.9417 :dif_ene     8.3287 :dif_cor     0.3298 :   0.          54.88284695 147.09523229  71.99990805  42.43460018   39.13624792  38.39286761
##   29 :lr 0.005566 :tot_ene   389.1403 :dif_ene     9.8371 :dif_cor     0.2887 :   0.          57.40068063 144.95107216  66.91776577  42.35368727   39.12420643  38.39286761
##   30 :lr 0.005455 :tot_ene   388.5442 :dif_ene     5.1643 :dif_cor     0.4273 :   0.          54.92402948 146.97104352  66.51421557  42.58207654   39.1599386   38.3928676 
##   31 :lr 0.005346 :tot_ene   384.7795 :dif_ene     8.6620 :dif_cor     0.2744 :   0.          57.3727186  144.8595052   62.47917858  42.52466932   39.15057834  38.39286761
##   32 :lr 0.005239 :tot_ene   384.9437 :dif_ene     4.8070 :dif_cor     0.4183 :   0.          55.05128036 146.61494933  62.89693461  42.79566529   39.19197423  38.39286761
##   33 :lr 0.005134 :tot_ene   382.7044 :dif_ene     6.8252 :dif_cor     0.2547 :   0.          57.34424816 145.14263588  59.89995539  42.74186236   39.18283483  38.3928676 
##   34 :lr 0.005031 :tot_ene   383.1799 :dif_ene     4.6423 :dif_cor     0.3839 :   0.          55.26088239 146.35249171  60.93046656  43.01952936   39.22369891  38.39286761
##   35 :lr 0.004931 :tot_ene   382.0526 :dif_ene     5.3705 :dif_cor     0.2355 :   0.          57.38247361 145.41849301  58.68484601  42.95991875   39.21402236  38.39286761
##   36 :lr 0.004832 :tot_ene   382.6800 :dif_ene     4.2600 :dif_cor     0.3359 :   0.          55.56618387 146.28040747  59.96382065  43.22520406   39.25152907  38.39286761
##   37 :lr 0.004735 :tot_ene   382.0345 :dif_ene     4.5788 :dif_cor     0.2226 :   0.          57.53281798 145.53934949  58.1735295   43.15487013   39.24102     38.39286761
##   38 :lr 0.004641 :tot_ene   404.5715 :dif_ene    26.5431 :dif_cor     1.1936 :   0.          55.89222002 146.31734689  81.93558553  42.86960199   39.16388082  38.3928676 
##   39 :lr 0.004548 :tot_ene   401.3938 :dif_ene     7.1992 :dif_cor     0.2774 :   0.          57.72759931 146.49272039  77.08607629  42.55371045   39.14085838  38.39286761
##   40 :lr 0.004457 :tot_ene   397.7832 :dif_ene     3.6274 :dif_cor     0.3120 :   0.          55.88090487 145.55519328  76.27347343  42.53148774   39.14923602  38.39286761
##   41 :lr 0.004368 :tot_ene   396.9778 :dif_ene     7.6010 :dif_cor     0.2341 :   0.          57.79542634 147.03849523  72.15491268  42.45702542   39.13911067  38.39286761
##   42 :lr 0.004281 :tot_ene   392.3050 :dif_ene     8.6715 :dif_cor     0.2183 :   0.          59.79476871 144.32863401  68.26511791  42.39358741   39.13000156  38.39286761
##   43 :lr 0.004195 :tot_ene   392.0339 :dif_ene     3.7037 :dif_cor     0.3105 :   0.          58.12124859 145.85711452  67.95127851  42.55576297   39.15564283  38.39286761
##   44 :lr 0.004111 :tot_ene   389.9346 :dif_ene     2.5424 :dif_cor     0.3042 :   0.          56.42957658 145.27975903  67.89945639  42.74785574   39.1850522   38.39286761
##   45 :lr 0.004029 :tot_ene   390.1129 :dif_ene     6.3173 :dif_cor     0.2024 :   0.          58.16438172 146.79276861  64.87466029  42.70959185   39.17860757  38.39286761
##   46 :lr 0.003948 :tot_ene   386.5936 :dif_ene     6.9922 :dif_cor     0.1871 :   0.          59.90088801 144.28362177  62.17254993  42.67125185   39.17246618  38.39286761
##   47 :lr 0.003869 :tot_ene   387.4934 :dif_ene     3.8076 :dif_cor     0.2950 :   0.          58.44695792 145.88702048  62.6867719   42.87664333   39.20316217  38.39286761
##   48 :lr 0.003792 :tot_ene   386.4261 :dif_ene     3.0271 :dif_cor     0.2815 :   0.          57.03524204 145.25155451  63.41885323  43.09300165   39.23459189  38.39286761
##   49 :lr 0.003716 :tot_ene   387.1744 :dif_ene     4.8557 :dif_cor     0.1732 :   0.          58.50698937 146.58182072  61.40492353  43.05903967   39.2287738   38.3928676 
##   50 :lr 0.003642 :tot_ene   384.8640 :dif_ene     5.2167 :dif_cor     0.1612 :   0.          59.96011925 144.62366505  59.6457361   43.01906741   39.2224968   38.39286761
##   51 :lr 0.003569 :tot_ene   386.1667 :dif_ene     3.7282 :dif_cor     0.2549 :   0.          58.74737577 145.93678566  60.61290955  43.22513206   39.25162407  38.39286761
##   52 :lr 0.003497 :tot_ene   407.9154 :dif_ene    25.6436 :dif_cor     1.1895 :   0.          57.60084659 145.42766043  84.30905995  43.01431289   39.17068253  38.39286761
##   53 :lr 0.003428 :tot_ene   420.6616 :dif_ene    20.3665 :dif_cor     1.5577 :   0.          73.77227346 145.81257608  80.81723472  42.71399259   39.15265599  38.39286761
##   54 :lr 0.003359 :tot_ene   416.9906 :dif_ene     3.6710 :dif_cor     0.2206 :   0.          73.50164702 145.77758449  77.64238126  42.53782723   39.1382748   38.39286761
##   55 :lr 0.003292 :tot_ene   414.6551 :dif_ene     2.7382 :dif_cor     0.2430 :   0.          71.49801335 145.97366122  77.14108631  42.50592312   39.14357081  38.39286761
##   56 :lr 0.003226 :tot_ene   410.9168 :dif_ene     4.0403 :dif_cor     0.2090 :   0.          71.64898586 145.34140883  73.96299369  42.43575902   39.1347979   38.39286761
##   57 :lr 0.003161 :tot_ene   409.5829 :dif_ene     3.0399 :dif_cor     0.2447 :   0.          69.87354337 146.09417902  73.5515228   42.5205559   39.15020478  38.39286761
##   58 :lr 0.003098 :tot_ene   405.9054 :dif_ene     4.4764 :dif_cor     0.1957 :   0.          70.27300326 145.09534716  70.52208013  42.47821019   39.14385363  38.39286761
##   59 :lr 0.003036 :tot_ene   405.4096 :dif_ene     3.0561 :dif_cor     0.2381 :   0.          68.72290474 146.22925174  70.29622642  42.60464227   39.1636899   38.39286761
##   60 :lr 0.002976 :tot_ene   401.9596 :dif_ene     4.4991 :dif_cor     0.1739 :   0.          69.24747488 144.95051928  67.63657001  42.57346952   39.15872639  38.39286761
##   61 :lr 0.002916 :tot_ene   402.2502 :dif_ene     2.9195 :dif_cor     0.2179 :   0.          67.93609462 146.39932826  67.63346006  42.70904532   39.1793562   38.39286761
##   62 :lr 0.002858 :tot_ene   399.0055 :dif_ene     4.3769 :dif_cor     0.1503 :   0.          68.50219156 144.8385439   65.41204795  42.68451404   39.17532964  38.39286761
##   63 :lr 0.002801 :tot_ene   399.0880 :dif_ene     2.3727 :dif_cor     0.2022 :   0.          67.35708472 145.71594104  65.6038035   42.82235557   39.19595677  38.39286761
##   64 :lr 0.002745 :tot_ene   398.3478 :dif_ene     1.6888 :dif_cor     0.1926 :   0.          66.27306656 145.58543291  65.91486822  42.96466832   39.21685376  38.39286761
##   65 :lr 0.002690 :tot_ene   397.9299 :dif_ene     3.0992 :dif_cor     0.1274 :   0.          66.83919952 146.35993691  64.17780402  42.94642142   39.21362301  38.39286761
##   66 :lr 0.002636 :tot_ene   395.4757 :dif_ene     3.6172 :dif_cor     0.1190 :   0.          67.42070952 144.94514578  62.57894156  42.92755221   39.21047591  38.39286761
##   67 :lr 0.002583 :tot_ene   395.8400 :dif_ene     2.2100 :dif_cor     0.1766 :   0.          66.49788022 145.59724524  63.05715259  43.06458509   39.23027111  38.39286761
##   68 :lr 0.002531 :tot_ene   395.8985 :dif_ene     1.8262 :dif_cor     0.1710 :   0.          65.61405144 145.80590244  63.62789468  43.20731301   39.25048425  38.39286761
##   69 :lr 0.002481 :tot_ene   394.9997 :dif_ene     2.0096 :dif_cor     0.1092 :   0.          66.16944601 145.67022678  62.32958606  43.19006487   39.24755388  38.39286761
##   70 :lr 0.002431 :tot_ene   395.1182 :dif_ene     1.7391 :dif_cor     0.1629 :   0.          65.3591283  145.78214545  62.98450181  43.33224948   39.26731969  38.39286761
##   71 :lr 0.002383 :tot_ene   416.3640 :dif_ene    21.6351 :dif_cor     1.2877 :   0.          65.90496721 145.69024674  83.87910942  43.32123309   39.17556119  38.39286761
##   72 :lr 0.002335 :tot_ene   414.5441 :dif_ene     1.8199 :dif_cor     0.1547 :   0.          65.06213963 145.67779821  83.30808267  42.93737838   39.16581639  38.39286761
##   73 :lr 0.002288 :tot_ene   638.7772 :dif_ene   229.4961 :dif_cor     0.1425 :   0.          65.6376245  371.96692537  80.87781789  42.74782056   39.15416594  38.39286761
##   74 :lr 0.002242 :tot_ene   409.5658 :dif_ene   229.2114 :dif_cor     0.1273 :   0.          65.15105143 145.19271189  79.0660748   42.61668881   39.1463853   38.39286761
##   75 :lr 0.002198 :tot_ene   409.4800 :dif_ene     2.1873 :dif_cor     0.1495 :   0.          64.31415227 146.2399597   78.81057742  42.57255939   39.1498875   38.3928676 
##   76 :lr 0.002154 :tot_ene   406.8578 :dif_ene     3.9344 :dif_cor     0.1260 :   0.          64.97025048 145.1955068   76.64659324  42.50956778   39.14303713  38.39286761
##   77 :lr 0.002111 :tot_ene   406.8169 :dif_ene     1.9789 :dif_cor     0.1446 :   0.          64.16447773 146.12958839  76.4424784   42.53641309   39.15107311  38.39286761
##   78 :lr 0.002068 :tot_ene   404.4969 :dif_ene     3.6166 :dif_cor     0.1152 :   0.          64.81274525 145.2089952   74.43870984  42.49763346   39.14590565  38.39286761
##   79 :lr 0.002027 :tot_ene   404.5053 :dif_ene     1.8422 :dif_cor     0.1399 :   0.          64.04633395 146.06667495  74.28820775  42.55493092   39.15625471  38.39286761
##   80 :lr 0.001986 :tot_ene   402.4171 :dif_ene     3.3508 :dif_cor     0.1059 :   0.          64.67763745 145.22432536  72.44355645  42.52664522   39.15208157  38.39286761
##   81 :lr 0.001947 :tot_ene   402.4952 :dif_ene     1.7059 :dif_cor     0.1358 :   0.          63.95216951 146.03347526  72.3551248   42.59797125   39.16360758  38.39286761
##   82 :lr 0.001908 :tot_ene   400.5969 :dif_ene     3.1164 :dif_cor     0.0976 :   0.          64.56121707 145.23912843  70.6682938   42.57530974   39.16010246  38.39286761
##   83 :lr 0.001870 :tot_ene   400.7612 :dif_ene     1.5775 :dif_cor     0.1312 :   0.          63.87671228 146.01993538  70.64620588  42.653286   39.17219738  38.39286761
##   84 :lr 0.001832 :tot_ene   399.0212 :dif_ene     2.9076 :dif_cor     0.0901 :   0.          64.46052776 145.25229975  69.11206982  42.63426033   39.16918501  38.39286761
##   85 :lr 0.001796 :tot_ene   399.2818 :dif_ene     1.5494 :dif_cor     0.1262 :   0.          63.81614546 146.02020845  69.15583814  42.71525743   39.18150138  38.3928676 
##   86 :lr 0.001760 :tot_ene   397.6728 :dif_ene     2.7234 :dif_cor     0.0834 :   0.          64.37335037 145.26286661  67.76600881  42.69887799   39.1788697   38.39286761
##   87 :lr 0.001725 :tot_ene   398.0344 :dif_ene     1.5732 :dif_cor     0.1210 :   0.          63.76749229 146.0297164   67.87208568  42.78099945   39.19120039  38.39286761
##   88 :lr 0.001690 :tot_ene   396.5330 :dif_ene     2.5618 :dif_cor     0.0774 :   0.          64.29771855 145.2708891   66.61602888  42.76664677   39.18886692  38.3928676 
##   89 :lr 0.001656 :tot_ene   396.9952 :dif_ene     1.6007 :dif_cor     0.1157 :   0.          63.72847165 146.04551248  66.77847985  42.84881879   39.20107936  38.39286761
##   90 :lr 0.001623 :tot_ene   395.5807 :dif_ene     2.4217 :dif_cor     0.0719 :   0.          64.23205393 145.27632265  65.64445013  42.83602599   39.19897817  38.39286761
##   91 :lr 0.001591 :tot_ene   396.1405 :dif_ene     1.6292 :dif_cor     0.1103 :   0.          63.69734264 146.06571371  65.85597149  42.91759451   39.21098408  38.39286761
##   92 :lr 0.001559 :tot_ene   394.7938 :dif_ene     2.3021 :dif_cor     0.0671 :   0.          64.17509042 145.27905554  64.83179056  42.90597567   39.2090611   38.39286761
##   93 :lr 0.001528 :tot_ene   395.4462 :dif_ene     1.6572 :dif_cor     0.1050 :   0.          63.6726692  146.08855932  65.08479988  42.98653416   39.22080375  38.39286761
##   94 :lr 0.001497 :tot_ene   394.1512 :dif_ene     2.2012 :dif_cor     0.0631 :   0.          64.1257525  145.27939005  64.15842651  42.97576058   39.21901448  38.39286761
##   95 :lr 0.001467 :tot_ene   394.8904 :dif_ene     1.6837 :dif_cor     0.0998 :   0.          63.65350152 146.11340234  64.44513951  43.05501524   39.23045394  38.39286761
##   96 :lr 0.001438 :tot_ene   393.6321 :dif_ene     2.1171 :dif_cor     0.0599 :   0.          64.08291944 145.27739202  63.60535523  43.04482877   39.22876514  38.39286761
##   97 :lr 0.001409 :tot_ene   394.4518 :dif_ene     1.7082 :dif_cor     0.0952 :   0.          63.63867892 146.13908795  63.91873729  43.12259036   39.23987881  38.39286761
##   98 :lr 0.001381 :tot_ene   393.2182 :dif_ene     2.0480 :dif_cor     0.0571 :   0.          64.04585726 145.27339869  63.15500358  43.11276981   39.2382628   38.39286761
##   99 :lr 0.001353 :tot_ene   393.6338 :dif_ene     1.2522 :dif_cor     0.0911 :   0.          63.62759574 145.68671497  63.48868291  43.18890273   39.24903803  38.39286761
##  100 :lr 0.001326 :tot_ene   393.7291 :dif_ene     0.8994 :dif_cor     0.0884 :   0.          63.22553402 145.744346    63.84154094  43.26510825   39.2597112   38.39286761
##  101 :lr 0.001300 :tot_ene   393.7812 :dif_ene     1.4182 :dif_cor     0.0537 :   0.          63.59754323 146.10745235  63.16904469  43.25602565   39.25822145  38.3928676 
##  102 :lr 0.001274 :tot_ene   392.7284 :dif_ene     1.7848 :dif_cor     0.0516 :   0.          63.96357455 145.33797322  62.53070763  43.24658038   39.25671253  38.39286761
##  103 :lr 0.001248 :tot_ene   393.6018 :dif_ene     1.6178 :dif_cor     0.0835 :   0.          63.59135442 146.14169341  62.88978128  43.31927176   39.26680936  38.39286761
##  104 :lr 0.001223 :tot_ene   392.5315 :dif_ene     1.7653 :dif_cor     0.0494 :   0.          63.93886491 145.32221867  62.30237     43.30982161   39.26532816  38.39286761
##  105 :lr 0.001199 :tot_ene   415.3495 :dif_ene    23.7487 :dif_cor     1.2333 :   0.          63.58744576 146.17269435  84.73524657  43.28501337   39.17621919  38.39286761
##  106 :lr 0.001175 :tot_ene   413.3410 :dif_ene     2.7286 :dif_cor     0.0737 :   0.          63.94746775 145.26977061  83.45001146  43.11234827   39.16848537  38.39286761
##  107 :lr 0.001151 :tot_ene   413.4853 :dif_ene     1.6101 :dif_cor     0.0707 :   0.          63.57405948 146.14698175  83.25115744  42.95582025   39.16437039  38.39286761
##  108 :lr 0.001128 :tot_ene   411.6804 :dif_ene     2.5192 :dif_cor     0.0667 :   0.          63.93120251 145.25268246  82.09417713  42.85115626   39.15829366  38.39286761
##  109 :lr 0.001106 :tot_ene   411.4708 :dif_ene     0.9827 :dif_cor     0.0676 :   0.          63.56548186 145.63923729  81.9518876   42.76462943   39.15673163  38.39286761
##  110 :lr 0.001084 :tot_ene   411.0085 :dif_ene     0.6396 :dif_cor     0.0662 :   0.          63.1951418  145.72786691  81.8287759   42.70725516   39.15658612  38.39286761
##  111 :lr 0.001062 :tot_ene   410.6045 :dif_ene     1.7776 :dif_cor     0.0592 :   0.          63.53319527 146.07662188  80.79440584  42.65504629   39.15239261  38.39286761
##  112 :lr 0.001041 :tot_ene   409.0855 :dif_ene     2.2044 :dif_cor     0.0574 :   0.          63.87588032 145.27494192  79.78476421  42.60858651   39.14842167  38.39286761
##  113 :lr 0.001020 :tot_ene   409.4274 :dif_ene     1.2640 :dif_cor     0.0630 :   0.          63.53060709 146.07636457  79.68897633  42.5885956   39.14995118  38.39286761
##  114 :lr 0.000999 :tot_ene   407.9534 :dif_ene     2.1402 :dif_cor     0.0539 :   0.          63.86376139 145.26268576  78.73239239  42.55507883   39.14663671  38.39286761
##  115 :lr 0.000979 :tot_ene   408.3522 :dif_ene     1.2399 :dif_cor     0.0609 :   0.          63.53056792 146.07957028  78.64863768  42.55143515   39.14907161  38.39286761
##  116 :lr 0.000960 :tot_ene   406.9109 :dif_ene     2.0868 :dif_cor     0.0508 :   0.          63.85334974 145.25193768  77.74048708  42.52602539   39.14624631  38.39286761
##  117 :lr 0.000941 :tot_ene   407.3605 :dif_ene     1.2376 :dif_cor     0.0588 :   0.          63.53263445 146.08550984  77.66721378  42.53301076   39.14930911  38.39286761
##  118 :lr 0.000922 :tot_ene   405.9442 :dif_ene     2.0401 :dif_cor     0.0480 :   0.          63.84450792 145.24216336  76.80490412  42.51289154   39.14685679  38.39286761
##  119 :lr 0.000903 :tot_ene   405.9600 :dif_ene     0.7587 :dif_cor     0.0568 :   0.          63.53647081 145.61191261  76.74150377  42.52688409   39.15034769  38.39286761
##  120 :lr 0.000885 :tot_ene   405.7209 :dif_ene     0.4848 :dif_cor     0.0557 :   0.          63.22980924 145.71317949  76.68623026  42.54472973   39.15411406  38.39286761
##  121 :lr 0.000868 :tot_ene   405.5526 :dif_ene     1.4504 :dif_cor     0.0442 :   0.          63.52012494 146.06390747  75.89347139  42.53011934   39.15211842  38.39286761
##  122 :lr 0.000850 :tot_ene   404.2502 :dif_ene     1.8809 :dif_cor     0.0430 :   0.          63.80940044 145.26374263  75.11789038  42.5161272   39.15019152  38.39286761
##  123 :lr 0.000833 :tot_ene   404.7623 :dif_ene     1.1660 :dif_cor     0.0531 :   0.          63.52597251 146.07711978  75.07438331  42.537818   39.15414622  38.39286761
##  124 :lr 0.000817 :tot_ene   403.4678 :dif_ene     1.8506 :dif_cor     0.0408 :   0.          63.80402326 145.25326017  74.33953582  42.5257022   39.15241157  38.39286761
##  125 :lr 0.000800 :tot_ene   404.0283 :dif_ene     1.1710 :dif_cor     0.0514 :   0.          63.53283236 146.09123571  74.3054671   42.54939744   39.15647292  38.39286761
##  126 :lr 0.000784 :tot_ene   402.7391 :dif_ene     1.8231 :dif_cor     0.0387 :   0.          63.79979306 145.2430425   73.6097433   42.53871317   39.15489929  38.39286761
##  127 :lr 0.000769 :tot_ene   403.3470 :dif_ene     1.1763 :dif_cor     0.0496 :   0.          63.54051428 146.10608735  73.58482591  42.56365792   39.15901114  38.39286761
##  128 :lr 0.000753 :tot_ene   402.0606 :dif_ene     1.7986 :dif_cor     0.0367 :   0.          63.79665115 145.23289318  72.92652606  42.55410173   39.1575745   38.39286761
##  129 :lr 0.000738 :tot_ene   402.1321 :dif_ene     0.5992 :dif_cor     0.0479 :   0.          63.54888388 145.53845051  72.91044452  42.5797665   39.16169595  38.39286761
##  130 :lr 0.000723 :tot_ene   402.1754 :dif_ene     0.5512 :dif_cor     0.0469 :   0.          63.30438735 145.80527758  72.90095276  42.60603118   39.16584624  38.39286761
##  131 :lr 0.000709 :tot_ene   401.5411 :dif_ene     1.1097 :dif_cor     0.0339 :   0.          63.54210055 145.54568855  72.29788465  42.59792725   39.16459511  38.39286761
##  132 :lr 0.000695 :tot_ene   401.5945 :dif_ene     0.5233 :dif_cor     0.0452 :   0.          63.30862568 145.80357291  72.29644375  42.62430988   39.16870381  38.3928676 
##  133 :lr 0.000681 :tot_ene   401.5498 :dif_ene     1.1126 :dif_cor     0.0321 :   0.          63.53637506 146.10975535  71.72639643  42.61689321   39.16754954  38.39286761
##  134 :lr 0.000667 :tot_ene   400.3608 :dif_ene     1.6448 :dif_cor     0.0316 :   0.          63.76426608 145.25899888  71.16868711  42.60958526   39.16641411  38.39286761
##  135 :lr 0.000654 :tot_ene   400.4472 :dif_ene     0.5185 :dif_cor     0.0428 :   0.          63.54820884 145.52413658  71.17604369  42.63550583   39.1704056   38.39286761
##  136 :lr 0.000641 :tot_ene   400.5903 :dif_ene     0.5682 :dif_cor     0.0419 :   0.          63.33568341 145.83708659  71.18875014  42.66152158   39.17438142  38.39286761
##  137 :lr 0.000628 :tot_ene   399.9715 :dif_ene     1.0364 :dif_cor     0.0290 :   0.          63.54451795 145.5260544   70.67949751  42.65521437   39.17338938  38.39286761
##  138 :lr 0.000615 :tot_ene   400.1323 :dif_ene     0.5664 :dif_cor     0.0403 :   0.          63.34172312 145.84122548  70.69839703  42.68085219   39.17728169  38.39286761
##  139 :lr 0.000603 :tot_ene   400.1015 :dif_ene     0.9451 :dif_cor     0.0275 :   0.          63.5415116  146.09859087  70.21717756  42.67500993   39.17635958  38.39286761
##  140 :lr 0.000591 :tot_ene   398.9991 :dif_ene     1.4964 :dif_cor     0.0269 :   0.          63.73849172 145.2747492   69.74823046  42.66932037   39.17546349  38.39286761
##  141 :lr 0.000579 :tot_ene   399.0940 :dif_ene     0.4709 :dif_cor     0.0381 :   0.          63.55045601 145.50369785  69.77366473  42.6940915   39.17920543  38.39286761
##  142 :lr 0.000568 :tot_ene   399.3392 :dif_ene     0.6143 :dif_cor     0.0373 :   0.          63.36593936 145.87564541  69.80309874  42.71873817   39.1829113   38.39286761
##  143 :lr 0.000556 :tot_ene   398.7131 :dif_ene     0.9920 :dif_cor     0.0249 :   0.          63.54888786 145.50245408  69.37310929  42.71367381   39.18210763  38.39286761
##  144 :lr 0.000545 :tot_ene   398.9787 :dif_ene     0.6177 :dif_cor     0.0358 :   0.          63.37282857 145.88256069  69.40698246  42.73775264   39.18571417  38.39286761
##  145 :lr 0.000534 :tot_ene   398.3595 :dif_ene     0.9693 :dif_cor     0.0237 :   0.          63.54786538 145.50032099  69.0004342   42.73302235   39.18496198  38.39286761
##  146 :lr 0.000524 :tot_ene   398.6461 :dif_ene     0.6226 :dif_cor     0.0344 :   0.          63.37986621 145.89018185  69.03820336  42.75650268   39.18846697  38.39286761
##  147 :lr 0.000513 :tot_ene   398.0312 :dif_ene     0.9497 :dif_cor     0.0226 :   0.          63.5472765  145.49750972  68.65374744  42.7520769   39.18776188  38.39286761
##  148 :lr 0.000503 :tot_ene   398.3392 :dif_ene     0.6285 :dif_cor     0.0330 :   0.          63.38697393 145.89838135  68.69484686  42.77493488   39.19116361  38.39286761
##  149 :lr 0.000493 :tot_ene   398.3370 :dif_ene     0.7349 :dif_cor     0.0215 :   0.          63.54710468 146.10461805  68.33116575  42.7707853   39.19050139  38.39286761
##  150 :lr 0.000483 :tot_ene   398.3464 :dif_ene     0.7272 :dif_cor     0.0210 :   0.          63.70459593 146.31540064  67.97694399  42.76672716   39.18985541  38.39286761
##  151 :lr 0.000473 :tot_ene   396.9369 :dif_ene     1.7191 :dif_cor     0.0205 :   0.          63.85942633 145.10070057  67.63194814  42.76275216   39.18922418  38.39286761
##  152 :lr 0.000464 :tot_ene   397.0302 :dif_ene     0.3840 :dif_cor     0.0306 :   0.          63.71403904 145.27040776  67.67626142  42.7841884   39.19240858  38.39286761
##  153 :lr 0.000455 :tot_ene   397.8389 :dif_ene     1.0933 :dif_cor     0.0299 :   0.          63.57174407 146.15068409  67.72265371  42.8053774   39.19554736  38.39286761
##  154 :lr 0.000445 :tot_ene   396.7714 :dif_ene     1.3556 :dif_cor     0.0191 :   0.          63.71582927 145.26069454  67.40528725  42.8017754   39.19497198  38.39286761
##  155 :lr 0.000437 :tot_ene   396.8687 :dif_ene     0.3690 :dif_cor     0.0287 :   0.          63.57998033 145.42201105  67.45353626  42.82232719   39.19800925  38.39286761
##  156 :lr 0.000428 :tot_ene   397.3812 :dif_ene     0.7783 :dif_cor     0.0280 :   0.          63.44705595 145.99415116  67.50348462  42.84262255   39.20100058  38.39286761
##  157 :lr 0.000419 :tot_ene   396.6429 :dif_ene     1.0067 :dif_cor     0.0179 :   0.          63.58123941 145.41778782  67.21116944  42.83934778   39.20047454  38.39286761
##  158 :lr 0.000411 :tot_ene   397.1745 :dif_ene     0.7855 :dif_cor     0.0269 :   0.          63.45430757 146.00255918  67.26242794  42.85901092   39.20336633  38.39286761
##  159 :lr 0.000403 :tot_ene   396.4331 :dif_ene     0.9981 :dif_cor     0.0170 :   0.          63.58262479 145.41334805  66.98544565  42.85591714   39.20286874  38.39286761
##  160 :lr 0.000395 :tot_ene   396.9836 :dif_ene     0.7929 :dif_cor     0.0258 :   0.          63.46139596 146.01097047  67.03769971  42.8749556   39.20566278  38.39286761
##  161 :lr 0.000387 :tot_ene   396.2381 :dif_ene     0.9910 :dif_cor     0.0163 :   0.          63.58417402 145.4087056   66.77510422  42.8720263   39.20519113  38.39286761
##  162 :lr 0.000379 :tot_ene   396.8070 :dif_ene     0.8006 :dif_cor     0.0247 :   0.          63.4683713  146.01936964  66.82807381  42.89044975   39.20788944  38.39286761
##  163 :lr 0.000371 :tot_ene   396.0568 :dif_ene     0.9852 :dif_cor     0.0155 :   0.          63.58584221 145.4039341   66.57902518  42.88767314   39.20744193  38.39286761
##  164 :lr 0.000364 :tot_ene   396.1506 :dif_ene     0.3151 :dif_cor     0.0237 :   0.          63.47520774 145.53456246  66.63244452  42.90549172   39.21004656  38.39286761
##  165 :lr 0.000357 :tot_ene   396.4744 :dif_ene     0.5401 :dif_cor     0.0232 :   0.          63.36702907 145.89213241  66.68665973  42.92305459   39.21260799  38.39286761
##  166 :lr 0.000350 :tot_ene   395.9915 :dif_ene     0.7019 :dif_cor     0.0146 :   0.          63.47657992 145.53288174  66.45650708  42.92050956   39.21219583  38.39286761
##  167 :lr 0.000343 :tot_ene   396.3258 :dif_ene     0.5410 :dif_cor     0.0223 :   0.          63.37320486 145.89676807  66.51082438  42.93748541   39.21466704  38.39286761
##  168 :lr 0.000336 :tot_ene   395.8434 :dif_ene     0.6921 :dif_cor     0.0140 :   0.          63.47804904 145.53084694  66.29230939  42.93506742   39.21427521  38.39286761
##  169 :lr 0.000329 :tot_ene   396.1884 :dif_ene     0.5426 :dif_cor     0.0214 :   0.          63.37925217 145.90165086  66.34652494  42.95146856   39.21665844  38.39286761
##  170 :lr 0.000322 :tot_ene   395.7054 :dif_ene     0.6837 :dif_cor     0.0134 :   0.          63.47960966 145.52849338  66.1389694   42.94916838   39.21628553  38.39286761
##  171 :lr 0.000316 :tot_ene   396.0612 :dif_ene     0.5447 :dif_cor     0.0205 :   0.          63.38516265 145.90666287  66.19294274  42.96501055   39.21858352  38.39286761
##  172 :lr 0.000310 :tot_ene   395.5768 :dif_ene     0.6765 :dif_cor     0.0128 :   0.          63.48121113 145.52595284  65.99573143  42.96282114   39.21822842  38.39286761
##  173 :lr 0.000303 :tot_ene   395.9434 :dif_ene     0.5472 :dif_cor     0.0197 :   0.          63.39090929 145.91173928  66.04930795  42.97811804   39.22044356  38.39286761
##  174 :lr 0.000297 :tot_ene   395.4570 :dif_ene     0.6703 :dif_cor     0.0123 :   0.          63.48286384 145.52324651  65.86183894  42.97603119   39.22010502  38.39286761
##  175 :lr 0.000291 :tot_ene   395.8342 :dif_ene     0.5499 :dif_cor     0.0189 :   0.          63.39652776 145.91694672  65.91484044  42.99079373   39.22223926  38.39286761
##  176 :lr 0.000286 :tot_ene   395.3450 :dif_ene     0.6653 :dif_cor     0.0118 :   0.          63.48458136 145.52030674  65.73655764  42.98880245   39.22191618  38.39286761
##  177 :lr 0.000280 :tot_ene   395.7330 :dif_ene     0.5531 :dif_cor     0.0182 :   0.          63.40200662 145.92214947  65.78892417  43.0030489   39.22397255  38.39286761
##  178 :lr 0.000274 :tot_ene   395.2406 :dif_ene     0.6610 :dif_cor     0.0113 :   0.          63.48630885 145.51730059  65.61932746  43.00114824   39.22366416  38.39286761
##  179 :lr 0.000269 :tot_ene   395.6390 :dif_ene     0.5563 :dif_cor     0.0175 :   0.          63.40731925 145.92730113  65.67096099  43.01489312   39.22564508  38.39286761
##  180 :lr 0.000263 :tot_ene   395.6535 :dif_ene     0.3415 :dif_cor     0.0108 :   0.          63.48805257 146.0245571   65.50955915  43.01307697   39.22535042  38.39286761
##  181 :lr 0.000258 :tot_ene   395.6708 :dif_ene     0.3364 :dif_cor     0.0106 :   0.          63.56726364 146.1221829   65.35211908  43.01128649   39.22506083  38.39286761
##  182 :lr 0.000253 :tot_ene   394.8020 :dif_ene     1.0242 :dif_cor     0.0103 :   0.          63.64498273 145.33134769  65.19853002  43.00952017   39.22477601  38.39286761
##  183 :lr 0.000248 :tot_ene   394.8737 :dif_ene     0.2165 :dif_cor     0.0162 :   0.          63.57258348 145.41164869  65.24773796  43.02225679   39.22660975  38.39286761
##  184 :lr 0.000243 :tot_ene   394.9456 :dif_ene     0.2134 :dif_cor     0.0158 :   0.          63.50181037 145.49089914  65.29681001  43.03478441   39.22841052  38.39286761
##  185 :lr 0.000238 :tot_ene   395.4088 :dif_ene     0.6016 :dif_cor     0.0155 :   0.          63.43263048 145.96029174  65.34570259  43.04710454   39.23017865  38.39286761
##  186 :lr 0.000233 :tot_ene   394.8659 :dif_ene     0.6848 :dif_cor     0.0095 :   0.          63.50359356 145.48774074  65.20629315  43.04551153   39.22992041  38.39286761
##  187 :lr 0.000229 :tot_ene   395.3386 :dif_ene     0.6051 :dif_cor     0.0149 :   0.          63.43738149 145.96517677  65.25418288  43.05738698   39.23162244  38.39286761
##  188 :lr 0.000224 :tot_ene   395.3531 :dif_ene     0.2837 :dif_cor     0.0091 :   0.          63.50536592 146.04629243  65.12132888  43.05586102   39.23137518  38.39286761
##  189 :lr 0.000220 :tot_ene   394.6503 :dif_ene     0.8361 :dif_cor     0.0089 :   0.          63.57203746 145.40826515  64.99167388  43.05435654   39.2311321   38.39286761
##  190 :lr 0.000215 :tot_ene   394.7157 :dif_ene     0.1895 :dif_cor     0.0140 :   0.          63.50997481 145.47685754  65.03772142  43.06557292   39.23273789  38.39286761
##  191 :lr 0.000211 :tot_ene   395.2160 :dif_ene     0.6216 :dif_cor     0.0137 :   0.          63.44930616 145.97949132  65.08346316  43.07659827   39.23431409  38.39286761
##  192 :lr 0.000207 :tot_ene   394.6503 :dif_ene     0.6906 :dif_cor     0.0084 :   0.          63.51171644 145.4737133   64.9627021   43.07519586   39.2340871   38.39286761
##  193 :lr 0.000203 :tot_ene   395.1593 :dif_ene     0.6252 :dif_cor     0.0132 :   0.          63.45362444 145.98406525  65.00735822  43.08581856   39.23560389  38.39286761
##  194 :lr 0.000199 :tot_ene   395.1732 :dif_ene     0.2474 :dif_cor     0.0081 :   0.          63.51343089 146.05491027  64.89217078  43.08447342   39.23538631  38.39286761
##  195 :lr 0.000195 :tot_ene   394.4672 :dif_ene     0.8233 :dif_cor     0.0079 :   0.          63.57208728 145.40423889  64.7797054   43.08314664   39.23517227  38.39286761
##  196 :lr 0.000191 :tot_ene   395.1230 :dif_ene     0.7648 :dif_cor     0.0124 :   0.          63.51760321 146.06032218  64.82247052  43.09317388   39.23660261  38.39286761
##  197 :lr 0.000187 :tot_ene   394.4105 :dif_ene     0.8250 :dif_cor     0.0076 :   0.          63.57381605 145.40032865  64.71515423  43.09190051   39.23639732  38.39286761
##  198 :lr 0.000183 :tot_ene   395.0761 :dif_ene     0.7701 :dif_cor     0.0119 :   0.          63.52162931 146.06551116  64.75681019  43.10155808   39.23777341  38.39286761
##  199 :lr 0.000179 :tot_ene   394.3572 :dif_ene     0.8267 :dif_cor     0.0073 :   0.          63.57549683 145.3965555   64.65438455  43.10033597   39.23757651  38.39286761
##  200 :lr 0.000176 :tot_ene   394.4126 :dif_ene     0.1553 :dif_cor     0.0114 :   0.          63.52551405 145.45074156  64.69489994  43.10963431   39.2389      38.39286761
##  201 :lr 0.000172 :tot_ene   394.9762 :dif_ene     0.6614 :dif_cor     0.0112 :   0.          63.47663502 146.01264889  64.73503052  43.11877065   39.2401989   38.39286761
##  202 :lr 0.000169 :tot_ene   394.3649 :dif_ene     0.7122 :dif_cor     0.0068 :   0.          63.52711615 145.44785743  64.63942538  43.11762739   39.24001454  38.39286761
##  203 :lr 0.000166 :tot_ene   394.9359 :dif_ene     0.6646 :dif_cor     0.0108 :   0.          63.48029424 146.01664781  64.67841303  43.12642245   39.24126365  38.39286761
##  204 :lr 0.000162 :tot_ene   394.9484 :dif_ene     0.1977 :dif_cor     0.0066 :   0.          63.52868519 146.07334428  64.58710306  43.12532445   39.24108673  38.39286761
##  205 :lr 0.000159 :tot_ene   394.2243 :dif_ene     0.8190 :dif_cor     0.0064 :   0.          63.57611674 145.39221314  64.49790942  43.12424268   39.24091281  38.39286761
##  206 :lr 0.000156 :tot_ene   394.9125 :dif_ene     0.7762 :dif_cor     0.0101 :   0.          63.53216592 146.0777931   64.53507115  43.132539   39.24209011  38.39286761
##  207 :lr 0.000153 :tot_ene   394.1827 :dif_ene     0.8208 :dif_cor     0.0061 :   0.          63.5776605  145.38887827  64.44984328  43.13149866   39.241923    38.39286761
##  208 :lr 0.000150 :tot_ene   394.8790 :dif_ene     0.7805 :dif_cor     0.0097 :   0.          63.53554549 146.08210009  64.48590016  43.13948358   39.24305507  38.39286761
##  209 :lr 0.000147 :tot_ene   394.1435 :dif_ene     0.8227 :dif_cor     0.0059 :   0.          63.5791649  145.3856519   64.40445564  43.13848382   39.24289461  38.39286761
##  210 :lr 0.000144 :tot_ene   394.8475 :dif_ene     0.7847 :dif_cor     0.0093 :   0.          63.53880536 146.08624513  64.43942078  43.1461683   39.24398312  38.39286761
##  211 :lr 0.000141 :tot_ene   394.1066 :dif_ene     0.8245 :dif_cor     0.0057 :   0.          63.58062529 145.38253778  64.36157794  43.1452076   39.24382905  38.39286761
##  212 :lr 0.000138 :tot_ene   394.8180 :dif_ene     0.7887 :dif_cor     0.0090 :   0.          63.54194721 146.09024549  64.39545881  43.15260166   39.24487553  38.39286761
##  213 :lr 0.000135 :tot_ene   394.0719 :dif_ene     0.8263 :dif_cor     0.0054 :   0.          63.5820576  145.37950749  64.32103573  43.1516778   39.2447275   38.39286761
##  214 :lr 0.000133 :tot_ene   394.7903 :dif_ene     0.7926 :dif_cor     0.0086 :   0.          63.54498025 146.0940682   64.35387273  43.15879354   39.24573376  38.3928676 
##  215 :lr 0.000130 :tot_ene   394.0391 :dif_ene     0.8281 :dif_cor     0.0052 :   0.          63.58343861 145.37660432  64.28271412  43.15790569   39.24559162  38.39286761
##  216 :lr 0.000127 :tot_ene   394.7643 :dif_ene     0.7963 :dif_cor     0.0083 :   0.          63.54790148 146.09776335  64.31449845  43.16475103   39.24655888  38.39286761
##  217 :lr 0.000125 :tot_ene   394.0082 :dif_ene     0.8299 :dif_cor     0.0050 :   0.          63.5847857  145.37378317  64.24644409  43.16389737   39.24642233  38.39286761
##  218 :lr 0.000122 :tot_ene   394.7399 :dif_ene     0.7999 :dif_cor     0.0080 :   0.          63.55071785 146.1013139   64.27720941  43.17048306   39.24735219  38.39286761
##  219 :lr 0.000120 :tot_ene   393.9790 :dif_ene     0.8317 :dif_cor     0.0048 :   0.          63.58609329 145.37106616  64.21211298  43.16966226   39.24722101  38.39286761
##  220 :lr 0.000117 :tot_ene   394.0177 :dif_ene     0.1040 :dif_cor     0.0076 :   0.          63.55343442 145.40538389  64.24187135  43.17599702   39.24811478  38.39286761
##  221 :lr 0.000115 :tot_ene   394.0559 :dif_ene     0.1021 :dif_cor     0.0075 :   0.          63.52147966 145.43912097  64.271223    43.18221621   39.24899156  38.39286761
##  222 :lr 0.000113 :tot_ene   394.6532 :dif_ene     0.6598 :dif_cor     0.0073 :   0.          63.4902148  146.03179099  64.30016354  43.18832133   39.24985157  38.39286761
##  223 :lr 0.000111 :tot_ene   394.0306 :dif_ene     0.6876 :dif_cor     0.0044 :   0.          63.52269221 145.43721681  64.24052401  43.18756923   39.24973126  38.39286761
##  224 :lr 0.000108 :tot_ene   394.0670 :dif_ene     0.0964 :dif_cor     0.0070 :   0.          63.49271074 145.46891715  64.26851331  43.19344228   39.25055803  38.39286761
##  225 :lr 0.000106 :tot_ene   394.1030 :dif_ene     0.0946 :dif_cor     0.0069 :   0.          63.46337839 145.50004333  64.29608661  43.19920614   39.25136882  38.39286761
##  226 :lr 0.000104 :tot_ene   394.5758 :dif_ene     0.5303 :dif_cor     0.0067 :   0.          63.434676   145.96801199  64.32325981  43.20486369   39.25216407  38.39286761
##  227 :lr 0.000102 :tot_ene   394.0809 :dif_ene     0.5546 :dif_cor     0.0041 :   0.          63.46450383 145.49874064  64.26858591  43.20417403   39.25205369  38.39286761
##  228 :lr 0.000100 :tot_ene   394.5569 :dif_ene     0.5310 :dif_cor     0.0065 :   0.          63.43697962 145.96978273  64.29483833  43.2096151   39.25281804  38.39286761
##  229 :lr 0.000098 :tot_ene   394.0601 :dif_ene     0.5540 :dif_cor     0.0039 :   0.          63.4655927  145.49746191  64.24250041  43.20895209   39.25271201  38.39286761
##  230 :lr 0.000096 :tot_ene   394.5391 :dif_ene     0.5318 :dif_cor     0.0062 :   0.          63.43919659 145.9715059   64.26785626  43.2141847   39.25344664  38.39286761
##  231 :lr 0.000094 :tot_ene   394.5460 :dif_ene     0.1087 :dif_cor     0.0038 :   0.          63.46664828 146.00187142  64.21774615  43.21354717   39.25334477  38.39286761
##  232 :lr 0.000092 :tot_ene   394.5532 :dif_ene     0.1067 :dif_cor     0.0037 :   0.          63.49355999 146.03192736  64.16873003  43.21291975   39.25324467  38.39286761
##  233 :lr 0.000090 :tot_ene   393.9384 :dif_ene     0.6676 :dif_cor     0.0036 :   0.          63.519946   145.439368    64.12078011  43.21230213   39.25314627  38.39286761
##  234 :lr 0.000088 :tot_ene   393.9685 :dif_ene     0.0788 :dif_cor     0.0057 :   0.          63.49562903 145.46476815  64.1443213   43.21713389   39.25382434  38.39286761
##  235 :lr 0.000087 :tot_ene   394.5156 :dif_ene     0.5946 :dif_cor     0.0056 :   0.          63.47183239 146.00701756  64.16748706  43.22187458   39.25448922  38.39286761
##  236 :lr 0.000085 :tot_ene   393.9511 :dif_ene     0.6140 :dif_cor     0.0034 :   0.          63.49660411 145.46339606  64.12253567  43.22129451   39.25439682  38.39286761
##  237 :lr 0.000083 :tot_ene   394.5012 :dif_ene     0.5958 :dif_cor     0.0054 :   0.          63.47377824 146.00879055  64.14489019  43.2258527   39.25503578  38.39286761
##  238 :lr 0.000082 :tot_ene   393.9346 :dif_ene     0.6142 :dif_cor     0.0033 :   0.          63.49754428 145.46206513  64.10183585  43.22529504   39.25494702  38.39286761
##  239 :lr 0.000080 :tot_ene   394.4877 :dif_ene     0.5969 :dif_cor     0.0052 :   0.          63.47564885 146.01050017  64.1234017   43.22967748   39.25556103  38.39286761
##  240 :lr 0.000078 :tot_ene   393.9189 :dif_ene     0.6144 :dif_cor     0.0031 :   0.          63.49845783 145.46076919  64.08215563  43.22914106   39.25547572  38.39286761
##  241 :lr 0.000077 :tot_ene   394.4749 :dif_ene     0.5980 :dif_cor     0.0050 :   0.          63.477453   146.01215408  64.10295878  43.23335452   39.25606577  38.39286761
##  242 :lr 0.000075 :tot_ene   393.9040 :dif_ene     0.6146 :dif_cor     0.0030 :   0.          63.49933986 145.45951403  64.06344341  43.23283873   39.25598381  38.39286761
##  243 :lr 0.000074 :tot_ene   394.4628 :dif_ene     0.5991 :dif_cor     0.0048 :   0.          63.4791896  146.01375515  64.08350319  43.23688928   39.25655078  38.39286761
##  244 :lr 0.000072 :tot_ene   393.8899 :dif_ene     0.6149 :dif_cor     0.0029 :   0.          63.50019138 145.45829501  64.04564257  43.23639337   39.25647203  38.39286761
##  245 :lr 0.000071 :tot_ene   394.4513 :dif_ene     0.6001 :dif_cor     0.0046 :   0.          63.4808595  146.01529973  64.06498384  43.2402873   39.25701684  38.39286761
##  246 :lr 0.000069 :tot_ene   393.8765 :dif_ene     0.6152 :dif_cor     0.0028 :   0.          63.50101432 145.45711384  64.02870415  43.23981045   39.25694117  38.39286761
##  247 :lr 0.000068 :tot_ene   394.4405 :dif_ene     0.6011 :dif_cor     0.0044 :   0.          63.48246712 146.01679416  64.04734809  43.24355357   39.25746466  38.39286761
##  248 :lr 0.000067 :tot_ene   393.8637 :dif_ene     0.6155 :dif_cor     0.0027 :   0.          63.50180613 145.45597031  64.0125822   43.2430952   39.25739197  38.39286761
##  249 :lr 0.000065 :tot_ene   393.8864 :dif_ene     0.0582 :dif_cor     0.0042 :   0.          63.48401072 145.4743485   64.03055184  43.2466933   39.25789497  38.39286761
!! cvrg :lr 0.000065 :tot_ene   393.8864 :dif_ene     0.0582 :dif_cor     0.0042 :   0.          63.48401072 145.4743485   64.03055184  43.2466933   39.25789497  38.39286761
