itr_steps: 2 2.886574312910284e-10 0.18767348281256743
itr_steps: 3 4.892392047040062e-12 0.1898782396628025
itr_steps: 3 2.545855470881264e-10 0.1932395432836251
itr_steps: 3 7.285848063753875e-09 0.19782547955782392
itr_steps: 4 4.955768906356184e-09 0.2033673082887085
itr_steps: 4 6.360534599014755e-10 0.20241034967245564
itr_steps: 4 1.1863190985117456e-10 0.20726167709956989
itr_steps: 3 8.565496090184865e-10 0.20780369849602084
itr_steps: 4 7.864819906444609e-11 0.21088845834689643
itr_steps: 4 2.01548133738072e-09 0.21343290048532548
itr_steps: 3 4.862421382201276e-09 0.2134405351619839
itr_steps: 4 2.3638979662621296e-10 0.21612293376864147
itr_steps: 4 9.225445407601285e-11 0.20943376052646015
itr_steps: 4 5.269265579421756e-11 0.21624574431673127
itr_steps: 4 1.4496293054833131e-10 0.2176001640704196
itr_steps: 3 5.810435882436238e-09 0.21042647522805744
itr_steps: 4 7.937148160941376e-11 0.21807464203370705
itr_steps: 4 1.2110826230760097e-10 0.21884590002360085
itr_steps: 3 5.314734902173157e-09 0.21113911845578845
itr_steps: 4 8.896908210154209e-11 0.21921856786176433
itr_steps: 4 1.1418072043412053e-10 0.219724594294008
itr_steps: 4 3.2014391138091014e-11 0.21167512093758292
itr_steps: 4 8.367675996545643e-11 0.21997855699220584
itr_steps: 4 1.0206541167789851e-10 0.22031215657973166
itr_steps: 4 1.2494458245804196e-10 0.22074987287162914
itr_steps: 4 4.007175147258124e-11 0.2122886337105847
itr_steps: 4 9.06272834555466e-11 0.22097360033836802
itr_steps: 4 1.0817935436335802e-10 0.22126089967106097
itr_steps: 4 4.501782280286193e-11 0.21266701871008942
itr_steps: 4 7.39722449960567e-11 0.22141394193081673
itr_steps: 4 8.774414528289753e-11 0.22160718057031512
itr_steps: 4 1.0377226855595723e-10 0.2218519628794667
itr_steps: 4 4.903280559354073e-11 0.21307094613100566
itr_steps: 3 9.82339826149925e-09 0.221984321247138
itr_steps: 4 8.23137114025485e-11 0.22214977754640672
itr_steps: 4 5.0786014282877545e-11 0.2133214665542682
itr_steps: 3 7.447263611348731e-09 0.22224179445715164
itr_steps: 3 8.79034670053791e-09 0.2223556399226079
itr_steps: 4 7.445863370314498e-11 0.22249698025998188
itr_steps: 4 5.306835526575071e-11 0.21357985372945587
itr_steps: 3 6.600319985006209e-09 0.22257638555129314
itr_steps: 3 7.799231371841131e-09 0.2226741208572831
itr_steps: 3 9.183350635488807e-09 0.22279480897948023
itr_steps: 4 5.5114107722076255e-11 0.21380758682767423
itr_steps: 3 5.811561648583208e-09 0.22286320201581175
itr_steps: 3 6.876196251281996e-09 0.22294704791716433
itr_steps: 3 8.110104282588182e-09 0.22305013087843414
itr_steps: 4 5.6940063775101635e-11 0.2140074506781066
itr_steps: 3 5.09262126913157e-09 0.22310899848118784
itr_steps: 3 6.0338365692746976e-09 0.22318092774231324
itr_steps: 3 7.128932860700488e-09 0.22326904130721636
itr_steps: 4 5.856326534825484e-11 0.21418230056409718
itr_steps: 3 4.44694966961201e-09 0.223319697770717
