##    0 :lr 0.010000 :tot_ene   487.5018 :dif_ene     0.0000 :dif_cor     0.0000 :   0.          58.98474765 157.65901038 123.44322053  67.09523678   41.9266889   38.39286761
##    1 :lr 0.012000 :tot_ene   451.9247 :dif_ene    35.5771 :dif_cor     0.9102 :   0.          53.27164101 153.09238963 110.04297434  56.88709134   40.23770041  38.39286761
##    2 :lr 0.014400 :tot_ene   427.1546 :dif_ene    24.7700 :dif_cor     0.8150 :   0.          47.68219235 148.63722314 102.2136367   50.25736806   39.97136022  38.39286761
##    3 :lr 0.017280 :tot_ene   408.1215 :dif_ene    19.0331 :dif_cor     0.7610 :   0.          44.17053969 144.89980244  94.56954691  46.26712707   39.82161616  38.39286761
##    4 :lr 0.020736 :tot_ene   394.4962 :dif_ene    13.6253 :dif_cor     0.7952 :   0.          42.73387621 141.86802078  86.78063866  45.01924668   39.70153769  38.39286761
##    5 :lr 0.024883 :tot_ene   383.1934 :dif_ene    11.8401 :dif_cor     0.9086 :   0.          43.00253226 139.36295841  78.29446068  44.53789501   39.6026515   38.39286761
##    6 :lr 0.029860 :tot_ene   381.4757 :dif_ene    40.6823 :dif_cor     1.9429 :   0.          38.17326589 158.84523665  62.66289669  43.8529074   39.54849214  38.39286761
##    7 :lr 0.014930 :tot_ene   395.2186 :dif_ene    26.8079 :dif_cor     1.6457 :   0.          35.86582472 154.62019807  80.29406192  45.62979724   40.41586429  38.39286761
##    8 :lr 0.017916 :tot_ene   364.6829 :dif_ene    30.5357 :dif_cor     0.7834 :   0.          35.04502586 147.62983251  60.77283167  43.40751091   39.43487209  38.39286761
##    9 :lr 0.021499 :tot_ene   362.7402 :dif_ene     5.2169 :dif_cor     0.8562 :   0.          33.84805477 145.24698764  62.15558933  43.44993967   39.64677409  38.39286761
##   10 :lr 0.010750 :tot_ene   374.8958 :dif_ene    19.5241 :dif_cor     1.0616 :   0.          33.14209975 142.26869237  76.04947189  43.83160781   41.21104293  38.39286761
##   11 :lr 0.012899 :tot_ene   356.8879 :dif_ene    18.0079 :dif_cor     0.4261 :   0.          32.84202153 140.58815492  62.39058132  43.33859477   39.33569895  38.39286761
##   12 :lr 0.015479 :tot_ene   356.0899 :dif_ene     2.2799 :dif_cor     0.5385 :   0.          33.26480293 139.04922634  62.55998611  43.46825649   39.35479523  38.39286761
## rjct :lr 0.007740 :tot_ene   369.8539 :dif_ene    26.7989 :dif_cor     1.6380 :   0.          28.79753051 159.3251324   60.98496479  42.99308326   39.36034765  38.39286761
##   14 :lr 0.009288 :tot_ene   352.4543 :dif_ene     3.6357 :dif_cor     0.2659 :   0.          33.0511862  137.26008089  60.99166705  43.4457067   39.31277557  38.39286761
##   15 :lr 0.011145 :tot_ene   351.6612 :dif_ene     1.6222 :dif_cor     0.2429 :   0.          33.38835678 136.05244663  60.99701358  43.5147434   39.31579097  38.39286761
## rjct :lr 0.005573 :tot_ene   367.0262 :dif_ene    33.3072 :dif_cor     1.4215 :   0.          29.0631296  160.38850769  56.9168889   43.02530787   39.2394742   38.39286761
##   17 :lr 0.006687 :tot_ene   351.0514 :dif_ene     0.9187 :dif_cor     0.1274 :   0.          33.49092158 135.28820831  61.02920475  43.53441754   39.31573293  38.39286761
##   18 :lr 0.008024 :tot_ene   350.5691 :dif_ene     1.3755 :dif_cor     0.1440 :   0.          33.72266323 134.35934651  61.19918156  43.57557221   39.31951701  38.39286761
## rjct :lr 0.004012 :tot_ene   367.0650 :dif_ene    34.4945 :dif_cor     1.4073 :   0.          29.47788786 159.85455743  57.04489527  43.05326448   39.24157493  38.39286761
##   20 :lr 0.004815 :tot_ene   350.3273 :dif_ene     0.6423 :dif_cor     0.0818 :   0.          33.84316456 133.91727003  61.25760823  43.59525774   39.32115335  38.39286761
##   21 :lr 0.005778 :tot_ene   350.0733 :dif_ene     0.8779 :dif_cor     0.0978 :   0.          34.02073462 133.35128822  61.36052468  43.62398373   39.32390432  38.39286761
## rjct :lr 0.002889 :tot_ene   366.9092 :dif_ene    34.7693 :dif_cor     1.3946 :   0.          29.93965063 159.15385373  57.10081797  43.07787987   39.24408282  38.39286761
##   23 :lr 0.003467 :tot_ene   349.9396 :dif_ene     0.4273 :dif_cor     0.0558 :   0.          34.11379755 133.07080322  61.39873353  43.6382675   39.32517826  38.39286761
##   24 :lr 0.004160 :tot_ene   349.7965 :dif_ene     0.5626 :dif_cor     0.0668 :   0.          34.24068572 132.71796702  61.46006759  43.65787001   39.3270822   38.39286761
##   25 :lr 0.004992 :tot_ene   349.6503 :dif_ene     0.7350 :dif_cor     0.0800 :   0.          34.41269815 132.27732399  61.55290113  43.68462844   39.32985963  38.39286761
## rjct :lr 0.002496 :tot_ene   367.2365 :dif_ene    36.0585 :dif_cor     1.4158 :   0.          30.27365943 159.09964201  57.11685277  43.10687966   39.24655947  38.39286761
##   27 :lr 0.002995 :tot_ene   349.5746 :dif_ene     0.3605 :dif_cor     0.0458 :   0.          34.5039287  132.05924581  61.58911565  43.69823262   39.33120839  38.39286761
##   28 :lr 0.003594 :tot_ene   349.4958 :dif_ene     0.4627 :dif_cor     0.0548 :   0.          34.62293818 131.78848394  61.64225754  43.71616866   39.33306867  38.39286761
## rjct :lr 0.001797 :tot_ene   367.2199 :dif_ene    35.9048 :dif_cor     1.4063 :   0.          30.6927564  158.60294504  57.15556     43.12680936   39.24896514  38.39286761
##   30 :lr 0.002156 :tot_ene   349.4534 :dif_ene     0.2380 :dif_cor     0.0318 :   0.          34.68802682 131.64832997  61.6645074   43.72569052   39.33402381  38.39286761
##   31 :lr 0.002588 :tot_ene   349.4084 :dif_ene     0.3008 :dif_cor     0.0381 :   0.          34.7707795  131.47539862  61.69612731  43.73792952   39.33529094  38.39286761
##   32 :lr 0.003105 :tot_ene   349.3627 :dif_ene     0.3804 :dif_cor     0.0456 :   0.          34.87628325 131.2623925   61.740503    43.75371924   39.33697559  38.39286761
## rjct :lr 0.001553 :tot_ene   367.4553 :dif_ene    36.4404 :dif_cor     1.4195 :   0.          30.96822486 158.52882534  57.16610878  43.14807421   39.25115324  38.39286761
##   34 :lr 0.001863 :tot_ene   349.3385 :dif_ene     0.1984 :dif_cor     0.0266 :   0.          34.9346366  131.1510651   61.75978751  43.76223939   39.33786199  38.39286761
##   35 :lr 0.002236 :tot_ene   349.3134 :dif_ene     0.2481 :dif_cor     0.0318 :   0.          35.00775322 131.01445241  61.78627109  43.77302756   39.33900885  38.39286761
## rjct :lr 0.001118 :tot_ene   367.4751 :dif_ene    36.2056 :dif_cor     1.4198 :   0.          31.27850074 158.19810906  57.19064697  43.16202642   39.25292124  38.39286761
##   37 :lr 0.001342 :tot_ene   349.2996 :dif_ene     0.1341 :dif_cor     0.0187 :   0.          35.04907298 130.94052693  61.79851704  43.77901915   39.33963417  38.39286761
##   38 :lr 0.001610 :tot_ene   349.2851 :dif_ene     0.1662 :dif_cor     0.0224 :   0.          35.10020993 130.85019382  61.8149459   43.78649871   39.34042703  38.39286761
##   39 :lr 0.001932 :tot_ene   349.2707 :dif_ene     0.2064 :dif_cor     0.0268 :   0.          35.16370058 130.73975926  61.83701024  43.795876   39.34143738  38.39286761
## rjct :lr 0.000966 :tot_ene   367.6296 :dif_ene    36.4373 :dif_cor     1.4268 :   0.          31.47140045 158.13786443  57.1966278   43.176308   39.25448816  38.39286761
##   41 :lr 0.001159 :tot_ene   349.2628 :dif_ene     0.1129 :dif_cor     0.0158 :   0.          35.1998626  130.67940462  61.84752357  43.80113972   39.3419962   38.39286761
##   42 :lr 0.001391 :tot_ene   349.2548 :dif_ene     0.1391 :dif_cor     0.0189 :   0.          35.24433616 130.6058713   61.86136695  43.80766353   39.34269704  38.39286761
##   43 :lr 0.001669 :tot_ene   349.2473 :dif_ene     0.1718 :dif_cor     0.0227 :   0.          35.29919056 130.51622277  61.87965622  43.81578125   39.34358019  38.39286761
## rjct :lr 0.000835 :tot_ene   367.7621 :dif_ene    36.6079 :dif_cor     1.4325 :   0.          31.64431449 158.07757323  57.2023181   43.18914047   39.25593493  38.39286761
##   45 :lr 0.001001 :tot_ene   349.2433 :dif_ene     0.0950 :dif_cor     0.0134 :   0.          35.33065294 130.46675916  61.88860216  43.82037997   39.34407452  38.39286761
##   46 :lr 0.001202 :tot_ene   349.2396 :dif_ene     0.1165 :dif_cor     0.0160 :   0.          35.36916649 130.40663107  61.90021672  43.82604811   39.34468942  38.39286761
##   47 :lr 0.001442 :tot_ene   349.2367 :dif_ene     0.1433 :dif_cor     0.0192 :   0.          35.41643429 130.33348383  61.9153642   43.83305947   39.34545771  38.39286761
## rjct :lr 0.000721 :tot_ene   367.8761 :dif_ene    36.7333 :dif_cor     1.4371 :   0.          31.79803386 158.01987289  57.20754901  43.20057596   39.25724963  38.39286761
##   49 :lr 0.000865 :tot_ene   349.2352 :dif_ene     0.0800 :dif_cor     0.0114 :   0.          35.44371106 130.29276057  61.92294832  43.83706304   39.34589208  38.39286761
##   50 :lr 0.001038 :tot_ene   349.2343 :dif_ene     0.0979 :dif_cor     0.0136 :   0.          35.4769823  130.24334767  61.93268477  43.84197603   39.34642902  38.39286761
##   51 :lr 0.001246 :tot_ene   349.2342 :dif_ene     0.1200 :dif_cor     0.0163 :   0.          35.51765866 130.18334147  61.94524828  43.84802443   39.3470954   38.39286761
## rjct :lr 0.000623 :tot_ene   367.9742 :dif_ene    36.8256 :dif_cor     1.4409 :   0.          31.93386086 157.96612494  57.21226073  43.21070405   39.25843101  38.39286761
!! cvrg :lr 0.000623 :tot_ene   349.2344 :dif_ene     0.0676 :dif_cor     0.0097 :   0.          35.5412565  130.14965512  61.9516716   43.8515018   39.34747537  38.39286761
