##    0 :lr 0.005000 :tot_ene   198.1471 :dif_ene     0.0000 :dif_cor     0.0000 :  0.         10.68735851 48.58597419 69.57020246 38.12305096 18.90016533  12.28034659
##    1 :lr 0.004900 :tot_ene   196.7850 :dif_ene     3.2540 :dif_cor     0.2421 :  0.         10.79124434 49.42805959 68.39085572 37.25963099 18.63490259  12.28034659
##    2 :lr 0.004802 :tot_ene   196.0856 :dif_ene     3.1758 :dif_cor     0.2306 :  0.         10.37679991 47.90489459 69.27105708 37.59001449 18.66252298  12.28034659
##    3 :lr 0.004706 :tot_ene   195.3801 :dif_ene     2.9049 :dif_cor     0.2161 :  0.          9.99873347 46.47774026 70.03506167 37.90329793 18.68493188  12.28034659
##    4 :lr 0.004612 :tot_ene   194.6547 :dif_ene     2.6118 :dif_cor     0.2026 :  0.          9.65508351 45.15274907 70.67488221 38.19060393 18.70099684  12.28034659
##    5 :lr 0.004520 :tot_ene   193.9067 :dif_ene     2.3116 :dif_cor     0.1899 :  0.          9.34388843 43.9341574  71.1917702  38.44646988 18.71010369  12.28034659
##    6 :lr 0.004429 :tot_ene   193.1407 :dif_ene     2.0172 :dif_cor     0.1775 :  0.          9.06301889 42.82341124 71.59398625 38.66787504 18.71208042  12.28034659
##    7 :lr 0.004341 :tot_ene   192.3650 :dif_ene     1.7488 :dif_cor     0.1657 :  0.          8.81013325 41.81900963 71.89455712 38.85386277 18.70713562  12.28034659
##    8 :lr 0.004254 :tot_ene   196.8344 :dif_ene     7.8321 :dif_cor     0.7093 :  0.          8.58272638 40.91684264 72.10894928 44.79018996 18.15529671  12.28034659
##    9 :lr 0.004169 :tot_ene   193.8206 :dif_ene     3.3160 :dif_cor     0.2185 :  0.          8.39088406 40.17784088 72.24186319 42.55615402 18.17353609  12.28034659
##   10 :lr 0.004085 :tot_ene   195.9362 :dif_ene     5.2965 :dif_cor     0.6678 :  0.          7.48001988 43.77680332 72.33220563 41.87657153 18.19024838  12.28034659
##   11 :lr 0.004004 :tot_ene   193.8975 :dif_ene     2.1702 :dif_cor     0.1789 :  0.          7.31369361 42.14873195 72.38484208 41.56654722 18.20336617  12.28034659
##   12 :lr 0.003924 :tot_ene   192.6020 :dif_ene     1.3745 :dif_cor     0.1349 :  0.          7.17968951 41.12834656 72.41987798 41.3859119  18.20779186  12.28034659
##   13 :lr 0.003845 :tot_ene   191.5554 :dif_ene     1.0830 :dif_cor     0.1198 :  0.          7.06291186 40.33089005 72.43813921 41.23792989 18.20523224  12.28034659
##   14 :lr 0.003768 :tot_ene   190.6491 :dif_ene     0.9134 :dif_cor     0.1100 :  0.          6.95861943 39.67369134 72.44165818 41.09749967 18.19729688  12.28034659
##   15 :lr 0.003693 :tot_ene   189.8369 :dif_ene     0.8122 :dif_cor     0.1025 :  0.          6.86418404 39.11615698 72.43296913 40.9579808  18.1852489  12.28034659
##   16 :lr 0.003619 :tot_ene   189.0947 :dif_ene     0.7422 :dif_cor     0.0966 :  0.          6.77785969 38.63378793 72.41465071 40.81799758 18.17005595  12.28034659
##   17 :lr 0.003547 :tot_ene   188.4083 :dif_ene     0.6864 :dif_cor     0.0916 :  0.          6.69836702 38.21035407 72.38905402 40.67771434 18.15247112  12.28034659
##   18 :lr 0.003476 :tot_ene   187.7685 :dif_ene     0.6398 :dif_cor     0.0871 :  0.          6.62471258 37.83440831 72.35818598 40.53773224 18.13309402  12.28034659
##   19 :lr 0.003406 :tot_ene   187.1688 :dif_ene     0.5997 :dif_cor     0.0829 :  0.          6.55609704 37.49750679 72.32368582 40.398739   18.11240992  12.28034659
##   20 :lr 0.003338 :tot_ene   186.6045 :dif_ene     0.5643 :dif_cor     0.0792 :  0.          6.49186255 37.19321145 72.28685027 40.26138736 18.09081487  12.28034659
##   21 :lr 0.003271 :tot_ene   186.0719 :dif_ene     0.5326 :dif_cor     0.0760 :  0.          6.43145947 36.91648841 72.24867949 40.12625107 18.06863275  12.28034659
##   22 :lr 0.003206 :tot_ene   185.5680 :dif_ene     0.5039 :dif_cor     0.0734 :  0.          6.37442403 36.6633235  72.20992833 39.99381086 18.0461279  12.28034659
##   23 :lr 0.003142 :tot_ene   185.0903 :dif_ene     0.4777 :dif_cor     0.0709 :  0.          6.32036205 36.43046484 72.17115473 39.86445407 18.02351505  12.28034659
##   24 :lr 0.003079 :tot_ene   184.6367 :dif_ene     0.4536 :dif_cor     0.0685 :  0.          6.2689369  36.21524388 72.13276206 39.7384806  18.00096735  12.28034659
##   25 :lr 0.003017 :tot_ene   184.2054 :dif_ene     0.4313 :dif_cor     0.0664 :  0.          6.21986003 36.01544722 72.09503439 39.61611197 17.97862325  12.28034659
##   26 :lr 0.002957 :tot_ene   183.7947 :dif_ene     0.4107 :dif_cor     0.0644 :  0.          6.17288344 35.82922223 72.058165   39.49750129 17.95659216  12.28034659
##   27 :lr 0.002898 :tot_ene   183.4031 :dif_ene     0.3916 :dif_cor     0.0625 :  0.          6.12779353 35.65500608 72.02227899 39.3827433  17.93495938  12.28034659
##   28 :lr 0.002840 :tot_ene   183.0293 :dif_ene     0.3738 :dif_cor     0.0608 :  0.          6.08440593 35.49147152 71.98745088 39.27188387 17.91379016  12.28034659
##   29 :lr 0.002783 :tot_ene   182.6722 :dif_ene     0.3572 :dif_cor     0.0592 :  0.          6.04256132 35.3374845  71.95371818 39.16492848 17.8931332  12.28034659
##   30 :lr 0.002727 :tot_ene   182.3305 :dif_ene     0.3417 :dif_cor     0.0576 :  0.          6.00212172 35.19207079 71.92109176 39.06184984 17.87302357  12.28034659
##   31 :lr 0.002673 :tot_ene   182.0033 :dif_ene     0.3272 :dif_cor     0.0561 :  0.          5.96296755 35.05438935 71.88956362 38.96259445 17.85348519  12.28034659
##   32 :lr 0.002619 :tot_ene   181.6898 :dif_ene     0.3136 :dif_cor     0.0546 :  0.          5.92499492 34.92371075 71.85911282 38.8670882  17.83453285  12.28034659
##   33 :lr 0.002567 :tot_ene   181.3890 :dif_ene     0.3008 :dif_cor     0.0532 :  0.          5.8881135  34.79939969 71.82970977 38.77524117 17.81617395  12.28034659
##   34 :lr 0.002516 :tot_ene   181.1002 :dif_ene     0.2888 :dif_cor     0.0518 :  0.          5.85224457 34.6809006  71.80131948 38.68695157 17.79840995  12.28034659
##   35 :lr 0.002465 :tot_ene   180.8226 :dif_ene     0.2775 :dif_cor     0.0505 :  0.          5.81731943 34.56772576 71.77390384 38.60210914 17.78123757  12.28034659
##   36 :lr 0.002416 :tot_ene   180.5557 :dif_ene     0.2669 :dif_cor     0.0492 :  0.          5.78327797 34.45944545 71.74742334 38.5205978  17.76464974  12.28034659
##   37 :lr 0.002368 :tot_ene   180.2989 :dif_ene     0.2569 :dif_cor     0.0479 :  0.          5.75006751 34.35567968 71.72183823 38.44229796 17.74863647  12.28034659
##   38 :lr 0.002320 :tot_ene   180.0515 :dif_ene     0.2474 :dif_cor     0.0467 :  0.          5.71764175 34.25609128 71.69710933 38.36708831 17.7331855  12.28034659
##   39 :lr 0.002274 :tot_ene   179.8130 :dif_ene     0.2384 :dif_cor     0.0456 :  0.          5.68595991 34.16038007 71.67319857 38.29484728 17.71828287  12.28034659
##   40 :lr 0.002229 :tot_ene   179.5830 :dif_ene     0.2300 :dif_cor     0.0444 :  0.          5.65498593 34.06827793 71.65006932 38.22545421 17.70391338  12.28034659
##   41 :lr 0.002184 :tot_ene   179.3611 :dif_ene     0.2219 :dif_cor     0.0433 :  0.          5.62468786 33.9795446  71.62768664 38.1587903  17.69006098  12.28034659
##   42 :lr 0.002140 :tot_ene   179.1468 :dif_ene     0.2143 :dif_cor     0.0422 :  0.          5.59503729 33.8939641  71.60601733 38.09473924 17.67670903  12.28034659
##   43 :lr 0.002097 :tot_ene   178.9398 :dif_ene     0.2071 :dif_cor     0.0412 :  0.          5.56600882 33.81134171 71.58502997 38.0331878  17.66384061  12.28034659
##   44 :lr 0.002055 :tot_ene   178.7396 :dif_ene     0.2002 :dif_cor     0.0402 :  0.          5.5375797  33.73150132 71.56469492 37.97402622 17.65143868  12.28034659
##   45 :lr 0.002014 :tot_ene   178.5460 :dif_ene     0.1936 :dif_cor     0.0392 :  0.          5.50972943 33.65428323 71.54498424 37.91714846 17.63948625  12.28034659
##   46 :lr 0.001974 :tot_ene   178.3586 :dif_ene     0.1874 :dif_cor     0.0382 :  0.          5.4824395  33.57954214 71.5258716  37.86245241 17.62796651  12.28034659
##   47 :lr 0.001935 :tot_ene   178.1772 :dif_ene     0.1814 :dif_cor     0.0373 :  0.          5.45569303 33.50714553 71.50733225 37.80983997 17.61686293  12.28034659
##   48 :lr 0.001896 :tot_ene   178.0015 :dif_ene     0.1757 :dif_cor     0.0364 :  0.          5.42947465 33.43697222 71.48934287 37.7592171  17.60615933  12.28034659
##   49 :lr 0.001858 :tot_ene   177.8312 :dif_ene     0.1703 :dif_cor     0.0355 :  0.          5.40377023 33.36891104 71.4718815  37.71049387 17.59583996  12.28034659
##   50 :lr 0.001821 :tot_ene   177.6662 :dif_ene     0.1651 :dif_cor     0.0347 :  0.          5.37856672 33.30285982 71.45492744 37.66358426 17.58588949  12.28034659
##   51 :lr 0.001784 :tot_ene   177.5061 :dif_ene     0.1601 :dif_cor     0.0338 :  0.          5.35385201 33.23872437 71.43846117 37.61840629 17.5762931  12.28034659
##   52 :lr 0.001749 :tot_ene   177.3508 :dif_ene     0.1553 :dif_cor     0.0330 :  0.          5.32961482 33.17641764 71.42246426 37.57488177 17.56703648  12.28034659
##   53 :lr 0.001714 :tot_ene   177.2000 :dif_ene     0.1507 :dif_cor     0.0322 :  0.          5.30584456 33.11585906 71.40691927 37.53293629 17.55810581  12.28034659
##   54 :lr 0.001679 :tot_ene   177.0536 :dif_ene     0.1464 :dif_cor     0.0315 :  0.          5.28253126 33.05697379 71.39180971 37.49249899 17.54948782  12.28034659
##   55 :lr 0.001646 :tot_ene   176.9115 :dif_ene     0.1422 :dif_cor     0.0307 :  0.          5.25966547 32.99969224 71.37711995 37.45350253 17.54116973  12.28034659
##   56 :lr 0.001613 :tot_ene   176.7734 :dif_ene     0.1381 :dif_cor     0.0300 :  0.          5.23723821 32.94394951 71.36283516 37.41588286 17.5331393  12.28034659
##   57 :lr 0.001581 :tot_ene   176.6392 :dif_ene     0.1342 :dif_cor     0.0293 :  0.          5.21524089 32.88968497 71.34894125 37.37957916 17.52538479  12.28034659
##   58 :lr 0.001549 :tot_ene   176.5087 :dif_ene     0.1305 :dif_cor     0.0286 :  0.          5.19366528 32.83684187 71.33542482 37.34453361 17.51789493  12.28034659
##   59 :lr 0.001518 :tot_ene   176.3818 :dif_ene     0.1269 :dif_cor     0.0279 :  0.          5.17250345 32.78536699 71.32227313 37.31069133 17.51065896  12.28034659
##   60 :lr 0.001488 :tot_ene   176.2584 :dif_ene     0.1234 :dif_cor     0.0273 :  0.          5.15174776 32.73521029 71.30947401 37.2780002  17.50366659  12.28034659
##   61 :lr 0.001458 :tot_ene   176.1384 :dif_ene     0.1200 :dif_cor     0.0266 :  0.          5.13139077 32.68632471 71.29701585 37.24641072 17.49690796  12.28034659
##   62 :lr 0.001429 :tot_ene   176.0216 :dif_ene     0.1168 :dif_cor     0.0260 :  0.          5.11142528 32.63866585 71.28488757 37.21587589 17.49037366  12.28034659
##   63 :lr 0.001400 :tot_ene   175.9079 :dif_ene     0.1137 :dif_cor     0.0254 :  0.          5.09184428 32.59219176 71.27307857 37.18635106 17.48405468  12.28034659
##   64 :lr 0.001372 :tot_ene   175.7972 :dif_ene     0.1107 :dif_cor     0.0248 :  0.          5.07264091 32.5468628  71.26157871 37.15779386 17.47794245  12.28034659
##   65 :lr 0.001345 :tot_ene   175.6894 :dif_ene     0.1078 :dif_cor     0.0242 :  0.          5.05380847 32.50264136 71.25037827 37.13016402 17.47202876  12.28034659
##   66 :lr 0.001318 :tot_ene   175.5844 :dif_ene     0.1050 :dif_cor     0.0237 :  0.          5.0353404  32.4594918  71.23946794 37.10342328 17.46630576  12.28034659
##   67 :lr 0.001292 :tot_ene   175.4821 :dif_ene     0.1023 :dif_cor     0.0232 :  0.          5.01723026 32.41738023 71.22883876 37.07753531 17.46076597  12.28034659
##   68 :lr 0.001266 :tot_ene   175.3824 :dif_ene     0.0997 :dif_cor     0.0226 :  0.          4.99947175 32.37627442 71.21848217 37.05246554 17.45540226  12.28034659
##   69 :lr 0.001240 :tot_ene   184.4342 :dif_ene     9.1309 :dif_cor     1.1319 :  0.          8.43152604 38.03558751 71.2083899  37.02818115 17.45020779  12.28034659
##   70 :lr 0.001216 :tot_ene   183.5857 :dif_ene     0.8485 :dif_cor     0.0544 :  0.          8.172958   37.4762849  71.19831914 37.01135219 17.4464853  12.28034659
##   71 :lr 0.001191 :tot_ene   182.9066 :dif_ene     0.6792 :dif_cor     0.0489 :  0.          7.97081162 37.02924248 71.1885654  36.99476304 17.44282755  12.28034659
##   72 :lr 0.001167 :tot_ene   182.3463 :dif_ene     0.5602 :dif_cor     0.0447 :  0.          7.80961    36.65961887 71.1791049  36.97840112 17.43923084  12.28034659
##   73 :lr 0.001144 :tot_ene   181.8728 :dif_ene     0.4735 :dif_cor     0.0414 :  0.          7.67860285 36.3460046  71.1699193  36.96226244 17.43569335  12.28034659
##   74 :lr 0.001121 :tot_ene   181.4647 :dif_ene     0.4081 :dif_cor     0.0387 :  0.          7.57017442 36.07466343 71.16099387 36.94634767 17.43221436  12.28034659
##   75 :lr 0.001099 :tot_ene   181.1073 :dif_ene     0.3574 :dif_cor     0.0365 :  0.          7.47884499 35.836367   71.15231634 36.93065981 17.42879371  12.28034659
##   76 :lr 0.001077 :tot_ene   180.7901 :dif_ene     0.3172 :dif_cor     0.0347 :  0.          7.40062154 35.62463343 71.14387613 36.91520289 17.42543154  12.28034659
##   77 :lr 0.001055 :tot_ene   180.5054 :dif_ene     0.2847 :dif_cor     0.0331 :  0.          7.33256294 35.43472487 71.13566389 36.89998118 17.4221281  12.28034659
##   78 :lr 0.001034 :tot_ene   180.2474 :dif_ene     0.2580 :dif_cor     0.0316 :  0.          7.27248211 35.26305947 71.12767114 36.88499876 17.41888363  12.28034659
##   79 :lr 0.001014 :tot_ene   180.0118 :dif_ene     0.2357 :dif_cor     0.0303 :  0.          7.21873838 35.10685371 71.11989009 36.87025924 17.41569835  12.28034659
##   80 :lr 0.000993 :tot_ene   179.7950 :dif_ene     0.2168 :dif_cor     0.0291 :  0.          7.1700906  34.96389618 71.1123135  36.85576561 17.41257237  12.28034659
##   81 :lr 0.000973 :tot_ene   179.5943 :dif_ene     0.2007 :dif_cor     0.0280 :  0.          7.12559213 34.83239874 71.10493454 36.84152023 17.40950572  12.28034659
##   82 :lr 0.000954 :tot_ene   179.4075 :dif_ene     0.1868 :dif_cor     0.0270 :  0.          7.08451504 34.71089475 71.09774674 36.82752478 17.4064983  12.28034659
##   83 :lr 0.000935 :tot_ene   179.2329 :dif_ene     0.1746 :dif_cor     0.0260 :  0.          7.04629495 34.59816715 71.09074398 36.81378029 17.40354992  12.28034659
##   84 :lr 0.000916 :tot_ene   179.0689 :dif_ene     0.1640 :dif_cor     0.0251 :  0.          7.01049058 34.49319607 71.08392038 36.80028718 17.40066028  12.28034659
##   85 :lr 0.000898 :tot_ene   178.9144 :dif_ene     0.1545 :dif_cor     0.0243 :  0.          6.97675396 34.39511968 71.07727034 36.78704529 17.39782899  12.28034659
##   86 :lr 0.000880 :tot_ene   178.7683 :dif_ene     0.1461 :dif_cor     0.0235 :  0.          6.94480827 34.30320435 71.07078849 36.77405397 17.39505557  12.28034659
##   87 :lr 0.000862 :tot_ene   178.6297 :dif_ene     0.1385 :dif_cor     0.0228 :  0.          6.91443133 34.21682145 71.06446966 36.76131207 17.39233946  12.28034659
##   88 :lr 0.000845 :tot_ene   178.4980 :dif_ene     0.1317 :dif_cor     0.0221 :  0.          6.88544319 34.13542912 71.05830891 36.74881804 17.38968005  12.28034659
##   89 :lr 0.000828 :tot_ene   178.3725 :dif_ene     0.1255 :dif_cor     0.0215 :  0.          6.85769673 34.05855775 71.05230146 36.73656995 17.38707664  12.28034659
##   90 :lr 0.000812 :tot_ene   178.2528 :dif_ene     0.1198 :dif_cor     0.0209 :  0.          6.83107056 33.98579825 71.04644274 36.72456554 17.3845285  12.28034659
##   91 :lr 0.000795 :tot_ene   178.1382 :dif_ene     0.1146 :dif_cor     0.0203 :  0.          6.8054636  33.91679255 71.04072834 36.71280228 17.38203485  12.28034659
##   92 :lr 0.000779 :tot_ene   178.0284 :dif_ene     0.1098 :dif_cor     0.0197 :  0.          6.78079084 33.85122585 71.035154   36.70127738 17.37959486  12.28034659
##   93 :lr 0.000764 :tot_ene   177.9231 :dif_ene     0.1053 :dif_cor     0.0192 :  0.          6.75698018 33.7888202  71.02971565 36.68998783 17.37720769  12.28034659
##   94 :lr 0.000749 :tot_ene   177.8219 :dif_ene     0.1012 :dif_cor     0.0187 :  0.          6.73396987 33.72932919 71.02440935 36.67893045 17.37487246  12.28034659
##   95 :lr 0.000734 :tot_ene   177.7245 :dif_ene     0.0973 :dif_cor     0.0182 :  0.          6.71170657 33.67253354 71.01923129 36.6681019  17.37258827  12.28034659
##   96 :lr 0.000719 :tot_ene   177.6308 :dif_ene     0.0937 :dif_cor     0.0177 :  0.          6.69014383 33.61823738 71.01417782 36.65749873 17.3703542  12.28034659
##   97 :lr 0.000705 :tot_ene   191.9783 :dif_ene    14.5032 :dif_cor     1.3458 :  0.          6.66924081 33.56626515 71.00924541 45.73952969 22.71368302  12.28034659
##   98 :lr 0.000690 :tot_ene   190.4938 :dif_ene     1.4845 :dif_cor     0.0550 :  0.          6.64928892 33.5176389  71.00449413 44.89916007 22.14285161  12.28034659
##   99 :lr 0.000677 :tot_ene   189.2588 :dif_ene     1.2350 :dif_cor     0.0510 :  0.          6.6296983  33.4704633  70.99980254 44.18076465 21.69774877  12.28034659
##  100 :lr 0.000663 :tot_ene   188.2274 :dif_ene     1.0314 :dif_cor     0.0470 :  0.          6.61066994 33.42518421 70.99522229 43.56755633 21.34843607  12.28034659
##  101 :lr 0.000650 :tot_ene   187.3533 :dif_ene     0.8741 :dif_cor     0.0436 :  0.          6.59217757 33.38168394 70.99075026 43.0392332  21.0691096  12.28034659
##  102 :lr 0.000637 :tot_ene   186.6032 :dif_ene     0.7501 :dif_cor     0.0406 :  0.          6.57419723 33.33985499 70.98638345 42.58052782 20.84184616  12.28034659
##  103 :lr 0.000624 :tot_ene   185.9524 :dif_ene     0.6507 :dif_cor     0.0379 :  0.          6.55670698 33.299599   70.98211896 42.17969946 20.65397001  12.28034659
##  104 :lr 0.000612 :tot_ene   185.3827 :dif_ene     0.5697 :dif_cor     0.0356 :  0.          6.53968659 33.2608258  70.977954   41.827534   20.49636499  12.28034659
##  105 :lr 0.000599 :tot_ene   184.8798 :dif_ene     0.5029 :dif_cor     0.0335 :  0.          6.52311739 33.22345253 70.97388585 41.51666746 20.36237115  12.28034659
##  106 :lr 0.000587 :tot_ene   184.4328 :dif_ene     0.4470 :dif_cor     0.0318 :  0.          6.50698202 33.18740294 70.9699119  41.24111988 20.24705046  12.28034659
##  107 :lr 0.000576 :tot_ene   184.0329 :dif_ene     0.3999 :dif_cor     0.0302 :  0.          6.49126431 33.15260673 70.96602962 40.99596805 20.14669024  12.28034659
##  108 :lr 0.000564 :tot_ene   183.6731 :dif_ene     0.3598 :dif_cor     0.0287 :  0.          6.47594915 33.11899893 70.96223656 40.77711136 20.05846223  12.28034659
##  109 :lr 0.000553 :tot_ene   183.3477 :dif_ene     0.3254 :dif_cor     0.0274 :  0.          6.46102237 33.08651944 70.95853037 40.58110105 19.98018507  12.28034659
##  110 :lr 0.000542 :tot_ene   183.0520 :dif_ene     0.2957 :dif_cor     0.0261 :  0.          6.44647064 33.05511252 70.95490875 40.40501329 19.91015673  12.28034659
##  111 :lr 0.000531 :tot_ene   182.7821 :dif_ene     0.2699 :dif_cor     0.0249 :  0.          6.43228138 33.02472639 70.9513695  40.24635298 19.8470346  12.28034659
##  112 :lr 0.000520 :tot_ene   182.5347 :dif_ene     0.2474 :dif_cor     0.0239 :  0.          6.41844271 32.99531291 70.94791048 40.10297946 19.78974866  12.28034659
##  113 :lr 0.000510 :tot_ene   182.3071 :dif_ene     0.2276 :dif_cor     0.0229 :  0.          6.40494338 32.9668272  70.94452962 39.97304818 19.73743792  12.28034659
##  114 :lr 0.000500 :tot_ene   182.0969 :dif_ene     0.2102 :dif_cor     0.0219 :  0.          6.39177271 32.93922739 70.94122492 39.85496406 19.68940327  12.28034659
##  115 :lr 0.000490 :tot_ene   181.9022 :dif_ene     0.1948 :dif_cor     0.0210 :  0.          6.37892053 32.91247432 70.93799445 39.74734368 19.64507221  12.28034659
##  116 :lr 0.000480 :tot_ene   181.7210 :dif_ene     0.1811 :dif_cor     0.0202 :  0.          6.36637717 32.88653135 70.93483632 39.64898424 19.60397213  12.28034659
##  117 :lr 0.000470 :tot_ene   181.5521 :dif_ene     0.1689 :dif_cor     0.0194 :  0.          6.35413338 32.86136412 70.93174871 39.55883782 19.56570992  12.28034659
##  118 :lr 0.000461 :tot_ene   181.3941 :dif_ene     0.1580 :dif_cor     0.0187 :  0.          6.34218035 32.83694038 70.92872987 39.47598972 19.52995625  12.28034659
##  119 :lr 0.000452 :tot_ene   181.2459 :dif_ene     0.1482 :dif_cor     0.0180 :  0.          6.33050964 32.81322979 70.92577807 39.39964025 19.49643335  12.28034659
##  120 :lr 0.000443 :tot_ene   185.7508 :dif_ene     6.0190 :dif_cor     0.6089 :  0.          5.6784143  38.0751218  70.92289168 39.32908919 19.46490537  12.28034659
##  121 :lr 0.000434 :tot_ene   185.4756 :dif_ene     0.2752 :dif_cor     0.0202 :  0.          5.66648417 37.91037109 70.91997288 39.26398448 19.43440809  12.28034659
##  122 :lr 0.000425 :tot_ene   185.2222 :dif_ene     0.2534 :dif_cor     0.0191 :  0.          5.65537558 37.75967348 70.91712092 39.20397226 19.40572808  12.28034659
##  123 :lr 0.000417 :tot_ene   184.9879 :dif_ene     0.2343 :dif_cor     0.0182 :  0.          5.6449796  37.62112925 70.91433381 39.1484741  19.37867823  12.28034659
##  124 :lr 0.000408 :tot_ene   184.7704 :dif_ene     0.2175 :dif_cor     0.0174 :  0.          5.63520673 37.49317201 70.91160973 39.09699005 19.35309878  12.28034659
##  125 :lr 0.000400 :tot_ene   184.5677 :dif_ene     0.2027 :dif_cor     0.0166 :  0.          5.62598286 37.37450182 70.90894691 39.0490867  19.32885242  12.28034659
##  126 :lr 0.000392 :tot_ene   184.3782 :dif_ene     0.1895 :dif_cor     0.0159 :  0.          5.61724619 37.26403267 70.9063437  39.00438738 19.30582036  12.28034659
##  127 :lr 0.000384 :tot_ene   184.2004 :dif_ene     0.1778 :dif_cor     0.0153 :  0.          5.6089448  37.16085112 70.90379854 38.96256378 19.28389927  12.28034659
##  128 :lr 0.000377 :tot_ene   184.0332 :dif_ene     0.1672 :dif_cor     0.0147 :  0.          5.60103479 37.06418371 70.90130993 38.9233291  19.26299873  12.28034659
##  129 :lr 0.000369 :tot_ene   183.8755 :dif_ene     0.1577 :dif_cor     0.0141 :  0.          5.59347878 36.97337112 70.89887642 38.88643211 19.2430392  12.28034659
##  130 :lr 0.000362 :tot_ene   183.7265 :dif_ene     0.1490 :dif_cor     0.0136 :  0.          5.58624476 36.88784759 70.89649664 38.8516522  19.22395038  12.28034659
##  131 :lr 0.000354 :tot_ene   183.5854 :dif_ene     0.1411 :dif_cor     0.0131 :  0.          5.57930513 36.80712458 70.89416925 38.81879521 19.20566981  12.28034659
##  132 :lr 0.000347 :tot_ene   183.4515 :dif_ene     0.1339 :dif_cor     0.0127 :  0.          5.57263598 36.7307776  70.89189298 38.78768984 19.18814177  12.28034659
##  133 :lr 0.000340 :tot_ene   183.3242 :dif_ene     0.1273 :dif_cor     0.0123 :  0.          5.56621644 36.65843562 70.88966659 38.75818455 19.17131632  12.28034659
##  134 :lr 0.000334 :tot_ene   183.2029 :dif_ene     0.1212 :dif_cor     0.0119 :  0.          5.56002824 36.58977252 70.88748888 38.73014504 19.15514852  12.28034659
##  135 :lr 0.000327 :tot_ene   183.0873 :dif_ene     0.1156 :dif_cor     0.0115 :  0.          5.55405527 36.52450013 70.88535868 38.70345192 19.13959779  12.28034659
##  136 :lr 0.000320 :tot_ene   182.9769 :dif_ene     0.1104 :dif_cor     0.0111 :  0.          5.54828328 36.46236251 70.88327488 38.67799887 19.12462733  12.28034659
##  137 :lr 0.000314 :tot_ene   182.8713 :dif_ene     0.1056 :dif_cor     0.0108 :  0.          5.54269959 36.40313128 70.88123638 38.65369093 19.11020367  12.28034659
##  138 :lr 0.000308 :tot_ene   182.7702 :dif_ene     0.1011 :dif_cor     0.0105 :  0.          5.53729284 36.34660173 70.87924213 38.63044313 19.09629626  12.28034659
##  139 :lr 0.000302 :tot_ene   182.6733 :dif_ene     0.0969 :dif_cor     0.0102 :  0.          5.53205286 36.29258964 70.87729108 38.60817923 19.08287712  12.28034659
##  140 :lr 0.000296 :tot_ene   182.5804 :dif_ene     0.0930 :dif_cor     0.0099 :  0.          5.52697049 36.24092856 70.87538225 38.58683065 19.06992057  12.28034659
##  141 :lr 0.000290 :tot_ene   182.4911 :dif_ene     0.0893 :dif_cor     0.0096 :  0.          5.52203742 36.19146758 70.87351464 38.5663356  19.05740295  12.28034659
##  142 :lr 0.000284 :tot_ene   182.4053 :dif_ene     0.0858 :dif_cor     0.0093 :  0.          5.5172461  36.1440694  70.87168732 38.54663822 19.04530241  12.28034659
##  143 :lr 0.000278 :tot_ene   182.3227 :dif_ene     0.0826 :dif_cor     0.0091 :  0.          5.51258966 36.09860872 70.86989936 38.52768794 19.03359876  12.28034659
##  144 :lr 0.000273 :tot_ene   182.2432 :dif_ene     0.0795 :dif_cor     0.0088 :  0.          5.5080618  36.05497086 70.86814985 38.50943883 19.02227322  12.28034659
##  145 :lr 0.000267 :tot_ene   182.1666 :dif_ene     0.0766 :dif_cor     0.0086 :  0.          5.50365675 36.01305059 70.86643793 38.49184912 19.01130836  12.28034659
##  146 :lr 0.000262 :tot_ene   182.0928 :dif_ene     0.0739 :dif_cor     0.0084 :  0.          5.49936917 35.97275111 70.86476273 38.47488069 19.00068792  12.28034659
##  147 :lr 0.000257 :tot_ene   182.0215 :dif_ene     0.0713 :dif_cor     0.0082 :  0.          5.49519416 35.93398314 70.86312343 38.45849872 18.99039673  12.28034659
##  148 :lr 0.000251 :tot_ene   181.9527 :dif_ene     0.0688 :dif_cor     0.0079 :  0.          5.49112714 35.89666418 70.8615192  38.44267128 18.98042059  12.28034659
!! cvrg :lr 0.000251 :tot_ene   181.9527 :dif_ene     0.0688 :dif_cor     0.0079 :  0.          5.49112714 35.89666418 70.8615192  38.44267128 18.98042059  12.28034659
